[Licensing::Module] Trying to connect to existing licensing client channel...
[Licensing::IpcConnector] Successfully connected to: "LicenseClient-nirac" at "2026-05-13T14:34:23.989099Z"
Built from '6000.4/staging' branch; Version is '6000.4.6f1 (0b051c2e5d54) revision 722204'; Using compiler version '194234433'; Build Type 'Release'
OS: 'Windows 11  (10.0.26200) Core' Language: 'de' Physical Memory: 15712 MB
BatchMode: 1, IsHumanControllingUs: 0, StartBugReporterOnCrash: 0, Is64bit: 1
System  architecture: x64
Process architecture: x64
Date: 2026-05-13T14:34:23Z

COMMAND LINE ARGUMENTS:
C:\Program Files\Unity\Hub\Editor\6000.4.6f1\Editor\Unity.exe
-adb2
-batchMode
-noUpm
-name
AssetImportWorker3
-projectPath
C:/Unity/Hedonism
-logFile
Logs/AssetImportWorker3.log
-srvPort
60452
-force-d3d12
-job-worker-count
5
-background-job-worker-count
8
-gc-helper-count
1
-name
AssetImport
Successfully changed project path to: C:/Unity/Hedonism
C:/Unity/Hedonism
[UnityMemory] Configuration Parameters - Can be set up in boot.config
    "memorysetup-temp-allocator-size-gi-baking-worker=262144"
    "memorysetup-temp-allocator-size-gi-baking-worker=262144"
    "memorysetup-temp-allocator-size-gi-baking-worker=262144"
    "memorysetup-temp-allocator-size-gi-baking-worker=262144"
    "memorysetup-temp-allocator-size-gi-baking-worker=262144"
    "memorysetup-temp-allocator-size-nav-mesh-worker=65536"
    "memorysetup-temp-allocator-size-audio-worker=65536"
    "memorysetup-temp-allocator-size-cloud-worker=32768"
    "memorysetup-temp-allocator-size-gfx=262144"
    "memorysetup-temp-allocator-size-preload-manager=33554432"
    "memorysetup-temp-allocator-size-job-worker=262144"
    "memorysetup-temp-allocator-size-background-worker=32768"
    "memorysetup-allocator-temp-initial-block-size-main=262144"
    "memorysetup-allocator-temp-initial-block-size-worker=262144"
    "memorysetup-bucket-allocator-granularity=16"
    "memorysetup-bucket-allocator-bucket-count=8"
    "memorysetup-bucket-allocator-block-size=33554432"
    "memorysetup-bucket-allocator-block-count=8"
    "memorysetup-main-allocator-block-size=16777216"
    "memorysetup-thread-allocator-block-size=16777216"
    "memorysetup-gfx-main-allocator-block-size=16777216"
    "memorysetup-gfx-thread-allocator-block-size=16777216"
    "memorysetup-cache-allocator-block-size=4194304"
    "memorysetup-typetree-allocator-block-size=2097152"
    "memorysetup-profiler-bucket-allocator-granularity=16"
    "memorysetup-profiler-bucket-allocator-bucket-count=8"
    "memorysetup-profiler-bucket-allocator-block-size=33554432"
    "memorysetup-profiler-bucket-allocator-block-count=8"
    "memorysetup-profiler-allocator-block-size=16777216"
    "memorysetup-profiler-editor-allocator-block-size=1048576"
    "memorysetup-temp-allocator-size-main=16777216"
    "memorysetup-job-temp-allocator-block-size=2097152"
    "memorysetup-job-temp-allocator-block-size-background=1048576"
    "memorysetup-job-temp-allocator-reduction-small-platforms=262144"
Player connection [3820]  Target information:

Player connection [3820]  * "[IP] 141.45.40.90 [Port] 0 [Flags] 2 [Guid] 474595819 [EditorId] 474595819 [Version] 1048832 [Id] WindowsEditor(7,NicoLaptop) [Debug] 1 [PackageName] WindowsEditor [ProjectName] Editor" 

Player connection [3820] Host joined multi-casting on [225.0.0.222:54997]...
Player connection [3820] Host joined alternative multi-casting on [225.0.0.222:34997]...
JobSystem: Creating JobQueue using job-worker-count value 5
Input System module state changed to: Initialized.
[Physics::Module] Initialized fallback backend.
[Physics::Module] Id: 0xdecafbad
Library Redirect Path: Library/
[Physics::Module] Selected backend.
[Physics::Module] Name: PhysX
[Physics::Module] Id: 0xf2b8ea05
[Physics::Module] SDK Version: 4.1.2
[Physics::Module] Integration Version: 1.0.0
[Physics::Module] Threading Mode: Multi-Threaded
Refreshing native plugins compatible for Editor in 53.79 ms, found 5 plugins.
Initialize engine version: 6000.4.6f1 (0b051c2e5d54)
[Subsystems] Discovering subsystems at path C:/Program Files/Unity/Hub/Editor/6000.4.6f1/Editor/Data/Resources/UnitySubsystems
[Subsystems] Discovering subsystems at path C:/Unity/Hedonism/Assets
Forcing GfxDevice: Direct3D 12
GfxDevice: creating device client; kGfxThreadingModeNonThreaded
d3d12: failed to query info queue interface (0x80004002).
Direct3D:
    Version:         Direct3D 12 [level 12.1]
    Renderer:        AMD Radeon (TM) Graphics (ID=0x15e7)
    Vendor:          ATI
    VRAM:            7856 MB
    App VRAM Budget: 7678 MB
    Driver:          31.0.12044.3
    Unified Memory Architecture
Shader 'Universal Render Pipeline/Nature/SpeedTree7': fallback shader 'Hidden/Universal Render Pipeline/FallbackError' not found
Shader 'Universal Render Pipeline/Nature/SpeedTree7': dependency 'BillboardShader' shader 'Universal Render Pipeline/Nature/SpeedTree7 Billboard' not found
Shader 'Hidden/Universal Render Pipeline/StencilDeferred': fallback shader 'Hidden/Universal Render Pipeline/FallbackError' not found
Shader 'Hidden/Universal Render Pipeline/ClusterDeferred': fallback shader 'Hidden/Universal Render Pipeline/FallbackError' not found
Shader 'Hidden/Universal Render Pipeline/FallbackError': fallback shader 'Hidden/Core/FallbackError' not found
Shader 'Universal Render Pipeline/Lit': fallback shader 'Hidden/Universal Render Pipeline/FallbackError' not found
Shader 'Universal Render Pipeline/Particles/Unlit': fallback shader 'Hidden/Universal Render Pipeline/FallbackError' not found
Shader 'Universal Render Pipeline/VR/SpatialMapping/Occlusion': fallback shader 'Hidden/Universal Render Pipeline/FallbackError' not found
Shader 'Universal Render Pipeline/VR/SpatialMapping/Wireframe': fallback shader 'Hidden/Universal Render Pipeline/FallbackError' not found
Shader 'Universal Render Pipeline/Simple Lit': fallback shader 'Hidden/Universal Render Pipeline/FallbackError' not found
Shader 'Universal Render Pipeline/Particles/Simple Lit': fallback shader 'Universal Render Pipeline/Particles/Unlit' not found
Shader 'Universal Render Pipeline/Particles/Lit': fallback shader 'Universal Render Pipeline/Particles/Simple Lit' not found
Shader 'Universal Render Pipeline/Nature/SpeedTree7 Billboard': fallback shader 'Hidden/Universal Render Pipeline/FallbackError' not found
Shader 'Universal Render Pipeline/Complex Lit': fallback shader 'Hidden/Universal Render Pipeline/FallbackError' not found
Shader 'Universal Render Pipeline/Nature/SpeedTree8': fallback shader 'Hidden/Universal Render Pipeline/FallbackError' not found
Shader 'Hidden/Universal Render Pipeline/Terrain/Lit (Add Pass)': fallback shader 'Hidden/Universal Render Pipeline/FallbackError' not found
Shader 'Universal Render Pipeline/Baked Lit': fallback shader 'Universal Render Pipeline/Unlit' not found
Shader 'Universal Render Pipeline/Unlit': fallback shader 'Hidden/Universal Render Pipeline/FallbackError' not found
Initialize mono
Mono path[0] = 'C:/Program Files/Unity/Hub/Editor/6000.4.6f1/Editor/Data/Managed'
Mono path[1] = 'C:/Program Files/Unity/Hub/Editor/6000.4.6f1/Editor/Data/MonoBleedingEdge/lib/mono/unityjit-win32'
Mono config path = 'C:/Program Files/Unity/Hub/Editor/6000.4.6f1/Editor/Data/MonoBleedingEdge/etc'
Using monoOptions --debugger-agent=transport=dt_socket,embedding=1,server=y,suspend=n,address=127.0.0.1:56184
CodeReloadManager initialized
[Licensing::Client] Error: HandshakeResponse reported an error:
	ResponseCode: 505
	ResponseStatus: Unsupported protocol version '1.18.1'.
[Licensing::Module] Error: Failed to handshake to channel: "LicenseClient-nirac"
[Licensing::IpcConnector] LicenseClient-nirac channel disconnected successfully.
[Licensing::IpcConnector] Successfully connected to: "LicenseClient-nirac-6000.4.6" at "2026-05-13T14:34:32.3711619Z"
[Licensing::Client] Code 10 while verifying Licensing Client signature (process Id: 26276, path: "C:/Program Files/Unity/Hub/Editor/6000.4.6f1/Editor/Data/Resources/Licensing/Client/Unity.Licensing.Client.exe")
[Licensing::Module] LicensingClient has failed validation; ignoring
[Licensing::Client] Handshaking with LicensingClient:
  Version:                 1.18.1+9fbee8e
  Session Id:              5e6a558677554e07a3e200b78d586c13
  Correlation Id:          898db9d055ff613974bb21e07ff12929
  External correlation Id: 6798171476168280090
  Machine Id:              VIX9ONoXlKqCHILYb5e71RdiQ3s=
[Licensing::Module] Successfully connected to LicensingClient on channel: "LicenseClient-nirac-6000.4.6" (connect: 0.00s, validation: 0.01s, handshake: 0.16s)
[Licensing::IpcConnector] Successfully connected to: "LicenseClient-nirac-6000.4.6-notifications" at "2026-05-13T14:34:32.5372521Z"
[Licensing::Module] Licensing Background thread has ended after 8.55s
Begin MonoManager ReloadAssembly
Registering precompiled unity dll's ...
Register platform support module: C:/Program Files/Unity/Hub/Editor/6000.4.6f1/Editor/Data/PlaybackEngines/WindowsStandaloneSupport/UnityEditor.WindowsStandalone.Extensions.dll
Registered in 1.091274 seconds.
Native extension for WindowsStandalone target not found
Package Manager log level set to [2]
[Package Manager] Failed to launch server process. Reason: Unity was launched with the -noUpm command-line argument
[Package Manager] Unable to send message (not connected to server process).
[Package Manager] Cannot connect to Unity Package Manager local server
ScheduleIndexationOnStartup MainProcess:False IndexOnStartup:True
Mono: successfully reloaded assembly
- Finished resetting the current domain, in  1.261 seconds
Domain Reload Profiling: 4066ms
	BeginReloadAssembly (462ms)
		CreateAndSetChildDomain (4ms)
	RebuildCommonClasses (121ms)
	RebuildNativeTypeToScriptingClass (42ms)
	initialDomainReloadingComplete (1332ms)
	LoadAllAssembliesAndSetupDomain (843ms)
		LoadAssemblies (441ms)
		AnalyzeDomain (821ms)
			TypeCache.Refresh (817ms)
				TypeCache.ScanAssembly (779ms)
	FinalizeReload (1266ms)
		SetupLoadedEditorAssemblies (0ms)
			InitializePlatformSupportModulesInManaged (138ms)
			BeforeProcessingInitializeOnLoad (292ms)
			ProcessInitializeOnLoadAttributes (342ms)
			ProcessInitializeOnLoadMethodAttributes (271ms)
Assembly reference Packages/com.unity.cinemachine/Editor/Samples/ExposeHDRPInternals/HDRP-Editor-ref.asmref has no target assembly definition
========================================================================
Worker process is ready to serve import requests
Import Worker Mode flag is 0x00
Assembly reference Packages/com.unity.cinemachine/Editor/Samples/ExposeHDRPInternals/HDRP-Editor-ref.asmref has no target assembly definition
Assembly reference Packages/com.unity.cinemachine/Editor/Samples/ExposeHDRPInternals/HDRP-Editor-ref.asmref has no target assembly definition
Begin MonoManager ReloadAssembly
[Licensing::Client] Successfully resolved entitlement details
[Licensing::Module] License group:
  Id: F4-K3JH-PND2-U582-PFQS-XXXX
  Product: Unity Personal
  Type: ULF
  Expiration: Unlimited
[Licensing::Module] License group:
  Id: 9071313007192-UnityPersXXXX
  Product: Unity Personal
  Type: Assigned
  Expiration: Unlimited
Assembly Assembly-CSharp-Editor-firstpass.dll at Library/ScriptAssemblies/Assembly-CSharp-Editor-firstpass.dll not valid. Loading of assembly skipped.
Assembly Assembly-CSharp-Editor.dll at Library/ScriptAssemblies/Assembly-CSharp-Editor.dll not valid. Loading of assembly skipped.
Assembly Assembly-CSharp-firstpass.dll at Library/ScriptAssemblies/Assembly-CSharp-firstpass.dll not valid. Loading of assembly skipped.
Assembly DocCodeExamples.dll at Library/ScriptAssemblies/DocCodeExamples.dll not valid. Loading of assembly skipped.
Assembly TestNewCustomAssembly.dll at Library/ScriptAssemblies/TestNewCustomAssembly.dll not valid. Loading of assembly skipped.
Assembly Unity.2D.Animation.EditorTests.dll at Library/ScriptAssemblies/Unity.2D.Animation.EditorTests.dll not valid. Loading of assembly skipped.
Assembly Unity.2D.Aseprite.EditorTests.dll at Library/ScriptAssemblies/Unity.2D.Aseprite.EditorTests.dll not valid. Loading of assembly skipped.
Assembly Unity.2D.Common.EditorTests.dll at Library/ScriptAssemblies/Unity.2D.Common.EditorTests.dll not valid. Loading of assembly skipped.
Assembly Unity.2D.Psdimporter.EditorTests.dll at Library/ScriptAssemblies/Unity.2D.Psdimporter.EditorTests.dll not valid. Loading of assembly skipped.
Assembly Unity.2D.Sprite.Package.EditorTests.dll at Library/ScriptAssemblies/Unity.2D.Sprite.Package.EditorTests.dll not valid. Loading of assembly skipped.
Assembly Unity.2D.SpriteShape.EditorTests.dll at Library/ScriptAssemblies/Unity.2D.SpriteShape.EditorTests.dll not valid. Loading of assembly skipped.
Assembly Unity.2D.Tilemap.Package.EditorTests.dll at Library/ScriptAssemblies/Unity.2D.Tilemap.Package.EditorTests.dll not valid. Loading of assembly skipped.
Assembly Unity.Collections.BurstCompatibilityGen.dll at Library/ScriptAssemblies/Unity.Collections.BurstCompatibilityGen.dll not valid. Loading of assembly skipped.
Assembly Unity.Collections.DocCodeSamples.dll at Library/ScriptAssemblies/Unity.Collections.DocCodeSamples.dll not valid. Loading of assembly skipped.
Assembly Unity.Collections.PerformanceTests.dll at Library/ScriptAssemblies/Unity.Collections.PerformanceTests.dll not valid. Loading of assembly skipped.
Assembly Unity.Collections.Tests.dll at Library/ScriptAssemblies/Unity.Collections.Tests.dll not valid. Loading of assembly skipped.
Assembly Unity.Collections.Tests.Playmode.dll at Library/ScriptAssemblies/Unity.Collections.Tests.Playmode.dll not valid. Loading of assembly skipped.
Assembly Unity.InputSystem.IntegrationTests.dll at Library/ScriptAssemblies/Unity.InputSystem.IntegrationTests.dll not valid. Loading of assembly skipped.
Assembly Unity.Mathematics.Tests.dll at Library/ScriptAssemblies/Unity.Mathematics.Tests.dll not valid. Loading of assembly skipped.
Assembly Unity.Multiplayer.Center.Editor.Tests.dll at Library/ScriptAssemblies/Unity.Multiplayer.Center.Editor.Tests.dll not valid. Loading of assembly skipped.
Assembly Unity.Multiplayer.Center.Tests.dll at Library/ScriptAssemblies/Unity.Multiplayer.Center.Tests.dll not valid. Loading of assembly skipped.
Assembly Unity.Nuget.Mono-Cecil.dll at Library/ScriptAssemblies/Unity.Nuget.Mono-Cecil.dll not valid. Loading of assembly skipped.
Assembly Unity.PathTracing.Editor.Tests.dll at Library/ScriptAssemblies/Unity.PathTracing.Editor.Tests.dll not valid. Loading of assembly skipped.
Assembly Unity.PathTracing.Runtime.Tests.dll at Library/ScriptAssemblies/Unity.PathTracing.Runtime.Tests.dll not valid. Loading of assembly skipped.
Assembly Unity.RenderPipelines.Core.Editor.Tests.dll at Library/ScriptAssemblies/Unity.RenderPipelines.Core.Editor.Tests.dll not valid. Loading of assembly skipped.
Assembly Unity.RenderPipelines.Core.Runtime.Tests.dll at Library/ScriptAssemblies/Unity.RenderPipelines.Core.Runtime.Tests.dll not valid. Loading of assembly skipped.
Assembly Unity.RenderPipelines.Universal.Config.Editor.Tests.dll at Library/ScriptAssemblies/Unity.RenderPipelines.Universal.Config.Editor.Tests.dll not valid. Loading of assembly skipped.
Assembly Unity.RenderPipelines.Universal.Editor.Tests.dll at Library/ScriptAssemblies/Unity.RenderPipelines.Universal.Editor.Tests.dll not valid. Loading of assembly skipped.
Assembly Unity.RenderPipelines.Universal.Runtime.Tests.dll at Library/ScriptAssemblies/Unity.RenderPipelines.Universal.Runtime.Tests.dll not valid. Loading of assembly skipped.
Assembly Unity.Searcher.EditorTests.dll at Library/ScriptAssemblies/Unity.Searcher.EditorTests.dll not valid. Loading of assembly skipped.
Assembly Unity.Settings.Tests.dll at Library/ScriptAssemblies/Unity.Settings.Tests.dll not valid. Loading of assembly skipped.
Assembly Unity.ShaderGraph.Editor.Tests.dll at Library/ScriptAssemblies/Unity.ShaderGraph.Editor.Tests.dll not valid. Loading of assembly skipped.
Assembly Unity.TextMeshPro.Editor.Tests.dll at Library/ScriptAssemblies/Unity.TextMeshPro.Editor.Tests.dll not valid. Loading of assembly skipped.
Assembly Unity.TextMeshPro.Tests.dll at Library/ScriptAssemblies/Unity.TextMeshPro.Tests.dll not valid. Loading of assembly skipped.
Assembly Unity.UnifiedRayTracing.Editor.Tests.dll at Library/ScriptAssemblies/Unity.UnifiedRayTracing.Editor.Tests.dll not valid. Loading of assembly skipped.
Assembly UnityEditor.UI.Common.Tests.dll at Library/ScriptAssemblies/UnityEditor.UI.Common.Tests.dll not valid. Loading of assembly skipped.
Assembly UnityEditor.UI.EditorTests.dll at Library/ScriptAssemblies/UnityEditor.UI.EditorTests.dll not valid. Loading of assembly skipped.
Assembly UnityEngine.UI.Tests.dll at Library/ScriptAssemblies/UnityEngine.UI.Tests.dll not valid. Loading of assembly skipped.
Assembly reference Packages/com.unity.cinemachine/Editor/Samples/ExposeHDRPInternals/HDRP-Editor-ref.asmref has no target assembly definition
Script 'CharacterController' has the same name as built-in Unity component.
AddComponent and GetComponent will not work with this script.
'Packages/com.unity.cinemachine/Editor/Obsolete/CinemachineVirtualCameraBaseEditor.cs' contains partial class of Unity.Object, exactly 1 of the partial classes needs to be in a file with the same filename. This is to know the one that can be referenced from ie. GameObjects
'Packages/com.unity.cinemachine/Editor/Editors/CinemachineVirtualCameraBaseEditor.cs' contains partial class of Unity.Object, exactly 1 of the partial classes needs to be in a file with the same filename. This is to know the one that can be referenced from ie. GameObjects
Refreshing native plugins compatible for Editor in 9.39 ms, found 5 plugins.
Native extension for WindowsStandalone target not found
Assembly reference Packages/com.unity.cinemachine/Editor/Samples/ExposeHDRPInternals/HDRP-Editor-ref.asmref has no target assembly definition
[Package Manager] Failed to launch server process. Reason: Unity was launched with the -noUpm command-line argument
[Package Manager] Unable to send message (not connected to server process).
[Package Manager] Cannot connect to Unity Package Manager local server
[Package Manager] Failed to launch server process. Reason: Unity was launched with the -noUpm command-line argument
[Package Manager] Unable to send message (not connected to server process).
[Package Manager] Cannot connect to Unity Package Manager local server
[Package Manager] Failed to launch server process. Reason: Unity was launched with the -noUpm command-line argument
[Package Manager] Unable to send message (not connected to server process).
[Package Manager] Cannot connect to Unity Package Manager local server
Refreshing native plugins compatible for Editor in 9.76 ms, found 5 plugins.
ScheduleIndexationOnStartup MainProcess:False IndexOnStartup:True
Shader 'Universal Render Pipeline/Autodesk Interactive/AutodeskInteractive': fallback shader 'Hidden/Shader Graph/FallbackError' not found
Shader 'Universal Render Pipeline/Autodesk Interactive/AutodeskInteractiveTransparent': fallback shader 'Hidden/Shader Graph/FallbackError' not found
Shader 'Universal Render Pipeline/Autodesk Interactive/AutodeskInteractiveMasked': fallback shader 'Hidden/Shader Graph/FallbackError' not found
Shader 'Universal Render Pipeline/Nature/SpeedTree8_PBRLit': fallback shader 'Hidden/Shader Graph/FallbackError' not found
Shader 'Universal Render Pipeline/Nature/SpeedTree9_URP': fallback shader 'Hidden/Shader Graph/FallbackError' not found
Shader 'Universal Render Pipeline/Terrain/Lit': fallback shader 'Hidden/Universal Render Pipeline/FallbackError' not found
Shader 'Universal Render Pipeline/Terrain/Lit': dependency 'AddPassShader' shader 'Hidden/Universal Render Pipeline/Terrain/Lit (Add Pass)' not found
Shader 'Universal Render Pipeline/Terrain/Lit': dependency 'BaseMapShader' shader 'Hidden/Universal Render Pipeline/Terrain/Lit (Base Pass)' not found
Shader 'Universal Render Pipeline/Terrain/Lit': dependency 'BaseMapGenShader' shader 'Hidden/Universal Render Pipeline/Terrain/Lit (Basemap Gen)' not found
Shader 'Shader Graphs/Decal': fallback shader 'Hidden/Shader Graph/FallbackError' not found
Mono: successfully reloaded assembly
- Finished resetting the current domain, in  2.794 seconds
Domain Reload Profiling: 22924ms
	BeginReloadAssembly (567ms)
		DisableScriptedObjects (21ms)
		CreateAndSetChildDomain (74ms)
	RebuildCommonClasses (121ms)
	RebuildNativeTypeToScriptingClass (39ms)
	initialDomainReloadingComplete (15612ms)
	LoadAllAssembliesAndSetupDomain (3790ms)
		LoadAssemblies (2908ms)
		AnalyzeDomain (1188ms)
			TypeCache.Refresh (863ms)
				TypeCache.ScanAssembly (793ms)
			BuildScriptInfoCaches (280ms)
			ResolveRequiredComponents (38ms)
	FinalizeReload (2795ms)
		SetupLoadedEditorAssemblies (0ms)
			InitializePlatformSupportModulesInManaged (4ms)
			BeforeProcessingInitializeOnLoad (536ms)
			ProcessInitializeOnLoadAttributes (1132ms)
			ProcessInitializeOnLoadMethodAttributes (494ms)
			AfterProcessingInitializeOnLoad (25ms)
		AwakeInstancesAfterBackupRestoration (23ms)
WARNING: Shader Unsupported: 'Hidden/Universal Render Pipeline/Terrain/Lit (Base Pass)' - All subshaders removed
WARNING: Shader Did you use #pragma only_renderers and omit this platform?
WARNING: Shader If subshaders removal was intentional, you may have forgotten turning Fallback off?
Launched and connected shader compiler UnityShaderCompiler.exe after 0.05 seconds
Refreshing native plugins compatible for Editor in 9.18 ms, found 5 plugins.
Unloading 26 Unused Serialized files (Serialized files now loaded: 0)
Unloading 7661 unused Assets / (6.0 MB). Loaded Objects now: 8485.
Memory consumption went from 165.7 MB to 159.7 MB.
Total: 29.747800 ms (FindLiveObjects: 2.214300 ms CreateObjectMapping: 2.096200 ms MarkObjects: 17.381700 ms  DeleteObjects: 8.047900 ms)

========================================================================
Received Import Request.
  Time since last request: 1739576.713637 seconds.
  path: Assets/Sprites/Items/Fruits/Bananas.png
  importAddress: Guid(e50625a57f3c9d1428a236eac1228248) Importer(2089858483,b0f066a214c2f5e87bad3c948f4d605d)
Start importing Assets/Sprites/Items/Fruits/Bananas.png using Guid(e50625a57f3c9d1428a236eac1228248) Importer(2089858483,b0f066a214c2f5e87bad3c948f4d605d) (ScriptedImporter) -> (Import Result ID: '8bfe4dee66780511543dcb1c37bd46d8') in 0.409147 seconds [static and dynamic dependencies]. Details - ImportResultOutputID=b05f105b99c20a86f0403ce2d788f667 DependenciesID=b00ea743fc29550ee29b1787eb45dfeb StaticDependenciesID=311edd9d85c74d6ad1187eaeb681fd6f 
Number of updated asset objects reloaded before import = 0Number of asset objects unloaded after import = 19

========================================================================
Received Import Request.
  Time since last request: 0.000055 seconds.
  path: Assets/Sprites/Main Characters/Pink Man/Hit (32x32).png
  importAddress: Guid(a4dbfd1e063edb243a3bbe4d3095417a) Importer(2089858483,b0f066a214c2f5e87bad3c948f4d605d)
Start importing Assets/Sprites/Main Characters/Pink Man/Hit (32x32).png using Guid(a4dbfd1e063edb243a3bbe4d3095417a) Importer(2089858483,b0f066a214c2f5e87bad3c948f4d605d) (ScriptedImporter) -> (Import Result ID: '034105c2c7938f2314434156dd61a357') in 0.0607071 seconds [static and dynamic dependencies]. Details - ImportResultOutputID=5b0578c4334d6fb8c81a12b878f375be DependenciesID=13c019b31e187ebc9dce131164c121a2 StaticDependenciesID=74e2cdc0a7099e2f6b607da86ef74fd4 
Number of updated asset objects reloaded before import = 0Number of asset objects unloaded after import = 9

========================================================================
Received Import Request.
  Time since last request: 0.000076 seconds.
  path: Assets/Sprites/Main Characters/Ninja Frog/Jump (32x32).png
  importAddress: Guid(daa88a691e63c6c45bd06baa6d87c9f0) Importer(2089858483,b0f066a214c2f5e87bad3c948f4d605d)
Start importing Assets/Sprites/Main Characters/Ninja Frog/Jump (32x32).png using Guid(daa88a691e63c6c45bd06baa6d87c9f0) Importer(2089858483,b0f066a214c2f5e87bad3c948f4d605d) (ScriptedImporter) -> (Import Result ID: 'c809f2643d85f348224b37b228b6f695') in 0.0399663 seconds [static and dynamic dependencies]. Details - ImportResultOutputID=cef515f52a15ee0d1fe87212660f4810 DependenciesID=058af32abcd1a402e4351617a22bcf8a StaticDependenciesID=f45cee0bbd42f813bad21fdc74d3e9cd 
Number of updated asset objects reloaded before import = 0Number of asset objects unloaded after import = 3

========================================================================
Received Import Request.
  Time since last request: 0.000032 seconds.
  path: Assets/Prefabs/Bullet.prefab
  importAddress: Guid(4326adb5923eda04fa634de436182b2d) Importer(815301076,1909f56bfc062723c751e8b465ee728b)
Start importing Assets/Prefabs/Bullet.prefab using Guid(4326adb5923eda04fa634de436182b2d) Importer(815301076,1909f56bfc062723c751e8b465ee728b) (PreviewImporter) -> (Import Result ID: 'e9669d2ad9cfa6a50417d97dfa04f271') in 1.2680523 seconds [static and dynamic dependencies]. Details - ImportResultOutputID=4c7238adddecda4d544c124deb3e46a2 DependenciesID=fdb8f7bc1cae7364dd929d0c6efe9065 StaticDependenciesID=4338c87bd0d22513519750bf5c1a56f3 
Number of updated asset objects reloaded before import = 0Number of asset objects unloaded after import = 10

========================================================================
Received Import Request.
  Time since last request: 0.000054 seconds.
  path: Assets/Sprites/Menu/Levels/50.png
  importAddress: Guid(5b06b6e25c65c79408bd9b71dfc632bd) Importer(2089858483,b0f066a214c2f5e87bad3c948f4d605d)
Start importing Assets/Sprites/Menu/Levels/50.png using Guid(5b06b6e25c65c79408bd9b71dfc632bd) Importer(2089858483,b0f066a214c2f5e87bad3c948f4d605d) (ScriptedImporter) -> (Import Result ID: 'c4d8c4f134e989eabb181369b55443ae') in 0.0411188 seconds [static and dynamic dependencies]. Details - ImportResultOutputID=223ad6ec0767491f23441a8d3f6b977d DependenciesID=f110fae05978b63cecb12060ed89a768 StaticDependenciesID=4cab3ae50f3ea962a961925870501111 
Number of updated asset objects reloaded before import = 0Number of asset objects unloaded after import = 3

========================================================================
Received Import Request.
  Time since last request: 0.000082 seconds.
  path: Assets/Sprites/Background/Purple.png
  importAddress: Guid(d07a98a09c1b71e4a9bd8cc65dea433a) Importer(2089858483,b0f066a214c2f5e87bad3c948f4d605d)
Start importing Assets/Sprites/Background/Purple.png using Guid(d07a98a09c1b71e4a9bd8cc65dea433a) Importer(2089858483,b0f066a214c2f5e87bad3c948f4d605d) (ScriptedImporter) -> (Import Result ID: 'd971311d401050c41f0ed7c8aa8f7653') in 0.0537229 seconds [static and dynamic dependencies]. Details - ImportResultOutputID=ea563585d9e7b3acfcf3a27e71bccd75 DependenciesID=bf2c65bb7c4592e93c2174e33eef3e1b StaticDependenciesID=0666ac9063232a79b6d9ed92b149dfb1 
Number of updated asset objects reloaded before import = 0Number of asset objects unloaded after import = 3

========================================================================
Received Import Request.
  Time since last request: 0.000048 seconds.
  path: Assets/Sprites/Main Characters/Virtual Guy/Wall Jump (32x32).png
  importAddress: Guid(5ffaf544953fce64280af287c90dd93e) Importer(2089858483,b0f066a214c2f5e87bad3c948f4d605d)
Start importing Assets/Sprites/Main Characters/Virtual Guy/Wall Jump (32x32).png using Guid(5ffaf544953fce64280af287c90dd93e) Importer(2089858483,b0f066a214c2f5e87bad3c948f4d605d) (ScriptedImporter) -> (Import Result ID: 'facaa2b2dde7ac15d58b50c88cb62824') in 0.0516311 seconds [static and dynamic dependencies]. Details - ImportResultOutputID=05a8c2a87d0b630be6d3c167e7ecbf4c DependenciesID=92ffa0717d993d94162b1649f4dd84ad StaticDependenciesID=4720c774527190786f3fb1000806001d 
Number of updated asset objects reloaded before import = 0Number of asset objects unloaded after import = 7

========================================================================
Received Import Request.
  Time since last request: 0.000070 seconds.
  path: Assets/Settings/Renderer2D.asset
  importAddress: Guid(424799608f7334c24bf367e4bbfa7f9a) Importer(2089858483,b0f066a214c2f5e87bad3c948f4d605d)
Start importing Assets/Settings/Renderer2D.asset using Guid(424799608f7334c24bf367e4bbfa7f9a) Importer(2089858483,b0f066a214c2f5e87bad3c948f4d605d) (ScriptedImporter) -> (Import Result ID: '1336ad41c218565ecd4d34175ccbe778') in 0.1462222 seconds [static and dynamic dependencies]. Details - ImportResultOutputID=5be78ead56a2bdaecb656f1601e687f8 DependenciesID=fb4a52daad2865f90a51b7e52025d90c StaticDependenciesID=6274974ce82b425c2c428478e3e7e69a 
Number of updated asset objects reloaded before import = 0Number of asset objects unloaded after import = 1

========================================================================
Received Import Request.
  Time since last request: 0.000050 seconds.
  path: Assets/Sprites/Terrain/Ground Tiles/Terrain (16x16)_113.asset
  importAddress: Guid(64a15589d8d09fb429ac062cf87ea7b7) Importer(2089858483,b0f066a214c2f5e87bad3c948f4d605d)
Start importing Assets/Sprites/Terrain/Ground Tiles/Terrain (16x16)_113.asset using Guid(64a15589d8d09fb429ac062cf87ea7b7) Importer(2089858483,b0f066a214c2f5e87bad3c948f4d605d) (ScriptedImporter) -> (Import Result ID: '8cf5b57f5bc5970bea277e86270e5e11') in 0.0472133 seconds [static and dynamic dependencies]. Details - ImportResultOutputID=e9f770982ee08ee888d0911416fd1804 DependenciesID=e4a16acc2665b56e2a525150922cbaab StaticDependenciesID=4ecfeadebf7399653a8469f2d680eed8 
Number of updated asset objects reloaded before import = 0Number of asset objects unloaded after import = 2

========================================================================
Received Import Request.
  Time since last request: 0.000076 seconds.
  path: Assets/Sprites/Terrain/Ground Tiles/Terrain (16x16)_115.asset
  importAddress: Guid(1ac56e62382b7b5488f2a579da666147) Importer(2089858483,b0f066a214c2f5e87bad3c948f4d605d)
Start importing Assets/Sprites/Terrain/Ground Tiles/Terrain (16x16)_115.asset using Guid(1ac56e62382b7b5488f2a579da666147) Importer(2089858483,b0f066a214c2f5e87bad3c948f4d605d) (ScriptedImporter) -> (Import Result ID: 'be08a35e783ac866a26fa675a6924b0a') in 0.0312874 seconds [static and dynamic dependencies]. Details - ImportResultOutputID=00dec79e86aa87cd963dbb1b56cf2651 DependenciesID=25cacfe16506eb011d5adeb8b98575fe StaticDependenciesID=5737938e65794e39045f99db528e3f22 
Number of updated asset objects reloaded before import = 0Number of asset objects unloaded after import = 2

========================================================================
Received Import Request.
  Time since last request: 0.000047 seconds.
  path: Assets/Sprites/Items/Fruits/Orange.png
  importAddress: Guid(0ba5bf899534511419e0eff1ccf54e7d) Importer(2089858483,b0f066a214c2f5e87bad3c948f4d605d)
Start importing Assets/Sprites/Items/Fruits/Orange.png using Guid(0ba5bf899534511419e0eff1ccf54e7d) Importer(2089858483,b0f066a214c2f5e87bad3c948f4d605d) (ScriptedImporter) -> (Import Result ID: '702214ab3985e18665facb82eb610f4f') in 0.0643502 seconds [static and dynamic dependencies]. Details - ImportResultOutputID=d72936eb0483b83ff33d42e92707bc5a DependenciesID=a33e21801a71a5f2cbef6f84984231c8 StaticDependenciesID=31556fb576c33992a89f8d168573b7c3 
Number of updated asset objects reloaded before import = 0Number of asset objects unloaded after import = 19

========================================================================
Received Import Request.
  Time since last request: 0.000056 seconds.
  path: Assets/Sprites/Terrain/Ground Tiles/Terrain (16x16)_122.asset
  importAddress: Guid(741fa0cdf961859449700b6e985c25a4) Importer(2089858483,b0f066a214c2f5e87bad3c948f4d605d)
Start importing Assets/Sprites/Terrain/Ground Tiles/Terrain (16x16)_122.asset using Guid(741fa0cdf961859449700b6e985c25a4) Importer(2089858483,b0f066a214c2f5e87bad3c948f4d605d) (ScriptedImporter) -> (Import Result ID: '53168955ccffeb821af816f66f52015a') in 0.0285534 seconds [static and dynamic dependencies]. Details - ImportResultOutputID=25c60bef8a2a76950528c802367fb155 DependenciesID=8f1019d5c04fc9c24fd72b1768b2ebf0 StaticDependenciesID=dbfab8ed1065067761adc4b753993a01 
Number of updated asset objects reloaded before import = 0Number of asset objects unloaded after import = 2

========================================================================
Received Import Request.
  Time since last request: 0.000052 seconds.
  path: Assets/Sprites/Menu/Levels/09.png
  importAddress: Guid(6a408477422f39a45a8e42d16221d39e) Importer(2089858483,b0f066a214c2f5e87bad3c948f4d605d)
Start importing Assets/Sprites/Menu/Levels/09.png using Guid(6a408477422f39a45a8e42d16221d39e) Importer(2089858483,b0f066a214c2f5e87bad3c948f4d605d) (ScriptedImporter) -> (Import Result ID: '5bede9fa907a77d15204966f711e8530') in 0.0317439 seconds [static and dynamic dependencies]. Details - ImportResultOutputID=7490624927c7c1e20ba4c7709e782326 DependenciesID=c7a2c401a26adb352e07094f0394e1e6 StaticDependenciesID=fcf86190b338cd9b3011d6826533a0ad 
Number of updated asset objects reloaded before import = 0Number of asset objects unloaded after import = 3

========================================================================
Received Import Request.
  Time since last request: 0.000046 seconds.
  path: Assets/Sprites/Terrain/Ground Tiles/Terrain (16x16)_137.asset
  importAddress: Guid(52d3ac2c4a52d754b9be76130cbc2e18) Importer(2089858483,b0f066a214c2f5e87bad3c948f4d605d)
Start importing Assets/Sprites/Terrain/Ground Tiles/Terrain (16x16)_137.asset using Guid(52d3ac2c4a52d754b9be76130cbc2e18) Importer(2089858483,b0f066a214c2f5e87bad3c948f4d605d) (ScriptedImporter) -> (Import Result ID: '80fc08592003035f6470e0b1d2cd50ac') in 0.0294251 seconds [static and dynamic dependencies]. Details - ImportResultOutputID=4d70ce9af20d8f25dcec921a42bcca0d DependenciesID=c831ed8c18819ea0d0f70eb11a4632f2 StaticDependenciesID=5fef881b05d70ac5d68e29091448f112 
Number of updated asset objects reloaded before import = 0Number of asset objects unloaded after import = 2

========================================================================
Received Import Request.
  Time since last request: 0.000054 seconds.
  path: Assets/Sprites/Terrain/Ground Tiles/Terrain (16x16)_134.asset
  importAddress: Guid(73b63d57ce4b714459ac2808f89fa802) Importer(2089858483,b0f066a214c2f5e87bad3c948f4d605d)
Start importing Assets/Sprites/Terrain/Ground Tiles/Terrain (16x16)_134.asset using Guid(73b63d57ce4b714459ac2808f89fa802) Importer(2089858483,b0f066a214c2f5e87bad3c948f4d605d) (ScriptedImporter) -> (Import Result ID: '792afee32bfc175e98208d8237bd9f4e') in 0.0278469 seconds [static and dynamic dependencies]. Details - ImportResultOutputID=73021bcfbf359bc6131c6db832014415 DependenciesID=dba9af828ff39319c071a9d4d9fbe63f StaticDependenciesID=e1912eed43992c455716c2928facbbb9 
Number of updated asset objects reloaded before import = 0Number of asset objects unloaded after import = 2

========================================================================
Received Import Request.
  Time since last request: 0.000039 seconds.
  path: Assets/Sprites/Menu/Buttons/Leaderboard.png
  importAddress: Guid(0db964d890ebadc49ad46410d951fe5d) Importer(2089858483,b0f066a214c2f5e87bad3c948f4d605d)
Start importing Assets/Sprites/Menu/Buttons/Leaderboard.png using Guid(0db964d890ebadc49ad46410d951fe5d) Importer(2089858483,b0f066a214c2f5e87bad3c948f4d605d) (ScriptedImporter) -> (Import Result ID: 'e3614d1a1fa24aedd0a6cfcbe80d3cdf') in 0.0378339 seconds [static and dynamic dependencies]. Details - ImportResultOutputID=94c527c8bd77e77f7d0887b69e69bdf2 DependenciesID=66702a524243c0dd9e3b1c88e09f98a5 StaticDependenciesID=a45c7c6950fa9a45b543f402cedf8502 
Number of updated asset objects reloaded before import = 0Number of asset objects unloaded after import = 3

========================================================================
Received Import Request.
  Time since last request: 0.000059 seconds.
  path: Assets/Sprites/Terrain/Ground Tiles/Terrain (16x16)_19.asset
  importAddress: Guid(bd468b02c58f98c45b941005b028f3a2) Importer(2089858483,b0f066a214c2f5e87bad3c948f4d605d)
Start importing Assets/Sprites/Terrain/Ground Tiles/Terrain (16x16)_19.asset using Guid(bd468b02c58f98c45b941005b028f3a2) Importer(2089858483,b0f066a214c2f5e87bad3c948f4d605d) (ScriptedImporter) -> (Import Result ID: 'f37bd85b6e5dc814de714219cb9c8013') in 0.0339908 seconds [static and dynamic dependencies]. Details - ImportResultOutputID=1f57ca77fae40b6cbaa432f0a73d1227 DependenciesID=e3bfd973e8dc4de54e3af94262728fdd StaticDependenciesID=1b0fb1b27107b8eabbb08cee77400bbb 
Number of updated asset objects reloaded before import = 0Number of asset objects unloaded after import = 2

========================================================================
Received Import Request.
  Time since last request: 0.000075 seconds.
  path: Assets/Sprites/Terrain/Ground Tiles/Terrain (16x16)_16.asset
  importAddress: Guid(95068f31cf38a774bbe3424a59d93376) Importer(2089858483,b0f066a214c2f5e87bad3c948f4d605d)
Start importing Assets/Sprites/Terrain/Ground Tiles/Terrain (16x16)_16.asset using Guid(95068f31cf38a774bbe3424a59d93376) Importer(2089858483,b0f066a214c2f5e87bad3c948f4d605d) (ScriptedImporter) -> (Import Result ID: '372ca9ea0a2f64a80959625d8c0f7f74') in 0.0259237 seconds [static and dynamic dependencies]. Details - ImportResultOutputID=932b2e40c5c5f91002414bd614205755 DependenciesID=bc9cf88d5ba05d5a677445fcdac7ffef StaticDependenciesID=f9d8fe0836798faddd95af11d82b3a9f 
Number of updated asset objects reloaded before import = 0Number of asset objects unloaded after import = 2

========================================================================
Received Import Request.
  Time since last request: 0.000049 seconds.
  path: Assets/Sprites/Terrain/Ground Tiles/Terrain (16x16)_25.asset
  importAddress: Guid(956754433534d3145a51f06503c05572) Importer(2089858483,b0f066a214c2f5e87bad3c948f4d605d)
Start importing Assets/Sprites/Terrain/Ground Tiles/Terrain (16x16)_25.asset using Guid(956754433534d3145a51f06503c05572) Importer(2089858483,b0f066a214c2f5e87bad3c948f4d605d) (ScriptedImporter) -> (Import Result ID: 'bf772568ac1eeb09a65f1fc88a3e6446') in 0.0331958 seconds [static and dynamic dependencies]. Details - ImportResultOutputID=dabb7278533e7888dc2d8fbb83c05311 DependenciesID=32a793ade63ef162e1d06ed91f97c6db StaticDependenciesID=896cf21a5e259f5afddf9c40a3ef4804 
Number of updated asset objects reloaded before import = 0Number of asset objects unloaded after import = 2

========================================================================
Received Import Request.
  Time since last request: 0.000048 seconds.
  path: Assets/Sprites/Terrain/Ground Tiles/Terrain (16x16)_24.asset
  importAddress: Guid(1504d72778dc25c4e9ef9b5d21bdb5a4) Importer(2089858483,b0f066a214c2f5e87bad3c948f4d605d)
Start importing Assets/Sprites/Terrain/Ground Tiles/Terrain (16x16)_24.asset using Guid(1504d72778dc25c4e9ef9b5d21bdb5a4) Importer(2089858483,b0f066a214c2f5e87bad3c948f4d605d) (ScriptedImporter) -> (Import Result ID: '7cf0281a57fee78080d05d0cbae5901a') in 0.0285741 seconds [static and dynamic dependencies]. Details - ImportResultOutputID=643240e3b71dfc2fbbbcc8033bc8dd1e DependenciesID=6c45e01c791dc57250ff7e49b3c48e1d StaticDependenciesID=08c215d521644be1b784d28d6bdf12a9 
Number of updated asset objects reloaded before import = 0Number of asset objects unloaded after import = 2

========================================================================
Received Import Request.
  Time since last request: 0.000048 seconds.
  path: Assets/Sprites/Terrain/Ground Tiles/Terrain (16x16)_119.asset
  importAddress: Guid(e30e4c6f43af72e4ead3298cdb40eb32) Importer(2089858483,b0f066a214c2f5e87bad3c948f4d605d)
Start importing Assets/Sprites/Terrain/Ground Tiles/Terrain (16x16)_119.asset using Guid(e30e4c6f43af72e4ead3298cdb40eb32) Importer(2089858483,b0f066a214c2f5e87bad3c948f4d605d) (ScriptedImporter) -> (Import Result ID: 'e453ed9ec92b8773ade2aaa51e8f8737') in 0.0295816 seconds [static and dynamic dependencies]. Details - ImportResultOutputID=f502a0e06111d9cf2134b1848b37d7cb DependenciesID=f96e6ec26a618e9499cb71028b3c6382 StaticDependenciesID=ad17daac624df7654d89fd2d350e22b0 
Number of updated asset objects reloaded before import = 0Number of asset objects unloaded after import = 2

========================================================================
Received Import Request.
  Time since last request: 0.000035 seconds.
  path: Assets/Sprites/Terrain/Ground Tiles/Terrain (16x16)_4.asset
  importAddress: Guid(5e397086e766a7e4cbee715f11f72971) Importer(2089858483,b0f066a214c2f5e87bad3c948f4d605d)
Start importing Assets/Sprites/Terrain/Ground Tiles/Terrain (16x16)_4.asset using Guid(5e397086e766a7e4cbee715f11f72971) Importer(2089858483,b0f066a214c2f5e87bad3c948f4d605d) (ScriptedImporter) -> (Import Result ID: '297dc396bfd06c52e8cb8f528ed9fb77') in 0.0297188 seconds [static and dynamic dependencies]. Details - ImportResultOutputID=5ca817da261a1b49822a7cfa7311ff08 DependenciesID=5cc1bf46b8c2df03923588fa6d6d7c2f StaticDependenciesID=647265e33e5be59fda66384785494ac5 
Number of updated asset objects reloaded before import = 0Number of asset objects unloaded after import = 2

========================================================================
Received Import Request.
  Time since last request: 0.000041 seconds.
  path: Assets/Sprites/Terrain/Ground Tiles/Terrain (16x16)_36.asset
  importAddress: Guid(43f71c49f05db0940b38764fca8527ed) Importer(2089858483,b0f066a214c2f5e87bad3c948f4d605d)
Start importing Assets/Sprites/Terrain/Ground Tiles/Terrain (16x16)_36.asset using Guid(43f71c49f05db0940b38764fca8527ed) Importer(2089858483,b0f066a214c2f5e87bad3c948f4d605d) (ScriptedImporter) -> (Import Result ID: '1689be394bd18c9b3e8414ec149626c7') in 0.0285577 seconds [static and dynamic dependencies]. Details - ImportResultOutputID=879b34545cc90f5b865a21e923900813 DependenciesID=54ed529272fa4c71e6f21d80badbb11f StaticDependenciesID=d1b8f4999c97168721044d0ff8e05e70 
Number of updated asset objects reloaded before import = 0Number of asset objects unloaded after import = 2

========================================================================
Received Import Request.
  Time since last request: 0.000064 seconds.
  path: Assets/Sprites/Terrain/Ground Tiles/Terrain (16x16)_112.asset
  importAddress: Guid(d7981e0068796264e92e20bfe46a936e) Importer(2089858483,b0f066a214c2f5e87bad3c948f4d605d)
Start importing Assets/Sprites/Terrain/Ground Tiles/Terrain (16x16)_112.asset using Guid(d7981e0068796264e92e20bfe46a936e) Importer(2089858483,b0f066a214c2f5e87bad3c948f4d605d) (ScriptedImporter) -> (Import Result ID: '3aec64ee8368a94a0d37b21cb4600623') in 0.032251 seconds [static and dynamic dependencies]. Details - ImportResultOutputID=7f3224e9bf1bee8e195e64e5f6e0a71a DependenciesID=f24b0f5a5019fd655a1c589bf4495d05 StaticDependenciesID=53162f65588fc0c802f3d49ac07183c2 
Number of updated asset objects reloaded before import = 0Number of asset objects unloaded after import = 2

========================================================================
Received Import Request.
  Time since last request: 0.000047 seconds.
  path: Assets/Sprites/Terrain/Ground Tiles/Terrain (16x16)_46.asset
  importAddress: Guid(d15994db011b4384bb20d737ad535891) Importer(2089858483,b0f066a214c2f5e87bad3c948f4d605d)
Start importing Assets/Sprites/Terrain/Ground Tiles/Terrain (16x16)_46.asset using Guid(d15994db011b4384bb20d737ad535891) Importer(2089858483,b0f066a214c2f5e87bad3c948f4d605d) (ScriptedImporter) -> (Import Result ID: 'c72e82c04ef8784f6439c2585f57d994') in 0.028836 seconds [static and dynamic dependencies]. Details - ImportResultOutputID=47b938be6a4c013e6c54387f315c9fb8 DependenciesID=fb5e3447cfa7f0cd2cddc358821b3dbd StaticDependenciesID=c5bc092f6e3e5afeff3c40c5256a65f9 
Number of updated asset objects reloaded before import = 0Number of asset objects unloaded after import = 2

========================================================================
Received Import Request.
  Time since last request: 0.000054 seconds.
  path: Assets/Sprites/Terrain/Ground Tiles/Terrain (16x16)_58.asset
  importAddress: Guid(d0b2cb075cf388344a983b51e339d6cd) Importer(2089858483,b0f066a214c2f5e87bad3c948f4d605d)
Start importing Assets/Sprites/Terrain/Ground Tiles/Terrain (16x16)_58.asset using Guid(d0b2cb075cf388344a983b51e339d6cd) Importer(2089858483,b0f066a214c2f5e87bad3c948f4d605d) (ScriptedImporter) -> (Import Result ID: '48da57bff0a116bab5c5346eda0e4ee0') in 0.0275537 seconds [static and dynamic dependencies]. Details - ImportResultOutputID=650032b742249c7b322ec40d76595f25 DependenciesID=36d2a18d321738e5ff073db387e05080 StaticDependenciesID=fef06f6a7e9b532619ea89911fed227e 
Number of updated asset objects reloaded before import = 0Number of asset objects unloaded after import = 2

========================================================================
Received Import Request.
  Time since last request: 0.000055 seconds.
  path: Assets/Sprites/Menu/Levels/02.png
  importAddress: Guid(23f9b5330294c184093c13a2902cafae) Importer(2089858483,b0f066a214c2f5e87bad3c948f4d605d)
Start importing Assets/Sprites/Menu/Levels/02.png using Guid(23f9b5330294c184093c13a2902cafae) Importer(2089858483,b0f066a214c2f5e87bad3c948f4d605d) (ScriptedImporter) -> (Import Result ID: '79e456092076547cebde9564ef7779a9') in 0.0356172 seconds [static and dynamic dependencies]. Details - ImportResultOutputID=b4767c187f0c072833be7c89789e2733 DependenciesID=734d218cff0e09a65413a9e30b15f2ac StaticDependenciesID=8d242e62d8eff99e907c2ae70260fb57 
Number of updated asset objects reloaded before import = 0Number of asset objects unloaded after import = 3

========================================================================
Received Import Request.
  Time since last request: 0.000037 seconds.
  path: Assets/Sprites/Terrain/Ground Tiles/Terrain (16x16)_68.asset
  importAddress: Guid(e0e7093168f7f6647a87b0b71b81925b) Importer(2089858483,b0f066a214c2f5e87bad3c948f4d605d)
Start importing Assets/Sprites/Terrain/Ground Tiles/Terrain (16x16)_68.asset using Guid(e0e7093168f7f6647a87b0b71b81925b) Importer(2089858483,b0f066a214c2f5e87bad3c948f4d605d) (ScriptedImporter) -> (Import Result ID: '3d084b351df15eafdf1bb6dbcfb61178') in 0.0314769 seconds [static and dynamic dependencies]. Details - ImportResultOutputID=f3b3f66182d80e579e57f3bcabbb31b2 DependenciesID=ac39475a5c7be66d46eaa5004ce3f944 StaticDependenciesID=7204857d9d1d17f6523c256f71c33d60 
Number of updated asset objects reloaded before import = 0Number of asset objects unloaded after import = 2

========================================================================
Received Import Request.
  Time since last request: 0.000053 seconds.
  path: Assets/Sprites/Terrain/Ground Tiles/Terrain (16x16)_7.asset
  importAddress: Guid(a88aaa328bf46624a9730f636befda2c) Importer(2089858483,b0f066a214c2f5e87bad3c948f4d605d)
Start importing Assets/Sprites/Terrain/Ground Tiles/Terrain (16x16)_7.asset using Guid(a88aaa328bf46624a9730f636befda2c) Importer(2089858483,b0f066a214c2f5e87bad3c948f4d605d) (ScriptedImporter) -> (Import Result ID: '969a2c72a590dfecc991404d3223f10d') in 0.0316145 seconds [static and dynamic dependencies]. Details - ImportResultOutputID=3ee17c8166ae8b8840620cd8af38bf99 DependenciesID=66cb9348cefae151d127d170ab764bd6 StaticDependenciesID=205cd1759a1560f890444ddb1b308014 
Number of updated asset objects reloaded before import = 0Number of asset objects unloaded after import = 2

========================================================================
Received Import Request.
  Time since last request: 0.000072 seconds.
  path: Assets/Sprites/Terrain/Ground Tiles/Terrain (16x16)_22.asset
  importAddress: Guid(4a3d0c740bdaf4546b7f7c21998ac393) Importer(2089858483,b0f066a214c2f5e87bad3c948f4d605d)
Start importing Assets/Sprites/Terrain/Ground Tiles/Terrain (16x16)_22.asset using Guid(4a3d0c740bdaf4546b7f7c21998ac393) Importer(2089858483,b0f066a214c2f5e87bad3c948f4d605d) (ScriptedImporter) -> (Import Result ID: '14f8308392fff39a7a80b81fcdff019d') in 0.0314324 seconds [static and dynamic dependencies]. Details - ImportResultOutputID=89a2d5d992dcb56dbf4eee987acb43fd DependenciesID=79fa453e44c14975e0e7f1c9de42cbb3 StaticDependenciesID=3cf151c5fb19398c72a46ac5a3e68dac 
Number of updated asset objects reloaded before import = 0Number of asset objects unloaded after import = 2

========================================================================
Received Import Request.
  Time since last request: 0.000036 seconds.
  path: Assets/Sprites/Terrain/Ground Tiles/Terrain (16x16)_78.asset
  importAddress: Guid(35c6c52343199444283b023c1c730225) Importer(2089858483,b0f066a214c2f5e87bad3c948f4d605d)
Start importing Assets/Sprites/Terrain/Ground Tiles/Terrain (16x16)_78.asset using Guid(35c6c52343199444283b023c1c730225) Importer(2089858483,b0f066a214c2f5e87bad3c948f4d605d) (ScriptedImporter) -> (Import Result ID: '7d28f59ea358e6308a23bbcd6812d438') in 0.0293368 seconds [static and dynamic dependencies]. Details - ImportResultOutputID=493ba3a91cca8189f88fd0d32f18a605 DependenciesID=3472ed281613e19dd9f897f2a5c3bb3f StaticDependenciesID=abc62dee1b5b7720dd05621f5b906bb1 
Number of updated asset objects reloaded before import = 0Number of asset objects unloaded after import = 2

========================================================================
Received Import Request.
  Time since last request: 0.000043 seconds.
  path: Assets/Settings/Scenes/URP2DSceneTemplate.unity
  importAddress: Guid(2cda990e2423bbf4892e6590ba056729) Importer(2089858483,b0f066a214c2f5e87bad3c948f4d605d)
Start importing Assets/Settings/Scenes/URP2DSceneTemplate.unity using Guid(2cda990e2423bbf4892e6590ba056729) Importer(2089858483,b0f066a214c2f5e87bad3c948f4d605d) (ScriptedImporter) -> (Import Result ID: 'c0412769694110d777b598df00e27dfb') in 0.0255682 seconds [static and dynamic dependencies]. Details - ImportResultOutputID=75ede58f1dcb71e9b8a603426e04cf67 DependenciesID=b383f95498550c1a85235f204e193303 StaticDependenciesID=42be838363dc3e52291f962dbeb3a9fa 
Number of updated asset objects reloaded before import = 0Number of asset objects unloaded after import = 1

========================================================================
Received Import Request.
  Time since last request: 0.000071 seconds.
  path: Assets/Sprites/Terrain/Ground Tiles/Terrain (16x16)_84.asset
  importAddress: Guid(789a63913684c5e42a612dbbfafcc28c) Importer(2089858483,b0f066a214c2f5e87bad3c948f4d605d)
Start importing Assets/Sprites/Terrain/Ground Tiles/Terrain (16x16)_84.asset using Guid(789a63913684c5e42a612dbbfafcc28c) Importer(2089858483,b0f066a214c2f5e87bad3c948f4d605d) (ScriptedImporter) -> (Import Result ID: 'b1ec09876c7cbc99e9e751a20b1a518f') in 0.0301533 seconds [static and dynamic dependencies]. Details - ImportResultOutputID=29f3651c0ac53cb45c484f5d6fcd0209 DependenciesID=561b826884ed9036f13e10bcf2a4a2ed StaticDependenciesID=05b00aec57891ea949d868be8b412b85 
Number of updated asset objects reloaded before import = 0Number of asset objects unloaded after import = 2

========================================================================
Received Import Request.
  Time since last request: 0.000047 seconds.
  path: Assets/Sprites/Terrain/Ground Tiles/Terrain (16x16)_85.asset
  importAddress: Guid(80078053a2fcc24428e022b1b214fcce) Importer(2089858483,b0f066a214c2f5e87bad3c948f4d605d)
Start importing Assets/Sprites/Terrain/Ground Tiles/Terrain (16x16)_85.asset using Guid(80078053a2fcc24428e022b1b214fcce) Importer(2089858483,b0f066a214c2f5e87bad3c948f4d605d) (ScriptedImporter) -> (Import Result ID: '02367ab34e66dfc7f3c2cd574403e825') in 0.0308759 seconds [static and dynamic dependencies]. Details - ImportResultOutputID=52532518e0f5d42935a888761eac3e12 DependenciesID=d7e2daf5ab6acac01c24a9c07c97226c StaticDependenciesID=d239de87108b5d958868dc5d896139dc 
Number of updated asset objects reloaded before import = 0Number of asset objects unloaded after import = 2

========================================================================
Received Import Request.
  Time since last request: 0.000052 seconds.
  path: Assets/Sprites/Items/Fruits/Pineapple.png
  importAddress: Guid(9212a9803d4434743b10fba50a17547a) Importer(2089858483,b0f066a214c2f5e87bad3c948f4d605d)
Start importing Assets/Sprites/Items/Fruits/Pineapple.png using Guid(9212a9803d4434743b10fba50a17547a) Importer(2089858483,b0f066a214c2f5e87bad3c948f4d605d) (ScriptedImporter) -> (Import Result ID: '443063ff8f6cdb75dcf2145a75b83989') in 0.0870385 seconds [static and dynamic dependencies]. Details - ImportResultOutputID=c7368304f9af95be7258309f848e3e31 DependenciesID=67de13a62738eb445b48dd017f878ff9 StaticDependenciesID=a52ed7ec80ac77ad9fb257d3b4481a55 
Number of updated asset objects reloaded before import = 0Number of asset objects unloaded after import = 19

========================================================================
Received Import Request.
  Time since last request: 0.000057 seconds.
  path: Assets/Sprites/Traps/Blocks/Part 2 (22x22).png
  importAddress: Guid(c6335c06dd11bd343ad2f6963cb70ec7) Importer(2089858483,b0f066a214c2f5e87bad3c948f4d605d)
Start importing Assets/Sprites/Traps/Blocks/Part 2 (22x22).png using Guid(c6335c06dd11bd343ad2f6963cb70ec7) Importer(2089858483,b0f066a214c2f5e87bad3c948f4d605d) (ScriptedImporter) -> (Import Result ID: '2e0865ffd277bf3f8cb38a6e69bd38b2') in 0.0498275 seconds [static and dynamic dependencies]. Details - ImportResultOutputID=78ccf19b2a5009229e04018f001fa30c DependenciesID=d73cf4b2a4312ac0fa64061773202123 StaticDependenciesID=912efb08709344b7e3d86b13b0918b10 
Number of updated asset objects reloaded before import = 0Number of asset objects unloaded after import = 5

========================================================================
Received Import Request.
  Time since last request: 0.000045 seconds.
  path: Assets/Sprites/Terrain/Ground Tiles/Terrain (16x16)_98.asset
  importAddress: Guid(5d9c629878e14414fa67546e864da330) Importer(2089858483,b0f066a214c2f5e87bad3c948f4d605d)
Start importing Assets/Sprites/Terrain/Ground Tiles/Terrain (16x16)_98.asset using Guid(5d9c629878e14414fa67546e864da330) Importer(2089858483,b0f066a214c2f5e87bad3c948f4d605d) (ScriptedImporter) -> (Import Result ID: 'b49d096f2f6387fc880cf85ba2f30ff2') in 0.0299557 seconds [static and dynamic dependencies]. Details - ImportResultOutputID=cc00cfbac4f7f019369750820badb641 DependenciesID=5f83572f0f497cba12fc612d482eeea9 StaticDependenciesID=e2e3f8e94cef0ba897579be98795f5b4 
Number of updated asset objects reloaded before import = 0Number of asset objects unloaded after import = 2

========================================================================
Received Import Request.
  Time since last request: 0.000073 seconds.
  path: Assets/InputSystem_Actions.inputactions
  importAddress: Guid(2bcd2660ca9b64942af0de543d8d7100) Importer(2089858483,b0f066a214c2f5e87bad3c948f4d605d)
Start importing Assets/InputSystem_Actions.inputactions using Guid(2bcd2660ca9b64942af0de543d8d7100) Importer(2089858483,b0f066a214c2f5e87bad3c948f4d605d) (ScriptedImporter) -> (Import Result ID: '65e60da052c2a7d2a47574af25fcca10') in 0.4475943 seconds [static and dynamic dependencies]. Details - ImportResultOutputID=bbd255d95802f99339c8978b91f69086 DependenciesID=d0f47399bd1ced46bb5e52907934517a StaticDependenciesID=17e3394dc1635ff1ac60359bf844c8ef 
Number of updated asset objects reloaded before import = 0Number of asset objects unloaded after import = 17

========================================================================
Received Import Request.
  Time since last request: 0.000071 seconds.
  path: Assets/Sprites/Terrain/Ground Tiles/Terrain (16x16)_49.asset
  importAddress: Guid(7863737ad99c23448928f81bf988e0ae) Importer(2089858483,b0f066a214c2f5e87bad3c948f4d605d)
Start importing Assets/Sprites/Terrain/Ground Tiles/Terrain (16x16)_49.asset using Guid(7863737ad99c23448928f81bf988e0ae) Importer(2089858483,b0f066a214c2f5e87bad3c948f4d605d) (ScriptedImporter) -> (Import Result ID: '80bb5b26540b0d7d28c8fb4db586c39a') in 0.0291248 seconds [static and dynamic dependencies]. Details - ImportResultOutputID=257e5325cbaf44cedb08dbdca250f1c7 DependenciesID=09ce6906d8b78629ddc0f6001d1db9d6 StaticDependenciesID=2b2449ce5684bb887b7e96c62aa05ba2 
Number of updated asset objects reloaded before import = 0Number of asset objects unloaded after import = 2

========================================================================
Received Import Request.
  Time since last request: 0.000047 seconds.
  path: Assets/Sprites/Menu/Levels/44.png
  importAddress: Guid(935525bceda7c7a42a0808ad07b4cb50) Importer(2089858483,b0f066a214c2f5e87bad3c948f4d605d)
Start importing Assets/Sprites/Menu/Levels/44.png using Guid(935525bceda7c7a42a0808ad07b4cb50) Importer(2089858483,b0f066a214c2f5e87bad3c948f4d605d) (ScriptedImporter) -> (Import Result ID: '1a5ca134819a5c045d6636f2d252694b') in 0.0385874 seconds [static and dynamic dependencies]. Details - ImportResultOutputID=05ceaebd735beae83a009ccb26515059 DependenciesID=762d487375d84f296b82c29820872d67 StaticDependenciesID=17a842416c0bf8851f5156f1509544b7 
Number of updated asset objects reloaded before import = 0Number of asset objects unloaded after import = 3

========================================================================
Received Import Request.
  Time since last request: 0.000063 seconds.
  path: Assets/Sprites/Menu/Text/Text (White) (8x10).png
  importAddress: Guid(2836b1a5f1c20e644b690d65eaf65423) Importer(2089858483,b0f066a214c2f5e87bad3c948f4d605d)
Start importing Assets/Sprites/Menu/Text/Text (White) (8x10).png using Guid(2836b1a5f1c20e644b690d65eaf65423) Importer(2089858483,b0f066a214c2f5e87bad3c948f4d605d) (ScriptedImporter) -> (Import Result ID: '0067bef9e37bac5737da4cb9920a80d0') in 0.1422154 seconds [static and dynamic dependencies]. Details - ImportResultOutputID=27af8e0312a6b4a975d9324bdef6f8c0 DependenciesID=2b28833cd6c462119b6432c3b4d7c266 StaticDependenciesID=db2fb047f10fefb4f3e1c4bf83cd5a5d 
Number of updated asset objects reloaded before import = 0Number of asset objects unloaded after import = 42

========================================================================
Received Import Request.
  Time since last request: 0.000084 seconds.
  path: Assets/Sprites/Items/Boxes/Box2/Break.png
  importAddress: Guid(d5cfa9c5fd203314aa138739af95a769) Importer(2089858483,b0f066a214c2f5e87bad3c948f4d605d)
Start importing Assets/Sprites/Items/Boxes/Box2/Break.png using Guid(d5cfa9c5fd203314aa138739af95a769) Importer(2089858483,b0f066a214c2f5e87bad3c948f4d605d) (ScriptedImporter) -> (Import Result ID: '00477a0682eaf40fa06eaa2589f4b59f') in 0.0434637 seconds [static and dynamic dependencies]. Details - ImportResultOutputID=07254da4236cf21db0ddfbb3e067052d DependenciesID=22f702d735a743ef6cc4928dee25ca6a StaticDependenciesID=2e05583bd93e04784d097576e70fe7d1 
Number of updated asset objects reloaded before import = 0Number of asset objects unloaded after import = 6

========================================================================
Received Import Request.
  Time since last request: 0.000040 seconds.
  path: Assets/Sprites/Terrain/Ground Tiles/Terrain (16x16)_53.asset
  importAddress: Guid(eb82b3493be7b3c4a9ead7e9860975c0) Importer(2089858483,b0f066a214c2f5e87bad3c948f4d605d)
Start importing Assets/Sprites/Terrain/Ground Tiles/Terrain (16x16)_53.asset using Guid(eb82b3493be7b3c4a9ead7e9860975c0) Importer(2089858483,b0f066a214c2f5e87bad3c948f4d605d) (ScriptedImporter) -> (Import Result ID: '978ae7e0a3c04dd1e8fe9f9fc3a441a0') in 0.0314787 seconds [static and dynamic dependencies]. Details - ImportResultOutputID=d3764b12f3e5eb5bfde135464871973f DependenciesID=be029a3701e5f5cfa60490b43a6efb36 StaticDependenciesID=2fd12543c52d7099272d5e8690f6dfa2 
Number of updated asset objects reloaded before import = 0Number of asset objects unloaded after import = 2

========================================================================
Received Import Request.
  Time since last request: 0.000042 seconds.
  path: Assets/Sprites/Items/Boxes/Box2/Hit (28x24).png
  importAddress: Guid(eef8167780397fe469c5a328c10a88d4) Importer(2089858483,b0f066a214c2f5e87bad3c948f4d605d)
Start importing Assets/Sprites/Items/Boxes/Box2/Hit (28x24).png using Guid(eef8167780397fe469c5a328c10a88d4) Importer(2089858483,b0f066a214c2f5e87bad3c948f4d605d) (ScriptedImporter) -> (Import Result ID: '5d7aa9bc933a09403d9e5e5cd7525606') in 0.0431085 seconds [static and dynamic dependencies]. Details - ImportResultOutputID=6dd977530618518776b501faacdc3b2b DependenciesID=8c262c81ca034c89404818a58b7de78b StaticDependenciesID=b72df3138e6dda9bb60649de2712ffd3 
Number of updated asset objects reloaded before import = 0Number of asset objects unloaded after import = 6

========================================================================
Received Import Request.
  Time since last request: 0.000065 seconds.
  path: Assets/Sprites/Items/Fruits/Apple.png
  importAddress: Guid(f5a54d3779701f4488b7cf72a18ca355) Importer(2089858483,b0f066a214c2f5e87bad3c948f4d605d)
Start importing Assets/Sprites/Items/Fruits/Apple.png using Guid(f5a54d3779701f4488b7cf72a18ca355) Importer(2089858483,b0f066a214c2f5e87bad3c948f4d605d) (ScriptedImporter) -> (Import Result ID: '097736a0c3fcfa87ed613db65560ccb6') in 0.0754984 seconds [static and dynamic dependencies]. Details - ImportResultOutputID=6167ba9a49126ab1c4a56ed429c391f9 DependenciesID=c25ecffac13410f85f84a8bdd306548d StaticDependenciesID=57623db3bdd9a08385aa27bb1599cf39 
Number of updated asset objects reloaded before import = 0Number of asset objects unloaded after import = 19

========================================================================
Received Import Request.
  Time since last request: 0.000041 seconds.
  path: Assets/Sprites/Menu/Levels/20.png
  importAddress: Guid(eeaafd625d854684dad8c9d7a02832df) Importer(2089858483,b0f066a214c2f5e87bad3c948f4d605d)
Start importing Assets/Sprites/Menu/Levels/20.png using Guid(eeaafd625d854684dad8c9d7a02832df) Importer(2089858483,b0f066a214c2f5e87bad3c948f4d605d) (ScriptedImporter) -> (Import Result ID: 'b706b8a9f081a2ac3788e8a11cc340ca') in 0.0534648 seconds [static and dynamic dependencies]. Details - ImportResultOutputID=9324fe60aa2c266440682106bdbff9a0 DependenciesID=8e4fb59d4f84ab33a77a498b1a557b12 StaticDependenciesID=332b456dc5218ac3d3b54e2883b91aa4 
Number of updated asset objects reloaded before import = 0Number of asset objects unloaded after import = 3

========================================================================
Received Import Request.
  Time since last request: 0.000088 seconds.
  path: Assets/Sprites/Menu/Buttons/Achievements.png
  importAddress: Guid(aa325d9e0e7f7f7498ca55d5939ce9a9) Importer(2089858483,b0f066a214c2f5e87bad3c948f4d605d)
Start importing Assets/Sprites/Menu/Buttons/Achievements.png using Guid(aa325d9e0e7f7f7498ca55d5939ce9a9) Importer(2089858483,b0f066a214c2f5e87bad3c948f4d605d) (ScriptedImporter) -> (Import Result ID: '4cf5670fdc65b4e34ed4a425c679c47a') in 0.0419085 seconds [static and dynamic dependencies]. Details - ImportResultOutputID=f06c307b0429151e733eecbbfaa1c696 DependenciesID=c2af15c76d5014a42a002af280a7cb2d StaticDependenciesID=1f450f4497be54f38a4e7cebcc2b1a20 
Number of updated asset objects reloaded before import = 0Number of asset objects unloaded after import = 3

========================================================================
Received Import Request.
  Time since last request: 0.000067 seconds.
  path: Assets/Sprites/Menu/Levels/03.png
  importAddress: Guid(d98516d82255f504d85b3694512e9649) Importer(2089858483,b0f066a214c2f5e87bad3c948f4d605d)
Start importing Assets/Sprites/Menu/Levels/03.png using Guid(d98516d82255f504d85b3694512e9649) Importer(2089858483,b0f066a214c2f5e87bad3c948f4d605d) (ScriptedImporter) -> (Import Result ID: 'c7943e8c80d8a96719f164dcfe1ee4e2') in 0.0425501 seconds [static and dynamic dependencies]. Details - ImportResultOutputID=6f1546910d2fcede1c0962b2169af8e2 DependenciesID=6194a63f453e234977af578c279b08da StaticDependenciesID=aba4f281f6753700c9b80d79e5a9f346 
Number of updated asset objects reloaded before import = 0Number of asset objects unloaded after import = 3

========================================================================
Received Import Request.
  Time since last request: 0.000051 seconds.
  path: Assets/Sprites/Traps/Blocks/HitTop (22x22).png
  importAddress: Guid(5983748328aaafe4fa36c14518088455) Importer(2089858483,b0f066a214c2f5e87bad3c948f4d605d)
Start importing Assets/Sprites/Traps/Blocks/HitTop (22x22).png using Guid(5983748328aaafe4fa36c14518088455) Importer(2089858483,b0f066a214c2f5e87bad3c948f4d605d) (ScriptedImporter) -> (Import Result ID: '6c16f0a717f60f245671e1e5a0a7b0fb') in 0.0418734 seconds [static and dynamic dependencies]. Details - ImportResultOutputID=c1fd6c7618996ef7bfae79ec567997b8 DependenciesID=9876048b42ac456e813a80ff4f7bb2f2 StaticDependenciesID=6601d3af5005fb96b1616d2767c3925a 
Number of updated asset objects reloaded before import = 0Number of asset objects unloaded after import = 4

========================================================================
Received Import Request.
  Time since last request: 0.000074 seconds.
  path: Assets/Sprites/Items/Checkpoints/End/End (Idle).png
  importAddress: Guid(65c2bb9df314c5049912c70ae8f26066) Importer(2089858483,b0f066a214c2f5e87bad3c948f4d605d)
Start importing Assets/Sprites/Items/Checkpoints/End/End (Idle).png using Guid(65c2bb9df314c5049912c70ae8f26066) Importer(2089858483,b0f066a214c2f5e87bad3c948f4d605d) (ScriptedImporter) -> (Import Result ID: '100eecc3a853522edc9ae2598a0a76b0') in 0.0387134 seconds [static and dynamic dependencies]. Details - ImportResultOutputID=54a5d23d55ca84778dc650424e6bcaee DependenciesID=1a5f62fa8e2be5a879efe9b3ff1fd21c StaticDependenciesID=c2a2c17e61355a26405d72c6f921aef5 
Number of updated asset objects reloaded before import = 0Number of asset objects unloaded after import = 3

========================================================================
Received Import Request.
  Time since last request: 0.000043 seconds.
  path: Assets/Sprites/Traps/Spike Head/Left Hit (54x52).png
  importAddress: Guid(edb7e483e2ef69b40b5976f5cec08b57) Importer(2089858483,b0f066a214c2f5e87bad3c948f4d605d)
Start importing Assets/Sprites/Traps/Spike Head/Left Hit (54x52).png using Guid(edb7e483e2ef69b40b5976f5cec08b57) Importer(2089858483,b0f066a214c2f5e87bad3c948f4d605d) (ScriptedImporter) -> (Import Result ID: 'b1bcc49a515885c2c7d86ed4e28f9d83') in 0.0436112 seconds [static and dynamic dependencies]. Details - ImportResultOutputID=4fee925eef8d7a2103c1b2f5d8bae9db DependenciesID=605729f46e35e506d7e4fc9478c5deba StaticDependenciesID=a160458817a1a76ccaa1b19d23a2aa24 
Number of updated asset objects reloaded before import = 0Number of asset objects unloaded after import = 6

========================================================================
Received Import Request.
  Time since last request: 0.000039 seconds.
  path: Assets/Sprites/Menu/Levels/12.png
  importAddress: Guid(b714683b7c7e52e4c96aef813018fcbf) Importer(2089858483,b0f066a214c2f5e87bad3c948f4d605d)
Start importing Assets/Sprites/Menu/Levels/12.png using Guid(b714683b7c7e52e4c96aef813018fcbf) Importer(2089858483,b0f066a214c2f5e87bad3c948f4d605d) (ScriptedImporter) -> (Import Result ID: '72a871c7bdf55f0b4535e9a739edf6c0') in 0.0347679 seconds [static and dynamic dependencies]. Details - ImportResultOutputID=70fedc21e89f9ba1c8230cdd0034c2f6 DependenciesID=8589367bfe88cd4e12c60e1fb7b72f37 StaticDependenciesID=3be97926984feef8f0e6629d47202b2d 
Number of updated asset objects reloaded before import = 0Number of asset objects unloaded after import = 3

========================================================================
Received Import Request.
  Time since last request: 0.000074 seconds.
  path: Assets/Sprites/Terrain/Ground Tiles/Terrain (16x16)_51.asset
  importAddress: Guid(f0b349e3a2dad38458490b3d74513135) Importer(2089858483,b0f066a214c2f5e87bad3c948f4d605d)
Start importing Assets/Sprites/Terrain/Ground Tiles/Terrain (16x16)_51.asset using Guid(f0b349e3a2dad38458490b3d74513135) Importer(2089858483,b0f066a214c2f5e87bad3c948f4d605d) (ScriptedImporter) -> (Import Result ID: '4dc1ec94f4d9b955ac56f77f97e5fbe7') in 0.0312521 seconds [static and dynamic dependencies]. Details - ImportResultOutputID=28639b2bbf95405cc0ad97cc0b4550c5 DependenciesID=2b2c9fd0bc5a314326dbe48e8c5a36d1 StaticDependenciesID=3e56fdc8da268125f3a329e7c6af6ea7 
Number of updated asset objects reloaded before import = 0Number of asset objects unloaded after import = 2

========================================================================
Received Import Request.
  Time since last request: 0.000041 seconds.
  path: Assets/Sprites/Menu/Levels/29.png
  importAddress: Guid(1e71632c47edb0548b25da62d0f879eb) Importer(2089858483,b0f066a214c2f5e87bad3c948f4d605d)
Start importing Assets/Sprites/Menu/Levels/29.png using Guid(1e71632c47edb0548b25da62d0f879eb) Importer(2089858483,b0f066a214c2f5e87bad3c948f4d605d) (ScriptedImporter) -> (Import Result ID: 'e5a9d1e7fdda68637275c19408ce6441') in 0.0391089 seconds [static and dynamic dependencies]. Details - ImportResultOutputID=7b5a2286669e58abb68a21733fecdf16 DependenciesID=c8573d71d8306aa1735dbfbaed2be9dc StaticDependenciesID=8bc02c8e9eba05b89c240fae532d3970 
Number of updated asset objects reloaded before import = 0Number of asset objects unloaded after import = 3

========================================================================
Received Import Request.
  Time since last request: 0.000056 seconds.
  path: Assets/Sprites/Terrain/Ground Tiles/Terrain (16x16)_120.asset
  importAddress: Guid(c42daa0197ac22547898e9d5d42e7c20) Importer(2089858483,b0f066a214c2f5e87bad3c948f4d605d)
Start importing Assets/Sprites/Terrain/Ground Tiles/Terrain (16x16)_120.asset using Guid(c42daa0197ac22547898e9d5d42e7c20) Importer(2089858483,b0f066a214c2f5e87bad3c948f4d605d) (ScriptedImporter) -> (Import Result ID: '8bfb00ffb34d5a04e73dad819d113c5d') in 0.0268648 seconds [static and dynamic dependencies]. Details - ImportResultOutputID=ad876e64f1259a8f4d5c69fcbb4868bc DependenciesID=922eeebd69474f5d97a06d37f2542a68 StaticDependenciesID=792696a5221163320a8f94bc4e87ab10 
Number of updated asset objects reloaded before import = 0Number of asset objects unloaded after import = 2

========================================================================
Received Import Request.
  Time since last request: 0.000068 seconds.
  path: Assets/Sprites/Menu/Levels/15.png
  importAddress: Guid(e2b7814659744ed4ba306524debf1acc) Importer(2089858483,b0f066a214c2f5e87bad3c948f4d605d)
Start importing Assets/Sprites/Menu/Levels/15.png using Guid(e2b7814659744ed4ba306524debf1acc) Importer(2089858483,b0f066a214c2f5e87bad3c948f4d605d) (ScriptedImporter) -> (Import Result ID: 'd58a963444c86114f3ffbc35ed77c824') in 0.0494744 seconds [static and dynamic dependencies]. Details - ImportResultOutputID=7188a719f0e03049756fea473501a87f DependenciesID=28c83518871039df9ea9c10f5e4f1bc1 StaticDependenciesID=4297dbe1096b21846a8325c07667ec43 
Number of updated asset objects reloaded before import = 0Number of asset objects unloaded after import = 3

========================================================================
Received Import Request.
  Time since last request: 0.000036 seconds.
  path: Assets/Sprites/Terrain/Ground Tiles/Terrain (16x16)_66.asset
  importAddress: Guid(31026d32141242149ab4ec551f25a1c5) Importer(2089858483,b0f066a214c2f5e87bad3c948f4d605d)
Start importing Assets/Sprites/Terrain/Ground Tiles/Terrain (16x16)_66.asset using Guid(31026d32141242149ab4ec551f25a1c5) Importer(2089858483,b0f066a214c2f5e87bad3c948f4d605d) (ScriptedImporter) -> (Import Result ID: 'f2b139a57be2c88701aaa04d3e6893bd') in 0.0292386 seconds [static and dynamic dependencies]. Details - ImportResultOutputID=d2b958ff123dfd8d78944d3b40b540fa DependenciesID=5c91b5304720330eeeb48020544e0a36 StaticDependenciesID=79780876d9ea113ecd21c1a2e745c607 
Number of updated asset objects reloaded before import = 0Number of asset objects unloaded after import = 2

========================================================================
Received Import Request.
  Time since last request: 0.000065 seconds.
  path: Assets/Sprites/Menu/Levels/08.png
  importAddress: Guid(91a320084bd8b134580ab0196aaa62cf) Importer(2089858483,b0f066a214c2f5e87bad3c948f4d605d)
Start importing Assets/Sprites/Menu/Levels/08.png using Guid(91a320084bd8b134580ab0196aaa62cf) Importer(2089858483,b0f066a214c2f5e87bad3c948f4d605d) (ScriptedImporter) -> (Import Result ID: '8d2728abcd315af08643c028fcdaae01') in 0.048605 seconds [static and dynamic dependencies]. Details - ImportResultOutputID=8d8f600b08c7ef23da14ef81c9d890b3 DependenciesID=fad44a559649ac589a37241e864969f7 StaticDependenciesID=411f99f0dba65f7c246facf70f7c7146 
Number of updated asset objects reloaded before import = 0Number of asset objects unloaded after import = 3

========================================================================
Received Import Request.
  Time since last request: 0.000034 seconds.
  path: Assets/Sprites/Terrain/Ground Tiles/Terrain (16x16)_74.asset
  importAddress: Guid(c3ab3cf986120644f8e907c201b0911b) Importer(2089858483,b0f066a214c2f5e87bad3c948f4d605d)
Start importing Assets/Sprites/Terrain/Ground Tiles/Terrain (16x16)_74.asset using Guid(c3ab3cf986120644f8e907c201b0911b) Importer(2089858483,b0f066a214c2f5e87bad3c948f4d605d) (ScriptedImporter) -> (Import Result ID: 'baef3717dfc14839fc187add56d70127') in 0.0321469 seconds [static and dynamic dependencies]. Details - ImportResultOutputID=7f8fd1fa98c6726f7a6f36cb29cbad0d DependenciesID=c9dce34c1a01f9e64b562e5a807f3f6d StaticDependenciesID=66bd6e7727e1c6477d727fbc4d474755 
Number of updated asset objects reloaded before import = 0Number of asset objects unloaded after import = 2

========================================================================
Received Import Request.
  Time since last request: 0.000041 seconds.
  path: Assets/Sprites/Background/Pink.png
  importAddress: Guid(9307f53b8e3a7b14f9b61efad252e8f3) Importer(2089858483,b0f066a214c2f5e87bad3c948f4d605d)
Start importing Assets/Sprites/Background/Pink.png using Guid(9307f53b8e3a7b14f9b61efad252e8f3) Importer(2089858483,b0f066a214c2f5e87bad3c948f4d605d) (ScriptedImporter) -> (Import Result ID: 'df26c237391b95a3fd2203b6233474e5') in 0.0375672 seconds [static and dynamic dependencies]. Details - ImportResultOutputID=3f0d0efa1c9778a22e68d7f651bca3a3 DependenciesID=0e67d5879a07e175e1ecf7e8a8136f38 StaticDependenciesID=bb6c9f7ed77b1a6296cee7cfcf0408aa 
Number of updated asset objects reloaded before import = 0Number of asset objects unloaded after import = 3

========================================================================
Received Import Request.
  Time since last request: 0.000066 seconds.
  path: Assets/Sprites/Terrain/Ground Tiles/Terrain (16x16)_136.asset
  importAddress: Guid(97494f23f8f51c64cac477faa959f7a2) Importer(2089858483,b0f066a214c2f5e87bad3c948f4d605d)
Start importing Assets/Sprites/Terrain/Ground Tiles/Terrain (16x16)_136.asset using Guid(97494f23f8f51c64cac477faa959f7a2) Importer(2089858483,b0f066a214c2f5e87bad3c948f4d605d) (ScriptedImporter) -> (Import Result ID: 'b202040255ec589333ecb8c2250d5994') in 0.0304873 seconds [static and dynamic dependencies]. Details - ImportResultOutputID=21aef521a3610fbfdc7363473186cfc9 DependenciesID=bd693a75870ec9bccca754cf6a1f95bd StaticDependenciesID=bdca289cd3b6d3b365952bcc4214cf0d 
Number of updated asset objects reloaded before import = 0Number of asset objects unloaded after import = 2

========================================================================
Received Import Request.
  Time since last request: 0.000049 seconds.
  path: Assets/Sprites/Traps/Spiked Ball/Chain.png
  importAddress: Guid(2320a68205cced441badce3a57ce7bff) Importer(2089858483,b0f066a214c2f5e87bad3c948f4d605d)
Start importing Assets/Sprites/Traps/Spiked Ball/Chain.png using Guid(2320a68205cced441badce3a57ce7bff) Importer(2089858483,b0f066a214c2f5e87bad3c948f4d605d) (ScriptedImporter) -> (Import Result ID: 'fc7b1240fffc6ead5e66954e72e54052') in 0.051436 seconds [static and dynamic dependencies]. Details - ImportResultOutputID=759c8cd2df30d639c63c0c23ecaea343 DependenciesID=cb093687727cb82fa6fc04f10cab8002 StaticDependenciesID=3fc8f7467a76f75bf5ef2488ab2120bd 
Number of updated asset objects reloaded before import = 0Number of asset objects unloaded after import = 3

Editor requested this worker to shutdown with reason: Scaling down because of idle timeout
AssetImportWorker is now disconnected from the server
Process exiting
Exiting without the bug reporter. Application will terminate with return code 0