[Licensing::Module] Trying to connect to existing licensing client channel...
Built from '6000.4/staging' branch; Version is '6000.4.6f1 (0b051c2e5d54) revision 722204'; Using compiler version '194234433'; Build Type 'Release'
OS: 'Windows 11  (10.0.26200) Core' Language: 'de' Physical Memory: 15712 MB
[Licensing::IpcConnector] Successfully connected to: "LicenseClient-nirac" at "2026-05-11T23:14:45.6201461Z"
BatchMode: 1, IsHumanControllingUs: 0, StartBugReporterOnCrash: 0, Is64bit: 1
System  architecture: x64
Process architecture: x64
Date: 2026-05-11T23:14:45Z

COMMAND LINE ARGUMENTS:
C:\Program Files\Unity\Hub\Editor\6000.4.6f1\Editor\Unity.exe
-adb2
-batchMode
-noUpm
-name
AssetImportWorker1
-projectPath
C:/Unity/Hedonism
-logFile
Logs/AssetImportWorker1.log
-srvPort
56094
-licensingIpc
LicenseClient-nirac
-force-d3d12
-job-worker-count
5
-background-job-worker-count
8
-gc-helper-count
1
-name
AssetImport
Successfully changed project path to: C:/Unity/Hedonism
C:/Unity/Hedonism
[UnityMemory] Configuration Parameters - Can be set up in boot.config
    "memorysetup-temp-allocator-size-gi-baking-worker=262144"
    "memorysetup-temp-allocator-size-gi-baking-worker=262144"
    "memorysetup-temp-allocator-size-gi-baking-worker=262144"
    "memorysetup-temp-allocator-size-gi-baking-worker=262144"
    "memorysetup-temp-allocator-size-gi-baking-worker=262144"
    "memorysetup-temp-allocator-size-nav-mesh-worker=65536"
    "memorysetup-temp-allocator-size-audio-worker=65536"
    "memorysetup-temp-allocator-size-cloud-worker=32768"
    "memorysetup-temp-allocator-size-gfx=262144"
    "memorysetup-temp-allocator-size-preload-manager=33554432"
    "memorysetup-temp-allocator-size-job-worker=262144"
    "memorysetup-temp-allocator-size-background-worker=32768"
    "memorysetup-allocator-temp-initial-block-size-main=262144"
    "memorysetup-allocator-temp-initial-block-size-worker=262144"
    "memorysetup-bucket-allocator-granularity=16"
    "memorysetup-bucket-allocator-bucket-count=8"
    "memorysetup-bucket-allocator-block-size=33554432"
    "memorysetup-bucket-allocator-block-count=8"
    "memorysetup-main-allocator-block-size=16777216"
    "memorysetup-thread-allocator-block-size=16777216"
    "memorysetup-gfx-main-allocator-block-size=16777216"
    "memorysetup-gfx-thread-allocator-block-size=16777216"
    "memorysetup-cache-allocator-block-size=4194304"
    "memorysetup-typetree-allocator-block-size=2097152"
    "memorysetup-profiler-bucket-allocator-granularity=16"
    "memorysetup-profiler-bucket-allocator-bucket-count=8"
    "memorysetup-profiler-bucket-allocator-block-size=33554432"
    "memorysetup-profiler-bucket-allocator-block-count=8"
    "memorysetup-profiler-allocator-block-size=16777216"
    "memorysetup-profiler-editor-allocator-block-size=1048576"
    "memorysetup-temp-allocator-size-main=16777216"
    "memorysetup-job-temp-allocator-block-size=2097152"
    "memorysetup-job-temp-allocator-block-size-background=1048576"
    "memorysetup-job-temp-allocator-reduction-small-platforms=262144"
Player connection [20316]  Target information:

Player connection [20316]  * "[IP] 192.168.178.61 [Port] 0 [Flags] 2 [Guid] 2699329298 [EditorId] 2699329298 [Version] 1048832 [Id] WindowsEditor(7,NicoLaptop) [Debug] 1 [PackageName] WindowsEditor [ProjectName] Editor" 

Player connection [20316] Host joined multi-casting on [225.0.0.222:54997]...
Player connection [20316] Host joined alternative multi-casting on [225.0.0.222:34997]...
JobSystem: Creating JobQueue using job-worker-count value 5
Input System module state changed to: Initialized.
[Physics::Module] Initialized fallback backend.
[Physics::Module] Id: 0xdecafbad
Library Redirect Path: Library/
[Physics::Module] Selected backend.
[Physics::Module] Name: PhysX
[Physics::Module] Id: 0xf2b8ea05
[Physics::Module] SDK Version: 4.1.2
[Physics::Module] Integration Version: 1.0.0
[Physics::Module] Threading Mode: Multi-Threaded
Refreshing native plugins compatible for Editor in 15.58 ms, found 5 plugins.
Initialize engine version: 6000.4.6f1 (0b051c2e5d54)
[Subsystems] Discovering subsystems at path C:/Program Files/Unity/Hub/Editor/6000.4.6f1/Editor/Data/Resources/UnitySubsystems
[Subsystems] Discovering subsystems at path C:/Unity/Hedonism/Assets
Forcing GfxDevice: Direct3D 12
GfxDevice: creating device client; kGfxThreadingModeNonThreaded
d3d12: failed to query info queue interface (0x80004002).
Direct3D:
    Version:         Direct3D 12 [level 12.1]
    Renderer:        AMD Radeon (TM) Graphics (ID=0x15e7)
    Vendor:          ATI
    VRAM:            7856 MB
    App VRAM Budget: 7678 MB
    Driver:          31.0.12044.3
    Unified Memory Architecture
Initialize mono
Mono path[0] = 'C:/Program Files/Unity/Hub/Editor/6000.4.6f1/Editor/Data/Managed'
Mono path[1] = 'C:/Program Files/Unity/Hub/Editor/6000.4.6f1/Editor/Data/MonoBleedingEdge/lib/mono/unityjit-win32'
Mono config path = 'C:/Program Files/Unity/Hub/Editor/6000.4.6f1/Editor/Data/MonoBleedingEdge/etc'
Using monoOptions --debugger-agent=transport=dt_socket,embedding=1,server=y,suspend=n,address=127.0.0.1:56992
CodeReloadManager initialized
Begin MonoManager ReloadAssembly
Registering precompiled unity dll's ...
Register platform support module: C:/Program Files/Unity/Hub/Editor/6000.4.6f1/Editor/Data/PlaybackEngines/WindowsStandaloneSupport/UnityEditor.WindowsStandalone.Extensions.dll
Registered in 0.009685 seconds.
[Licensing::Client] Error: HandshakeResponse reported an error:
	ResponseCode: 505
	ResponseStatus: Unsupported protocol version '1.18.1'.
[Licensing::Module] Error: Failed to handshake to channel: "LicenseClient-nirac"
[Licensing::IpcConnector] LicenseClient-nirac channel disconnected successfully.
[Licensing::IpcConnector] Successfully connected to: "LicenseClient-nirac-6000.4.6" at "2026-05-11T23:14:50.012985Z"
[Licensing::Client] Code 10 while verifying Licensing Client signature (process Id: 20512, path: "C:/Program Files/Unity/Hub/Editor/6000.4.6f1/Editor/Data/Resources/Licensing/Client/Unity.Licensing.Client.exe")
[Licensing::Module] LicensingClient has failed validation; ignoring
[Licensing::Client] Handshaking with LicensingClient:
  Version:                 1.18.1+9fbee8e
  Session Id:              f5c5b177c4c549c184ed8eea4f525604
  Correlation Id:          1ae06423c7b2641c84442f004d96ed23
  External correlation Id: 1190411585756546316
  Machine Id:              VIX9ONoXlKqCHILYb5e71RdiQ3s=
[Licensing::Module] Successfully connected to LicensingClient on channel: "LicenseClient-nirac-6000.4.6" (connect: 0.00s, validation: 0.01s, handshake: 0.18s)
[Licensing::IpcConnector] Successfully connected to: "LicenseClient-nirac-6000.4.6-notifications" at "2026-05-11T23:14:50.2000204Z"
[Licensing::Module] Licensing Background thread has ended after 4.58s
Native extension for WindowsStandalone target not found
Package Manager log level set to [2]
[Package Manager] Failed to launch server process. Reason: Unity was launched with the -noUpm command-line argument
[Package Manager] Unable to send message (not connected to server process).
[Package Manager] Cannot connect to Unity Package Manager local server
ScheduleIndexationOnStartup MainProcess:False IndexOnStartup:True
Mono: successfully reloaded assembly
- Finished resetting the current domain, in  2.197 seconds
Domain Reload Profiling: 4822ms
	BeginReloadAssembly (739ms)
	RebuildCommonClasses (232ms)
	RebuildNativeTypeToScriptingClass (65ms)
	initialDomainReloadingComplete (352ms)
	LoadAllAssembliesAndSetupDomain (1233ms)
		LoadAssemblies (713ms)
		AnalyzeDomain (1150ms)
			TypeCache.Refresh (1137ms)
				TypeCache.ScanAssembly (1011ms)
			ResolveRequiredComponents (4ms)
	FinalizeReload (2201ms)
		SetupLoadedEditorAssemblies (0ms)
			InitializePlatformSupportModulesInManaged (247ms)
			BeforeProcessingInitializeOnLoad (609ms)
			ProcessInitializeOnLoadAttributes (504ms)
			ProcessInitializeOnLoadMethodAttributes (325ms)
Assembly reference Packages/com.unity.cinemachine/Editor/Samples/ExposeHDRPInternals/HDRP-Editor-ref.asmref has no target assembly definition
========================================================================
Worker process is ready to serve import requests
Import Worker Mode flag is 0x00
Assembly reference Packages/com.unity.cinemachine/Editor/Samples/ExposeHDRPInternals/HDRP-Editor-ref.asmref has no target assembly definition
Assembly reference Packages/com.unity.cinemachine/Editor/Samples/ExposeHDRPInternals/HDRP-Editor-ref.asmref has no target assembly definition
Begin MonoManager ReloadAssembly
[Licensing::Client] Successfully resolved entitlement details
[Licensing::Module] License group:
  Id: F4-K3JH-PND2-U582-PFQS-XXXX
  Product: Unity Personal
  Type: ULF
  Expiration: Unlimited
[Licensing::Module] License group:
  Id: 9071313007192-UnityPersXXXX
  Product: Unity Personal
  Type: Assigned
  Expiration: Unlimited
Assembly Assembly-CSharp-Editor-firstpass.dll at Library/ScriptAssemblies/Assembly-CSharp-Editor-firstpass.dll not valid. Loading of assembly skipped.
Assembly Assembly-CSharp-Editor.dll at Library/ScriptAssemblies/Assembly-CSharp-Editor.dll not valid. Loading of assembly skipped.
Assembly Assembly-CSharp-firstpass.dll at Library/ScriptAssemblies/Assembly-CSharp-firstpass.dll not valid. Loading of assembly skipped.
Assembly DocCodeExamples.dll at Library/ScriptAssemblies/DocCodeExamples.dll not valid. Loading of assembly skipped.
Assembly TestNewCustomAssembly.dll at Library/ScriptAssemblies/TestNewCustomAssembly.dll not valid. Loading of assembly skipped.
Assembly Unity.2D.Animation.EditorTests.dll at Library/ScriptAssemblies/Unity.2D.Animation.EditorTests.dll not valid. Loading of assembly skipped.
Assembly Unity.2D.Aseprite.EditorTests.dll at Library/ScriptAssemblies/Unity.2D.Aseprite.EditorTests.dll not valid. Loading of assembly skipped.
Assembly Unity.2D.Common.EditorTests.dll at Library/ScriptAssemblies/Unity.2D.Common.EditorTests.dll not valid. Loading of assembly skipped.
Assembly Unity.2D.Psdimporter.EditorTests.dll at Library/ScriptAssemblies/Unity.2D.Psdimporter.EditorTests.dll not valid. Loading of assembly skipped.
Assembly Unity.2D.Sprite.Package.EditorTests.dll at Library/ScriptAssemblies/Unity.2D.Sprite.Package.EditorTests.dll not valid. Loading of assembly skipped.
Assembly Unity.2D.SpriteShape.EditorTests.dll at Library/ScriptAssemblies/Unity.2D.SpriteShape.EditorTests.dll not valid. Loading of assembly skipped.
Assembly Unity.2D.Tilemap.Package.EditorTests.dll at Library/ScriptAssemblies/Unity.2D.Tilemap.Package.EditorTests.dll not valid. Loading of assembly skipped.
Assembly Unity.Collections.BurstCompatibilityGen.dll at Library/ScriptAssemblies/Unity.Collections.BurstCompatibilityGen.dll not valid. Loading of assembly skipped.
Assembly Unity.Collections.DocCodeSamples.dll at Library/ScriptAssemblies/Unity.Collections.DocCodeSamples.dll not valid. Loading of assembly skipped.
Assembly Unity.Collections.PerformanceTests.dll at Library/ScriptAssemblies/Unity.Collections.PerformanceTests.dll not valid. Loading of assembly skipped.
Assembly Unity.Collections.Tests.dll at Library/ScriptAssemblies/Unity.Collections.Tests.dll not valid. Loading of assembly skipped.
Assembly Unity.Collections.Tests.Playmode.dll at Library/ScriptAssemblies/Unity.Collections.Tests.Playmode.dll not valid. Loading of assembly skipped.
Assembly Unity.InputSystem.IntegrationTests.dll at Library/ScriptAssemblies/Unity.InputSystem.IntegrationTests.dll not valid. Loading of assembly skipped.
Assembly Unity.Mathematics.Tests.dll at Library/ScriptAssemblies/Unity.Mathematics.Tests.dll not valid. Loading of assembly skipped.
Assembly Unity.Multiplayer.Center.Editor.Tests.dll at Library/ScriptAssemblies/Unity.Multiplayer.Center.Editor.Tests.dll not valid. Loading of assembly skipped.
Assembly Unity.Multiplayer.Center.Tests.dll at Library/ScriptAssemblies/Unity.Multiplayer.Center.Tests.dll not valid. Loading of assembly skipped.
Assembly Unity.Nuget.Mono-Cecil.dll at Library/ScriptAssemblies/Unity.Nuget.Mono-Cecil.dll not valid. Loading of assembly skipped.
Assembly Unity.PathTracing.Editor.Tests.dll at Library/ScriptAssemblies/Unity.PathTracing.Editor.Tests.dll not valid. Loading of assembly skipped.
Assembly Unity.PathTracing.Runtime.Tests.dll at Library/ScriptAssemblies/Unity.PathTracing.Runtime.Tests.dll not valid. Loading of assembly skipped.
Assembly Unity.RenderPipelines.Core.Editor.Tests.dll at Library/ScriptAssemblies/Unity.RenderPipelines.Core.Editor.Tests.dll not valid. Loading of assembly skipped.
Assembly Unity.RenderPipelines.Core.Runtime.Tests.dll at Library/ScriptAssemblies/Unity.RenderPipelines.Core.Runtime.Tests.dll not valid. Loading of assembly skipped.
Assembly Unity.RenderPipelines.Universal.Config.Editor.Tests.dll at Library/ScriptAssemblies/Unity.RenderPipelines.Universal.Config.Editor.Tests.dll not valid. Loading of assembly skipped.
Assembly Unity.RenderPipelines.Universal.Editor.Tests.dll at Library/ScriptAssemblies/Unity.RenderPipelines.Universal.Editor.Tests.dll not valid. Loading of assembly skipped.
Assembly Unity.RenderPipelines.Universal.Runtime.Tests.dll at Library/ScriptAssemblies/Unity.RenderPipelines.Universal.Runtime.Tests.dll not valid. Loading of assembly skipped.
Assembly Unity.Searcher.EditorTests.dll at Library/ScriptAssemblies/Unity.Searcher.EditorTests.dll not valid. Loading of assembly skipped.
Assembly Unity.Settings.Tests.dll at Library/ScriptAssemblies/Unity.Settings.Tests.dll not valid. Loading of assembly skipped.
Assembly Unity.ShaderGraph.Editor.Tests.dll at Library/ScriptAssemblies/Unity.ShaderGraph.Editor.Tests.dll not valid. Loading of assembly skipped.
Assembly Unity.TextMeshPro.Editor.Tests.dll at Library/ScriptAssemblies/Unity.TextMeshPro.Editor.Tests.dll not valid. Loading of assembly skipped.
Assembly Unity.TextMeshPro.Tests.dll at Library/ScriptAssemblies/Unity.TextMeshPro.Tests.dll not valid. Loading of assembly skipped.
Assembly Unity.UnifiedRayTracing.Editor.Tests.dll at Library/ScriptAssemblies/Unity.UnifiedRayTracing.Editor.Tests.dll not valid. Loading of assembly skipped.
Assembly UnityEditor.UI.Common.Tests.dll at Library/ScriptAssemblies/UnityEditor.UI.Common.Tests.dll not valid. Loading of assembly skipped.
Assembly UnityEditor.UI.EditorTests.dll at Library/ScriptAssemblies/UnityEditor.UI.EditorTests.dll not valid. Loading of assembly skipped.
Assembly UnityEngine.UI.Tests.dll at Library/ScriptAssemblies/UnityEngine.UI.Tests.dll not valid. Loading of assembly skipped.
Assembly reference Packages/com.unity.cinemachine/Editor/Samples/ExposeHDRPInternals/HDRP-Editor-ref.asmref has no target assembly definition
Script 'CharacterController' has the same name as built-in Unity component.
AddComponent and GetComponent will not work with this script.
'Packages/com.unity.cinemachine/Editor/Obsolete/CinemachineVirtualCameraBaseEditor.cs' contains partial class of Unity.Object, exactly 1 of the partial classes needs to be in a file with the same filename. This is to know the one that can be referenced from ie. GameObjects
'Packages/com.unity.cinemachine/Editor/Editors/CinemachineVirtualCameraBaseEditor.cs' contains partial class of Unity.Object, exactly 1 of the partial classes needs to be in a file with the same filename. This is to know the one that can be referenced from ie. GameObjects
Refreshing native plugins compatible for Editor in 49.52 ms, found 5 plugins.
Native extension for WindowsStandalone target not found
Assembly reference Packages/com.unity.cinemachine/Editor/Samples/ExposeHDRPInternals/HDRP-Editor-ref.asmref has no target assembly definition
[Package Manager] Failed to launch server process. Reason: Unity was launched with the -noUpm command-line argument
[Package Manager] Unable to send message (not connected to server process).
[Package Manager] Cannot connect to Unity Package Manager local server
[Package Manager] Failed to launch server process. Reason: Unity was launched with the -noUpm command-line argument
[Package Manager] Unable to send message (not connected to server process).
[Package Manager] Cannot connect to Unity Package Manager local server
[Package Manager] Failed to launch server process. Reason: Unity was launched with the -noUpm command-line argument
[Package Manager] Unable to send message (not connected to server process).
[Package Manager] Cannot connect to Unity Package Manager local server
Refreshing native plugins compatible for Editor in 9.48 ms, found 5 plugins.
ScheduleIndexationOnStartup MainProcess:False IndexOnStartup:True
Mono: successfully reloaded assembly
- Finished resetting the current domain, in  3.202 seconds
Domain Reload Profiling: 6945ms
	BeginReloadAssembly (586ms)
		DisableScriptedObjects (22ms)
		CreateAndSetChildDomain (63ms)
	RebuildCommonClasses (141ms)
	RebuildNativeTypeToScriptingClass (43ms)
	initialDomainReloadingComplete (273ms)
	LoadAllAssembliesAndSetupDomain (2699ms)
		LoadAssemblies (1717ms)
		AnalyzeDomain (1312ms)
			TypeCache.Refresh (833ms)
				TypeCache.ScanAssembly (771ms)
			BuildScriptInfoCaches (402ms)
			ResolveRequiredComponents (68ms)
	FinalizeReload (3203ms)
		SetupLoadedEditorAssemblies (0ms)
			InitializePlatformSupportModulesInManaged (6ms)
			BeforeProcessingInitializeOnLoad (631ms)
			ProcessInitializeOnLoadAttributes (1351ms)
			ProcessInitializeOnLoadMethodAttributes (505ms)
			AfterProcessingInitializeOnLoad (29ms)
		AwakeInstancesAfterBackupRestoration (19ms)
Launched and connected shader compiler UnityShaderCompiler.exe after 0.04 seconds
Refreshing native plugins compatible for Editor in 9.81 ms, found 5 plugins.
Unloading 25 Unused Serialized files (Serialized files now loaded: 0)
Unloading 7659 unused Assets / (7.5 MB). Loaded Objects now: 8483.
Memory consumption went from 163.6 MB to 156.1 MB.
Total: 26.288500 ms (FindLiveObjects: 2.169900 ms CreateObjectMapping: 2.123100 ms MarkObjects: 13.566200 ms  DeleteObjects: 8.423200 ms)

========================================================================
Received Import Request.
  Time since last request: 1597933.835146 seconds.
  path: Assets/Sprites/Background/Yellow.png
  importAddress: Guid(3420bd2187c9e0246a3404401bbeb0f4) Importer(2089858483,b0f066a214c2f5e87bad3c948f4d605d)
Start importing Assets/Sprites/Background/Yellow.png using Guid(3420bd2187c9e0246a3404401bbeb0f4) Importer(2089858483,b0f066a214c2f5e87bad3c948f4d605d) (ScriptedImporter) -> (Import Result ID: 'e34033e5ca9b6d8500393354b5d4a924') in 0.3241384 seconds [static and dynamic dependencies]. Details - ImportResultOutputID=0aebaff169fe45b8aaa72057773ffe45 DependenciesID=f0a38b00ec463d2bb7a2f9e0f9804642 StaticDependenciesID=64e7ebde6fe7a3d48b8753a738b9bdd4 
Number of updated asset objects reloaded before import = 0Number of asset objects unloaded after import = 3

========================================================================
Received Import Request.
  Time since last request: 0.000047 seconds.
  path: Assets/AnimationController/Player 1.controller
  importAddress: Guid(5688ae130ee8a3b4c8401ea2d5fa4bd4) Importer(2089858483,b0f066a214c2f5e87bad3c948f4d605d)
Start importing Assets/AnimationController/Player 1.controller using Guid(5688ae130ee8a3b4c8401ea2d5fa4bd4) Importer(2089858483,b0f066a214c2f5e87bad3c948f4d605d) (ScriptedImporter) -> (Import Result ID: '73ef63d328bf9b81b0b41e960cee9b9e') in 0.0353061 seconds [static and dynamic dependencies]. Details - ImportResultOutputID=a2cf7921d067763a55ed539c38c886fe DependenciesID=6c318f5d138b5d46f106c53b4ebca90f StaticDependenciesID=25ad6e4ac74dd457efc4e77e759a648c 
Number of updated asset objects reloaded before import = 0Number of asset objects unloaded after import = 4

========================================================================
Received Import Request.
  Time since last request: 0.000060 seconds.
  path: Assets/Sprites/Items/Fruits/Bananas.png
  importAddress: Guid(e50625a57f3c9d1428a236eac1228248) Importer(2089858483,b0f066a214c2f5e87bad3c948f4d605d)
Start importing Assets/Sprites/Items/Fruits/Bananas.png using Guid(e50625a57f3c9d1428a236eac1228248) Importer(2089858483,b0f066a214c2f5e87bad3c948f4d605d) (ScriptedImporter) -> (Import Result ID: '7431f6a17b9f51e729f92594319d4f26') in 0.0794418 seconds [static and dynamic dependencies]. Details - ImportResultOutputID=16f4c9e0feec223c396f69c3cbbdd641 DependenciesID=b00ea743fc29550ee29b1787eb45dfeb StaticDependenciesID=311edd9d85c74d6ad1187eaeb681fd6f 
Number of updated asset objects reloaded before import = 0Number of asset objects unloaded after import = 19

========================================================================
Received Import Request.
  Time since last request: 0.000057 seconds.
  path: Assets/Sprites/Menu/Buttons/Levels.png
  importAddress: Guid(06cdce78f6857f140a6df9300a06b167) Importer(2089858483,b0f066a214c2f5e87bad3c948f4d605d)
Start importing Assets/Sprites/Menu/Buttons/Levels.png using Guid(06cdce78f6857f140a6df9300a06b167) Importer(2089858483,b0f066a214c2f5e87bad3c948f4d605d) (ScriptedImporter) -> (Import Result ID: 'c3fb5d202cd6e28fdeef213c4aee2204') in 0.0477574 seconds [static and dynamic dependencies]. Details - ImportResultOutputID=28675a21648f1ca055ee2d904378472d DependenciesID=67230db1a2084489860a91584ec5f729 StaticDependenciesID=85098af207e1a7dfa3e81a1917323ea4 
Number of updated asset objects reloaded before import = 0Number of asset objects unloaded after import = 3

========================================================================
Received Import Request.
  Time since last request: 0.000048 seconds.
  path: Assets/Sprites/Main Characters/Ninja Frog/Fall (32x32).png
  importAddress: Guid(1da14bc422472ed4a9a40b489fe6d7c3) Importer(2089858483,b0f066a214c2f5e87bad3c948f4d605d)
Start importing Assets/Sprites/Main Characters/Ninja Frog/Fall (32x32).png using Guid(1da14bc422472ed4a9a40b489fe6d7c3) Importer(2089858483,b0f066a214c2f5e87bad3c948f4d605d) (ScriptedImporter) -> (Import Result ID: '66a791b4c621dffd1316b0281e5f5781') in 0.0361219 seconds [static and dynamic dependencies]. Details - ImportResultOutputID=eff169e47a186a955535337e6a37937d DependenciesID=a9d182c6b6fdc6c8091c731c1f44069a StaticDependenciesID=a81bf79aa4ef7212954b9b13346914dd 
Number of updated asset objects reloaded before import = 0Number of asset objects unloaded after import = 3

========================================================================
Received Import Request.
  Time since last request: 0.000039 seconds.
  path: Assets/Sprites/Main Characters/Ninja Frog/Jump (32x32).png
  importAddress: Guid(daa88a691e63c6c45bd06baa6d87c9f0) Importer(2089858483,b0f066a214c2f5e87bad3c948f4d605d)
Start importing Assets/Sprites/Main Characters/Ninja Frog/Jump (32x32).png using Guid(daa88a691e63c6c45bd06baa6d87c9f0) Importer(2089858483,b0f066a214c2f5e87bad3c948f4d605d) (ScriptedImporter) -> (Import Result ID: 'f891722a1f61b75415bc282eff39b471') in 0.0354456 seconds [static and dynamic dependencies]. Details - ImportResultOutputID=7a030e18f9ab44eb5fa8e24d181d78a5 DependenciesID=058af32abcd1a402e4351617a22bcf8a StaticDependenciesID=f45cee0bbd42f813bad21fdc74d3e9cd 
Number of updated asset objects reloaded before import = 0Number of asset objects unloaded after import = 3

========================================================================
Received Import Request.
  Time since last request: 0.000042 seconds.
  path: Assets/Sprites/Menu/Buttons/Next.png
  importAddress: Guid(98de480dc005ea940ab8d1913b37f633) Importer(2089858483,b0f066a214c2f5e87bad3c948f4d605d)
Start importing Assets/Sprites/Menu/Buttons/Next.png using Guid(98de480dc005ea940ab8d1913b37f633) Importer(2089858483,b0f066a214c2f5e87bad3c948f4d605d) (ScriptedImporter) -> (Import Result ID: '6934994ff11588b6eaad8e6585edc96c') in 0.0374326 seconds [static and dynamic dependencies]. Details - ImportResultOutputID=1db1963388eccd45caa1e79fac855658 DependenciesID=b367dad42452a8ea0a8ac9449c7367a9 StaticDependenciesID=81230b391f7a7e05f5ecd314fac8c61c 
Number of updated asset objects reloaded before import = 0Number of asset objects unloaded after import = 3

========================================================================
Received Import Request.
  Time since last request: 0.000055 seconds.
  path: Assets/Scripts/PlayerMovement.cs
  importAddress: Guid(d80c935d363367548a62651058f5c26c) Importer(2089858483,b0f066a214c2f5e87bad3c948f4d605d)
Start importing Assets/Scripts/PlayerMovement.cs using Guid(d80c935d363367548a62651058f5c26c) Importer(2089858483,b0f066a214c2f5e87bad3c948f4d605d) (ScriptedImporter) -> (Import Result ID: '04ce3a0f9c3779242d44b4229a97c964') in 0.0302712 seconds [static and dynamic dependencies]. Details - ImportResultOutputID=844ed12600b5959629935f145b971ac8 DependenciesID=31a7cbea362e1b712e7bce0b0d5b6ea7 StaticDependenciesID=3c1f0c9c52600ed3e47d19b46809e13f 
Number of updated asset objects reloaded before import = 0Number of asset objects unloaded after import = 0

========================================================================
Received Import Request.
  Time since last request: 0.000029 seconds.
  path: Assets/Scenes/SampleScene.unity
  importAddress: Guid(8c9cfa26abfee488c85f1582747f6a02) Importer(815301076,1909f56bfc062723c751e8b465ee728b)
Start importing Assets/Scenes/SampleScene.unity using Guid(8c9cfa26abfee488c85f1582747f6a02) Importer(815301076,1909f56bfc062723c751e8b465ee728b) (PreviewImporter) -> (Import Result ID: '7ba187a868afe266055962c3d5cf3229') in 0.0018034 seconds [static and dynamic dependencies]. Details - ImportResultOutputID=f2f8065e025a4d115316dcc7c41f624f DependenciesID=05e464321da2c0dcb319623d0eb025bb StaticDependenciesID=4544b78b18d1ae18a8e194eb2108feef 
Number of updated asset objects reloaded before import = 0Number of asset objects unloaded after import = 0

========================================================================
Received Import Request.
  Time since last request: 0.000060 seconds.
  path: Assets/Sprites/Main Characters/Ninja Frog/Wall Jump (32x32).png
  importAddress: Guid(2d312ce85f4a8ea49b42fb8dbb2dfddc) Importer(2089858483,b0f066a214c2f5e87bad3c948f4d605d)
Start importing Assets/Sprites/Main Characters/Ninja Frog/Wall Jump (32x32).png using Guid(2d312ce85f4a8ea49b42fb8dbb2dfddc) Importer(2089858483,b0f066a214c2f5e87bad3c948f4d605d) (ScriptedImporter) -> (Import Result ID: 'f69550b495dbe469c011403d0d1680bd') in 0.046741 seconds [static and dynamic dependencies]. Details - ImportResultOutputID=fcb71087a5317737568fb7b2735d63ea DependenciesID=cb7cbe589da59e34e8db031a69336def StaticDependenciesID=47741cd111752a59835f4b32b283bd21 
Number of updated asset objects reloaded before import = 0Number of asset objects unloaded after import = 7

========================================================================
Received Import Request.
  Time since last request: 0.000048 seconds.
  path: Assets/Sprites/Main Characters/Pink Man/Idle (32x32).png
  importAddress: Guid(76c0387f5641187469cb88dae3707982) Importer(2089858483,b0f066a214c2f5e87bad3c948f4d605d)
Start importing Assets/Sprites/Main Characters/Pink Man/Idle (32x32).png using Guid(76c0387f5641187469cb88dae3707982) Importer(2089858483,b0f066a214c2f5e87bad3c948f4d605d) (ScriptedImporter) -> (Import Result ID: 'c8d1b122f4f34e6d714bfca35de0d9e0') in 0.0515836 seconds [static and dynamic dependencies]. Details - ImportResultOutputID=91b73eb94074dd7668e2ebbbb7a1f7d5 DependenciesID=dfa96c5d8e2ef6c51adeea7022be1dda StaticDependenciesID=7ed8f453e4acc82bb72033130f91a59f 
Number of updated asset objects reloaded before import = 0Number of asset objects unloaded after import = 13

========================================================================
Received Import Request.
  Time since last request: 0.000030 seconds.
  path: Assets/Sprites/Menu/Levels/11.png
  importAddress: Guid(94a8dc346d3d8784d8fe197c263f9f51) Importer(2089858483,b0f066a214c2f5e87bad3c948f4d605d)
Start importing Assets/Sprites/Menu/Levels/11.png using Guid(94a8dc346d3d8784d8fe197c263f9f51) Importer(2089858483,b0f066a214c2f5e87bad3c948f4d605d) (ScriptedImporter) -> (Import Result ID: '7c3987c665cced6c860bea1337382d92') in 0.035647 seconds [static and dynamic dependencies]. Details - ImportResultOutputID=4ce027618a6d44241df8e8a462f434d3 DependenciesID=377ba6f457dc968bd270ab9f3549ce17 StaticDependenciesID=42ee3c1c29984f40e96c0268eba32bfd 
Number of updated asset objects reloaded before import = 0Number of asset objects unloaded after import = 3

========================================================================
Received Import Request.
  Time since last request: 0.000039 seconds.
  path: Assets/Sprites/Other/Shadow.png
  importAddress: Guid(59f1d55d2dc34d347925bbc6561d484b) Importer(2089858483,b0f066a214c2f5e87bad3c948f4d605d)
Start importing Assets/Sprites/Other/Shadow.png using Guid(59f1d55d2dc34d347925bbc6561d484b) Importer(2089858483,b0f066a214c2f5e87bad3c948f4d605d) (ScriptedImporter) -> (Import Result ID: '0c9a1f49223e33711d82a6bb0e39b755') in 0.0325753 seconds [static and dynamic dependencies]. Details - ImportResultOutputID=57ed7b08db6644bf4dcf3ada8a08bdb4 DependenciesID=b9ea4029d85f8e75d5442f93f5f380c8 StaticDependenciesID=8e31aceef17febf82b81f6781572e09d 
Number of updated asset objects reloaded before import = 0Number of asset objects unloaded after import = 3

========================================================================
Received Import Request.
  Time since last request: 0.000051 seconds.
  path: Assets/Sprites/Menu/Buttons/Back.png
  importAddress: Guid(7aaf338207d8c5a43b3fdf6fa9de739f) Importer(2089858483,b0f066a214c2f5e87bad3c948f4d605d)
Start importing Assets/Sprites/Menu/Buttons/Back.png using Guid(7aaf338207d8c5a43b3fdf6fa9de739f) Importer(2089858483,b0f066a214c2f5e87bad3c948f4d605d) (ScriptedImporter) -> (Import Result ID: '4a436e5b7c4717162178c710f75102d7') in 0.037183 seconds [static and dynamic dependencies]. Details - ImportResultOutputID=0540446addc282ef9b3d40eac5e7f8b6 DependenciesID=60144920534a4145f36332b74aadc307 StaticDependenciesID=0d21094f413555ab88c687c34db2267c 
Number of updated asset objects reloaded before import = 0Number of asset objects unloaded after import = 3

========================================================================
Received Import Request.
  Time since last request: 0.000036 seconds.
  path: Assets/Sprites/Menu/Levels/26.png
  importAddress: Guid(0fcf565d8f00db043b6d07184341d634) Importer(2089858483,b0f066a214c2f5e87bad3c948f4d605d)
Start importing Assets/Sprites/Menu/Levels/26.png using Guid(0fcf565d8f00db043b6d07184341d634) Importer(2089858483,b0f066a214c2f5e87bad3c948f4d605d) (ScriptedImporter) -> (Import Result ID: 'b51c0a8f03926c3cbaf4997451581c8c') in 0.0521292 seconds [static and dynamic dependencies]. Details - ImportResultOutputID=8f9393a71210ec42962183e6069df249 DependenciesID=098f05949c96923b6a016a641b308523 StaticDependenciesID=f2810f0aa85ba3e0f2760a3fe5bca938 
Number of updated asset objects reloaded before import = 0Number of asset objects unloaded after import = 3

========================================================================
Received Import Request.
  Time since last request: 0.000038 seconds.
  path: Assets/Sprites/Menu/Levels/45.png
  importAddress: Guid(33f8cea6cacb57545b921dded2020ced) Importer(2089858483,b0f066a214c2f5e87bad3c948f4d605d)
Start importing Assets/Sprites/Menu/Levels/45.png using Guid(33f8cea6cacb57545b921dded2020ced) Importer(2089858483,b0f066a214c2f5e87bad3c948f4d605d) (ScriptedImporter) -> (Import Result ID: '2a4f86dcb3864525e2d96f49eece4baf') in 0.0416144 seconds [static and dynamic dependencies]. Details - ImportResultOutputID=6226e635d98dc4806a29ff920d9209da DependenciesID=22bbafa6eec6a02df45f9d04a9c2c41e StaticDependenciesID=9d2113f6df9ed4bcc73aa34c02f84b7a 
Number of updated asset objects reloaded before import = 0Number of asset objects unloaded after import = 3

========================================================================
Received Import Request.
  Time since last request: 0.000058 seconds.
  path: Assets/Sprites/Menu/Levels/42.png
  importAddress: Guid(c85641e734d4f09408c1d47097e6ba5b) Importer(2089858483,b0f066a214c2f5e87bad3c948f4d605d)
Start importing Assets/Sprites/Menu/Levels/42.png using Guid(c85641e734d4f09408c1d47097e6ba5b) Importer(2089858483,b0f066a214c2f5e87bad3c948f4d605d) (ScriptedImporter) -> (Import Result ID: 'faa83e93fdf1e5f716d68af2f8148752') in 0.0461226 seconds [static and dynamic dependencies]. Details - ImportResultOutputID=97d891a3d519e523bc3c2fd0074d979b DependenciesID=768bd8645a0658c4b13f61df3f5e6105 StaticDependenciesID=73f44793c1ad49f836dc6ed21bdd32d7 
Number of updated asset objects reloaded before import = 0Number of asset objects unloaded after import = 3

========================================================================
Received Import Request.
  Time since last request: 0.000044 seconds.
  path: Assets/Sprites/Terrain/Ground Tiles/Terrain (16x16)_117.asset
  importAddress: Guid(20458db8ec363f349b248c3eddf392bd) Importer(2089858483,b0f066a214c2f5e87bad3c948f4d605d)
Start importing Assets/Sprites/Terrain/Ground Tiles/Terrain (16x16)_117.asset using Guid(20458db8ec363f349b248c3eddf392bd) Importer(2089858483,b0f066a214c2f5e87bad3c948f4d605d) (ScriptedImporter) -> (Import Result ID: '53c23c5e1a34b4d996827247e9d2d8af') in 0.0954888 seconds [static and dynamic dependencies]. Details - ImportResultOutputID=c9d2824ea236be97462fe271c192464c DependenciesID=47067d042fce95088a505ae4d0a9172d StaticDependenciesID=ab10e146aa8b9142afb0ac2f11a43a4b 
Number of updated asset objects reloaded before import = 0Number of asset objects unloaded after import = 2

========================================================================
Received Import Request.
  Time since last request: 0.000057 seconds.
  path: Assets/Sprites/Terrain/Ground Tiles/Terrain (16x16)_115.asset
  importAddress: Guid(1ac56e62382b7b5488f2a579da666147) Importer(2089858483,b0f066a214c2f5e87bad3c948f4d605d)
Start importing Assets/Sprites/Terrain/Ground Tiles/Terrain (16x16)_115.asset using Guid(1ac56e62382b7b5488f2a579da666147) Importer(2089858483,b0f066a214c2f5e87bad3c948f4d605d) (ScriptedImporter) -> (Import Result ID: 'ee0dea79dba36e411cdd815f295ea030') in 0.0352433 seconds [static and dynamic dependencies]. Details - ImportResultOutputID=9d0ba52e0c7ffca110bdcd0420315c82 DependenciesID=25cacfe16506eb011d5adeb8b98575fe StaticDependenciesID=5737938e65794e39045f99db528e3f22 
Number of updated asset objects reloaded before import = 0Number of asset objects unloaded after import = 2

========================================================================
Received Import Request.
  Time since last request: 0.000031 seconds.
  path: Assets/Sprites/Terrain/Ground Tiles/Terrain (16x16)_13.asset
  importAddress: Guid(b4a50e6a5c91c654c89f56d1e945e0ca) Importer(2089858483,b0f066a214c2f5e87bad3c948f4d605d)
Start importing Assets/Sprites/Terrain/Ground Tiles/Terrain (16x16)_13.asset using Guid(b4a50e6a5c91c654c89f56d1e945e0ca) Importer(2089858483,b0f066a214c2f5e87bad3c948f4d605d) (ScriptedImporter) -> (Import Result ID: '7abeab66cc9a2f74b20d9fbeead00172') in 0.0301975 seconds [static and dynamic dependencies]. Details - ImportResultOutputID=588fad80f39286fe90ab2c0d8fa861ec DependenciesID=ae252bd9c92aef0727ff82da347b7c21 StaticDependenciesID=d882f64cf354355564257a38ebb5aa95 
Number of updated asset objects reloaded before import = 0Number of asset objects unloaded after import = 2

========================================================================
Received Import Request.
  Time since last request: 0.000046 seconds.
  path: Assets/Sprites/Terrain/Ground Tiles/Terrain (16x16)_122.asset
  importAddress: Guid(741fa0cdf961859449700b6e985c25a4) Importer(2089858483,b0f066a214c2f5e87bad3c948f4d605d)
Start importing Assets/Sprites/Terrain/Ground Tiles/Terrain (16x16)_122.asset using Guid(741fa0cdf961859449700b6e985c25a4) Importer(2089858483,b0f066a214c2f5e87bad3c948f4d605d) (ScriptedImporter) -> (Import Result ID: '27ce207ac6f38c0c61229bb6bf418b64') in 0.0359708 seconds [static and dynamic dependencies]. Details - ImportResultOutputID=2455c3af38187e20f666c1ae023734fe DependenciesID=8f1019d5c04fc9c24fd72b1768b2ebf0 StaticDependenciesID=dbfab8ed1065067761adc4b753993a01 
Number of updated asset objects reloaded before import = 0Number of asset objects unloaded after import = 2

========================================================================
Received Import Request.
  Time since last request: 0.000047 seconds.
  path: Assets/Sprites/Main Characters/Virtual Guy/Fall (32x32).png
  importAddress: Guid(e936859a21f60af49b9fef69df88e359) Importer(2089858483,b0f066a214c2f5e87bad3c948f4d605d)
Start importing Assets/Sprites/Main Characters/Virtual Guy/Fall (32x32).png using Guid(e936859a21f60af49b9fef69df88e359) Importer(2089858483,b0f066a214c2f5e87bad3c948f4d605d) (ScriptedImporter) -> (Import Result ID: '054f0de244a5a6b57012fc3a60fcfd74') in 0.0419787 seconds [static and dynamic dependencies]. Details - ImportResultOutputID=65c7627069547f8ebb1a8a09fa41589a DependenciesID=16cb4c3d4d1ab93d97ccc35d2349ad29 StaticDependenciesID=675a580db92eaa8f82595c84d991df49 
Number of updated asset objects reloaded before import = 0Number of asset objects unloaded after import = 3

========================================================================
Received Import Request.
  Time since last request: 0.000034 seconds.
  path: Assets/Sprites/Terrain/Ground Tiles/Terrain (16x16)_139.asset
  importAddress: Guid(6f4fb338466640d4f8b8cb82cb5e53db) Importer(2089858483,b0f066a214c2f5e87bad3c948f4d605d)
Start importing Assets/Sprites/Terrain/Ground Tiles/Terrain (16x16)_139.asset using Guid(6f4fb338466640d4f8b8cb82cb5e53db) Importer(2089858483,b0f066a214c2f5e87bad3c948f4d605d) (ScriptedImporter) -> (Import Result ID: 'dc0b48247ca08987f4f6226829448bf5') in 0.0305298 seconds [static and dynamic dependencies]. Details - ImportResultOutputID=67fa909e8980b416de2e3e8c4815f6e7 DependenciesID=0c31a98be8d108206d4fd8ce0076d689 StaticDependenciesID=9e88e4b1c5e89cf4e2726c4d97b4906e 
Number of updated asset objects reloaded before import = 0Number of asset objects unloaded after import = 2

========================================================================
Received Import Request.
  Time since last request: 0.000036 seconds.
  path: Assets/Sprites/Menu/Levels/23.png
  importAddress: Guid(e0c049c4b7fbd3240960b2a923f99ec3) Importer(2089858483,b0f066a214c2f5e87bad3c948f4d605d)
Start importing Assets/Sprites/Menu/Levels/23.png using Guid(e0c049c4b7fbd3240960b2a923f99ec3) Importer(2089858483,b0f066a214c2f5e87bad3c948f4d605d) (ScriptedImporter) -> (Import Result ID: '36275bff4a3021d3d3f682ab7facf03e') in 0.0678056 seconds [static and dynamic dependencies]. Details - ImportResultOutputID=5ca16bc28ef81b483b6ff2b5ed7e95b0 DependenciesID=82a4824df025b4e1b880c7477ad55b02 StaticDependenciesID=23e1e2a56a09f95b2e97d7fe599a5cf9 
Number of updated asset objects reloaded before import = 0Number of asset objects unloaded after import = 3

========================================================================
Received Import Request.
  Time since last request: 0.000057 seconds.
  path: Assets/Sprites/Terrain/Ground Tiles/Terrain (16x16)_21.asset
  importAddress: Guid(1e22afc0360a72d46b4bfff3e1a7ef67) Importer(2089858483,b0f066a214c2f5e87bad3c948f4d605d)
Start importing Assets/Sprites/Terrain/Ground Tiles/Terrain (16x16)_21.asset using Guid(1e22afc0360a72d46b4bfff3e1a7ef67) Importer(2089858483,b0f066a214c2f5e87bad3c948f4d605d) (ScriptedImporter) -> (Import Result ID: '95e3d70913b8a0f366caa5937adf71b3') in 0.0313374 seconds [static and dynamic dependencies]. Details - ImportResultOutputID=bff01de855b5d07147a62cd22517253d DependenciesID=ee8f80b4b0312583899c9432193a9535 StaticDependenciesID=eb164357058485c9d289053d3d7ad225 
Number of updated asset objects reloaded before import = 0Number of asset objects unloaded after import = 2

========================================================================
Received Import Request.
  Time since last request: 0.000036 seconds.
  path: Assets/Sprites/Main Characters/Mask Dude/Double Jump (32x32).png
  importAddress: Guid(6feb39d56082c09489c281cc154141eb) Importer(2089858483,b0f066a214c2f5e87bad3c948f4d605d)
Start importing Assets/Sprites/Main Characters/Mask Dude/Double Jump (32x32).png using Guid(6feb39d56082c09489c281cc154141eb) Importer(2089858483,b0f066a214c2f5e87bad3c948f4d605d) (ScriptedImporter) -> (Import Result ID: 'e0e084067ebebcab63d5b4fe5a88c1cf') in 0.0521877 seconds [static and dynamic dependencies]. Details - ImportResultOutputID=97b4558e11f6a300c3e68d6f6962f9f3 DependenciesID=812b60a23f1befd8dee8c8b5d2145c86 StaticDependenciesID=d6b896f10d086740eb273d93e413c2e2 
Number of updated asset objects reloaded before import = 0Number of asset objects unloaded after import = 8

========================================================================
Received Import Request.
  Time since last request: 0.000131 seconds.
  path: Assets/Sprites/Terrain/Ground Tiles/Terrain (16x16)_22.asset
  importAddress: Guid(4a3d0c740bdaf4546b7f7c21998ac393) Importer(2089858483,b0f066a214c2f5e87bad3c948f4d605d)
Start importing Assets/Sprites/Terrain/Ground Tiles/Terrain (16x16)_22.asset using Guid(4a3d0c740bdaf4546b7f7c21998ac393) Importer(2089858483,b0f066a214c2f5e87bad3c948f4d605d) (ScriptedImporter) -> (Import Result ID: '17f7ed7b130e2deeded750853c39ce4a') in 0.033033 seconds [static and dynamic dependencies]. Details - ImportResultOutputID=6e450cf404bf9bdb63576a6b19252cac DependenciesID=79fa453e44c14975e0e7f1c9de42cbb3 StaticDependenciesID=3cf151c5fb19398c72a46ac5a3e68dac 
Number of updated asset objects reloaded before import = 0Number of asset objects unloaded after import = 2

========================================================================
Received Import Request.
  Time since last request: 0.000061 seconds.
  path: Assets/Sprites/Terrain/Ground Tiles/Terrain (16x16)_34.asset
  importAddress: Guid(2efeec1a456d7ba4b8cd925a1ec32b84) Importer(2089858483,b0f066a214c2f5e87bad3c948f4d605d)
Start importing Assets/Sprites/Terrain/Ground Tiles/Terrain (16x16)_34.asset using Guid(2efeec1a456d7ba4b8cd925a1ec32b84) Importer(2089858483,b0f066a214c2f5e87bad3c948f4d605d) (ScriptedImporter) -> (Import Result ID: '1451388eaf876f260106d45f389d506c') in 0.0321785 seconds [static and dynamic dependencies]. Details - ImportResultOutputID=3a75b427b77ec32f654301896293dc88 DependenciesID=5b81a4932e36758619a23d93e8fcd79c StaticDependenciesID=304b429def84db24cef4c14748243399 
Number of updated asset objects reloaded before import = 0Number of asset objects unloaded after import = 2

========================================================================
Received Import Request.
  Time since last request: 0.000041 seconds.
  path: Assets/Sprites/Menu/Levels/33.png
  importAddress: Guid(3ea65d84033b6c54eb7f2d16f29b6674) Importer(2089858483,b0f066a214c2f5e87bad3c948f4d605d)
Start importing Assets/Sprites/Menu/Levels/33.png using Guid(3ea65d84033b6c54eb7f2d16f29b6674) Importer(2089858483,b0f066a214c2f5e87bad3c948f4d605d) (ScriptedImporter) -> (Import Result ID: '1be0463426d81ce39e7e5be11e1b75f0') in 0.0408305 seconds [static and dynamic dependencies]. Details - ImportResultOutputID=fc45259d70531910727087ce2b8ac5e9 DependenciesID=c4bb4d9b3127b06db13777d95f080fe7 StaticDependenciesID=b4db6696331b0bcb8496383bafd79474 
Number of updated asset objects reloaded before import = 0Number of asset objects unloaded after import = 3

========================================================================
Received Import Request.
  Time since last request: 0.000045 seconds.
  path: Assets/Sprites/Terrain/Ground Tiles/Terrain (16x16)_40.asset
  importAddress: Guid(dcbc2149def292044be4b7475b3d92e5) Importer(2089858483,b0f066a214c2f5e87bad3c948f4d605d)
Start importing Assets/Sprites/Terrain/Ground Tiles/Terrain (16x16)_40.asset using Guid(dcbc2149def292044be4b7475b3d92e5) Importer(2089858483,b0f066a214c2f5e87bad3c948f4d605d) (ScriptedImporter) -> (Import Result ID: 'f0f11be17aa7ad61a191b3eef50b12fa') in 0.030674 seconds [static and dynamic dependencies]. Details - ImportResultOutputID=99e5e98f58d60c12cd08c3a0bc85fb3b DependenciesID=7396d20891f0ce69053ac8412fb1313a StaticDependenciesID=4a2d0ba011aed6eb958185dffcd1e036 
Number of updated asset objects reloaded before import = 0Number of asset objects unloaded after import = 2

========================================================================
Received Import Request.
  Time since last request: 0.000060 seconds.
  path: Assets/Sprites/Terrain/Ground Tiles/Terrain (16x16)_124.asset
  importAddress: Guid(19bbfdde778d8bc468def1cca17ff941) Importer(2089858483,b0f066a214c2f5e87bad3c948f4d605d)
Start importing Assets/Sprites/Terrain/Ground Tiles/Terrain (16x16)_124.asset using Guid(19bbfdde778d8bc468def1cca17ff941) Importer(2089858483,b0f066a214c2f5e87bad3c948f4d605d) (ScriptedImporter) -> (Import Result ID: '048056e0bd64c3b2309f904afc76f364') in 0.0307751 seconds [static and dynamic dependencies]. Details - ImportResultOutputID=50a68b818cf59855a90ee76c3744156a DependenciesID=83d9feed3346ec8351b45aa5815c58ef StaticDependenciesID=67118e088accc6fcf1ee9093e77f4b9e 
Number of updated asset objects reloaded before import = 0Number of asset objects unloaded after import = 2

========================================================================
Received Import Request.
  Time since last request: 0.000041 seconds.
  path: Assets/DefaultVolumeProfile.asset
  importAddress: Guid(3f9215ea0144899419cfbc0957140d3f) Importer(815301076,1909f56bfc062723c751e8b465ee728b)
Start importing Assets/DefaultVolumeProfile.asset using Guid(3f9215ea0144899419cfbc0957140d3f) Importer(815301076,1909f56bfc062723c751e8b465ee728b) (PreviewImporter) -> (Import Result ID: '9c8d05caff20739d70d3c7f2a558a4a3') in 0.0458287 seconds [static and dynamic dependencies]. Details - ImportResultOutputID=69fe006145016d29bb327cea1225d966 DependenciesID=de386c7edb55b99fe65afaf7c1ae9895 StaticDependenciesID=dd6a9a7ff2a264383a3a258d19bbfdb6 
Number of updated asset objects reloaded before import = 0Number of asset objects unloaded after import = 0

========================================================================
Received Import Request.
  Time since last request: 0.000045 seconds.
  path: Assets/Sprites/Terrain/Ground Tiles/Terrain (16x16)_47.asset
  importAddress: Guid(09b85890988a7d24ab78319aadb5e99a) Importer(2089858483,b0f066a214c2f5e87bad3c948f4d605d)
Start importing Assets/Sprites/Terrain/Ground Tiles/Terrain (16x16)_47.asset using Guid(09b85890988a7d24ab78319aadb5e99a) Importer(2089858483,b0f066a214c2f5e87bad3c948f4d605d) (ScriptedImporter) -> (Import Result ID: '9576de422da20287c6193b4010ed1e3b') in 0.0365996 seconds [static and dynamic dependencies]. Details - ImportResultOutputID=da7d63341564f1bc062e601086b442f0 DependenciesID=f35d6fb4a471277092b6826f7d2fde4a StaticDependenciesID=4fc43f8c969159b90328d910760bd01f 
Number of updated asset objects reloaded before import = 0Number of asset objects unloaded after import = 2

========================================================================
Received Import Request.
  Time since last request: 0.000064 seconds.
  path: Assets/Sprites/Terrain/Ground Tiles/Terrain (16x16)_53.asset
  importAddress: Guid(eb82b3493be7b3c4a9ead7e9860975c0) Importer(2089858483,b0f066a214c2f5e87bad3c948f4d605d)
Start importing Assets/Sprites/Terrain/Ground Tiles/Terrain (16x16)_53.asset using Guid(eb82b3493be7b3c4a9ead7e9860975c0) Importer(2089858483,b0f066a214c2f5e87bad3c948f4d605d) (ScriptedImporter) -> (Import Result ID: '43686e6659aeff717b9585f8d90cc941') in 0.0354164 seconds [static and dynamic dependencies]. Details - ImportResultOutputID=ae56ca45ffac808d05f78d5b66fac818 DependenciesID=be029a3701e5f5cfa60490b43a6efb36 StaticDependenciesID=2fd12543c52d7099272d5e8690f6dfa2 
Number of updated asset objects reloaded before import = 0Number of asset objects unloaded after import = 2

========================================================================
Received Import Request.
  Time since last request: 0.000056 seconds.
  path: Assets/Sprites/Terrain/Ground Tiles/Terrain (16x16)_64.asset
  importAddress: Guid(da32290f2030051478a98c5fdbba9c66) Importer(2089858483,b0f066a214c2f5e87bad3c948f4d605d)
Start importing Assets/Sprites/Terrain/Ground Tiles/Terrain (16x16)_64.asset using Guid(da32290f2030051478a98c5fdbba9c66) Importer(2089858483,b0f066a214c2f5e87bad3c948f4d605d) (ScriptedImporter) -> (Import Result ID: '06fd57c07ec8547a5333eba90ca4ed7e') in 0.0318818 seconds [static and dynamic dependencies]. Details - ImportResultOutputID=011a38ca7762c66d66a5b167b92830d0 DependenciesID=36f0dd3c65d1a9c7d6ee4b164786c1e3 StaticDependenciesID=d22e76c298cd00c33016d8ab1121f254 
Number of updated asset objects reloaded before import = 0Number of asset objects unloaded after import = 2

========================================================================
Received Import Request.
  Time since last request: 0.000062 seconds.
  path: Assets/Sprites/Terrain/Ground Tiles/Terrain (16x16)_59.asset
  importAddress: Guid(61458b7927e7eff4ebe192395bdcd9e3) Importer(2089858483,b0f066a214c2f5e87bad3c948f4d605d)
Start importing Assets/Sprites/Terrain/Ground Tiles/Terrain (16x16)_59.asset using Guid(61458b7927e7eff4ebe192395bdcd9e3) Importer(2089858483,b0f066a214c2f5e87bad3c948f4d605d) (ScriptedImporter) -> (Import Result ID: '9426b0e87b95919866dfa3741ddeb1cd') in 0.0297507 seconds [static and dynamic dependencies]. Details - ImportResultOutputID=5bc5e3ddd2e8b1116f2e181389861905 DependenciesID=a15f95f015241cd6d7dd9e7e91ce0d5d StaticDependenciesID=87261cb69ec377c8a71075605ba066d0 
Number of updated asset objects reloaded before import = 0Number of asset objects unloaded after import = 2

========================================================================
Received Import Request.
  Time since last request: 0.000039 seconds.
  path: Assets/Sprites/Terrain/Ground Tiles/Terrain (16x16)_1.asset
  importAddress: Guid(ac73e19b3391a0a499996175835b551e) Importer(2089858483,b0f066a214c2f5e87bad3c948f4d605d)
Start importing Assets/Sprites/Terrain/Ground Tiles/Terrain (16x16)_1.asset using Guid(ac73e19b3391a0a499996175835b551e) Importer(2089858483,b0f066a214c2f5e87bad3c948f4d605d) (ScriptedImporter) -> (Import Result ID: '229e593866b9624d3beaae308d1a7222') in 0.0342998 seconds [static and dynamic dependencies]. Details - ImportResultOutputID=8a41429fbdcec6a07b3645abde6290b1 DependenciesID=5bbba21515b18fa63d9aa5d40e0f4786 StaticDependenciesID=942f2d539fe6296008c2e6a04b4e3729 
Number of updated asset objects reloaded before import = 0Number of asset objects unloaded after import = 2

========================================================================
Received Import Request.
  Time since last request: 0.000046 seconds.
  path: Assets/Sprites/Terrain/Ground Tiles/Terrain (16x16)_67.asset
  importAddress: Guid(2b220a52edbb41e48888a26bad35409f) Importer(2089858483,b0f066a214c2f5e87bad3c948f4d605d)
Start importing Assets/Sprites/Terrain/Ground Tiles/Terrain (16x16)_67.asset using Guid(2b220a52edbb41e48888a26bad35409f) Importer(2089858483,b0f066a214c2f5e87bad3c948f4d605d) (ScriptedImporter) -> (Import Result ID: '3b1e942e9faef40d0a7a2f319541d791') in 0.0360779 seconds [static and dynamic dependencies]. Details - ImportResultOutputID=7b2d80a8a7027dca52382ab1b74a123a DependenciesID=dbaede573151178eab15025d08f306bb StaticDependenciesID=05100271d9fc8bb750db952fa2cef82a 
Number of updated asset objects reloaded before import = 0Number of asset objects unloaded after import = 2

========================================================================
Received Import Request.
  Time since last request: 0.000057 seconds.
  path: Assets/Sprites/Terrain/Ground Tiles/Terrain (16x16)_132.asset
  importAddress: Guid(18c3f6ce025236d44bec83e1dabc54fd) Importer(2089858483,b0f066a214c2f5e87bad3c948f4d605d)
Start importing Assets/Sprites/Terrain/Ground Tiles/Terrain (16x16)_132.asset using Guid(18c3f6ce025236d44bec83e1dabc54fd) Importer(2089858483,b0f066a214c2f5e87bad3c948f4d605d) (ScriptedImporter) -> (Import Result ID: 'f44524910957493215dbc57383463d15') in 0.0358162 seconds [static and dynamic dependencies]. Details - ImportResultOutputID=51d17ed83a44931f126f8d70dd7948ae DependenciesID=9628b67a07301b86b8dcc4c3d0b88db9 StaticDependenciesID=c2b16dd0f7ce39efa2e542b89681628d 
Number of updated asset objects reloaded before import = 0Number of asset objects unloaded after import = 2

========================================================================
Received Import Request.
  Time since last request: 0.000030 seconds.
  path: Assets/Sprites/Terrain/Ground Tiles/Terrain (16x16)_81.asset
  importAddress: Guid(fdf306d4fe99cf04cbf582e2a6831e2e) Importer(2089858483,b0f066a214c2f5e87bad3c948f4d605d)
Start importing Assets/Sprites/Terrain/Ground Tiles/Terrain (16x16)_81.asset using Guid(fdf306d4fe99cf04cbf582e2a6831e2e) Importer(2089858483,b0f066a214c2f5e87bad3c948f4d605d) (ScriptedImporter) -> (Import Result ID: 'fd637e80b490a09afbd5dcb3c0a85c67') in 0.0308856 seconds [static and dynamic dependencies]. Details - ImportResultOutputID=50df8a45fe92fac9d73ca0a83514be96 DependenciesID=02a22c09008f1956df947e12c6e853c9 StaticDependenciesID=f32e2401a74c835cf98170f4a3d56e09 
Number of updated asset objects reloaded before import = 0Number of asset objects unloaded after import = 2

========================================================================
Received Import Request.
  Time since last request: 0.000046 seconds.
  path: Assets/Sprites/Terrain/Ground Tiles/Terrain (16x16)_111.asset
  importAddress: Guid(36e53175d1b8e844eae612ef391810db) Importer(2089858483,b0f066a214c2f5e87bad3c948f4d605d)
Start importing Assets/Sprites/Terrain/Ground Tiles/Terrain (16x16)_111.asset using Guid(36e53175d1b8e844eae612ef391810db) Importer(2089858483,b0f066a214c2f5e87bad3c948f4d605d) (ScriptedImporter) -> (Import Result ID: 'ea1e3873553f90e29046d06d9bc82a3f') in 0.0278359 seconds [static and dynamic dependencies]. Details - ImportResultOutputID=d569a6817a4a8ac6d131ac63c2392f75 DependenciesID=957a67c06405de3cd85e8726464063dd StaticDependenciesID=a5592563a6afda2923d6259a553a1581 
Number of updated asset objects reloaded before import = 0Number of asset objects unloaded after import = 2

========================================================================
Received Import Request.
  Time since last request: 0.000061 seconds.
  path: Assets/Sprites/Terrain/Ground Tiles/Terrain (16x16)_19.asset
  importAddress: Guid(bd468b02c58f98c45b941005b028f3a2) Importer(2089858483,b0f066a214c2f5e87bad3c948f4d605d)
Start importing Assets/Sprites/Terrain/Ground Tiles/Terrain (16x16)_19.asset using Guid(bd468b02c58f98c45b941005b028f3a2) Importer(2089858483,b0f066a214c2f5e87bad3c948f4d605d) (ScriptedImporter) -> (Import Result ID: '2bf6961161f50c03ba87969f39c4729f') in 0.0524845 seconds [static and dynamic dependencies]. Details - ImportResultOutputID=d1b845d20b6896a4b5f0cf6745f75a91 DependenciesID=e3bfd973e8dc4de54e3af94262728fdd StaticDependenciesID=1b0fb1b27107b8eabbb08cee77400bbb 
Number of updated asset objects reloaded before import = 0Number of asset objects unloaded after import = 2

========================================================================
Received Import Request.
  Time since last request: 0.000034 seconds.
  path: Assets/Sprites/Terrain/Ground Tiles/Terrain (16x16)_88.asset
  importAddress: Guid(b26747a5068901540b7167366db2cdc4) Importer(2089858483,b0f066a214c2f5e87bad3c948f4d605d)
Start importing Assets/Sprites/Terrain/Ground Tiles/Terrain (16x16)_88.asset using Guid(b26747a5068901540b7167366db2cdc4) Importer(2089858483,b0f066a214c2f5e87bad3c948f4d605d) (ScriptedImporter) -> (Import Result ID: '036ef61dc2cee6278f4c11d6cc0d6289') in 0.0324043 seconds [static and dynamic dependencies]. Details - ImportResultOutputID=22590237c3b145772efe4507401937ee DependenciesID=db465a3e7d9736918663714df63a0c5e StaticDependenciesID=5ef962e05b774f30216648f1ebd8bff0 
Number of updated asset objects reloaded before import = 0Number of asset objects unloaded after import = 2

========================================================================
Received Import Request.
  Time since last request: 0.000076 seconds.
  path: Assets/Sprites/Terrain/Ground Tiles/Terrain (16x16)_87.asset
  importAddress: Guid(7c09ce8ea8fae2d4782263f90f91c420) Importer(2089858483,b0f066a214c2f5e87bad3c948f4d605d)
Start importing Assets/Sprites/Terrain/Ground Tiles/Terrain (16x16)_87.asset using Guid(7c09ce8ea8fae2d4782263f90f91c420) Importer(2089858483,b0f066a214c2f5e87bad3c948f4d605d) (ScriptedImporter) -> (Import Result ID: '17921b17546952f5121a6d5baefdec59') in 0.0380187 seconds [static and dynamic dependencies]. Details - ImportResultOutputID=d54bff7ef6aa6d9521130fec5f85c3c7 DependenciesID=99d458c9439ef6a273f78299f3111ecc StaticDependenciesID=ddebc0dbbe16e6fcc6314e9dc6078ea4 
Number of updated asset objects reloaded before import = 0Number of asset objects unloaded after import = 2

========================================================================
Received Import Request.
  Time since last request: 0.000034 seconds.
  path: Assets/Sprites/Terrain/Ground Tiles/Terrain (16x16)_99.asset
  importAddress: Guid(0bbe66cde7fa25a439f24e6e7725fb05) Importer(2089858483,b0f066a214c2f5e87bad3c948f4d605d)
Start importing Assets/Sprites/Terrain/Ground Tiles/Terrain (16x16)_99.asset using Guid(0bbe66cde7fa25a439f24e6e7725fb05) Importer(2089858483,b0f066a214c2f5e87bad3c948f4d605d) (ScriptedImporter) -> (Import Result ID: '125cf26eecdbe99b127863af292b6afa') in 0.0346565 seconds [static and dynamic dependencies]. Details - ImportResultOutputID=1a32c2193368bdc277c861a64ee9bbf3 DependenciesID=3ee88cba739486ec6eab2e88e43d9022 StaticDependenciesID=0cd15e30fb64b13e95d65a23f8bf692d 
Number of updated asset objects reloaded before import = 0Number of asset objects unloaded after import = 2

========================================================================
Received Import Request.
  Time since last request: 0.000056 seconds.
  path: Assets/Sprites/Traps/Arrow/Hit (18x18).png
  importAddress: Guid(244de08f3c640d44b90020ea04efacf2) Importer(2089858483,b0f066a214c2f5e87bad3c948f4d605d)
Start importing Assets/Sprites/Traps/Arrow/Hit (18x18).png using Guid(244de08f3c640d44b90020ea04efacf2) Importer(2089858483,b0f066a214c2f5e87bad3c948f4d605d) (ScriptedImporter) -> (Import Result ID: '1f8e26103b6aee33158af3816bede1da') in 0.0502755 seconds [static and dynamic dependencies]. Details - ImportResultOutputID=bb3896d16c60fdf79c616d8383b6cc1b DependenciesID=33b90ba6d286c14105bd2c43d6fab777 StaticDependenciesID=4e21b66c4558489abc22833aff4179ff 
Number of updated asset objects reloaded before import = 0Number of asset objects unloaded after import = 6

========================================================================
Received Import Request.
  Time since last request: 0.000050 seconds.
  path: Assets/Sprites/Traps/Platforms/Brown Off.png
  importAddress: Guid(c45289f60804db64cb6f4736398450b3) Importer(2089858483,b0f066a214c2f5e87bad3c948f4d605d)
Start importing Assets/Sprites/Traps/Platforms/Brown Off.png using Guid(c45289f60804db64cb6f4736398450b3) Importer(2089858483,b0f066a214c2f5e87bad3c948f4d605d) (ScriptedImporter) -> (Import Result ID: '07ebae73bc59230c73a6dec2b50c9568') in 0.0401109 seconds [static and dynamic dependencies]. Details - ImportResultOutputID=fa5c47034dbd22c92ab58b575fed2175 DependenciesID=187e931b2073943e6e86dec896b856da StaticDependenciesID=27771db8ba311fd7ae39fa4db64c76e4 
Number of updated asset objects reloaded before import = 0Number of asset objects unloaded after import = 3

========================================================================
Received Import Request.
  Time since last request: 0.000060 seconds.
  path: Assets/Sprites/Traps/Fire/Hit (16x32).png
  importAddress: Guid(dbc0c3facfb75234a8d1a953d821840f) Importer(2089858483,b0f066a214c2f5e87bad3c948f4d605d)
Start importing Assets/Sprites/Traps/Fire/Hit (16x32).png using Guid(dbc0c3facfb75234a8d1a953d821840f) Importer(2089858483,b0f066a214c2f5e87bad3c948f4d605d) (ScriptedImporter) -> (Import Result ID: '7f86aa30850ebdb04770a5b148ce6022') in 0.0468067 seconds [static and dynamic dependencies]. Details - ImportResultOutputID=3eae30a18aad7cea34d09fea2ec2c7d3 DependenciesID=64dc7c34e3c028b99ca8b690492e5422 StaticDependenciesID=1c0c016acbddcfa0a10e5b51909e8b9b 
Number of updated asset objects reloaded before import = 0Number of asset objects unloaded after import = 3

========================================================================
Received Import Request.
  Time since last request: 0.000028 seconds.
  path: Assets/Sprites/Traps/Sand Mud Ice/Sand Mud Ice (16x6).png
  importAddress: Guid(9f779a3295b47e74db05ebc2b251ca50) Importer(2089858483,b0f066a214c2f5e87bad3c948f4d605d)
Start importing Assets/Sprites/Traps/Sand Mud Ice/Sand Mud Ice (16x6).png using Guid(9f779a3295b47e74db05ebc2b251ca50) Importer(2089858483,b0f066a214c2f5e87bad3c948f4d605d) (ScriptedImporter) -> (Import Result ID: '2cd073db770de20972d68d56944a5cd6') in 0.0484336 seconds [static and dynamic dependencies]. Details - ImportResultOutputID=4b8d0858c7de09738e7d90e07654bd2c DependenciesID=1ae2124f28a65cf8fd1e7e7886c02bb2 StaticDependenciesID=f47a290f0efe7dade6d9d344af095d42 
Number of updated asset objects reloaded before import = 0Number of asset objects unloaded after import = 5

========================================================================
Received Import Request.
  Time since last request: 0.000045 seconds.
  path: Assets/Sprites/Terrain/Ground Tiles/Terrain (16x16)_38.asset
  importAddress: Guid(c362288ff73feac49b05505712c7b7ba) Importer(2089858483,b0f066a214c2f5e87bad3c948f4d605d)
Start importing Assets/Sprites/Terrain/Ground Tiles/Terrain (16x16)_38.asset using Guid(c362288ff73feac49b05505712c7b7ba) Importer(2089858483,b0f066a214c2f5e87bad3c948f4d605d) (ScriptedImporter) -> (Import Result ID: '9de6406e7e7a9ef4cf92a72c2c3a62ff') in 0.0304959 seconds [static and dynamic dependencies]. Details - ImportResultOutputID=a5dec3141784f52fade4576dc199b7c7 DependenciesID=4f4aaa610274b1afea5eb47a1faf0f15 StaticDependenciesID=37412f6943d6e0bebc165cbf1c520e21 
Number of updated asset objects reloaded before import = 0Number of asset objects unloaded after import = 2

========================================================================
Received Import Request.
  Time since last request: 0.000065 seconds.
  path: Assets/Sprites/Terrain/Ground Tiles/Terrain (16x16)_24.asset
  importAddress: Guid(1504d72778dc25c4e9ef9b5d21bdb5a4) Importer(2089858483,b0f066a214c2f5e87bad3c948f4d605d)
Start importing Assets/Sprites/Terrain/Ground Tiles/Terrain (16x16)_24.asset using Guid(1504d72778dc25c4e9ef9b5d21bdb5a4) Importer(2089858483,b0f066a214c2f5e87bad3c948f4d605d) (ScriptedImporter) -> (Import Result ID: '91fac4479d0702e4cd14513d7bc9088e') in 0.040462 seconds [static and dynamic dependencies]. Details - ImportResultOutputID=feaabcc60b70b252c79c4c4e574e473e DependenciesID=6c45e01c791dc57250ff7e49b3c48e1d StaticDependenciesID=08c215d521644be1b784d28d6bdf12a9 
Number of updated asset objects reloaded before import = 0Number of asset objects unloaded after import = 2

========================================================================
Received Import Request.
  Time since last request: 0.000052 seconds.
  path: Assets/Sprites/Traps/Trampoline/Idle.png
  importAddress: Guid(3194a9509f251d44b84a14b141ec5fbc) Importer(2089858483,b0f066a214c2f5e87bad3c948f4d605d)
Start importing Assets/Sprites/Traps/Trampoline/Idle.png using Guid(3194a9509f251d44b84a14b141ec5fbc) Importer(2089858483,b0f066a214c2f5e87bad3c948f4d605d) (ScriptedImporter) -> (Import Result ID: '9a0facbe2f87c41f1c5a93ef190a06a3') in 0.084737 seconds [static and dynamic dependencies]. Details - ImportResultOutputID=72ae877e5ff54fca069d43dafd93e1f0 DependenciesID=6c47cbb6b2fbfc4f1f56694373b401d7 StaticDependenciesID=8ff6a47b4a6339521f3675f302cd3355 
Number of updated asset objects reloaded before import = 0Number of asset objects unloaded after import = 3

========================================================================
Received Import Request.
  Time since last request: 0.000063 seconds.
  path: Assets/Sprites/Items/Boxes/Box2/Break.png
  importAddress: Guid(d5cfa9c5fd203314aa138739af95a769) Importer(2089858483,b0f066a214c2f5e87bad3c948f4d605d)
Start importing Assets/Sprites/Items/Boxes/Box2/Break.png using Guid(d5cfa9c5fd203314aa138739af95a769) Importer(2089858483,b0f066a214c2f5e87bad3c948f4d605d) (ScriptedImporter) -> (Import Result ID: '6bd69dff67de56d7c6371a401276535b') in 0.0833207 seconds [static and dynamic dependencies]. Details - ImportResultOutputID=c8d300a90b1564cf6a1e010fd6725af7 DependenciesID=22f702d735a743ef6cc4928dee25ca6a StaticDependenciesID=2e05583bd93e04784d097576e70fe7d1 
Number of updated asset objects reloaded before import = 0Number of asset objects unloaded after import = 6

========================================================================
Received Import Request.
  Time since last request: 0.000044 seconds.
  path: Assets/Sprites/Items/Checkpoints/Checkpoint/Checkpoint (Flag Idle)(64x64).png
  importAddress: Guid(f39dfe5dc6fd2e243aac55edf24487a2) Importer(2089858483,b0f066a214c2f5e87bad3c948f4d605d)
Start importing Assets/Sprites/Items/Checkpoints/Checkpoint/Checkpoint (Flag Idle)(64x64).png using Guid(f39dfe5dc6fd2e243aac55edf24487a2) Importer(2089858483,b0f066a214c2f5e87bad3c948f4d605d) (ScriptedImporter) -> (Import Result ID: '6f41c20ef8781802d15848c28fcada15') in 0.1158547 seconds [static and dynamic dependencies]. Details - ImportResultOutputID=93f1b73e4cc2b1add9d1531c833989da DependenciesID=98fdb8055463bf515d94408592cd7fd4 StaticDependenciesID=7fbf1b1cca09742bd3f0035a26705417 
Number of updated asset objects reloaded before import = 0Number of asset objects unloaded after import = 12

========================================================================
Received Import Request.
  Time since last request: 0.000076 seconds.
  path: Assets/Sprites/Items/Boxes/Box3/Idle.png
  importAddress: Guid(94263a67adde72b468081fdb782be6ba) Importer(2089858483,b0f066a214c2f5e87bad3c948f4d605d)
Start importing Assets/Sprites/Items/Boxes/Box3/Idle.png using Guid(94263a67adde72b468081fdb782be6ba) Importer(2089858483,b0f066a214c2f5e87bad3c948f4d605d) (ScriptedImporter) -> (Import Result ID: '85e8404d37114f748fa5858860c7cd10') in 0.0673444 seconds [static and dynamic dependencies]. Details - ImportResultOutputID=71326022b9577ba31a5a4b2fd3151bea DependenciesID=c8c01417e80074485232c6e2b787af6b StaticDependenciesID=26f2ce91b9d15114f4fce881a99cc277 
Number of updated asset objects reloaded before import = 0Number of asset objects unloaded after import = 3

========================================================================
Received Import Request.
  Time since last request: 0.000035 seconds.
  path: Assets/Sprites/Traps/Saw/Chain.png
  importAddress: Guid(87d5e11c555f1ec48a22b5978bb73a34) Importer(2089858483,b0f066a214c2f5e87bad3c948f4d605d)
Start importing Assets/Sprites/Traps/Saw/Chain.png using Guid(87d5e11c555f1ec48a22b5978bb73a34) Importer(2089858483,b0f066a214c2f5e87bad3c948f4d605d) (ScriptedImporter) -> (Import Result ID: '4a7062a4e2b00fbe9c22ee4c0572a0d5') in 0.0973511 seconds [static and dynamic dependencies]. Details - ImportResultOutputID=706c4b97a831aaa9bbe7b1e94c5a3185 DependenciesID=2c99ca12ab1d7428f03561e9adc7bcb7 StaticDependenciesID=49b26779fe847bcc9992143e28a443c2 
Number of updated asset objects reloaded before import = 0Number of asset objects unloaded after import = 3

========================================================================
Received Import Request.
  Time since last request: 0.000054 seconds.
  path: Assets/Sprites/Terrain/Ground Tiles/Terrain (16x16)_112.asset
  importAddress: Guid(d7981e0068796264e92e20bfe46a936e) Importer(2089858483,b0f066a214c2f5e87bad3c948f4d605d)
Start importing Assets/Sprites/Terrain/Ground Tiles/Terrain (16x16)_112.asset using Guid(d7981e0068796264e92e20bfe46a936e) Importer(2089858483,b0f066a214c2f5e87bad3c948f4d605d) (ScriptedImporter) -> (Import Result ID: '6d3b1f7d20ac63689db4d68f89e9c3f1') in 0.0402211 seconds [static and dynamic dependencies]. Details - ImportResultOutputID=519edc8098d4c4b312aef96f04780a80 DependenciesID=f24b0f5a5019fd655a1c589bf4495d05 StaticDependenciesID=53162f65588fc0c802f3d49ac07183c2 
Number of updated asset objects reloaded before import = 0Number of asset objects unloaded after import = 2

========================================================================
Received Import Request.
  Time since last request: 0.000044 seconds.
  path: Assets/Sprites/Terrain/Ground Tiles/Terrain (16x16)_108.asset
  importAddress: Guid(0bfd124f34813054888d0a734970d619) Importer(2089858483,b0f066a214c2f5e87bad3c948f4d605d)
Start importing Assets/Sprites/Terrain/Ground Tiles/Terrain (16x16)_108.asset using Guid(0bfd124f34813054888d0a734970d619) Importer(2089858483,b0f066a214c2f5e87bad3c948f4d605d) (ScriptedImporter) -> (Import Result ID: 'dceac041e9bde0fb7f306fa95c00725f') in 0.0684084 seconds [static and dynamic dependencies]. Details - ImportResultOutputID=86106d6a105f3f04b61f7f667a745c6b DependenciesID=2eb2da9b9d07b6aaf9eda04695c1ea52 StaticDependenciesID=a68a956854d4660449cf81ab5f25f950 
Number of updated asset objects reloaded before import = 0Number of asset objects unloaded after import = 2

========================================================================
Received Import Request.
  Time since last request: 0.000059 seconds.
  path: Assets/Sprites/Menu/Levels/40.png
  importAddress: Guid(c9353a3c626e0044cb4dd67cc93391be) Importer(2089858483,b0f066a214c2f5e87bad3c948f4d605d)
Start importing Assets/Sprites/Menu/Levels/40.png using Guid(c9353a3c626e0044cb4dd67cc93391be) Importer(2089858483,b0f066a214c2f5e87bad3c948f4d605d) (ScriptedImporter) -> (Import Result ID: '90091ba8726e28f52087b3be83786086') in 0.0795528 seconds [static and dynamic dependencies]. Details - ImportResultOutputID=ca08d71c225c99e7bd3d6e5a87e0c663 DependenciesID=a847f60eb83b5716aa512c74bc479a41 StaticDependenciesID=ab3a55888da8f3b531c3edddb5dc3518 
Number of updated asset objects reloaded before import = 0Number of asset objects unloaded after import = 3

========================================================================
Received Import Request.
  Time since last request: 0.000093 seconds.
  path: Assets/Settings/Scenes/URP2DSceneTemplate.unity
  importAddress: Guid(2cda990e2423bbf4892e6590ba056729) Importer(2089858483,b0f066a214c2f5e87bad3c948f4d605d)
Start importing Assets/Settings/Scenes/URP2DSceneTemplate.unity using Guid(2cda990e2423bbf4892e6590ba056729) Importer(2089858483,b0f066a214c2f5e87bad3c948f4d605d) (ScriptedImporter) -> (Import Result ID: '27d50b5469a55ef7d2c3765ff3adc6d4') in 0.0296617 seconds [static and dynamic dependencies]. Details - ImportResultOutputID=1d0d2afd641f64f23507e39ff0c4997e DependenciesID=b383f95498550c1a85235f204e193303 StaticDependenciesID=42be838363dc3e52291f962dbeb3a9fa 
Number of updated asset objects reloaded before import = 0Number of asset objects unloaded after import = 1

========================================================================
Received Import Request.
  Time since last request: 0.000061 seconds.
  path: Assets/Sprites/Terrain/Ground Tiles/Terrain (16x16)_17.asset
  importAddress: Guid(9a841196f6e941c4a896b4e950a45515) Importer(2089858483,b0f066a214c2f5e87bad3c948f4d605d)
Start importing Assets/Sprites/Terrain/Ground Tiles/Terrain (16x16)_17.asset using Guid(9a841196f6e941c4a896b4e950a45515) Importer(2089858483,b0f066a214c2f5e87bad3c948f4d605d) (ScriptedImporter) -> (Import Result ID: '53b59ff540f3368100c00c26f1c9c411') in 0.0348441 seconds [static and dynamic dependencies]. Details - ImportResultOutputID=06cd4153971b663b2d9b6e79a54a2d5d DependenciesID=896df190285ba3eb7a8a70ea672ed021 StaticDependenciesID=a78d1d39a3ceb7e517f43a9d30734d37 
Number of updated asset objects reloaded before import = 0Number of asset objects unloaded after import = 2

========================================================================
Received Import Request.
  Time since last request: 0.000045 seconds.
  path: Assets/Sprites/Terrain/Ground Tiles/Terrain (16x16)_141.asset
  importAddress: Guid(8cf4ad4ec4b88f347b5682a57f20fb35) Importer(2089858483,b0f066a214c2f5e87bad3c948f4d605d)
Start importing Assets/Sprites/Terrain/Ground Tiles/Terrain (16x16)_141.asset using Guid(8cf4ad4ec4b88f347b5682a57f20fb35) Importer(2089858483,b0f066a214c2f5e87bad3c948f4d605d) (ScriptedImporter) -> (Import Result ID: 'b62c84d30d7f2fea2b132ebcf36debf7') in 0.0392651 seconds [static and dynamic dependencies]. Details - ImportResultOutputID=148b49afcd4faf458143bb51d90e3026 DependenciesID=ab65d5c74430e6e4e038e99cbc50e2c6 StaticDependenciesID=1f07fd811893e2a8008d2ebb361cb022 
Number of updated asset objects reloaded before import = 0Number of asset objects unloaded after import = 2

========================================================================
Received Import Request.
  Time since last request: 0.000047 seconds.
  path: Assets/Sprites/Terrain/Ground Tiles/Terrain (16x16)_76.asset
  importAddress: Guid(a58e42df73e4fa045be47b65657bb296) Importer(2089858483,b0f066a214c2f5e87bad3c948f4d605d)
Start importing Assets/Sprites/Terrain/Ground Tiles/Terrain (16x16)_76.asset using Guid(a58e42df73e4fa045be47b65657bb296) Importer(2089858483,b0f066a214c2f5e87bad3c948f4d605d) (ScriptedImporter) -> (Import Result ID: '9a95a67c819cd1519a08768eb3bde574') in 0.0390159 seconds [static and dynamic dependencies]. Details - ImportResultOutputID=6b4750c8e6e08a27b3bac8efe141923b DependenciesID=4e612e094db4242029f7dd42f2966cfa StaticDependenciesID=0ce0525c49fac3b9667470f81f4ba0ef 
Number of updated asset objects reloaded before import = 0Number of asset objects unloaded after import = 2

========================================================================
Received Import Request.
  Time since last request: 0.000049 seconds.
  path: Assets/Sprites/Traps/Spike Head/Right Hit (54x52).png
  importAddress: Guid(3fdd91e1e014fe246837c60fdcc29fb9) Importer(2089858483,b0f066a214c2f5e87bad3c948f4d605d)
Start importing Assets/Sprites/Traps/Spike Head/Right Hit (54x52).png using Guid(3fdd91e1e014fe246837c60fdcc29fb9) Importer(2089858483,b0f066a214c2f5e87bad3c948f4d605d) (ScriptedImporter) -> (Import Result ID: '6c4bbdd572e6b8d51d16a28646b69308') in 0.0531249 seconds [static and dynamic dependencies]. Details - ImportResultOutputID=2ee8e56549a72eb9e4278984d19d58c6 DependenciesID=78a2be6be1065276b6012c0fddba8759 StaticDependenciesID=463e4294b150acffa72834a2884d9bad 
Number of updated asset objects reloaded before import = 0Number of asset objects unloaded after import = 6

========================================================================
Received Import Request.
  Time since last request: 0.000062 seconds.
  path: Assets/Sprites/Terrain/Ground Tiles/Terrain (16x16)_83.asset
  importAddress: Guid(48210a8f8ceb3a1418b246265d3b6b7e) Importer(2089858483,b0f066a214c2f5e87bad3c948f4d605d)
Start importing Assets/Sprites/Terrain/Ground Tiles/Terrain (16x16)_83.asset using Guid(48210a8f8ceb3a1418b246265d3b6b7e) Importer(2089858483,b0f066a214c2f5e87bad3c948f4d605d) (ScriptedImporter) -> (Import Result ID: 'a1e59949962676aa09268b063c03ea68') in 0.0290421 seconds [static and dynamic dependencies]. Details - ImportResultOutputID=636e201a6d2a3386754dcedd730e49ee DependenciesID=c16bb45b582c0305aa261648c29efeb4 StaticDependenciesID=10ccc06f1ec8fdbb62d3b0c394b6cd83 
Number of updated asset objects reloaded before import = 0Number of asset objects unloaded after import = 2

========================================================================
Received Import Request.
  Time since last request: 0.000038 seconds.
  path: Assets/Sprites/Terrain/Ground Tiles/Terrain (16x16)_86.asset
  importAddress: Guid(8cfc83299728b934c9b92c4a0549bab1) Importer(2089858483,b0f066a214c2f5e87bad3c948f4d605d)
Start importing Assets/Sprites/Terrain/Ground Tiles/Terrain (16x16)_86.asset using Guid(8cfc83299728b934c9b92c4a0549bab1) Importer(2089858483,b0f066a214c2f5e87bad3c948f4d605d) (ScriptedImporter) -> (Import Result ID: '639cf894df91a3b16a66a4041ba43815') in 0.0300206 seconds [static and dynamic dependencies]. Details - ImportResultOutputID=ce44ff9cf71fabae9e57df2fb074ff73 DependenciesID=2129548f82602de02948269bf376307b StaticDependenciesID=acb905c12468b2d3f525b36f5abfd8e5 
Number of updated asset objects reloaded before import = 0Number of asset objects unloaded after import = 2

========================================================================
Received Import Request.
  Time since last request: 0.000034 seconds.
  path: Assets/Sprites/Terrain/Ground Tiles/Terrain (16x16)_128.asset
  importAddress: Guid(1edaba57fa37a8843a9116d0f8ec1c31) Importer(2089858483,b0f066a214c2f5e87bad3c948f4d605d)
Start importing Assets/Sprites/Terrain/Ground Tiles/Terrain (16x16)_128.asset using Guid(1edaba57fa37a8843a9116d0f8ec1c31) Importer(2089858483,b0f066a214c2f5e87bad3c948f4d605d) (ScriptedImporter) -> (Import Result ID: '8e6a188597087d88b2269ee96560e9dc') in 0.0355962 seconds [static and dynamic dependencies]. Details - ImportResultOutputID=1bcf08b6c0e8f5ba7438da3c12af982b DependenciesID=ae236446b4e3e74df48a72f6cfd1b6ca StaticDependenciesID=7334562aa04b1333a99d2be63da70686 
Number of updated asset objects reloaded before import = 0Number of asset objects unloaded after import = 2

========================================================================
Received Import Request.
  Time since last request: 0.000103 seconds.
  path: Assets/Sprites/Menu/Text/Text (Black) (8x10).png
  importAddress: Guid(2d91c1ebd8b790b49993452c1a6cc694) Importer(2089858483,b0f066a214c2f5e87bad3c948f4d605d)
Start importing Assets/Sprites/Menu/Text/Text (Black) (8x10).png using Guid(2d91c1ebd8b790b49993452c1a6cc694) Importer(2089858483,b0f066a214c2f5e87bad3c948f4d605d) (ScriptedImporter) -> (Import Result ID: 'a01970e9d401a08cad097962bbdf1d2c') in 0.1505955 seconds [static and dynamic dependencies]. Details - ImportResultOutputID=e3ce9d4e3a9de4bb719f4ed15fbbe0e7 DependenciesID=cadabb7d1567bb282f1599510349a3ca StaticDependenciesID=741b81eaa94eb239a67e0ff29c73a225 
Number of updated asset objects reloaded before import = 0Number of asset objects unloaded after import = 42

========================================================================
Received Import Request.
  Time since last request: 0.000036 seconds.
  path: Assets/Sprites/Traps/Sand Mud Ice/Ice Particle.png
  importAddress: Guid(d92ece24a506d2a4f9c25c9e239cc46f) Importer(2089858483,b0f066a214c2f5e87bad3c948f4d605d)
Start importing Assets/Sprites/Traps/Sand Mud Ice/Ice Particle.png using Guid(d92ece24a506d2a4f9c25c9e239cc46f) Importer(2089858483,b0f066a214c2f5e87bad3c948f4d605d) (ScriptedImporter) -> (Import Result ID: 'a0fefcfcbe45b5837bbfe0c473d26eed') in 0.0387577 seconds [static and dynamic dependencies]. Details - ImportResultOutputID=f504dd030fc977476db88afe342259da DependenciesID=2e0643e95b6b829298dc6081845c16ef StaticDependenciesID=8a7fa8725ef96030f6fdbc5b8fc8a63b 
Number of updated asset objects reloaded before import = 0Number of asset objects unloaded after import = 3

========================================================================
Received Import Request.
  Time since last request: 0.000052 seconds.
  path: Assets/Sprites/Terrain/Ground Tiles/Terrain (16x16)_74.asset
  importAddress: Guid(c3ab3cf986120644f8e907c201b0911b) Importer(2089858483,b0f066a214c2f5e87bad3c948f4d605d)
Start importing Assets/Sprites/Terrain/Ground Tiles/Terrain (16x16)_74.asset using Guid(c3ab3cf986120644f8e907c201b0911b) Importer(2089858483,b0f066a214c2f5e87bad3c948f4d605d) (ScriptedImporter) -> (Import Result ID: 'd46e55bd8a44a54e4aeeefa4b4e41128') in 0.0332486 seconds [static and dynamic dependencies]. Details - ImportResultOutputID=52210fe504c70d5124f06830040bee5b DependenciesID=c9dce34c1a01f9e64b562e5a807f3f6d StaticDependenciesID=66bd6e7727e1c6477d727fbc4d474755 
Number of updated asset objects reloaded before import = 0Number of asset objects unloaded after import = 2

========================================================================
Received Import Request.
  Time since last request: 0.000033 seconds.
  path: Assets/Sprites/Items/Fruits/Cherries.png
  importAddress: Guid(c1cc84b36fc60cb4b93b9eb9ee189099) Importer(2089858483,b0f066a214c2f5e87bad3c948f4d605d)
Start importing Assets/Sprites/Items/Fruits/Cherries.png using Guid(c1cc84b36fc60cb4b93b9eb9ee189099) Importer(2089858483,b0f066a214c2f5e87bad3c948f4d605d) (ScriptedImporter) -> (Import Result ID: '8ed65ae6ea00413c6a75015a3a88fd81') in 0.095193 seconds [static and dynamic dependencies]. Details - ImportResultOutputID=c66f50f36a76a2ab3ac7f7d4306c38f2 DependenciesID=da48ad90ceb2be5964e44746654ba650 StaticDependenciesID=ce91c5d3212b03db66e2c2bb7868966d 
Number of updated asset objects reloaded before import = 0Number of asset objects unloaded after import = 19

========================================================================
Received Import Request.
  Time since last request: 0.000045 seconds.
  path: Assets/Sprites/Terrain/Ground Tiles/Terrain (16x16)_28.asset
  importAddress: Guid(214c50cc5a91d864fa90ab4be275d8e8) Importer(2089858483,b0f066a214c2f5e87bad3c948f4d605d)
Start importing Assets/Sprites/Terrain/Ground Tiles/Terrain (16x16)_28.asset using Guid(214c50cc5a91d864fa90ab4be275d8e8) Importer(2089858483,b0f066a214c2f5e87bad3c948f4d605d) (ScriptedImporter) -> (Import Result ID: 'a54fd63bb6d03b157f881845602dcc31') in 0.0296965 seconds [static and dynamic dependencies]. Details - ImportResultOutputID=0639d6f4e5fc0d61af2183555b952e50 DependenciesID=1dc58678a090131f9fe78a30a1fd8144 StaticDependenciesID=151ae2d837da51cfec46466f732046bf 
Number of updated asset objects reloaded before import = 0Number of asset objects unloaded after import = 2

========================================================================
Received Import Request.
  Time since last request: 0.000060 seconds.
  path: Assets/Sprites/Terrain/Ground Tiles/Terrain (16x16)_73.asset
  importAddress: Guid(3dd97a6b40d94424dbd244e002054ba2) Importer(2089858483,b0f066a214c2f5e87bad3c948f4d605d)
Start importing Assets/Sprites/Terrain/Ground Tiles/Terrain (16x16)_73.asset using Guid(3dd97a6b40d94424dbd244e002054ba2) Importer(2089858483,b0f066a214c2f5e87bad3c948f4d605d) (ScriptedImporter) -> (Import Result ID: '446f32f090068ab5fd57e019bce03a98') in 0.0301921 seconds [static and dynamic dependencies]. Details - ImportResultOutputID=51390c5dbfbc10bd2ca0ae53005d1499 DependenciesID=962112140224df4de506a781736b90d0 StaticDependenciesID=c3eb5b4e00efaebd2a6560b3833c43be 
Number of updated asset objects reloaded before import = 0Number of asset objects unloaded after import = 2

========================================================================
Received Prepare
Assembly reference Packages/com.unity.cinemachine/Editor/Samples/ExposeHDRPInternals/HDRP-Editor-ref.asmref has no target assembly definition
Assembly reference Packages/com.unity.cinemachine/Editor/Samples/ExposeHDRPInternals/HDRP-Editor-ref.asmref has no target assembly definition
Begin MonoManager ReloadAssembly
[Licensing::Client] Successfully resolved entitlement details
[Licensing::Module] License group:
  Id: F4-K3JH-PND2-U582-PFQS-XXXX
  Product: Unity Personal
  Type: ULF
  Expiration: Unlimited
[Licensing::Module] License group:
  Id: 9071313007192-UnityPersXXXX
  Product: Unity Personal
  Type: Assigned
  Expiration: Unlimited
Assembly Assembly-CSharp-Editor-firstpass.dll at Library/ScriptAssemblies/Assembly-CSharp-Editor-firstpass.dll not valid. Loading of assembly skipped.
Assembly Assembly-CSharp-Editor.dll at Library/ScriptAssemblies/Assembly-CSharp-Editor.dll not valid. Loading of assembly skipped.
Assembly Assembly-CSharp-firstpass.dll at Library/ScriptAssemblies/Assembly-CSharp-firstpass.dll not valid. Loading of assembly skipped.
Assembly DocCodeExamples.dll at Library/ScriptAssemblies/DocCodeExamples.dll not valid. Loading of assembly skipped.
Assembly TestNewCustomAssembly.dll at Library/ScriptAssemblies/TestNewCustomAssembly.dll not valid. Loading of assembly skipped.
Assembly Unity.2D.Animation.EditorTests.dll at Library/ScriptAssemblies/Unity.2D.Animation.EditorTests.dll not valid. Loading of assembly skipped.
Assembly Unity.2D.Aseprite.EditorTests.dll at Library/ScriptAssemblies/Unity.2D.Aseprite.EditorTests.dll not valid. Loading of assembly skipped.
Assembly Unity.2D.Common.EditorTests.dll at Library/ScriptAssemblies/Unity.2D.Common.EditorTests.dll not valid. Loading of assembly skipped.
Assembly Unity.2D.Psdimporter.EditorTests.dll at Library/ScriptAssemblies/Unity.2D.Psdimporter.EditorTests.dll not valid. Loading of assembly skipped.
Assembly Unity.2D.Sprite.Package.EditorTests.dll at Library/ScriptAssemblies/Unity.2D.Sprite.Package.EditorTests.dll not valid. Loading of assembly skipped.
Assembly Unity.2D.SpriteShape.EditorTests.dll at Library/ScriptAssemblies/Unity.2D.SpriteShape.EditorTests.dll not valid. Loading of assembly skipped.
Assembly Unity.2D.Tilemap.Package.EditorTests.dll at Library/ScriptAssemblies/Unity.2D.Tilemap.Package.EditorTests.dll not valid. Loading of assembly skipped.
Assembly Unity.Collections.BurstCompatibilityGen.dll at Library/ScriptAssemblies/Unity.Collections.BurstCompatibilityGen.dll not valid. Loading of assembly skipped.
Assembly Unity.Collections.DocCodeSamples.dll at Library/ScriptAssemblies/Unity.Collections.DocCodeSamples.dll not valid. Loading of assembly skipped.
Assembly Unity.Collections.PerformanceTests.dll at Library/ScriptAssemblies/Unity.Collections.PerformanceTests.dll not valid. Loading of assembly skipped.
Assembly Unity.Collections.Tests.dll at Library/ScriptAssemblies/Unity.Collections.Tests.dll not valid. Loading of assembly skipped.
Assembly Unity.Collections.Tests.Playmode.dll at Library/ScriptAssemblies/Unity.Collections.Tests.Playmode.dll not valid. Loading of assembly skipped.
Assembly Unity.InputSystem.IntegrationTests.dll at Library/ScriptAssemblies/Unity.InputSystem.IntegrationTests.dll not valid. Loading of assembly skipped.
Assembly Unity.Mathematics.Tests.dll at Library/ScriptAssemblies/Unity.Mathematics.Tests.dll not valid. Loading of assembly skipped.
Assembly Unity.Multiplayer.Center.Editor.Tests.dll at Library/ScriptAssemblies/Unity.Multiplayer.Center.Editor.Tests.dll not valid. Loading of assembly skipped.
Assembly Unity.Multiplayer.Center.Tests.dll at Library/ScriptAssemblies/Unity.Multiplayer.Center.Tests.dll not valid. Loading of assembly skipped.
Assembly Unity.Nuget.Mono-Cecil.dll at Library/ScriptAssemblies/Unity.Nuget.Mono-Cecil.dll not valid. Loading of assembly skipped.
Assembly Unity.PathTracing.Editor.Tests.dll at Library/ScriptAssemblies/Unity.PathTracing.Editor.Tests.dll not valid. Loading of assembly skipped.
Assembly Unity.PathTracing.Runtime.Tests.dll at Library/ScriptAssemblies/Unity.PathTracing.Runtime.Tests.dll not valid. Loading of assembly skipped.
Assembly Unity.RenderPipelines.Core.Editor.Tests.dll at Library/ScriptAssemblies/Unity.RenderPipelines.Core.Editor.Tests.dll not valid. Loading of assembly skipped.
Assembly Unity.RenderPipelines.Core.Runtime.Tests.dll at Library/ScriptAssemblies/Unity.RenderPipelines.Core.Runtime.Tests.dll not valid. Loading of assembly skipped.
Assembly Unity.RenderPipelines.Universal.Config.Editor.Tests.dll at Library/ScriptAssemblies/Unity.RenderPipelines.Universal.Config.Editor.Tests.dll not valid. Loading of assembly skipped.
Assembly Unity.RenderPipelines.Universal.Editor.Tests.dll at Library/ScriptAssemblies/Unity.RenderPipelines.Universal.Editor.Tests.dll not valid. Loading of assembly skipped.
Assembly Unity.RenderPipelines.Universal.Runtime.Tests.dll at Library/ScriptAssemblies/Unity.RenderPipelines.Universal.Runtime.Tests.dll not valid. Loading of assembly skipped.
Assembly Unity.Searcher.EditorTests.dll at Library/ScriptAssemblies/Unity.Searcher.EditorTests.dll not valid. Loading of assembly skipped.
Assembly Unity.Settings.Tests.dll at Library/ScriptAssemblies/Unity.Settings.Tests.dll not valid. Loading of assembly skipped.
Assembly Unity.ShaderGraph.Editor.Tests.dll at Library/ScriptAssemblies/Unity.ShaderGraph.Editor.Tests.dll not valid. Loading of assembly skipped.
Assembly Unity.TextMeshPro.Editor.Tests.dll at Library/ScriptAssemblies/Unity.TextMeshPro.Editor.Tests.dll not valid. Loading of assembly skipped.
Assembly Unity.TextMeshPro.Tests.dll at Library/ScriptAssemblies/Unity.TextMeshPro.Tests.dll not valid. Loading of assembly skipped.
Assembly Unity.UnifiedRayTracing.Editor.Tests.dll at Library/ScriptAssemblies/Unity.UnifiedRayTracing.Editor.Tests.dll not valid. Loading of assembly skipped.
Assembly UnityEditor.UI.Common.Tests.dll at Library/ScriptAssemblies/UnityEditor.UI.Common.Tests.dll not valid. Loading of assembly skipped.
Assembly UnityEditor.UI.EditorTests.dll at Library/ScriptAssemblies/UnityEditor.UI.EditorTests.dll not valid. Loading of assembly skipped.
Assembly UnityEngine.UI.Tests.dll at Library/ScriptAssemblies/UnityEngine.UI.Tests.dll not valid. Loading of assembly skipped.
Assembly reference Packages/com.unity.cinemachine/Editor/Samples/ExposeHDRPInternals/HDRP-Editor-ref.asmref has no target assembly definition
Script 'CharacterController' has the same name as built-in Unity component.
AddComponent and GetComponent will not work with this script.
'Packages/com.unity.cinemachine/Editor/Obsolete/CinemachineVirtualCameraBaseEditor.cs' contains partial class of Unity.Object, exactly 1 of the partial classes needs to be in a file with the same filename. This is to know the one that can be referenced from ie. GameObjects
'Packages/com.unity.cinemachine/Editor/Editors/CinemachineVirtualCameraBaseEditor.cs' contains partial class of Unity.Object, exactly 1 of the partial classes needs to be in a file with the same filename. This is to know the one that can be referenced from ie. GameObjects
Refreshing native plugins compatible for Editor in 8.48 ms, found 5 plugins.
Native extension for WindowsStandalone target not found
Assembly reference Packages/com.unity.cinemachine/Editor/Samples/ExposeHDRPInternals/HDRP-Editor-ref.asmref has no target assembly definition
[Package Manager] Failed to launch server process. Reason: Unity was launched with the -noUpm command-line argument
[Package Manager] Unable to send message (not connected to server process).
[Package Manager] Cannot connect to Unity Package Manager local server
[Package Manager] Failed to launch server process. Reason: Unity was launched with the -noUpm command-line argument
[Package Manager] Unable to send message (not connected to server process).
[Package Manager] Cannot connect to Unity Package Manager local server
[Package Manager] Failed to launch server process. Reason: Unity was launched with the -noUpm command-line argument
[Package Manager] Unable to send message (not connected to server process).
[Package Manager] Cannot connect to Unity Package Manager local server
ScheduleIndexationOnStartup MainProcess:False IndexOnStartup:True
Mono: successfully reloaded assembly
- Finished resetting the current domain, in  2.703 seconds
Domain Reload Profiling: 5460ms
	BeginReloadAssembly (683ms)
		DisableScriptedObjects (70ms)
		CreateAndSetChildDomain (117ms)
	RebuildCommonClasses (119ms)
	RebuildNativeTypeToScriptingClass (41ms)
	initialDomainReloadingComplete (226ms)
	LoadAllAssembliesAndSetupDomain (1687ms)
		LoadAssemblies (1344ms)
		AnalyzeDomain (663ms)
			TypeCache.Refresh (19ms)
			BuildScriptInfoCaches (603ms)
			ResolveRequiredComponents (36ms)
	FinalizeReload (2705ms)
		SetupLoadedEditorAssemblies (0ms)
			InitializePlatformSupportModulesInManaged (5ms)
			BeforeProcessingInitializeOnLoad (647ms)
			ProcessInitializeOnLoadAttributes (1125ms)
			ProcessInitializeOnLoadMethodAttributes (315ms)
			AfterProcessingInitializeOnLoad (24ms)
		AwakeInstancesAfterBackupRestoration (45ms)
Refreshing native plugins compatible for Editor in 10.26 ms, found 5 plugins.
Unloading 25 Unused Serialized files (Serialized files now loaded: 0)
Unloading 7657 unused Assets / (6.2 MB). Loaded Objects now: 8490.
Memory consumption went from 166.0 MB to 159.8 MB.
Total: 30.944200 ms (FindLiveObjects: 2.690500 ms CreateObjectMapping: 3.232300 ms MarkObjects: 17.305100 ms  DeleteObjects: 7.713800 ms)

Prepare: number of updated asset objects reloaded= 0
Editor requested this worker to shutdown with reason: Scaling down because of idle timeout
AssetImportWorker is now disconnected from the server
Process exiting
Exiting without the bug reporter. Application will terminate with return code 0