[Licensing::Module] Trying to connect to existing licensing client channel...
[Licensing::IpcConnector] Successfully connected to: "LicenseClient-nirac" at "2026-05-13T14:34:23.9831888Z"
Built from '6000.4/staging' branch; Version is '6000.4.6f1 (0b051c2e5d54) revision 722204'; Using compiler version '194234433'; Build Type 'Release'
OS: 'Windows 11  (10.0.26200) Core' Language: 'de' Physical Memory: 15712 MB
BatchMode: 1, IsHumanControllingUs: 0, StartBugReporterOnCrash: 0, Is64bit: 1
System  architecture: x64
Process architecture: x64
Date: 2026-05-13T14:34:24Z

COMMAND LINE ARGUMENTS:
C:\Program Files\Unity\Hub\Editor\6000.4.6f1\Editor\Unity.exe
-adb2
-batchMode
-noUpm
-name
AssetImportWorker4
-projectPath
C:/Unity/Hedonism
-logFile
Logs/AssetImportWorker4.log
-srvPort
60452
-force-d3d12
-job-worker-count
5
-background-job-worker-count
8
-gc-helper-count
1
-name
AssetImport
Successfully changed project path to: C:/Unity/Hedonism
C:/Unity/Hedonism
[UnityMemory] Configuration Parameters - Can be set up in boot.config
    "memorysetup-temp-allocator-size-gi-baking-worker=262144"
    "memorysetup-temp-allocator-size-gi-baking-worker=262144"
    "memorysetup-temp-allocator-size-gi-baking-worker=262144"
    "memorysetup-temp-allocator-size-gi-baking-worker=262144"
    "memorysetup-temp-allocator-size-gi-baking-worker=262144"
    "memorysetup-temp-allocator-size-nav-mesh-worker=65536"
    "memorysetup-temp-allocator-size-audio-worker=65536"
    "memorysetup-temp-allocator-size-cloud-worker=32768"
    "memorysetup-temp-allocator-size-gfx=262144"
    "memorysetup-temp-allocator-size-preload-manager=33554432"
    "memorysetup-temp-allocator-size-job-worker=262144"
    "memorysetup-temp-allocator-size-background-worker=32768"
    "memorysetup-allocator-temp-initial-block-size-main=262144"
    "memorysetup-allocator-temp-initial-block-size-worker=262144"
    "memorysetup-bucket-allocator-granularity=16"
    "memorysetup-bucket-allocator-bucket-count=8"
    "memorysetup-bucket-allocator-block-size=33554432"
    "memorysetup-bucket-allocator-block-count=8"
    "memorysetup-main-allocator-block-size=16777216"
    "memorysetup-thread-allocator-block-size=16777216"
    "memorysetup-gfx-main-allocator-block-size=16777216"
    "memorysetup-gfx-thread-allocator-block-size=16777216"
    "memorysetup-cache-allocator-block-size=4194304"
    "memorysetup-typetree-allocator-block-size=2097152"
    "memorysetup-profiler-bucket-allocator-granularity=16"
    "memorysetup-profiler-bucket-allocator-bucket-count=8"
    "memorysetup-profiler-bucket-allocator-block-size=33554432"
    "memorysetup-profiler-bucket-allocator-block-count=8"
    "memorysetup-profiler-allocator-block-size=16777216"
    "memorysetup-profiler-editor-allocator-block-size=1048576"
    "memorysetup-temp-allocator-size-main=16777216"
    "memorysetup-job-temp-allocator-block-size=2097152"
    "memorysetup-job-temp-allocator-block-size-background=1048576"
    "memorysetup-job-temp-allocator-reduction-small-platforms=262144"
Player connection [21460]  Target information:

Player connection [21460]  * "[IP] 141.45.40.90 [Port] 0 [Flags] 2 [Guid] 2205198147 [EditorId] 2205198147 [Version] 1048832 [Id] WindowsEditor(7,NicoLaptop) [Debug] 1 [PackageName] WindowsEditor [ProjectName] Editor" 

Player connection [21460] Host joined multi-casting on [225.0.0.222:54997]...
Player connection [21460] Host joined alternative multi-casting on [225.0.0.222:34997]...
JobSystem: Creating JobQueue using job-worker-count value 5
Input System module state changed to: Initialized.
[Physics::Module] Initialized fallback backend.
[Physics::Module] Id: 0xdecafbad
Library Redirect Path: Library/
[Physics::Module] Selected backend.
[Physics::Module] Name: PhysX
[Physics::Module] Id: 0xf2b8ea05
[Physics::Module] SDK Version: 4.1.2
[Physics::Module] Integration Version: 1.0.0
[Physics::Module] Threading Mode: Multi-Threaded
Refreshing native plugins compatible for Editor in 87.35 ms, found 5 plugins.
Initialize engine version: 6000.4.6f1 (0b051c2e5d54)
[Subsystems] Discovering subsystems at path C:/Program Files/Unity/Hub/Editor/6000.4.6f1/Editor/Data/Resources/UnitySubsystems
[Subsystems] Discovering subsystems at path C:/Unity/Hedonism/Assets
Forcing GfxDevice: Direct3D 12
GfxDevice: creating device client; kGfxThreadingModeNonThreaded
d3d12: failed to query info queue interface (0x80004002).
Direct3D:
    Version:         Direct3D 12 [level 12.1]
    Renderer:        AMD Radeon (TM) Graphics (ID=0x15e7)
    Vendor:          ATI
    VRAM:            7856 MB
    App VRAM Budget: 7678 MB
    Driver:          31.0.12044.3
    Unified Memory Architecture
Shader 'Universal Render Pipeline/Nature/SpeedTree7': fallback shader 'Hidden/Universal Render Pipeline/FallbackError' not found
Shader 'Universal Render Pipeline/Nature/SpeedTree7': dependency 'BillboardShader' shader 'Universal Render Pipeline/Nature/SpeedTree7 Billboard' not found
Shader 'Hidden/Universal Render Pipeline/StencilDeferred': fallback shader 'Hidden/Universal Render Pipeline/FallbackError' not found
Shader 'Hidden/Universal Render Pipeline/ClusterDeferred': fallback shader 'Hidden/Universal Render Pipeline/FallbackError' not found
Shader 'Hidden/Universal Render Pipeline/FallbackError': fallback shader 'Hidden/Core/FallbackError' not found
Shader 'Universal Render Pipeline/Lit': fallback shader 'Hidden/Universal Render Pipeline/FallbackError' not found
Shader 'Universal Render Pipeline/Particles/Unlit': fallback shader 'Hidden/Universal Render Pipeline/FallbackError' not found
Shader 'Universal Render Pipeline/VR/SpatialMapping/Occlusion': fallback shader 'Hidden/Universal Render Pipeline/FallbackError' not found
Shader 'Universal Render Pipeline/VR/SpatialMapping/Wireframe': fallback shader 'Hidden/Universal Render Pipeline/FallbackError' not found
Shader 'Universal Render Pipeline/Simple Lit': fallback shader 'Hidden/Universal Render Pipeline/FallbackError' not found
Shader 'Universal Render Pipeline/Particles/Simple Lit': fallback shader 'Universal Render Pipeline/Particles/Unlit' not found
Shader 'Universal Render Pipeline/Particles/Lit': fallback shader 'Universal Render Pipeline/Particles/Simple Lit' not found
Shader 'Universal Render Pipeline/Nature/SpeedTree7 Billboard': fallback shader 'Hidden/Universal Render Pipeline/FallbackError' not found
Shader 'Universal Render Pipeline/Complex Lit': fallback shader 'Hidden/Universal Render Pipeline/FallbackError' not found
Shader 'Universal Render Pipeline/Nature/SpeedTree8': fallback shader 'Hidden/Universal Render Pipeline/FallbackError' not found
Shader 'Hidden/Universal Render Pipeline/Terrain/Lit (Add Pass)': fallback shader 'Hidden/Universal Render Pipeline/FallbackError' not found
Shader 'Universal Render Pipeline/Baked Lit': fallback shader 'Universal Render Pipeline/Unlit' not found
Shader 'Universal Render Pipeline/Unlit': fallback shader 'Hidden/Universal Render Pipeline/FallbackError' not found
Initialize mono
Mono path[0] = 'C:/Program Files/Unity/Hub/Editor/6000.4.6f1/Editor/Data/Managed'
Mono path[1] = 'C:/Program Files/Unity/Hub/Editor/6000.4.6f1/Editor/Data/MonoBleedingEdge/lib/mono/unityjit-win32'
Mono config path = 'C:/Program Files/Unity/Hub/Editor/6000.4.6f1/Editor/Data/MonoBleedingEdge/etc'
Using monoOptions --debugger-agent=transport=dt_socket,embedding=1,server=y,suspend=n,address=127.0.0.1:56068
CodeReloadManager initialized
[Licensing::Client] Error: HandshakeResponse reported an error:
	ResponseCode: 505
	ResponseStatus: Unsupported protocol version '1.18.1'.
[Licensing::Module] Error: Failed to handshake to channel: "LicenseClient-nirac"
[Licensing::IpcConnector] LicenseClient-nirac channel disconnected successfully.
[Licensing::IpcConnector] Successfully connected to: "LicenseClient-nirac-6000.4.6" at "2026-05-13T14:34:33.6685927Z"
[Licensing::Client] Code 10 while verifying Licensing Client signature (process Id: 26276, path: "C:/Program Files/Unity/Hub/Editor/6000.4.6f1/Editor/Data/Resources/Licensing/Client/Unity.Licensing.Client.exe")
[Licensing::Module] LicensingClient has failed validation; ignoring
[Licensing::Client] Handshaking with LicensingClient:
  Version:                 1.18.1+9fbee8e
  Session Id:              c637b2ba7259420d8e7d84a2645bc02b
  Correlation Id:          898db9d055ff613974bb21e07ff12929
  External correlation Id: 1357355110362350964
  Machine Id:              VIX9ONoXlKqCHILYb5e71RdiQ3s=
[Licensing::Module] Successfully connected to LicensingClient on channel: "LicenseClient-nirac-6000.4.6" (connect: 0.00s, validation: 0.00s, handshake: 0.07s)
[Licensing::IpcConnector] Successfully connected to: "LicenseClient-nirac-6000.4.6-notifications" at "2026-05-13T14:34:33.7389977Z"
[Licensing::Module] Licensing Background thread has ended after 9.76s
Begin MonoManager ReloadAssembly
Registering precompiled unity dll's ...
Register platform support module: C:/Program Files/Unity/Hub/Editor/6000.4.6f1/Editor/Data/PlaybackEngines/WindowsStandaloneSupport/UnityEditor.WindowsStandalone.Extensions.dll
Registered in 1.088820 seconds.
Native extension for WindowsStandalone target not found
Package Manager log level set to [2]
[Package Manager] Failed to launch server process. Reason: Unity was launched with the -noUpm command-line argument
[Package Manager] Unable to send message (not connected to server process).
[Package Manager] Cannot connect to Unity Package Manager local server
ScheduleIndexationOnStartup MainProcess:False IndexOnStartup:True
Mono: successfully reloaded assembly
- Finished resetting the current domain, in  1.269 seconds
Domain Reload Profiling: 4066ms
	BeginReloadAssembly (459ms)
		CreateAndSetChildDomain (3ms)
	RebuildCommonClasses (126ms)
	RebuildNativeTypeToScriptingClass (43ms)
	initialDomainReloadingComplete (1330ms)
	LoadAllAssembliesAndSetupDomain (836ms)
		LoadAssemblies (436ms)
		AnalyzeDomain (812ms)
			TypeCache.Refresh (809ms)
				TypeCache.ScanAssembly (770ms)
	FinalizeReload (1272ms)
		SetupLoadedEditorAssemblies (0ms)
			InitializePlatformSupportModulesInManaged (138ms)
			BeforeProcessingInitializeOnLoad (299ms)
			ProcessInitializeOnLoadAttributes (352ms)
			ProcessInitializeOnLoadMethodAttributes (265ms)
Assembly reference Packages/com.unity.cinemachine/Editor/Samples/ExposeHDRPInternals/HDRP-Editor-ref.asmref has no target assembly definition
========================================================================
Worker process is ready to serve import requests
Import Worker Mode flag is 0x00
Assembly reference Packages/com.unity.cinemachine/Editor/Samples/ExposeHDRPInternals/HDRP-Editor-ref.asmref has no target assembly definition
Assembly reference Packages/com.unity.cinemachine/Editor/Samples/ExposeHDRPInternals/HDRP-Editor-ref.asmref has no target assembly definition
Begin MonoManager ReloadAssembly
[Licensing::Client] Successfully resolved entitlement details
[Licensing::Module] License group:
  Id: F4-K3JH-PND2-U582-PFQS-XXXX
  Product: Unity Personal
  Type: ULF
  Expiration: Unlimited
[Licensing::Module] License group:
  Id: 9071313007192-UnityPersXXXX
  Product: Unity Personal
  Type: Assigned
  Expiration: Unlimited
Assembly Assembly-CSharp-Editor-firstpass.dll at Library/ScriptAssemblies/Assembly-CSharp-Editor-firstpass.dll not valid. Loading of assembly skipped.
Assembly Assembly-CSharp-Editor.dll at Library/ScriptAssemblies/Assembly-CSharp-Editor.dll not valid. Loading of assembly skipped.
Assembly Assembly-CSharp-firstpass.dll at Library/ScriptAssemblies/Assembly-CSharp-firstpass.dll not valid. Loading of assembly skipped.
Assembly DocCodeExamples.dll at Library/ScriptAssemblies/DocCodeExamples.dll not valid. Loading of assembly skipped.
Assembly TestNewCustomAssembly.dll at Library/ScriptAssemblies/TestNewCustomAssembly.dll not valid. Loading of assembly skipped.
Assembly Unity.2D.Animation.EditorTests.dll at Library/ScriptAssemblies/Unity.2D.Animation.EditorTests.dll not valid. Loading of assembly skipped.
Assembly Unity.2D.Aseprite.EditorTests.dll at Library/ScriptAssemblies/Unity.2D.Aseprite.EditorTests.dll not valid. Loading of assembly skipped.
Assembly Unity.2D.Common.EditorTests.dll at Library/ScriptAssemblies/Unity.2D.Common.EditorTests.dll not valid. Loading of assembly skipped.
Assembly Unity.2D.Psdimporter.EditorTests.dll at Library/ScriptAssemblies/Unity.2D.Psdimporter.EditorTests.dll not valid. Loading of assembly skipped.
Assembly Unity.2D.Sprite.Package.EditorTests.dll at Library/ScriptAssemblies/Unity.2D.Sprite.Package.EditorTests.dll not valid. Loading of assembly skipped.
Assembly Unity.2D.SpriteShape.EditorTests.dll at Library/ScriptAssemblies/Unity.2D.SpriteShape.EditorTests.dll not valid. Loading of assembly skipped.
Assembly Unity.2D.Tilemap.Package.EditorTests.dll at Library/ScriptAssemblies/Unity.2D.Tilemap.Package.EditorTests.dll not valid. Loading of assembly skipped.
Assembly Unity.Collections.BurstCompatibilityGen.dll at Library/ScriptAssemblies/Unity.Collections.BurstCompatibilityGen.dll not valid. Loading of assembly skipped.
Assembly Unity.Collections.DocCodeSamples.dll at Library/ScriptAssemblies/Unity.Collections.DocCodeSamples.dll not valid. Loading of assembly skipped.
Assembly Unity.Collections.PerformanceTests.dll at Library/ScriptAssemblies/Unity.Collections.PerformanceTests.dll not valid. Loading of assembly skipped.
Assembly Unity.Collections.Tests.dll at Library/ScriptAssemblies/Unity.Collections.Tests.dll not valid. Loading of assembly skipped.
Assembly Unity.Collections.Tests.Playmode.dll at Library/ScriptAssemblies/Unity.Collections.Tests.Playmode.dll not valid. Loading of assembly skipped.
Assembly Unity.InputSystem.IntegrationTests.dll at Library/ScriptAssemblies/Unity.InputSystem.IntegrationTests.dll not valid. Loading of assembly skipped.
Assembly Unity.Mathematics.Tests.dll at Library/ScriptAssemblies/Unity.Mathematics.Tests.dll not valid. Loading of assembly skipped.
Assembly Unity.Multiplayer.Center.Editor.Tests.dll at Library/ScriptAssemblies/Unity.Multiplayer.Center.Editor.Tests.dll not valid. Loading of assembly skipped.
Assembly Unity.Multiplayer.Center.Tests.dll at Library/ScriptAssemblies/Unity.Multiplayer.Center.Tests.dll not valid. Loading of assembly skipped.
Assembly Unity.Nuget.Mono-Cecil.dll at Library/ScriptAssemblies/Unity.Nuget.Mono-Cecil.dll not valid. Loading of assembly skipped.
Assembly Unity.PathTracing.Editor.Tests.dll at Library/ScriptAssemblies/Unity.PathTracing.Editor.Tests.dll not valid. Loading of assembly skipped.
Assembly Unity.PathTracing.Runtime.Tests.dll at Library/ScriptAssemblies/Unity.PathTracing.Runtime.Tests.dll not valid. Loading of assembly skipped.
Assembly Unity.RenderPipelines.Core.Editor.Tests.dll at Library/ScriptAssemblies/Unity.RenderPipelines.Core.Editor.Tests.dll not valid. Loading of assembly skipped.
Assembly Unity.RenderPipelines.Core.Runtime.Tests.dll at Library/ScriptAssemblies/Unity.RenderPipelines.Core.Runtime.Tests.dll not valid. Loading of assembly skipped.
Assembly Unity.RenderPipelines.Universal.Config.Editor.Tests.dll at Library/ScriptAssemblies/Unity.RenderPipelines.Universal.Config.Editor.Tests.dll not valid. Loading of assembly skipped.
Assembly Unity.RenderPipelines.Universal.Editor.Tests.dll at Library/ScriptAssemblies/Unity.RenderPipelines.Universal.Editor.Tests.dll not valid. Loading of assembly skipped.
Assembly Unity.RenderPipelines.Universal.Runtime.Tests.dll at Library/ScriptAssemblies/Unity.RenderPipelines.Universal.Runtime.Tests.dll not valid. Loading of assembly skipped.
Assembly Unity.Searcher.EditorTests.dll at Library/ScriptAssemblies/Unity.Searcher.EditorTests.dll not valid. Loading of assembly skipped.
Assembly Unity.Settings.Tests.dll at Library/ScriptAssemblies/Unity.Settings.Tests.dll not valid. Loading of assembly skipped.
Assembly Unity.ShaderGraph.Editor.Tests.dll at Library/ScriptAssemblies/Unity.ShaderGraph.Editor.Tests.dll not valid. Loading of assembly skipped.
Assembly Unity.TextMeshPro.Editor.Tests.dll at Library/ScriptAssemblies/Unity.TextMeshPro.Editor.Tests.dll not valid. Loading of assembly skipped.
Assembly Unity.TextMeshPro.Tests.dll at Library/ScriptAssemblies/Unity.TextMeshPro.Tests.dll not valid. Loading of assembly skipped.
Assembly Unity.UnifiedRayTracing.Editor.Tests.dll at Library/ScriptAssemblies/Unity.UnifiedRayTracing.Editor.Tests.dll not valid. Loading of assembly skipped.
Assembly UnityEditor.UI.Common.Tests.dll at Library/ScriptAssemblies/UnityEditor.UI.Common.Tests.dll not valid. Loading of assembly skipped.
Assembly UnityEditor.UI.EditorTests.dll at Library/ScriptAssemblies/UnityEditor.UI.EditorTests.dll not valid. Loading of assembly skipped.
Assembly UnityEngine.UI.Tests.dll at Library/ScriptAssemblies/UnityEngine.UI.Tests.dll not valid. Loading of assembly skipped.
Assembly reference Packages/com.unity.cinemachine/Editor/Samples/ExposeHDRPInternals/HDRP-Editor-ref.asmref has no target assembly definition
Script 'CharacterController' has the same name as built-in Unity component.
AddComponent and GetComponent will not work with this script.
'Packages/com.unity.cinemachine/Editor/Obsolete/CinemachineVirtualCameraBaseEditor.cs' contains partial class of Unity.Object, exactly 1 of the partial classes needs to be in a file with the same filename. This is to know the one that can be referenced from ie. GameObjects
'Packages/com.unity.cinemachine/Editor/Editors/CinemachineVirtualCameraBaseEditor.cs' contains partial class of Unity.Object, exactly 1 of the partial classes needs to be in a file with the same filename. This is to know the one that can be referenced from ie. GameObjects
Refreshing native plugins compatible for Editor in 14.40 ms, found 5 plugins.
Native extension for WindowsStandalone target not found
Assembly reference Packages/com.unity.cinemachine/Editor/Samples/ExposeHDRPInternals/HDRP-Editor-ref.asmref has no target assembly definition
[Package Manager] Failed to launch server process. Reason: Unity was launched with the -noUpm command-line argument
[Package Manager] Unable to send message (not connected to server process).
[Package Manager] Cannot connect to Unity Package Manager local server
[Package Manager] Failed to launch server process. Reason: Unity was launched with the -noUpm command-line argument
[Package Manager] Unable to send message (not connected to server process).
[Package Manager] Cannot connect to Unity Package Manager local server
[Package Manager] Failed to launch server process. Reason: Unity was launched with the -noUpm command-line argument
[Package Manager] Unable to send message (not connected to server process).
[Package Manager] Cannot connect to Unity Package Manager local server
Refreshing native plugins compatible for Editor in 9.87 ms, found 5 plugins.
ScheduleIndexationOnStartup MainProcess:False IndexOnStartup:True
Shader 'Universal Render Pipeline/Autodesk Interactive/AutodeskInteractive': fallback shader 'Hidden/Shader Graph/FallbackError' not found
Shader 'Universal Render Pipeline/Autodesk Interactive/AutodeskInteractiveTransparent': fallback shader 'Hidden/Shader Graph/FallbackError' not found
Shader 'Universal Render Pipeline/Autodesk Interactive/AutodeskInteractiveMasked': fallback shader 'Hidden/Shader Graph/FallbackError' not found
Shader 'Universal Render Pipeline/Nature/SpeedTree8_PBRLit': fallback shader 'Hidden/Shader Graph/FallbackError' not found
Shader 'Universal Render Pipeline/Nature/SpeedTree9_URP': fallback shader 'Hidden/Shader Graph/FallbackError' not found
Shader 'Universal Render Pipeline/Terrain/Lit': fallback shader 'Hidden/Universal Render Pipeline/FallbackError' not found
Shader 'Universal Render Pipeline/Terrain/Lit': dependency 'AddPassShader' shader 'Hidden/Universal Render Pipeline/Terrain/Lit (Add Pass)' not found
Shader 'Universal Render Pipeline/Terrain/Lit': dependency 'BaseMapShader' shader 'Hidden/Universal Render Pipeline/Terrain/Lit (Base Pass)' not found
Shader 'Universal Render Pipeline/Terrain/Lit': dependency 'BaseMapGenShader' shader 'Hidden/Universal Render Pipeline/Terrain/Lit (Basemap Gen)' not found
Shader 'Shader Graphs/Decal': fallback shader 'Hidden/Shader Graph/FallbackError' not found
Mono: successfully reloaded assembly
- Finished resetting the current domain, in  2.795 seconds
Domain Reload Profiling: 22930ms
	BeginReloadAssembly (570ms)
		DisableScriptedObjects (19ms)
		CreateAndSetChildDomain (72ms)
	RebuildCommonClasses (125ms)
	RebuildNativeTypeToScriptingClass (42ms)
	initialDomainReloadingComplete (15587ms)
	LoadAllAssembliesAndSetupDomain (3809ms)
		LoadAssemblies (2917ms)
		AnalyzeDomain (1207ms)
			TypeCache.Refresh (864ms)
				TypeCache.ScanAssembly (799ms)
			BuildScriptInfoCaches (297ms)
			ResolveRequiredComponents (39ms)
	FinalizeReload (2797ms)
		SetupLoadedEditorAssemblies (0ms)
			InitializePlatformSupportModulesInManaged (6ms)
			BeforeProcessingInitializeOnLoad (521ms)
			ProcessInitializeOnLoadAttributes (1148ms)
			ProcessInitializeOnLoadMethodAttributes (489ms)
			AfterProcessingInitializeOnLoad (24ms)
		AwakeInstancesAfterBackupRestoration (22ms)
WARNING: Shader Unsupported: 'Hidden/Universal Render Pipeline/Terrain/Lit (Base Pass)' - All subshaders removed
WARNING: Shader Did you use #pragma only_renderers and omit this platform?
WARNING: Shader If subshaders removal was intentional, you may have forgotten turning Fallback off?
Launched and connected shader compiler UnityShaderCompiler.exe after 0.06 seconds
Refreshing native plugins compatible for Editor in 8.53 ms, found 5 plugins.
Unloading 26 Unused Serialized files (Serialized files now loaded: 0)
Unloading 7661 unused Assets / (6.2 MB). Loaded Objects now: 8485.
Memory consumption went from 165.7 MB to 159.5 MB.
Total: 29.723200 ms (FindLiveObjects: 2.217200 ms CreateObjectMapping: 2.388300 ms MarkObjects: 17.563500 ms  DeleteObjects: 7.548800 ms)

========================================================================
Received Import Request.
  Time since last request: 1739576.707430 seconds.
  path: Assets/AnimationController/Player 1.controller
  importAddress: Guid(5688ae130ee8a3b4c8401ea2d5fa4bd4) Importer(2089858483,b0f066a214c2f5e87bad3c948f4d605d)
Start importing Assets/AnimationController/Player 1.controller using Guid(5688ae130ee8a3b4c8401ea2d5fa4bd4) Importer(2089858483,b0f066a214c2f5e87bad3c948f4d605d) (ScriptedImporter) -> (Import Result ID: '54f491324008348b98e7bd3baa88e65c') in 0.230742 seconds [static and dynamic dependencies]. Details - ImportResultOutputID=4bf1d2c0894d093d95cd621ed9ed9143 DependenciesID=6c318f5d138b5d46f106c53b4ebca90f StaticDependenciesID=25ad6e4ac74dd457efc4e77e759a648c 
Number of updated asset objects reloaded before import = 0Number of asset objects unloaded after import = 4

========================================================================
Received Import Request.
  Time since last request: 0.000056 seconds.
  path: Assets/Settings/Lit2DSceneTemplate.scenetemplate
  importAddress: Guid(d03ed43fc9d8a4f2e9fa70c1c7916eb9) Importer(2089858483,b0f066a214c2f5e87bad3c948f4d605d)
Start importing Assets/Settings/Lit2DSceneTemplate.scenetemplate using Guid(d03ed43fc9d8a4f2e9fa70c1c7916eb9) Importer(2089858483,b0f066a214c2f5e87bad3c948f4d605d) (ScriptedImporter) -> (Import Result ID: '26dcccb1fe5f8a68c9d11b1797201b6b') in 0.2244449 seconds [static and dynamic dependencies]. Details - ImportResultOutputID=eb983ac868217a4deada7e4db30c6d4e DependenciesID=5c0bd2cb90af4e2791144fb1182f67c3 StaticDependenciesID=8fcf58ac9945924203f704a338d26430 
Number of updated asset objects reloaded before import = 0Number of asset objects unloaded after import = 3

========================================================================
Received Import Request.
  Time since last request: 0.000067 seconds.
  path: Assets/Sprites/Main Characters/Virtual Guy/Double Jump (32x32).png
  importAddress: Guid(cd943bf81b82fb54597224e0832611c0) Importer(2089858483,b0f066a214c2f5e87bad3c948f4d605d)
Start importing Assets/Sprites/Main Characters/Virtual Guy/Double Jump (32x32).png using Guid(cd943bf81b82fb54597224e0832611c0) Importer(2089858483,b0f066a214c2f5e87bad3c948f4d605d) (ScriptedImporter) -> (Import Result ID: '1e2a7e394338026adeb095aca7c09645') in 0.1558963 seconds [static and dynamic dependencies]. Details - ImportResultOutputID=42e60d5654ac907a54b32d8d85ac504f DependenciesID=2ad31c89ec27c422a1cffd98fbe829b0 StaticDependenciesID=4fdf66daf412420762584c7dadc76689 
Number of updated asset objects reloaded before import = 0Number of asset objects unloaded after import = 8

========================================================================
Received Import Request.
  Time since last request: 0.000038 seconds.
  path: Assets/Sprites/Menu/Levels/27.png
  importAddress: Guid(0fc6b460d094d40458891d6139dcda05) Importer(2089858483,b0f066a214c2f5e87bad3c948f4d605d)
Start importing Assets/Sprites/Menu/Levels/27.png using Guid(0fc6b460d094d40458891d6139dcda05) Importer(2089858483,b0f066a214c2f5e87bad3c948f4d605d) (ScriptedImporter) -> (Import Result ID: 'ed037aeecdd26f770574aa49a19efeef') in 0.0450726 seconds [static and dynamic dependencies]. Details - ImportResultOutputID=f4cd38f0deeaf421cf84febaaa406328 DependenciesID=8bbda55aa9fcffe3d780a5e95e57ace2 StaticDependenciesID=93700a2df7af6f22dce05b7106ff3eaf 
Number of updated asset objects reloaded before import = 0Number of asset objects unloaded after import = 3

========================================================================
Received Import Request.
  Time since last request: 0.000080 seconds.
  path: Assets/Sprites/Main Characters/Pink Man/Run (32x32).png
  importAddress: Guid(69f861241d3bc974cb16989a7406ef44) Importer(2089858483,b0f066a214c2f5e87bad3c948f4d605d)
Start importing Assets/Sprites/Main Characters/Pink Man/Run (32x32).png using Guid(69f861241d3bc974cb16989a7406ef44) Importer(2089858483,b0f066a214c2f5e87bad3c948f4d605d) (ScriptedImporter) -> (Import Result ID: '5854669de2c43feac41c6502a5e29a6e') in 0.0657542 seconds [static and dynamic dependencies]. Details - ImportResultOutputID=ea611a4d9ba17c9f295bffcb2cb0368f DependenciesID=30f2a5015a64f0a0f7639790ad6009dc StaticDependenciesID=1b12242e7c971c3fa05959014824b2b7 
Number of updated asset objects reloaded before import = 0Number of asset objects unloaded after import = 14

========================================================================
Received Import Request.
  Time since last request: 0.000061 seconds.
  path: Assets/Sprites/Main Characters/Appearing (96x96).png
  importAddress: Guid(955c02144506912459953338c73da9eb) Importer(2089858483,b0f066a214c2f5e87bad3c948f4d605d)
Start importing Assets/Sprites/Main Characters/Appearing (96x96).png using Guid(955c02144506912459953338c73da9eb) Importer(2089858483,b0f066a214c2f5e87bad3c948f4d605d) (ScriptedImporter) -> (Import Result ID: '21db3121360e89d573c71930a2c09960') in 0.118264 seconds [static and dynamic dependencies]. Details - ImportResultOutputID=1bab9dfca8ac34618a7e11f4c6c60b68 DependenciesID=bd78eb2cd52d73a3f732aabc7c7b10b5 StaticDependenciesID=c9655e0ae99ae1b5bdc687c091d4e09e 
Number of updated asset objects reloaded before import = 0Number of asset objects unloaded after import = 33

========================================================================
Received Import Request.
  Time since last request: 0.000056 seconds.
  path: Assets/Sprites/Other/Dust Particle.png
  importAddress: Guid(6af391f77e369224d998bc62fb9a8952) Importer(2089858483,b0f066a214c2f5e87bad3c948f4d605d)
Start importing Assets/Sprites/Other/Dust Particle.png using Guid(6af391f77e369224d998bc62fb9a8952) Importer(2089858483,b0f066a214c2f5e87bad3c948f4d605d) (ScriptedImporter) -> (Import Result ID: '71f4e6bbc6355eda2082304085242d4a') in 0.0454424 seconds [static and dynamic dependencies]. Details - ImportResultOutputID=f4912accca62bb8bd2b904f561ecd154 DependenciesID=af6b419b4b0490f4ece4639a8a223398 StaticDependenciesID=6894843f3e23a3877b9f646c88d1dbc5 
Number of updated asset objects reloaded before import = 0Number of asset objects unloaded after import = 3

========================================================================
Received Import Request.
  Time since last request: 0.000031 seconds.
  path: Assets/Sprites/Menu/Levels/14.png
  importAddress: Guid(84969eb98d319384f92f8a66503b3878) Importer(2089858483,b0f066a214c2f5e87bad3c948f4d605d)
Start importing Assets/Sprites/Menu/Levels/14.png using Guid(84969eb98d319384f92f8a66503b3878) Importer(2089858483,b0f066a214c2f5e87bad3c948f4d605d) (ScriptedImporter) -> (Import Result ID: '8c1194b158e9222c4f74ce85dd79c50f') in 0.039825 seconds [static and dynamic dependencies]. Details - ImportResultOutputID=9e8529706f06bd51e9c4b6aa11403b38 DependenciesID=b2bd03ee7eba3e248893866d9e13c236 StaticDependenciesID=ba3cbe790363222ad53c894ff172ed9b 
Number of updated asset objects reloaded before import = 0Number of asset objects unloaded after import = 3

========================================================================
Received Import Request.
  Time since last request: 0.000038 seconds.
  path: Assets/Sprites/Menu/Levels/46.png
  importAddress: Guid(244502b5d8a5a9c4890b1fa46e8153ed) Importer(2089858483,b0f066a214c2f5e87bad3c948f4d605d)
Start importing Assets/Sprites/Menu/Levels/46.png using Guid(244502b5d8a5a9c4890b1fa46e8153ed) Importer(2089858483,b0f066a214c2f5e87bad3c948f4d605d) (ScriptedImporter) -> (Import Result ID: '5badd04285ad3c9e73c82b31ea72d7ee') in 0.0392519 seconds [static and dynamic dependencies]. Details - ImportResultOutputID=70d818c63a68acac1e80a26def42423a DependenciesID=9134cd1c4cec377017d6577239480a14 StaticDependenciesID=f31065781397d9518f3d2ebcc1693c03 
Number of updated asset objects reloaded before import = 0Number of asset objects unloaded after import = 3

========================================================================
Received Import Request.
  Time since last request: 0.000051 seconds.
  path: Assets/Sprites/Background/Gray.png
  importAddress: Guid(2da53a3a8b1f3c24d8148f47c61b51b4) Importer(2089858483,b0f066a214c2f5e87bad3c948f4d605d)
Start importing Assets/Sprites/Background/Gray.png using Guid(2da53a3a8b1f3c24d8148f47c61b51b4) Importer(2089858483,b0f066a214c2f5e87bad3c948f4d605d) (ScriptedImporter) -> (Import Result ID: 'c0f877ae2edc5b2d37fcea032d8a4d8c') in 0.0366184 seconds [static and dynamic dependencies]. Details - ImportResultOutputID=004c267ff9b5b0381fed88fd501c04f6 DependenciesID=def78ee0688a167ba432bad4bb7784ff StaticDependenciesID=d28cf1301c99137b0d18b555ee1af799 
Number of updated asset objects reloaded before import = 0Number of asset objects unloaded after import = 3

========================================================================
Received Import Request.
  Time since last request: 0.000031 seconds.
  path: Assets/Sprites/Background/Brown.png
  importAddress: Guid(37e4908a6e4a5a64ba67817ff27569ff) Importer(2089858483,b0f066a214c2f5e87bad3c948f4d605d)
Start importing Assets/Sprites/Background/Brown.png using Guid(37e4908a6e4a5a64ba67817ff27569ff) Importer(2089858483,b0f066a214c2f5e87bad3c948f4d605d) (ScriptedImporter) -> (Import Result ID: 'ce78a8d6b49daabbba5d7fe6257bebdf') in 0.0418339 seconds [static and dynamic dependencies]. Details - ImportResultOutputID=50c083e72a10a93767eb10123221655e DependenciesID=646d354961fec2adc504ca66a11af206 StaticDependenciesID=abeb5af7dfa4a827bc81ba68899eaed9 
Number of updated asset objects reloaded before import = 0Number of asset objects unloaded after import = 3

========================================================================
Received Import Request.
  Time since last request: 0.000033 seconds.
  path: Assets/Sprites/Menu/Levels/19.png
  importAddress: Guid(5a11fbcc8936b6d409f540ffede3f27c) Importer(2089858483,b0f066a214c2f5e87bad3c948f4d605d)
Start importing Assets/Sprites/Menu/Levels/19.png using Guid(5a11fbcc8936b6d409f540ffede3f27c) Importer(2089858483,b0f066a214c2f5e87bad3c948f4d605d) (ScriptedImporter) -> (Import Result ID: '2e2c955a94ad7b08787808f68437d7e7') in 0.0333249 seconds [static and dynamic dependencies]. Details - ImportResultOutputID=b6158788545197b8b41e0a8f28b507c7 DependenciesID=df2c7d454939698b42f62818d5bf5e2c StaticDependenciesID=8b9ffec7e1f818bf083a808df37d7399 
Number of updated asset objects reloaded before import = 0Number of asset objects unloaded after import = 3

========================================================================
Received Import Request.
  Time since last request: 0.000050 seconds.
  path: Assets/Sprites/Menu/Levels/32.png
  importAddress: Guid(f0e6391fa9606ab49a4b5c5308b867b0) Importer(2089858483,b0f066a214c2f5e87bad3c948f4d605d)
Start importing Assets/Sprites/Menu/Levels/32.png using Guid(f0e6391fa9606ab49a4b5c5308b867b0) Importer(2089858483,b0f066a214c2f5e87bad3c948f4d605d) (ScriptedImporter) -> (Import Result ID: '12bd0d9c1c49932f5e8e3d18e92a9e41') in 0.0529468 seconds [static and dynamic dependencies]. Details - ImportResultOutputID=dbd587839a258582d66298c1756e6c55 DependenciesID=d4c1ac041a047ae4a98b8a63b9638454 StaticDependenciesID=7168acf09f5c0063e23af3006c488aef 
Number of updated asset objects reloaded before import = 0Number of asset objects unloaded after import = 3

========================================================================
Received Import Request.
  Time since last request: 0.000039 seconds.
  path: Assets/Sprites/20 Enemies.png
  importAddress: Guid(054fbc2bb9adcd34db74706950c33671) Importer(2089858483,b0f066a214c2f5e87bad3c948f4d605d)
Start importing Assets/Sprites/20 Enemies.png using Guid(054fbc2bb9adcd34db74706950c33671) Importer(2089858483,b0f066a214c2f5e87bad3c948f4d605d) (ScriptedImporter) -> (Import Result ID: '90762f9d052df73b670a07c60a2cbedb') in 0.0467318 seconds [static and dynamic dependencies]. Details - ImportResultOutputID=3c2284a20e3ef54d70acf2a2f7bf30ba DependenciesID=0bc6679487ae72530a82c8db6435cd02 StaticDependenciesID=e2cdf2f22f1ce14af1191fe2757acbc1 
Number of updated asset objects reloaded before import = 0Number of asset objects unloaded after import = 3

========================================================================
Received Import Request.
  Time since last request: 0.000051 seconds.
  path: Assets/Sprites/Terrain/Ground Tiles/Terrain (16x16)_109.asset
  importAddress: Guid(c0cbdb1ed7f99fa43827ef2c9e8b0739) Importer(2089858483,b0f066a214c2f5e87bad3c948f4d605d)
Start importing Assets/Sprites/Terrain/Ground Tiles/Terrain (16x16)_109.asset using Guid(c0cbdb1ed7f99fa43827ef2c9e8b0739) Importer(2089858483,b0f066a214c2f5e87bad3c948f4d605d) (ScriptedImporter) -> (Import Result ID: 'f182e0c6e530799e495744b3bf4cf2a9') in 0.0507085 seconds [static and dynamic dependencies]. Details - ImportResultOutputID=89ff271d8da3a4c3e71186f559d9830e DependenciesID=ad735ea8f4cc8769ca704ef15e4a93ad StaticDependenciesID=963a1a6268deebea1d6c90f5921f590a 
Number of updated asset objects reloaded before import = 0Number of asset objects unloaded after import = 2

========================================================================
Received Import Request.
  Time since last request: 0.000041 seconds.
  path: Assets/Sprites/Menu/Levels/26.png
  importAddress: Guid(0fcf565d8f00db043b6d07184341d634) Importer(2089858483,b0f066a214c2f5e87bad3c948f4d605d)
Start importing Assets/Sprites/Menu/Levels/26.png using Guid(0fcf565d8f00db043b6d07184341d634) Importer(2089858483,b0f066a214c2f5e87bad3c948f4d605d) (ScriptedImporter) -> (Import Result ID: '17fd5bb1c06d3d832081bd1b62cf22f8') in 0.040411 seconds [static and dynamic dependencies]. Details - ImportResultOutputID=ae2d6ce36343398404d8f9b8e42c2a4a DependenciesID=098f05949c96923b6a016a641b308523 StaticDependenciesID=f2810f0aa85ba3e0f2760a3fe5bca938 
Number of updated asset objects reloaded before import = 0Number of asset objects unloaded after import = 3

========================================================================
Received Import Request.
  Time since last request: 0.000043 seconds.
  path: Assets/Sprites/Terrain/Ground Tiles/Terrain (16x16)_126.asset
  importAddress: Guid(daba9a89dbf9102449b7fe3e4680939e) Importer(2089858483,b0f066a214c2f5e87bad3c948f4d605d)
Start importing Assets/Sprites/Terrain/Ground Tiles/Terrain (16x16)_126.asset using Guid(daba9a89dbf9102449b7fe3e4680939e) Importer(2089858483,b0f066a214c2f5e87bad3c948f4d605d) (ScriptedImporter) -> (Import Result ID: 'b555a0a2e04c976d2db333dc082c0cf9') in 0.0335558 seconds [static and dynamic dependencies]. Details - ImportResultOutputID=ff9b9bd13ee12b42eedecafb8bfd3939 DependenciesID=14da1a703b09c0ce130f348ab754e236 StaticDependenciesID=0f953ad4a9745fde230a6eb04b878d7b 
Number of updated asset objects reloaded before import = 0Number of asset objects unloaded after import = 2

========================================================================
Received Import Request.
  Time since last request: 0.000079 seconds.
  path: Assets/Materials/PlayerMat.physicsMaterial2D
  importAddress: Guid(294e2df669cffb94aa5f7264ff962953) Importer(2089858483,b0f066a214c2f5e87bad3c948f4d605d)
Start importing Assets/Materials/PlayerMat.physicsMaterial2D using Guid(294e2df669cffb94aa5f7264ff962953) Importer(2089858483,b0f066a214c2f5e87bad3c948f4d605d) (ScriptedImporter) -> (Import Result ID: '2db38c78c9c56ec92c1e22d91d3ff1c1') in 0.023692 seconds [static and dynamic dependencies]. Details - ImportResultOutputID=adfdadf93c7edb4021c1920af8146202 DependenciesID=eabfeaf34414466cb59ec7f294d43c10 StaticDependenciesID=a000f88c332a593223efedf175676c4d 
Number of updated asset objects reloaded before import = 0Number of asset objects unloaded after import = 1

========================================================================
Received Import Request.
  Time since last request: 0.000028 seconds.
  path: Assets/Sprites/Main Characters/Virtual Guy/Fall (32x32).png
  importAddress: Guid(e936859a21f60af49b9fef69df88e359) Importer(2089858483,b0f066a214c2f5e87bad3c948f4d605d)
Start importing Assets/Sprites/Main Characters/Virtual Guy/Fall (32x32).png using Guid(e936859a21f60af49b9fef69df88e359) Importer(2089858483,b0f066a214c2f5e87bad3c948f4d605d) (ScriptedImporter) -> (Import Result ID: 'b5b3d6d7e1a909d09a6ffe7db89775f6') in 0.0372257 seconds [static and dynamic dependencies]. Details - ImportResultOutputID=849271698fbf72590eb9f3deff50793b DependenciesID=16cb4c3d4d1ab93d97ccc35d2349ad29 StaticDependenciesID=675a580db92eaa8f82595c84d991df49 
Number of updated asset objects reloaded before import = 0Number of asset objects unloaded after import = 3

========================================================================
Received Import Request.
  Time since last request: 0.000034 seconds.
  path: Assets/Sprites/Terrain/Ground Tiles/Terrain (16x16)_139.asset
  importAddress: Guid(6f4fb338466640d4f8b8cb82cb5e53db) Importer(2089858483,b0f066a214c2f5e87bad3c948f4d605d)
Start importing Assets/Sprites/Terrain/Ground Tiles/Terrain (16x16)_139.asset using Guid(6f4fb338466640d4f8b8cb82cb5e53db) Importer(2089858483,b0f066a214c2f5e87bad3c948f4d605d) (ScriptedImporter) -> (Import Result ID: '31faa6e47834b8cd7602280980b6aa82') in 0.0344782 seconds [static and dynamic dependencies]. Details - ImportResultOutputID=696cc25e65454ca246100b9ff1836537 DependenciesID=0c31a98be8d108206d4fd8ce0076d689 StaticDependenciesID=9e88e4b1c5e89cf4e2726c4d97b4906e 
Number of updated asset objects reloaded before import = 0Number of asset objects unloaded after import = 2

========================================================================
Received Import Request.
  Time since last request: 0.000061 seconds.
  path: Assets/Sprites/Terrain/Ground Tiles/Terrain (16x16)_138.asset
  importAddress: Guid(8c370172a35103f42b89e5a08b2f7741) Importer(2089858483,b0f066a214c2f5e87bad3c948f4d605d)
Start importing Assets/Sprites/Terrain/Ground Tiles/Terrain (16x16)_138.asset using Guid(8c370172a35103f42b89e5a08b2f7741) Importer(2089858483,b0f066a214c2f5e87bad3c948f4d605d) (ScriptedImporter) -> (Import Result ID: '870483dd741616b282a8c26abbe8ffd7') in 0.0299767 seconds [static and dynamic dependencies]. Details - ImportResultOutputID=1ef873f25ba4555fba18506555a71c6e DependenciesID=fa19280513f08690a7150a00809fc282 StaticDependenciesID=c4a7ef7ea26ebc353b2780ab7c26d61a 
Number of updated asset objects reloaded before import = 0Number of asset objects unloaded after import = 2

========================================================================
Received Import Request.
  Time since last request: 0.000045 seconds.
  path: Assets/Sprites/Terrain/Ground Tiles/Terrain (16x16)_11.asset
  importAddress: Guid(c8dc35b729f862f4aacadb56b04479b6) Importer(2089858483,b0f066a214c2f5e87bad3c948f4d605d)
Start importing Assets/Sprites/Terrain/Ground Tiles/Terrain (16x16)_11.asset using Guid(c8dc35b729f862f4aacadb56b04479b6) Importer(2089858483,b0f066a214c2f5e87bad3c948f4d605d) (ScriptedImporter) -> (Import Result ID: '4f5848dad23218d05883114036b29d78') in 0.0352351 seconds [static and dynamic dependencies]. Details - ImportResultOutputID=e7e170771bafd5df9475bd276b6dffe9 DependenciesID=cfd7cb5f7c914ad610cede7b9f49e0e1 StaticDependenciesID=4c7dd03d7f8504df6c79014b446a7a2d 
Number of updated asset objects reloaded before import = 0Number of asset objects unloaded after import = 2

========================================================================
Received Import Request.
  Time since last request: 0.000058 seconds.
  path: Assets/Sprites/Terrain/Ground Tiles/Terrain (16x16)_18.asset
  importAddress: Guid(f6e71629e9205074d987507ea9dc29fc) Importer(2089858483,b0f066a214c2f5e87bad3c948f4d605d)
Start importing Assets/Sprites/Terrain/Ground Tiles/Terrain (16x16)_18.asset using Guid(f6e71629e9205074d987507ea9dc29fc) Importer(2089858483,b0f066a214c2f5e87bad3c948f4d605d) (ScriptedImporter) -> (Import Result ID: '4b142fe8e7f8b649619e8a6b813e4a06') in 0.036699 seconds [static and dynamic dependencies]. Details - ImportResultOutputID=20a7d9803cce8bec2fd1f2afa4e53491 DependenciesID=09c8e3590335412d7b53b49c38822693 StaticDependenciesID=d13877d78135690f1e5874d6b0fd1920 
Number of updated asset objects reloaded before import = 0Number of asset objects unloaded after import = 2

========================================================================
Received Import Request.
  Time since last request: 0.000038 seconds.
  path: Assets/UniversalRenderPipelineGlobalSettings.asset
  importAddress: Guid(93b439a37f63240aca3dd4e01d978a9f) Importer(2089858483,b0f066a214c2f5e87bad3c948f4d605d)
Start importing Assets/UniversalRenderPipelineGlobalSettings.asset using Guid(93b439a37f63240aca3dd4e01d978a9f) Importer(2089858483,b0f066a214c2f5e87bad3c948f4d605d) (ScriptedImporter) -> (Import Result ID: '905d8d8bbd105a94bbed96b6b99f0922') in 0.2049958 seconds [static and dynamic dependencies]. Details - ImportResultOutputID=13f5d57e4b8ea8d99e079771d2a61424 DependenciesID=26c80427a353bd078c70c79a1f2ec2a8 StaticDependenciesID=01627840f6a5f5485cc9e5c1202a1787 
Number of updated asset objects reloaded before import = 0Number of asset objects unloaded after import = 0

========================================================================
Received Import Request.
  Time since last request: 0.000048 seconds.
  path: Assets/Sprites/Terrain/Ground Tiles/Terrain (16x16)_29.asset
  importAddress: Guid(daa367762fc55a541b116615d9b0c876) Importer(2089858483,b0f066a214c2f5e87bad3c948f4d605d)
Start importing Assets/Sprites/Terrain/Ground Tiles/Terrain (16x16)_29.asset using Guid(daa367762fc55a541b116615d9b0c876) Importer(2089858483,b0f066a214c2f5e87bad3c948f4d605d) (ScriptedImporter) -> (Import Result ID: 'd9c49696826724ad35e52e845dd2a340') in 0.0316538 seconds [static and dynamic dependencies]. Details - ImportResultOutputID=61deee26fa31e1f7b50c795c4de51168 DependenciesID=f4cd5c48ce8ba27b8231edac575f0c8d StaticDependenciesID=a3d49394c17ad9d27a89c1a52ca5ecea 
Number of updated asset objects reloaded before import = 0Number of asset objects unloaded after import = 2

========================================================================
Received Import Request.
  Time since last request: 0.000029 seconds.
  path: Assets/Sprites/Terrain/Ground Tiles/Terrain (16x16)_107.asset
  importAddress: Guid(58b6906e12deee44a8ddce8d73069cd7) Importer(2089858483,b0f066a214c2f5e87bad3c948f4d605d)
Start importing Assets/Sprites/Terrain/Ground Tiles/Terrain (16x16)_107.asset using Guid(58b6906e12deee44a8ddce8d73069cd7) Importer(2089858483,b0f066a214c2f5e87bad3c948f4d605d) (ScriptedImporter) -> (Import Result ID: 'd002665d2d43cdbe86830774179427c0') in 0.0353962 seconds [static and dynamic dependencies]. Details - ImportResultOutputID=fa539d44d2aa0bbeaec0ae31ea90ec4f DependenciesID=f05aff59f94a373279c31867221c9c0e StaticDependenciesID=6825d5f9970ec28d7830be517527f92d 
Number of updated asset objects reloaded before import = 0Number of asset objects unloaded after import = 2

========================================================================
Received Import Request.
  Time since last request: 0.000039 seconds.
  path: Assets/Sprites/Terrain/Ground Tiles/Terrain (16x16)_35.asset
  importAddress: Guid(36c09d6c44b2497438d6077425998031) Importer(2089858483,b0f066a214c2f5e87bad3c948f4d605d)
Start importing Assets/Sprites/Terrain/Ground Tiles/Terrain (16x16)_35.asset using Guid(36c09d6c44b2497438d6077425998031) Importer(2089858483,b0f066a214c2f5e87bad3c948f4d605d) (ScriptedImporter) -> (Import Result ID: 'cdd460298b8a0e1573af8aa331755fda') in 0.0327016 seconds [static and dynamic dependencies]. Details - ImportResultOutputID=1d612319915f9329313f8ccb5596481a DependenciesID=ece7cd4a6fecb1ef1b487fd74977a611 StaticDependenciesID=40de23a5e0d092337c822532f1b08561 
Number of updated asset objects reloaded before import = 0Number of asset objects unloaded after import = 2

========================================================================
Received Import Request.
  Time since last request: 0.000048 seconds.
  path: Assets/Sprites/Terrain/Ground Tiles/Terrain (16x16)_38.asset
  importAddress: Guid(c362288ff73feac49b05505712c7b7ba) Importer(2089858483,b0f066a214c2f5e87bad3c948f4d605d)
Start importing Assets/Sprites/Terrain/Ground Tiles/Terrain (16x16)_38.asset using Guid(c362288ff73feac49b05505712c7b7ba) Importer(2089858483,b0f066a214c2f5e87bad3c948f4d605d) (ScriptedImporter) -> (Import Result ID: 'a1e0bf3aad52cd5e87929ba599349723') in 0.0271686 seconds [static and dynamic dependencies]. Details - ImportResultOutputID=f44fada5bb98af32b803500e0291d55b DependenciesID=4f4aaa610274b1afea5eb47a1faf0f15 StaticDependenciesID=37412f6943d6e0bebc165cbf1c520e21 
Number of updated asset objects reloaded before import = 0Number of asset objects unloaded after import = 2

========================================================================
Received Import Request.
  Time since last request: 0.000031 seconds.
  path: Assets/Sprites/Menu/Levels/35.png
  importAddress: Guid(2ccd0383a75b5364aa26c28b74d46df4) Importer(2089858483,b0f066a214c2f5e87bad3c948f4d605d)
Start importing Assets/Sprites/Menu/Levels/35.png using Guid(2ccd0383a75b5364aa26c28b74d46df4) Importer(2089858483,b0f066a214c2f5e87bad3c948f4d605d) (ScriptedImporter) -> (Import Result ID: 'bb5698934cc3273f9b338621f6b01f45') in 0.0420691 seconds [static and dynamic dependencies]. Details - ImportResultOutputID=3abef2d7fd7b8743263712e5056e74dc DependenciesID=c63a0aba4f6d6d894f42d3fef245c630 StaticDependenciesID=6636617eb135c1fcbc987a9bd03ad729 
Number of updated asset objects reloaded before import = 0Number of asset objects unloaded after import = 3

========================================================================
Received Import Request.
  Time since last request: 0.000039 seconds.
  path: Assets/Sprites/Terrain/Ground Tiles/Terrain (16x16)_52.asset
  importAddress: Guid(854169c3c17ac134685c71520e5946cc) Importer(2089858483,b0f066a214c2f5e87bad3c948f4d605d)
Start importing Assets/Sprites/Terrain/Ground Tiles/Terrain (16x16)_52.asset using Guid(854169c3c17ac134685c71520e5946cc) Importer(2089858483,b0f066a214c2f5e87bad3c948f4d605d) (ScriptedImporter) -> (Import Result ID: 'fe96d7574d639002d8f2ad3d2376c51e') in 0.0298555 seconds [static and dynamic dependencies]. Details - ImportResultOutputID=da6868b2feb65b1ca0d1b25fc45a12fd DependenciesID=d516f232ca19c5a84f83d6f116fa6165 StaticDependenciesID=aa8abbac1cdba754527b13605e39536e 
Number of updated asset objects reloaded before import = 0Number of asset objects unloaded after import = 2

========================================================================
Received Import Request.
  Time since last request: 0.000051 seconds.
  path: Assets/Sprites/Terrain/Ground Tiles/Terrain (16x16)_48.asset
  importAddress: Guid(b147c9bf9086a784db24bcfe399a4a5e) Importer(2089858483,b0f066a214c2f5e87bad3c948f4d605d)
Start importing Assets/Sprites/Terrain/Ground Tiles/Terrain (16x16)_48.asset using Guid(b147c9bf9086a784db24bcfe399a4a5e) Importer(2089858483,b0f066a214c2f5e87bad3c948f4d605d) (ScriptedImporter) -> (Import Result ID: 'f30d628b31dfb2e91b2a902db578ff71') in 0.0276519 seconds [static and dynamic dependencies]. Details - ImportResultOutputID=bafaf65bfcaffd8239cbe4754fcfb0b3 DependenciesID=0a565581a78f23859c1b6915aece8775 StaticDependenciesID=f9e7b974b75f5d2ee9b4a21c58bf8599 
Number of updated asset objects reloaded before import = 0Number of asset objects unloaded after import = 2

========================================================================
Received Import Request.
  Time since last request: 0.000033 seconds.
  path: Assets/Sprites/Main Characters/Virtual Guy/Run (32x32).png
  importAddress: Guid(8012e7eb0c7124f4d9109154fbaeed5a) Importer(2089858483,b0f066a214c2f5e87bad3c948f4d605d)
Start importing Assets/Sprites/Main Characters/Virtual Guy/Run (32x32).png using Guid(8012e7eb0c7124f4d9109154fbaeed5a) Importer(2089858483,b0f066a214c2f5e87bad3c948f4d605d) (ScriptedImporter) -> (Import Result ID: 'd01ad05cb5eb1800aff9066109e4082c') in 0.0815846 seconds [static and dynamic dependencies]. Details - ImportResultOutputID=61a4ac6073998aa04cab41402a1ccc89 DependenciesID=14c8611ce082612be5030fa38d2a4525 StaticDependenciesID=39a78001ab6bd8ca2679ac0b726bac17 
Number of updated asset objects reloaded before import = 0Number of asset objects unloaded after import = 14

========================================================================
Received Import Request.
  Time since last request: 0.000039 seconds.
  path: Assets/Sprites/Terrain/Ground Tiles/Terrain (16x16)_70.asset
  importAddress: Guid(3804e030af0ec76448b78dafce5cf5c6) Importer(2089858483,b0f066a214c2f5e87bad3c948f4d605d)
Start importing Assets/Sprites/Terrain/Ground Tiles/Terrain (16x16)_70.asset using Guid(3804e030af0ec76448b78dafce5cf5c6) Importer(2089858483,b0f066a214c2f5e87bad3c948f4d605d) (ScriptedImporter) -> (Import Result ID: '85d2c70dda30d993ee1d5c2f2ddf5819') in 0.0332705 seconds [static and dynamic dependencies]. Details - ImportResultOutputID=dd14817be21a02f9d21c7091b025f2ce DependenciesID=6e7d1b5fc8d049294933fe0dacfc11e8 StaticDependenciesID=93b0946ebfe4c7e7c4e506039e89beac 
Number of updated asset objects reloaded before import = 0Number of asset objects unloaded after import = 2

========================================================================
Received Import Request.
  Time since last request: 0.000064 seconds.
  path: Assets/Sprites/Terrain/Ground Tiles/Terrain (16x16)_6.asset
  importAddress: Guid(bcbb4c6135b389d4fba5f2584acaf330) Importer(2089858483,b0f066a214c2f5e87bad3c948f4d605d)
Start importing Assets/Sprites/Terrain/Ground Tiles/Terrain (16x16)_6.asset using Guid(bcbb4c6135b389d4fba5f2584acaf330) Importer(2089858483,b0f066a214c2f5e87bad3c948f4d605d) (ScriptedImporter) -> (Import Result ID: '717c2aca4a5a3a25573924ecd07f0705') in 0.0342109 seconds [static and dynamic dependencies]. Details - ImportResultOutputID=423d68d8d254779e171c3f01dfef0a03 DependenciesID=f5ba704f9d6e92150c491262f5ca0314 StaticDependenciesID=dbb626a3104afd06b04a04cf038f305c 
Number of updated asset objects reloaded before import = 0Number of asset objects unloaded after import = 2

========================================================================
Received Import Request.
  Time since last request: 0.000027 seconds.
  path: Assets/Sprites/Terrain/Ground Tiles/Terrain (16x16)_79.asset
  importAddress: Guid(005e70479f43cb84594ac634f3719762) Importer(2089858483,b0f066a214c2f5e87bad3c948f4d605d)
Start importing Assets/Sprites/Terrain/Ground Tiles/Terrain (16x16)_79.asset using Guid(005e70479f43cb84594ac634f3719762) Importer(2089858483,b0f066a214c2f5e87bad3c948f4d605d) (ScriptedImporter) -> (Import Result ID: '3d4f86c72acdc562fe141ee8d193e349') in 0.0310483 seconds [static and dynamic dependencies]. Details - ImportResultOutputID=0de0ef8cd5f472d4b5a0d1362c245cfb DependenciesID=ffa7d3ce513bb688f84a5612222a1e28 StaticDependenciesID=042007b4be4324c1e8f815678ad11a45 
Number of updated asset objects reloaded before import = 0Number of asset objects unloaded after import = 2

========================================================================
Received Import Request.
  Time since last request: 0.000039 seconds.
  path: Assets/Sprites/Menu/Levels/36.png
  importAddress: Guid(a2088899de825554c87b3d2ffed2fdcd) Importer(2089858483,b0f066a214c2f5e87bad3c948f4d605d)
Start importing Assets/Sprites/Menu/Levels/36.png using Guid(a2088899de825554c87b3d2ffed2fdcd) Importer(2089858483,b0f066a214c2f5e87bad3c948f4d605d) (ScriptedImporter) -> (Import Result ID: '592d33243f240fa2c88ce014c355e45d') in 0.0512285 seconds [static and dynamic dependencies]. Details - ImportResultOutputID=eb2560ad091982cfa67ddb5c16de87d3 DependenciesID=8f278b28e508d3b7d6d9e52029299fe7 StaticDependenciesID=24e54e0d4153614e1f9b147815cebea6 
Number of updated asset objects reloaded before import = 0Number of asset objects unloaded after import = 3

========================================================================
Received Import Request.
  Time since last request: 0.000103 seconds.
  path: Assets/Sprites/Menu/Levels/33.png
  importAddress: Guid(3ea65d84033b6c54eb7f2d16f29b6674) Importer(2089858483,b0f066a214c2f5e87bad3c948f4d605d)
Start importing Assets/Sprites/Menu/Levels/33.png using Guid(3ea65d84033b6c54eb7f2d16f29b6674) Importer(2089858483,b0f066a214c2f5e87bad3c948f4d605d) (ScriptedImporter) -> (Import Result ID: '172c7a06ba981d0af7b4f453946dc42c') in 0.0360027 seconds [static and dynamic dependencies]. Details - ImportResultOutputID=35922cff0b818b530e373c1d571739f9 DependenciesID=c4bb4d9b3127b06db13777d95f080fe7 StaticDependenciesID=b4db6696331b0bcb8496383bafd79474 
Number of updated asset objects reloaded before import = 0Number of asset objects unloaded after import = 3

========================================================================
Received Import Request.
  Time since last request: 0.000030 seconds.
  path: Assets/Sprites/Terrain/Ground Tiles/Terrain (16x16)_93.asset
  importAddress: Guid(52c3dd90f7547e142a88a6d9dd4f37c4) Importer(2089858483,b0f066a214c2f5e87bad3c948f4d605d)
Start importing Assets/Sprites/Terrain/Ground Tiles/Terrain (16x16)_93.asset using Guid(52c3dd90f7547e142a88a6d9dd4f37c4) Importer(2089858483,b0f066a214c2f5e87bad3c948f4d605d) (ScriptedImporter) -> (Import Result ID: 'd424b1d119eb1ac8c51767f50b6aca56') in 0.0285187 seconds [static and dynamic dependencies]. Details - ImportResultOutputID=ab8ababe5830a20d0ed890aa57a30bb6 DependenciesID=70e1122a3a7dbd2074ec5c30de9e0a3e StaticDependenciesID=a4de36692fb1fa42692136e8a4798872 
Number of updated asset objects reloaded before import = 0Number of asset objects unloaded after import = 2

========================================================================
Received Import Request.
  Time since last request: 0.000043 seconds.
  path: Assets/Sprites/Terrain/Ground Tiles/Terrain (16x16)_9.asset
  importAddress: Guid(dde65f8aacd45294caad29de99884cfc) Importer(2089858483,b0f066a214c2f5e87bad3c948f4d605d)
Start importing Assets/Sprites/Terrain/Ground Tiles/Terrain (16x16)_9.asset using Guid(dde65f8aacd45294caad29de99884cfc) Importer(2089858483,b0f066a214c2f5e87bad3c948f4d605d) (ScriptedImporter) -> (Import Result ID: 'c5cd93ac83a34fa39ab6e8cc3e74f0d9') in 0.0312809 seconds [static and dynamic dependencies]. Details - ImportResultOutputID=7fee4c02e864f7bf15c1c9aa26e2909d DependenciesID=42ac2ecb0362dc465f1922b89467f8ba StaticDependenciesID=edf84a3262b6287dd4f2f918e1437d2f 
Number of updated asset objects reloaded before import = 0Number of asset objects unloaded after import = 2

========================================================================
Received Import Request.
  Time since last request: 0.000046 seconds.
  path: Assets/Sprites/Menu/Levels/34.png
  importAddress: Guid(e0d17747059938b4398870083f461723) Importer(2089858483,b0f066a214c2f5e87bad3c948f4d605d)
Start importing Assets/Sprites/Menu/Levels/34.png using Guid(e0d17747059938b4398870083f461723) Importer(2089858483,b0f066a214c2f5e87bad3c948f4d605d) (ScriptedImporter) -> (Import Result ID: '4b0d6d1dfcf9c6a596a200dd02ff056e') in 0.0586905 seconds [static and dynamic dependencies]. Details - ImportResultOutputID=f4854bce0bec1f293233f6715b6788e8 DependenciesID=d716c816b9b47cbe1fe8de2df79efbe4 StaticDependenciesID=1fbb9e72037d8f080d08405c9d4b2232 
Number of updated asset objects reloaded before import = 0Number of asset objects unloaded after import = 3

========================================================================
Received Import Request.
  Time since last request: 0.000032 seconds.
  path: Assets/Sprites/Terrain/Ground Tiles/Terrain (16x16)_99.asset
  importAddress: Guid(0bbe66cde7fa25a439f24e6e7725fb05) Importer(2089858483,b0f066a214c2f5e87bad3c948f4d605d)
Start importing Assets/Sprites/Terrain/Ground Tiles/Terrain (16x16)_99.asset using Guid(0bbe66cde7fa25a439f24e6e7725fb05) Importer(2089858483,b0f066a214c2f5e87bad3c948f4d605d) (ScriptedImporter) -> (Import Result ID: 'acca7a274e265a92b58076d62dd0a75e') in 0.0301415 seconds [static and dynamic dependencies]. Details - ImportResultOutputID=48e503ef3f821cdba095c2e094165911 DependenciesID=3ee88cba739486ec6eab2e88e43d9022 StaticDependenciesID=0cd15e30fb64b13e95d65a23f8bf692d 
Number of updated asset objects reloaded before import = 0Number of asset objects unloaded after import = 2

========================================================================
Received Import Request.
  Time since last request: 0.000074 seconds.
  path: Assets/Sprites/Traps/Arrow/Idle (18x18).png
  importAddress: Guid(0394c6eb27cb3474897df023b7e169c1) Importer(2089858483,b0f066a214c2f5e87bad3c948f4d605d)
Start importing Assets/Sprites/Traps/Arrow/Idle (18x18).png using Guid(0394c6eb27cb3474897df023b7e169c1) Importer(2089858483,b0f066a214c2f5e87bad3c948f4d605d) (ScriptedImporter) -> (Import Result ID: '054886c88499fe826b627ec3db76c766') in 0.0685426 seconds [static and dynamic dependencies]. Details - ImportResultOutputID=7cf70a4ae48f78dea733cd9d72285e0b DependenciesID=d5cbdcf2db6ff3caf1577f08ff6d9158 StaticDependenciesID=cddb23a75820a7470a2cadb506fafcfc 
Number of updated asset objects reloaded before import = 0Number of asset objects unloaded after import = 11

========================================================================
Received Import Request.
  Time since last request: 0.000040 seconds.
  path: Assets/Sprites/Traps/Platforms/Brown Off.png
  importAddress: Guid(c45289f60804db64cb6f4736398450b3) Importer(2089858483,b0f066a214c2f5e87bad3c948f4d605d)
Start importing Assets/Sprites/Traps/Platforms/Brown Off.png using Guid(c45289f60804db64cb6f4736398450b3) Importer(2089858483,b0f066a214c2f5e87bad3c948f4d605d) (ScriptedImporter) -> (Import Result ID: 'c4c5411b1ff2eea83f688c5ef408092b') in 0.036984 seconds [static and dynamic dependencies]. Details - ImportResultOutputID=5404305c8379639475f028fd03ddf650 DependenciesID=187e931b2073943e6e86dec896b856da StaticDependenciesID=27771db8ba311fd7ae39fa4db64c76e4 
Number of updated asset objects reloaded before import = 0Number of asset objects unloaded after import = 3

========================================================================
Received Import Request.
  Time since last request: 0.000051 seconds.
  path: Assets/Sprites/Traps/Platforms/Grey On (32x8).png
  importAddress: Guid(ded37dd4cd026a7419f2522246a2e1c5) Importer(2089858483,b0f066a214c2f5e87bad3c948f4d605d)
Start importing Assets/Sprites/Traps/Platforms/Grey On (32x8).png using Guid(ded37dd4cd026a7419f2522246a2e1c5) Importer(2089858483,b0f066a214c2f5e87bad3c948f4d605d) (ScriptedImporter) -> (Import Result ID: '9e39ed4da097587d04b1e6ebe21b438a') in 0.0444292 seconds [static and dynamic dependencies]. Details - ImportResultOutputID=83bb8e055225a3fafbb449df5835b28e DependenciesID=549140f92d9773c29657f0bc3b9e7deb StaticDependenciesID=fe2afcadbf7d6b39eb1105ef9d18ba8b 
Number of updated asset objects reloaded before import = 0Number of asset objects unloaded after import = 3

========================================================================
Received Import Request.
  Time since last request: 0.000033 seconds.
  path: Assets/Sprites/Traps/Rock Head/Bottom Hit (42x42).png
  importAddress: Guid(10912f86eb2744f4d98c5405eaa058c2) Importer(2089858483,b0f066a214c2f5e87bad3c948f4d605d)
Start importing Assets/Sprites/Traps/Rock Head/Bottom Hit (42x42).png using Guid(10912f86eb2744f4d98c5405eaa058c2) Importer(2089858483,b0f066a214c2f5e87bad3c948f4d605d) (ScriptedImporter) -> (Import Result ID: '5fa4f0ea0f8f9d2eabe3828bb1cd1fb1') in 0.0583396 seconds [static and dynamic dependencies]. Details - ImportResultOutputID=7455c1def55cb898b5bab2fc5a5cbade DependenciesID=020416a57fcf4b8ad99de77644fa322a StaticDependenciesID=c94eac2f60e93925e74853dc962e96a1 
Number of updated asset objects reloaded before import = 0Number of asset objects unloaded after import = 5

========================================================================
Received Import Request.
  Time since last request: 0.000034 seconds.
  path: Assets/Sprites/Terrain/Ground Tiles/Terrain (16x16)_91.asset
  importAddress: Guid(fa3888a529825034bb56f41d70ba6c8e) Importer(2089858483,b0f066a214c2f5e87bad3c948f4d605d)
Start importing Assets/Sprites/Terrain/Ground Tiles/Terrain (16x16)_91.asset using Guid(fa3888a529825034bb56f41d70ba6c8e) Importer(2089858483,b0f066a214c2f5e87bad3c948f4d605d) (ScriptedImporter) -> (Import Result ID: '04a89746148430e66ce271f4012bad82') in 0.0297384 seconds [static and dynamic dependencies]. Details - ImportResultOutputID=a31d696cb3011b5daa0254d5011ae713 DependenciesID=ec9deb0322720e4d5e8fa2d6b8bab192 StaticDependenciesID=1db464365827234a9333034116160728 
Number of updated asset objects reloaded before import = 0Number of asset objects unloaded after import = 2

========================================================================
Received Import Request.
  Time since last request: 0.000060 seconds.
  path: Assets/Sprites/Traps/Saw/Off.png
  importAddress: Guid(da8485fcf511fa04c9eb6f0f45e15d48) Importer(2089858483,b0f066a214c2f5e87bad3c948f4d605d)
Start importing Assets/Sprites/Traps/Saw/Off.png using Guid(da8485fcf511fa04c9eb6f0f45e15d48) Importer(2089858483,b0f066a214c2f5e87bad3c948f4d605d) (ScriptedImporter) -> (Import Result ID: 'ce1c7ced31e05868cb5c87c9088efcbc') in 0.0364865 seconds [static and dynamic dependencies]. Details - ImportResultOutputID=828946bd4b146975c11e01cd81a72e41 DependenciesID=d02d64a89fe885f0034ef8e9ccb1afcd StaticDependenciesID=f58905f95472e5ebd2fcf53070597775 
Number of updated asset objects reloaded before import = 0Number of asset objects unloaded after import = 3

========================================================================
Received Import Request.
  Time since last request: 0.000043 seconds.
  path: Assets/Sprites/Traps/Trampoline/Jump (28x28).png
  importAddress: Guid(8a197422e20827b41a1c1e9ce020d141) Importer(2089858483,b0f066a214c2f5e87bad3c948f4d605d)
Start importing Assets/Sprites/Traps/Trampoline/Jump (28x28).png using Guid(8a197422e20827b41a1c1e9ce020d141) Importer(2089858483,b0f066a214c2f5e87bad3c948f4d605d) (ScriptedImporter) -> (Import Result ID: 'e4351906c42497f2e3efb9063e8dcece') in 0.0552095 seconds [static and dynamic dependencies]. Details - ImportResultOutputID=6baecb28d07a9cbc5cc15cc23e361355 DependenciesID=efdf5c86a6eb614ff97a23a5c9fa048e StaticDependenciesID=e5e2dbf0ac72cdfbf89586b552d91978 
Number of updated asset objects reloaded before import = 0Number of asset objects unloaded after import = 10

========================================================================
Received Import Request.
  Time since last request: 0.000044 seconds.
  path: Assets/Sprites/Items/Boxes/Box1/Hit (28x24).png
  importAddress: Guid(a271f42e486955648816a2be3826a877) Importer(2089858483,b0f066a214c2f5e87bad3c948f4d605d)
Start importing Assets/Sprites/Items/Boxes/Box1/Hit (28x24).png using Guid(a271f42e486955648816a2be3826a877) Importer(2089858483,b0f066a214c2f5e87bad3c948f4d605d) (ScriptedImporter) -> (Import Result ID: '8cf9b90c289598b4ff1b73ad2ae53422') in 0.0576107 seconds [static and dynamic dependencies]. Details - ImportResultOutputID=1bd27ba27581258d2b4699e19333645e DependenciesID=c1cdaaa70200055dadf02fad4710e4ca StaticDependenciesID=7b8a0b793010c4ea7b73694d8032d71d 
Number of updated asset objects reloaded before import = 0Number of asset objects unloaded after import = 5

========================================================================
Received Import Request.
  Time since last request: 0.000058 seconds.
  path: Assets/Sprites/Terrain/Ground Tiles/Terrain (16x16)_110.asset
  importAddress: Guid(c6b163afa3287014cb5376550e9d720c) Importer(2089858483,b0f066a214c2f5e87bad3c948f4d605d)
Start importing Assets/Sprites/Terrain/Ground Tiles/Terrain (16x16)_110.asset using Guid(c6b163afa3287014cb5376550e9d720c) Importer(2089858483,b0f066a214c2f5e87bad3c948f4d605d) (ScriptedImporter) -> (Import Result ID: 'b08bee21083f6297726a52ef12fe227b') in 0.0319894 seconds [static and dynamic dependencies]. Details - ImportResultOutputID=32046afc7024a2b379c74da0ff190488 DependenciesID=99d76fb0ff69328c7857961020cf8085 StaticDependenciesID=2509b176c3fa7ec626f2ae4b01e8020f 
Number of updated asset objects reloaded before import = 0Number of asset objects unloaded after import = 2

========================================================================
Received Import Request.
  Time since last request: 0.000046 seconds.
  path: Assets/Sprites/Items/Boxes/Box3/Hit (28x24).png
  importAddress: Guid(3893a30c289e3bb4ca71e1f16914af55) Importer(2089858483,b0f066a214c2f5e87bad3c948f4d605d)
Start importing Assets/Sprites/Items/Boxes/Box3/Hit (28x24).png using Guid(3893a30c289e3bb4ca71e1f16914af55) Importer(2089858483,b0f066a214c2f5e87bad3c948f4d605d) (ScriptedImporter) -> (Import Result ID: 'cadf7da6b87ca50930d0c6afd2026a48') in 0.0363307 seconds [static and dynamic dependencies]. Details - ImportResultOutputID=7dc3af14464979bd93f47f20c68f63fb DependenciesID=387e770be631c2359933ce6ed3faf9b6 StaticDependenciesID=b2c2102ada5fe30ab3123b698d9607a7 
Number of updated asset objects reloaded before import = 0Number of asset objects unloaded after import = 4

========================================================================
Received Import Request.
  Time since last request: 0.000043 seconds.
  path: Assets/Sprites/Terrain/Ground Tiles/Terrain (16x16)_63.asset
  importAddress: Guid(3472c8f4fa92bed4a9484239587dccac) Importer(2089858483,b0f066a214c2f5e87bad3c948f4d605d)
Start importing Assets/Sprites/Terrain/Ground Tiles/Terrain (16x16)_63.asset using Guid(3472c8f4fa92bed4a9484239587dccac) Importer(2089858483,b0f066a214c2f5e87bad3c948f4d605d) (ScriptedImporter) -> (Import Result ID: '9dcdc4e928a391f352248d0cd03979b7') in 0.0286707 seconds [static and dynamic dependencies]. Details - ImportResultOutputID=28a92c9e74381758bb8c6a02468f5827 DependenciesID=8a562c3de28d06561199edcb7f86b617 StaticDependenciesID=ac6ba4993417d5f8ae53a53ed2f88fb5 
Number of updated asset objects reloaded before import = 0Number of asset objects unloaded after import = 2

========================================================================
Received Import Request.
  Time since last request: 0.000055 seconds.
  path: Assets/Sprites/Background/Green.png
  importAddress: Guid(b135fbe95baf10b48ada81a63fbf4bc9) Importer(2089858483,b0f066a214c2f5e87bad3c948f4d605d)
Start importing Assets/Sprites/Background/Green.png using Guid(b135fbe95baf10b48ada81a63fbf4bc9) Importer(2089858483,b0f066a214c2f5e87bad3c948f4d605d) (ScriptedImporter) -> (Import Result ID: 'b28b045d1203baa5ed31e85377873af6') in 0.0474754 seconds [static and dynamic dependencies]. Details - ImportResultOutputID=812231c3a7f50fa183e3395fa208355b DependenciesID=6bbab8cfd88100475464555f3007683b StaticDependenciesID=8d2e54108fcd3d574d417d167041d7ee 
Number of updated asset objects reloaded before import = 0Number of asset objects unloaded after import = 3

========================================================================
Received Import Request.
  Time since last request: 0.000030 seconds.
  path: Assets/Sprites/Terrain/Ground Tiles/Terrain (16x16)_12.asset
  importAddress: Guid(da2c54ca7158bff4c86974b5dd0b32b2) Importer(2089858483,b0f066a214c2f5e87bad3c948f4d605d)
Start importing Assets/Sprites/Terrain/Ground Tiles/Terrain (16x16)_12.asset using Guid(da2c54ca7158bff4c86974b5dd0b32b2) Importer(2089858483,b0f066a214c2f5e87bad3c948f4d605d) (ScriptedImporter) -> (Import Result ID: 'bb549c4744665ee6d6c4dcb0f8ba22ce') in 0.0316996 seconds [static and dynamic dependencies]. Details - ImportResultOutputID=5cb48915635cffffd4f63b40df760f0f DependenciesID=f3c5738d487705f9eb872342fd0dbedc StaticDependenciesID=e2c35319ea73badf4aa2dd4c3f808213 
Number of updated asset objects reloaded before import = 0Number of asset objects unloaded after import = 2

========================================================================
Received Import Request.
  Time since last request: 0.000041 seconds.
  path: Assets/AnimationController/Player.controller
  importAddress: Guid(55728c9bc02ed234ab266a632688be8f) Importer(2089858483,b0f066a214c2f5e87bad3c948f4d605d)
Start importing Assets/AnimationController/Player.controller using Guid(55728c9bc02ed234ab266a632688be8f) Importer(2089858483,b0f066a214c2f5e87bad3c948f4d605d) (ScriptedImporter) -> (Import Result ID: '5dea001c6ca30d364cfcc7675881f336') in 0.0269187 seconds [static and dynamic dependencies]. Details - ImportResultOutputID=92f724ed1730ef864d813ae75e3f4a56 DependenciesID=e4bb0bb9ba6bf40ab8f283680c25e859 StaticDependenciesID=23112081e916d513c9b17f969e1c94b3 
Number of updated asset objects reloaded before import = 0Number of asset objects unloaded after import = 2

========================================================================
Received Import Request.
  Time since last request: 0.000044 seconds.
  path: Assets/Sprites/Traps/Spike Head/Idle.png
  importAddress: Guid(7fdcffacf6901ce4b94ab7fe3e2879b7) Importer(2089858483,b0f066a214c2f5e87bad3c948f4d605d)
Start importing Assets/Sprites/Traps/Spike Head/Idle.png using Guid(7fdcffacf6901ce4b94ab7fe3e2879b7) Importer(2089858483,b0f066a214c2f5e87bad3c948f4d605d) (ScriptedImporter) -> (Import Result ID: '7639c7dfdc225a51d6142fc2cf4aca7a') in 0.0373563 seconds [static and dynamic dependencies]. Details - ImportResultOutputID=9a7b849472eb334efe559bef61681d13 DependenciesID=c83ab5da4ff2af1b8762706a1348090f StaticDependenciesID=4f86ae57733d1068e40e29585a8e86ae 
Number of updated asset objects reloaded before import = 0Number of asset objects unloaded after import = 3

========================================================================
Received Import Request.
  Time since last request: 0.000029 seconds.
  path: Assets/Sprites/Traps/Sand Mud Ice/Sand Mud Ice (16x6).png
  importAddress: Guid(9f779a3295b47e74db05ebc2b251ca50) Importer(2089858483,b0f066a214c2f5e87bad3c948f4d605d)
Start importing Assets/Sprites/Traps/Sand Mud Ice/Sand Mud Ice (16x6).png using Guid(9f779a3295b47e74db05ebc2b251ca50) Importer(2089858483,b0f066a214c2f5e87bad3c948f4d605d) (ScriptedImporter) -> (Import Result ID: '0af79aac24132a7d85e2863a24cfa6ed') in 0.0421494 seconds [static and dynamic dependencies]. Details - ImportResultOutputID=e15f99b014b22dcce27c2399b7872eed DependenciesID=1ae2124f28a65cf8fd1e7e7886c02bb2 StaticDependenciesID=f47a290f0efe7dade6d9d344af095d42 
Number of updated asset objects reloaded before import = 0Number of asset objects unloaded after import = 5

========================================================================
Received Import Request.
  Time since last request: 0.000035 seconds.
  path: Assets/Sprites/Items/Boxes/Box1/Idle.png
  importAddress: Guid(181411386c0b20e4584ddf659b12856c) Importer(2089858483,b0f066a214c2f5e87bad3c948f4d605d)
Start importing Assets/Sprites/Items/Boxes/Box1/Idle.png using Guid(181411386c0b20e4584ddf659b12856c) Importer(2089858483,b0f066a214c2f5e87bad3c948f4d605d) (ScriptedImporter) -> (Import Result ID: '0504ae0da7e64def5892968e4ecf80c0') in 0.0364838 seconds [static and dynamic dependencies]. Details - ImportResultOutputID=bf3122f5eab31975fe0a7173f50c827b DependenciesID=0f0308b9b54de9d6be572583644456e8 StaticDependenciesID=31a7dd87f024def649d977fd9e72b277 
Number of updated asset objects reloaded before import = 0Number of asset objects unloaded after import = 3

========================================================================
Received Import Request.
  Time since last request: 0.000044 seconds.
  path: Assets/Sprites/Terrain/Ground Tiles/Terrain (16x16)_141.asset
  importAddress: Guid(8cf4ad4ec4b88f347b5682a57f20fb35) Importer(2089858483,b0f066a214c2f5e87bad3c948f4d605d)
Start importing Assets/Sprites/Terrain/Ground Tiles/Terrain (16x16)_141.asset using Guid(8cf4ad4ec4b88f347b5682a57f20fb35) Importer(2089858483,b0f066a214c2f5e87bad3c948f4d605d) (ScriptedImporter) -> (Import Result ID: '14cbbf2dc99730c410412135c50d21aa') in 0.0300292 seconds [static and dynamic dependencies]. Details - ImportResultOutputID=3076a2b591984350c0d32328f831f399 DependenciesID=ab65d5c74430e6e4e038e99cbc50e2c6 StaticDependenciesID=1f07fd811893e2a8008d2ebb361cb022 
Number of updated asset objects reloaded before import = 0Number of asset objects unloaded after import = 2

========================================================================
Received Import Request.
  Time since last request: 0.000046 seconds.
  path: Assets/DefaultVolumeProfile.asset
  importAddress: Guid(3f9215ea0144899419cfbc0957140d3f) Importer(2089858483,b0f066a214c2f5e87bad3c948f4d605d)
Start importing Assets/DefaultVolumeProfile.asset using Guid(3f9215ea0144899419cfbc0957140d3f) Importer(2089858483,b0f066a214c2f5e87bad3c948f4d605d) (ScriptedImporter) -> (Import Result ID: '6dfc7798e32ed0e1256ba1af1cce00ec') in 0.0297506 seconds [static and dynamic dependencies]. Details - ImportResultOutputID=96adf7bb69f356bc9d8c9c9b5f6e4c31 DependenciesID=83eeaaeb5bd787cbedfbd1502e14d402 StaticDependenciesID=da2c692ea0ea15ad37c02638ba7691d6 
Number of updated asset objects reloaded before import = 0Number of asset objects unloaded after import = 0

========================================================================
Received Import Request.
  Time since last request: 0.000036 seconds.
  path: Assets/Sprites/Items/Boxes/Box1/Break.png
  importAddress: Guid(881cfb5cf94673f489b19b4883f41eef) Importer(2089858483,b0f066a214c2f5e87bad3c948f4d605d)
Start importing Assets/Sprites/Items/Boxes/Box1/Break.png using Guid(881cfb5cf94673f489b19b4883f41eef) Importer(2089858483,b0f066a214c2f5e87bad3c948f4d605d) (ScriptedImporter) -> (Import Result ID: '605fb049b86412d9162e13b3adec24b5') in 0.0481816 seconds [static and dynamic dependencies]. Details - ImportResultOutputID=8432a839007a529e47d26d140ef31ca5 DependenciesID=f6047e2c125b4abb4d85e62005256630 StaticDependenciesID=a47fb6ff1888fd98e77b1806991e893e 
Number of updated asset objects reloaded before import = 0Number of asset objects unloaded after import = 6

========================================================================
Received Import Request.
  Time since last request: 0.000053 seconds.
  path: Assets/Sprites/Terrain/Ground Tiles/Terrain (16x16)_43.asset
  importAddress: Guid(00f30d5c525b0e54da806b2dd821d249) Importer(2089858483,b0f066a214c2f5e87bad3c948f4d605d)
Start importing Assets/Sprites/Terrain/Ground Tiles/Terrain (16x16)_43.asset using Guid(00f30d5c525b0e54da806b2dd821d249) Importer(2089858483,b0f066a214c2f5e87bad3c948f4d605d) (ScriptedImporter) -> (Import Result ID: '2da4ab06dedf4533fe0b0dbd9f32c49c') in 0.0322042 seconds [static and dynamic dependencies]. Details - ImportResultOutputID=a6c088bd7439b5952abdfd745eb951b2 DependenciesID=18b65c9f4a52813ab464976c850bd590 StaticDependenciesID=a7b9f307e8b44ca29bbfb67bb9b4828d 
Number of updated asset objects reloaded before import = 0Number of asset objects unloaded after import = 2

========================================================================
Received Import Request.
  Time since last request: 0.000034 seconds.
  path: Assets/Sprites/Terrain/Ground Tiles/Terrain (16x16)_128.asset
  importAddress: Guid(1edaba57fa37a8843a9116d0f8ec1c31) Importer(2089858483,b0f066a214c2f5e87bad3c948f4d605d)
Start importing Assets/Sprites/Terrain/Ground Tiles/Terrain (16x16)_128.asset using Guid(1edaba57fa37a8843a9116d0f8ec1c31) Importer(2089858483,b0f066a214c2f5e87bad3c948f4d605d) (ScriptedImporter) -> (Import Result ID: '4841137b1257ddcce475f808938daa62') in 0.0337734 seconds [static and dynamic dependencies]. Details - ImportResultOutputID=af88baf9f380e52f78e7a823cd63ec34 DependenciesID=ae236446b4e3e74df48a72f6cfd1b6ca StaticDependenciesID=7334562aa04b1333a99d2be63da70686 
Number of updated asset objects reloaded before import = 0Number of asset objects unloaded after import = 2

========================================================================
Received Import Request.
  Time since last request: 0.000046 seconds.
  path: Assets/Sprites/Terrain/Ground Tiles/Terrain (16x16)_123.asset
  importAddress: Guid(12fae400fd1715e4c8bf73455536b785) Importer(2089858483,b0f066a214c2f5e87bad3c948f4d605d)
Start importing Assets/Sprites/Terrain/Ground Tiles/Terrain (16x16)_123.asset using Guid(12fae400fd1715e4c8bf73455536b785) Importer(2089858483,b0f066a214c2f5e87bad3c948f4d605d) (ScriptedImporter) -> (Import Result ID: 'b7160cc6d66fd6f5741977ba792a4c86') in 0.0264896 seconds [static and dynamic dependencies]. Details - ImportResultOutputID=c3cb809c4c2a28cb5d92b4b919245429 DependenciesID=24398d7c2924ceec11b97810e14310f8 StaticDependenciesID=1afaf73bddf08378bb5fb29776d00c6c 
Number of updated asset objects reloaded before import = 0Number of asset objects unloaded after import = 2

========================================================================
Received Import Request.
  Time since last request: 0.000088 seconds.
  path: Assets/Sprites/Traps/Sand Mud Ice/Mud Particle.png
  importAddress: Guid(acd21a12fb7efe4418c2f56840d73e6e) Importer(2089858483,b0f066a214c2f5e87bad3c948f4d605d)
Start importing Assets/Sprites/Traps/Sand Mud Ice/Mud Particle.png using Guid(acd21a12fb7efe4418c2f56840d73e6e) Importer(2089858483,b0f066a214c2f5e87bad3c948f4d605d) (ScriptedImporter) -> (Import Result ID: '88e9b58c312c2800575770ee44a6b80f') in 0.0364161 seconds [static and dynamic dependencies]. Details - ImportResultOutputID=bf26710d2ffe52d5899babb4865eab41 DependenciesID=ec3a283864fcb9385967943f7f5b62fc StaticDependenciesID=c350d6c9ad758e49aa1147858d2e4f2b 
Number of updated asset objects reloaded before import = 0Number of asset objects unloaded after import = 3

========================================================================
Received Import Request.
  Time since last request: 0.000035 seconds.
  path: Assets/Sprites/Items/Checkpoints/Start/Start (Moving) (64x64).png
  importAddress: Guid(340704b893c95da48a46f53c0db11000) Importer(2089858483,b0f066a214c2f5e87bad3c948f4d605d)
Start importing Assets/Sprites/Items/Checkpoints/Start/Start (Moving) (64x64).png using Guid(340704b893c95da48a46f53c0db11000) Importer(2089858483,b0f066a214c2f5e87bad3c948f4d605d) (ScriptedImporter) -> (Import Result ID: 'f799c72cabc98a1f4d6e21ba9a75ae32') in 0.1109202 seconds [static and dynamic dependencies]. Details - ImportResultOutputID=794cd48fe99ce1402afb110dd09f5612 DependenciesID=eb614e890ca73f33a6f0a672fc38c9d7 StaticDependenciesID=05c568489a236e4fb92b3a3129e90569 
Number of updated asset objects reloaded before import = 0Number of asset objects unloaded after import = 36

========================================================================
Received Import Request.
  Time since last request: 0.000044 seconds.
  path: Assets/Sprites/Terrain/Ground Tiles/Terrain (16x16)_77.asset
  importAddress: Guid(7d15c745838d49644a5dc2f86d884f26) Importer(2089858483,b0f066a214c2f5e87bad3c948f4d605d)
Start importing Assets/Sprites/Terrain/Ground Tiles/Terrain (16x16)_77.asset using Guid(7d15c745838d49644a5dc2f86d884f26) Importer(2089858483,b0f066a214c2f5e87bad3c948f4d605d) (ScriptedImporter) -> (Import Result ID: 'dd9a9faa59bcfef6893162a2ae67088e') in 0.030759 seconds [static and dynamic dependencies]. Details - ImportResultOutputID=6df2ddd9658dceae1a6d534fb57f8495 DependenciesID=ab6b04b92c7c709d11a83a920e1faa54 StaticDependenciesID=642b9211f0f60f07934b77bcfb8f9c83 
Number of updated asset objects reloaded before import = 0Number of asset objects unloaded after import = 2

========================================================================
Received Import Request.
  Time since last request: 0.000053 seconds.
  path: Assets/Sprites/Terrain/Ground Tiles/Terrain (16x16)_28.asset
  importAddress: Guid(214c50cc5a91d864fa90ab4be275d8e8) Importer(2089858483,b0f066a214c2f5e87bad3c948f4d605d)
Start importing Assets/Sprites/Terrain/Ground Tiles/Terrain (16x16)_28.asset using Guid(214c50cc5a91d864fa90ab4be275d8e8) Importer(2089858483,b0f066a214c2f5e87bad3c948f4d605d) (ScriptedImporter) -> (Import Result ID: 'ce90303ed219040b6387ca6e8e54e095') in 0.0280707 seconds [static and dynamic dependencies]. Details - ImportResultOutputID=86d7f626166ead311c517fd6a5c56270 DependenciesID=1dc58678a090131f9fe78a30a1fd8144 StaticDependenciesID=151ae2d837da51cfec46466f732046bf 
Number of updated asset objects reloaded before import = 0Number of asset objects unloaded after import = 2

========================================================================
Received Import Request.
  Time since last request: 0.000039 seconds.
  path: Assets/Sprites/Terrain/Ground Tiles/Terrain (16x16)_73.asset
  importAddress: Guid(3dd97a6b40d94424dbd244e002054ba2) Importer(2089858483,b0f066a214c2f5e87bad3c948f4d605d)
Start importing Assets/Sprites/Terrain/Ground Tiles/Terrain (16x16)_73.asset using Guid(3dd97a6b40d94424dbd244e002054ba2) Importer(2089858483,b0f066a214c2f5e87bad3c948f4d605d) (ScriptedImporter) -> (Import Result ID: '9009574a5f4a5e88448421907fd56bf9') in 0.0288812 seconds [static and dynamic dependencies]. Details - ImportResultOutputID=9f74f7a724c83a2db6417190946a7077 DependenciesID=962112140224df4de506a781736b90d0 StaticDependenciesID=c3eb5b4e00efaebd2a6560b3833c43be 
Number of updated asset objects reloaded before import = 0Number of asset objects unloaded after import = 2

Editor requested this worker to shutdown with reason: Scaling down because of idle timeout
AssetImportWorker is now disconnected from the server
Process exiting
Exiting without the bug reporter. Application will terminate with return code 0