[Licensing::Module] Trying to connect to existing licensing client channel...
[Licensing::IpcConnector] Successfully connected to: "LicenseClient-nirac" at "2026-05-11T23:14:47.7565164Z"
Built from '6000.4/staging' branch; Version is '6000.4.6f1 (0b051c2e5d54) revision 722204'; Using compiler version '194234433'; Build Type 'Release'
OS: 'Windows 11  (10.0.26200) Core' Language: 'de' Physical Memory: 15712 MB
BatchMode: 1, IsHumanControllingUs: 0, StartBugReporterOnCrash: 0, Is64bit: 1
System  architecture: x64
Process architecture: x64
Date: 2026-05-11T23:14:47Z

COMMAND LINE ARGUMENTS:
C:\Program Files\Unity\Hub\Editor\6000.4.6f1\Editor\Unity.exe
-adb2
-batchMode
-noUpm
-name
AssetImportWorker3
-projectPath
C:/Unity/Hedonism
-logFile
Logs/AssetImportWorker3.log
-srvPort
56094
-licensingIpc
LicenseClient-nirac
-force-d3d12
-job-worker-count
5
-background-job-worker-count
8
-gc-helper-count
1
-name
AssetImport
Successfully changed project path to: C:/Unity/Hedonism
C:/Unity/Hedonism
[UnityMemory] Configuration Parameters - Can be set up in boot.config
    "memorysetup-temp-allocator-size-gi-baking-worker=262144"
    "memorysetup-temp-allocator-size-gi-baking-worker=262144"
    "memorysetup-temp-allocator-size-gi-baking-worker=262144"
    "memorysetup-temp-allocator-size-gi-baking-worker=262144"
    "memorysetup-temp-allocator-size-gi-baking-worker=262144"
    "memorysetup-temp-allocator-size-nav-mesh-worker=65536"
    "memorysetup-temp-allocator-size-audio-worker=65536"
    "memorysetup-temp-allocator-size-cloud-worker=32768"
    "memorysetup-temp-allocator-size-gfx=262144"
    "memorysetup-temp-allocator-size-preload-manager=33554432"
    "memorysetup-temp-allocator-size-job-worker=262144"
    "memorysetup-temp-allocator-size-background-worker=32768"
    "memorysetup-allocator-temp-initial-block-size-main=262144"
    "memorysetup-allocator-temp-initial-block-size-worker=262144"
    "memorysetup-bucket-allocator-granularity=16"
    "memorysetup-bucket-allocator-bucket-count=8"
    "memorysetup-bucket-allocator-block-size=33554432"
    "memorysetup-bucket-allocator-block-count=8"
    "memorysetup-main-allocator-block-size=16777216"
    "memorysetup-thread-allocator-block-size=16777216"
    "memorysetup-gfx-main-allocator-block-size=16777216"
    "memorysetup-gfx-thread-allocator-block-size=16777216"
    "memorysetup-cache-allocator-block-size=4194304"
    "memorysetup-typetree-allocator-block-size=2097152"
    "memorysetup-profiler-bucket-allocator-granularity=16"
    "memorysetup-profiler-bucket-allocator-bucket-count=8"
    "memorysetup-profiler-bucket-allocator-block-size=33554432"
    "memorysetup-profiler-bucket-allocator-block-count=8"
    "memorysetup-profiler-allocator-block-size=16777216"
    "memorysetup-profiler-editor-allocator-block-size=1048576"
    "memorysetup-temp-allocator-size-main=16777216"
    "memorysetup-job-temp-allocator-block-size=2097152"
    "memorysetup-job-temp-allocator-block-size-background=1048576"
    "memorysetup-job-temp-allocator-reduction-small-platforms=262144"
Player connection [1808]  Target information:

Player connection [1808]  * "[IP] 192.168.178.61 [Port] 0 [Flags] 2 [Guid] 2318967693 [EditorId] 2318967693 [Version] 1048832 [Id] WindowsEditor(7,NicoLaptop) [Debug] 1 [PackageName] WindowsEditor [ProjectName] Editor" 

Player connection [1808] Host joined multi-casting on [225.0.0.222:54997]...
Player connection [1808] Host joined alternative multi-casting on [225.0.0.222:34997]...
JobSystem: Creating JobQueue using job-worker-count value 5
Input System module state changed to: Initialized.
[Physics::Module] Initialized fallback backend.
[Physics::Module] Id: 0xdecafbad
Library Redirect Path: Library/
[Physics::Module] Selected backend.
[Physics::Module] Name: PhysX
[Physics::Module] Id: 0xf2b8ea05
[Physics::Module] SDK Version: 4.1.2
[Physics::Module] Integration Version: 1.0.0
[Physics::Module] Threading Mode: Multi-Threaded
Refreshing native plugins compatible for Editor in 29.35 ms, found 5 plugins.
Initialize engine version: 6000.4.6f1 (0b051c2e5d54)
[Subsystems] Discovering subsystems at path C:/Program Files/Unity/Hub/Editor/6000.4.6f1/Editor/Data/Resources/UnitySubsystems
[Subsystems] Discovering subsystems at path C:/Unity/Hedonism/Assets
Forcing GfxDevice: Direct3D 12
GfxDevice: creating device client; kGfxThreadingModeNonThreaded
d3d12: failed to query info queue interface (0x80004002).
Direct3D:
    Version:         Direct3D 12 [level 12.1]
    Renderer:        AMD Radeon (TM) Graphics (ID=0x15e7)
    Vendor:          ATI
    VRAM:            7856 MB
    App VRAM Budget: 7678 MB
    Driver:          31.0.12044.3
    Unified Memory Architecture
Initialize mono
Mono path[0] = 'C:/Program Files/Unity/Hub/Editor/6000.4.6f1/Editor/Data/Managed'
Mono path[1] = 'C:/Program Files/Unity/Hub/Editor/6000.4.6f1/Editor/Data/MonoBleedingEdge/lib/mono/unityjit-win32'
Mono config path = 'C:/Program Files/Unity/Hub/Editor/6000.4.6f1/Editor/Data/MonoBleedingEdge/etc'
Using monoOptions --debugger-agent=transport=dt_socket,embedding=1,server=y,suspend=n,address=127.0.0.1:56256
CodeReloadManager initialized
Begin MonoManager ReloadAssembly
[Licensing::Client] Error: HandshakeResponse reported an error:
	ResponseCode: 505
	ResponseStatus: Unsupported protocol version '1.18.1'.
[Licensing::Module] Error: Failed to handshake to channel: "LicenseClient-nirac"
[Licensing::IpcConnector] LicenseClient-nirac channel disconnected successfully.
[Licensing::IpcConnector] Successfully connected to: "LicenseClient-nirac-6000.4.6" at "2026-05-11T23:14:52.560313Z"
[Licensing::Client] Code 10 while verifying Licensing Client signature (process Id: 20512, path: "C:/Program Files/Unity/Hub/Editor/6000.4.6f1/Editor/Data/Resources/Licensing/Client/Unity.Licensing.Client.exe")
[Licensing::Module] LicensingClient has failed validation; ignoring
[Licensing::Client] Handshaking with LicensingClient:
  Version:                 1.18.1+9fbee8e
  Session Id:              1e23503acf8f4145a563de3fa17072c5
  Correlation Id:          1ae06423c7b2641c84442f004d96ed23
  External correlation Id: 253448539220023419
  Machine Id:              VIX9ONoXlKqCHILYb5e71RdiQ3s=
[Licensing::Module] Successfully connected to LicensingClient on channel: "LicenseClient-nirac-6000.4.6" (connect: 0.00s, validation: 0.00s, handshake: 0.02s)
[Licensing::IpcConnector] Successfully connected to: "LicenseClient-nirac-6000.4.6-notifications" at "2026-05-11T23:14:52.586247Z"
[Licensing::Module] Licensing Background thread has ended after 4.83s
Registering precompiled unity dll's ...
Register platform support module: C:/Program Files/Unity/Hub/Editor/6000.4.6f1/Editor/Data/PlaybackEngines/WindowsStandaloneSupport/UnityEditor.WindowsStandalone.Extensions.dll
Registered in 0.007466 seconds.
Native extension for WindowsStandalone target not found
Package Manager log level set to [2]
[Package Manager] Failed to launch server process. Reason: Unity was launched with the -noUpm command-line argument
[Package Manager] Unable to send message (not connected to server process).
[Package Manager] Cannot connect to Unity Package Manager local server
ScheduleIndexationOnStartup MainProcess:False IndexOnStartup:True
Mono: successfully reloaded assembly
- Finished resetting the current domain, in  1.324 seconds
Domain Reload Profiling: 3225ms
	BeginReloadAssembly (737ms)
	RebuildCommonClasses (154ms)
	RebuildNativeTypeToScriptingClass (45ms)
	initialDomainReloadingComplete (255ms)
	LoadAllAssembliesAndSetupDomain (705ms)
		LoadAssemblies (715ms)
		AnalyzeDomain (680ms)
			TypeCache.Refresh (676ms)
				TypeCache.ScanAssembly (629ms)
	FinalizeReload (1327ms)
		SetupLoadedEditorAssemblies (0ms)
			InitializePlatformSupportModulesInManaged (156ms)
			BeforeProcessingInitializeOnLoad (303ms)
			ProcessInitializeOnLoadAttributes (369ms)
			ProcessInitializeOnLoadMethodAttributes (270ms)
Assembly reference Packages/com.unity.cinemachine/Editor/Samples/ExposeHDRPInternals/HDRP-Editor-ref.asmref has no target assembly definition
========================================================================
Worker process is ready to serve import requests
Import Worker Mode flag is 0x00
Assembly reference Packages/com.unity.cinemachine/Editor/Samples/ExposeHDRPInternals/HDRP-Editor-ref.asmref has no target assembly definition
Assembly reference Packages/com.unity.cinemachine/Editor/Samples/ExposeHDRPInternals/HDRP-Editor-ref.asmref has no target assembly definition
Begin MonoManager ReloadAssembly
[Licensing::Client] Successfully resolved entitlement details
[Licensing::Module] License group:
  Id: F4-K3JH-PND2-U582-PFQS-XXXX
  Product: Unity Personal
  Type: ULF
  Expiration: Unlimited
[Licensing::Module] License group:
  Id: 9071313007192-UnityPersXXXX
  Product: Unity Personal
  Type: Assigned
  Expiration: Unlimited
Assembly Assembly-CSharp-Editor-firstpass.dll at Library/ScriptAssemblies/Assembly-CSharp-Editor-firstpass.dll not valid. Loading of assembly skipped.
Assembly Assembly-CSharp-Editor.dll at Library/ScriptAssemblies/Assembly-CSharp-Editor.dll not valid. Loading of assembly skipped.
Assembly Assembly-CSharp-firstpass.dll at Library/ScriptAssemblies/Assembly-CSharp-firstpass.dll not valid. Loading of assembly skipped.
Assembly DocCodeExamples.dll at Library/ScriptAssemblies/DocCodeExamples.dll not valid. Loading of assembly skipped.
Assembly TestNewCustomAssembly.dll at Library/ScriptAssemblies/TestNewCustomAssembly.dll not valid. Loading of assembly skipped.
Assembly Unity.2D.Animation.EditorTests.dll at Library/ScriptAssemblies/Unity.2D.Animation.EditorTests.dll not valid. Loading of assembly skipped.
Assembly Unity.2D.Aseprite.EditorTests.dll at Library/ScriptAssemblies/Unity.2D.Aseprite.EditorTests.dll not valid. Loading of assembly skipped.
Assembly Unity.2D.Common.EditorTests.dll at Library/ScriptAssemblies/Unity.2D.Common.EditorTests.dll not valid. Loading of assembly skipped.
Assembly Unity.2D.Psdimporter.EditorTests.dll at Library/ScriptAssemblies/Unity.2D.Psdimporter.EditorTests.dll not valid. Loading of assembly skipped.
Assembly Unity.2D.Sprite.Package.EditorTests.dll at Library/ScriptAssemblies/Unity.2D.Sprite.Package.EditorTests.dll not valid. Loading of assembly skipped.
Assembly Unity.2D.SpriteShape.EditorTests.dll at Library/ScriptAssemblies/Unity.2D.SpriteShape.EditorTests.dll not valid. Loading of assembly skipped.
Assembly Unity.2D.Tilemap.Package.EditorTests.dll at Library/ScriptAssemblies/Unity.2D.Tilemap.Package.EditorTests.dll not valid. Loading of assembly skipped.
Assembly Unity.Collections.BurstCompatibilityGen.dll at Library/ScriptAssemblies/Unity.Collections.BurstCompatibilityGen.dll not valid. Loading of assembly skipped.
Assembly Unity.Collections.DocCodeSamples.dll at Library/ScriptAssemblies/Unity.Collections.DocCodeSamples.dll not valid. Loading of assembly skipped.
Assembly Unity.Collections.PerformanceTests.dll at Library/ScriptAssemblies/Unity.Collections.PerformanceTests.dll not valid. Loading of assembly skipped.
Assembly Unity.Collections.Tests.dll at Library/ScriptAssemblies/Unity.Collections.Tests.dll not valid. Loading of assembly skipped.
Assembly Unity.Collections.Tests.Playmode.dll at Library/ScriptAssemblies/Unity.Collections.Tests.Playmode.dll not valid. Loading of assembly skipped.
Assembly Unity.InputSystem.IntegrationTests.dll at Library/ScriptAssemblies/Unity.InputSystem.IntegrationTests.dll not valid. Loading of assembly skipped.
Assembly Unity.Mathematics.Tests.dll at Library/ScriptAssemblies/Unity.Mathematics.Tests.dll not valid. Loading of assembly skipped.
Assembly Unity.Multiplayer.Center.Editor.Tests.dll at Library/ScriptAssemblies/Unity.Multiplayer.Center.Editor.Tests.dll not valid. Loading of assembly skipped.
Assembly Unity.Multiplayer.Center.Tests.dll at Library/ScriptAssemblies/Unity.Multiplayer.Center.Tests.dll not valid. Loading of assembly skipped.
Assembly Unity.Nuget.Mono-Cecil.dll at Library/ScriptAssemblies/Unity.Nuget.Mono-Cecil.dll not valid. Loading of assembly skipped.
Assembly Unity.PathTracing.Editor.Tests.dll at Library/ScriptAssemblies/Unity.PathTracing.Editor.Tests.dll not valid. Loading of assembly skipped.
Assembly Unity.PathTracing.Runtime.Tests.dll at Library/ScriptAssemblies/Unity.PathTracing.Runtime.Tests.dll not valid. Loading of assembly skipped.
Assembly Unity.RenderPipelines.Core.Editor.Tests.dll at Library/ScriptAssemblies/Unity.RenderPipelines.Core.Editor.Tests.dll not valid. Loading of assembly skipped.
Assembly Unity.RenderPipelines.Core.Runtime.Tests.dll at Library/ScriptAssemblies/Unity.RenderPipelines.Core.Runtime.Tests.dll not valid. Loading of assembly skipped.
Assembly Unity.RenderPipelines.Universal.Config.Editor.Tests.dll at Library/ScriptAssemblies/Unity.RenderPipelines.Universal.Config.Editor.Tests.dll not valid. Loading of assembly skipped.
Assembly Unity.RenderPipelines.Universal.Editor.Tests.dll at Library/ScriptAssemblies/Unity.RenderPipelines.Universal.Editor.Tests.dll not valid. Loading of assembly skipped.
Assembly Unity.RenderPipelines.Universal.Runtime.Tests.dll at Library/ScriptAssemblies/Unity.RenderPipelines.Universal.Runtime.Tests.dll not valid. Loading of assembly skipped.
Assembly Unity.Searcher.EditorTests.dll at Library/ScriptAssemblies/Unity.Searcher.EditorTests.dll not valid. Loading of assembly skipped.
Assembly Unity.Settings.Tests.dll at Library/ScriptAssemblies/Unity.Settings.Tests.dll not valid. Loading of assembly skipped.
Assembly Unity.ShaderGraph.Editor.Tests.dll at Library/ScriptAssemblies/Unity.ShaderGraph.Editor.Tests.dll not valid. Loading of assembly skipped.
Assembly Unity.TextMeshPro.Editor.Tests.dll at Library/ScriptAssemblies/Unity.TextMeshPro.Editor.Tests.dll not valid. Loading of assembly skipped.
Assembly Unity.TextMeshPro.Tests.dll at Library/ScriptAssemblies/Unity.TextMeshPro.Tests.dll not valid. Loading of assembly skipped.
Assembly Unity.UnifiedRayTracing.Editor.Tests.dll at Library/ScriptAssemblies/Unity.UnifiedRayTracing.Editor.Tests.dll not valid. Loading of assembly skipped.
Assembly UnityEditor.UI.Common.Tests.dll at Library/ScriptAssemblies/UnityEditor.UI.Common.Tests.dll not valid. Loading of assembly skipped.
Assembly UnityEditor.UI.EditorTests.dll at Library/ScriptAssemblies/UnityEditor.UI.EditorTests.dll not valid. Loading of assembly skipped.
Assembly UnityEngine.UI.Tests.dll at Library/ScriptAssemblies/UnityEngine.UI.Tests.dll not valid. Loading of assembly skipped.
Assembly reference Packages/com.unity.cinemachine/Editor/Samples/ExposeHDRPInternals/HDRP-Editor-ref.asmref has no target assembly definition
Script 'CharacterController' has the same name as built-in Unity component.
AddComponent and GetComponent will not work with this script.
'Packages/com.unity.cinemachine/Editor/Obsolete/CinemachineVirtualCameraBaseEditor.cs' contains partial class of Unity.Object, exactly 1 of the partial classes needs to be in a file with the same filename. This is to know the one that can be referenced from ie. GameObjects
'Packages/com.unity.cinemachine/Editor/Editors/CinemachineVirtualCameraBaseEditor.cs' contains partial class of Unity.Object, exactly 1 of the partial classes needs to be in a file with the same filename. This is to know the one that can be referenced from ie. GameObjects
Refreshing native plugins compatible for Editor in 9.68 ms, found 5 plugins.
Native extension for WindowsStandalone target not found
Assembly reference Packages/com.unity.cinemachine/Editor/Samples/ExposeHDRPInternals/HDRP-Editor-ref.asmref has no target assembly definition
[Package Manager] Failed to launch server process. Reason: Unity was launched with the -noUpm command-line argument
[Package Manager] Unable to send message (not connected to server process).
[Package Manager] Cannot connect to Unity Package Manager local server
[Package Manager] Failed to launch server process. Reason: Unity was launched with the -noUpm command-line argument
[Package Manager] Unable to send message (not connected to server process).
[Package Manager] Cannot connect to Unity Package Manager local server
[Package Manager] Failed to launch server process. Reason: Unity was launched with the -noUpm command-line argument
[Package Manager] Unable to send message (not connected to server process).
[Package Manager] Cannot connect to Unity Package Manager local server
Refreshing native plugins compatible for Editor in 9.17 ms, found 5 plugins.
ScheduleIndexationOnStartup MainProcess:False IndexOnStartup:True
Mono: successfully reloaded assembly
- Finished resetting the current domain, in  2.940 seconds
Domain Reload Profiling: 6505ms
	BeginReloadAssembly (667ms)
		DisableScriptedObjects (30ms)
		CreateAndSetChildDomain (82ms)
	RebuildCommonClasses (161ms)
	RebuildNativeTypeToScriptingClass (44ms)
	initialDomainReloadingComplete (343ms)
	LoadAllAssembliesAndSetupDomain (2349ms)
		LoadAssemblies (1540ms)
		AnalyzeDomain (1146ms)
			TypeCache.Refresh (862ms)
				TypeCache.ScanAssembly (803ms)
			BuildScriptInfoCaches (239ms)
			ResolveRequiredComponents (39ms)
	FinalizeReload (2941ms)
		SetupLoadedEditorAssemblies (0ms)
			InitializePlatformSupportModulesInManaged (6ms)
			BeforeProcessingInitializeOnLoad (586ms)
			ProcessInitializeOnLoadAttributes (1237ms)
			ProcessInitializeOnLoadMethodAttributes (492ms)
			AfterProcessingInitializeOnLoad (26ms)
		AwakeInstancesAfterBackupRestoration (24ms)
Launched and connected shader compiler UnityShaderCompiler.exe after 0.04 seconds
Refreshing native plugins compatible for Editor in 9.96 ms, found 5 plugins.
Unloading 25 Unused Serialized files (Serialized files now loaded: 0)
Unloading 7659 unused Assets / (6.3 MB). Loaded Objects now: 8483.
Memory consumption went from 161.5 MB to 155.2 MB.
Total: 31.432600 ms (FindLiveObjects: 1.890200 ms CreateObjectMapping: 2.287300 ms MarkObjects: 17.413500 ms  DeleteObjects: 9.835200 ms)

========================================================================
Received Import Request.
  Time since last request: 1597934.869957 seconds.
  path: Assets/Sprites/Main Characters/Pink Man/Fall (32x32).png
  importAddress: Guid(65be25d6379dd084ca87b5355855929d) Importer(2089858483,b0f066a214c2f5e87bad3c948f4d605d)
Start importing Assets/Sprites/Main Characters/Pink Man/Fall (32x32).png using Guid(65be25d6379dd084ca87b5355855929d) Importer(2089858483,b0f066a214c2f5e87bad3c948f4d605d) (ScriptedImporter) -> (Import Result ID: 'efcc3d40c44bf4a3b451bc3ce8469eba') in 0.3689805 seconds [static and dynamic dependencies]. Details - ImportResultOutputID=04fecc614201a254c81a8b6246b5d481 DependenciesID=e71f727d0ea83f34e8433e783bbd76b8 StaticDependenciesID=e5cf39f0763c0e76e272508d65d95fc6 
Number of updated asset objects reloaded before import = 0Number of asset objects unloaded after import = 3

========================================================================
Received Import Request.
  Time since last request: 0.000096 seconds.
  path: Assets/Sprites/Main Characters/Virtual Guy/Idle (32x32).png
  importAddress: Guid(b6b7d7ba04eac1b41b07a5f17ec9375f) Importer(2089858483,b0f066a214c2f5e87bad3c948f4d605d)
Start importing Assets/Sprites/Main Characters/Virtual Guy/Idle (32x32).png using Guid(b6b7d7ba04eac1b41b07a5f17ec9375f) Importer(2089858483,b0f066a214c2f5e87bad3c948f4d605d) (ScriptedImporter) -> (Import Result ID: '442d9128339b3e1cf481cb14388f9a14') in 0.0644658 seconds [static and dynamic dependencies]. Details - ImportResultOutputID=be8d88cf3702afd02dac716391c14f16 DependenciesID=7f8a074cabc7485941666d7c21413b31 StaticDependenciesID=95f157fdf8c13e90df293d29681df616 
Number of updated asset objects reloaded before import = 0Number of asset objects unloaded after import = 13

========================================================================
Received Import Request.
  Time since last request: 0.000057 seconds.
  path: Assets/Sprites/Menu/Buttons/Settings.png
  importAddress: Guid(d56347b8f0e867442825576112687e0b) Importer(2089858483,b0f066a214c2f5e87bad3c948f4d605d)
Start importing Assets/Sprites/Menu/Buttons/Settings.png using Guid(d56347b8f0e867442825576112687e0b) Importer(2089858483,b0f066a214c2f5e87bad3c948f4d605d) (ScriptedImporter) -> (Import Result ID: '9723b923e155296f5fd46de324b9948e') in 0.0379359 seconds [static and dynamic dependencies]. Details - ImportResultOutputID=94bfb3e04911a0f3257a7d34ee34b237 DependenciesID=669ddb814acf10a35d6234824f8a2425 StaticDependenciesID=2c731df1af721fa337d70ef6da52bd14 
Number of updated asset objects reloaded before import = 0Number of asset objects unloaded after import = 3

========================================================================
Received Import Request.
  Time since last request: 0.000047 seconds.
  path: Assets/Sprites/Main Characters/Mask Dude/Run (32x32).png
  importAddress: Guid(fec59ff7fe8dca445afb22e5fa1d6dac) Importer(2089858483,b0f066a214c2f5e87bad3c948f4d605d)
Start importing Assets/Sprites/Main Characters/Mask Dude/Run (32x32).png using Guid(fec59ff7fe8dca445afb22e5fa1d6dac) Importer(2089858483,b0f066a214c2f5e87bad3c948f4d605d) (ScriptedImporter) -> (Import Result ID: 'f0105bf5a8549bd25b13d1a6070eeb3e') in 0.0770463 seconds [static and dynamic dependencies]. Details - ImportResultOutputID=d2043ebde5e6d9ec41aa73333087f07f DependenciesID=c8aa191f5afee89bbb1fee53535b0b00 StaticDependenciesID=b1a442ae4f421086ac775b9c6210c038 
Number of updated asset objects reloaded before import = 0Number of asset objects unloaded after import = 14

========================================================================
Received Import Request.
  Time since last request: 0.000037 seconds.
  path: Assets/Sprites/Main Characters/Ninja Frog/Idle (32x32).png
  importAddress: Guid(be6bd7456a17fa14bbd9e4187622fb07) Importer(2089858483,b0f066a214c2f5e87bad3c948f4d605d)
Start importing Assets/Sprites/Main Characters/Ninja Frog/Idle (32x32).png using Guid(be6bd7456a17fa14bbd9e4187622fb07) Importer(2089858483,b0f066a214c2f5e87bad3c948f4d605d) (ScriptedImporter) -> (Import Result ID: 'a32f503786386217ae40bb9cf23d9f94') in 0.0490834 seconds [static and dynamic dependencies]. Details - ImportResultOutputID=dc52e6c75dbfbbe8b0acf6e07289d576 DependenciesID=a89f02b8a685907b982df34261ac641f StaticDependenciesID=aed6b0aaebb5be7105e6f178d1e96d96 
Number of updated asset objects reloaded before import = 0Number of asset objects unloaded after import = 13

========================================================================
Received Import Request.
  Time since last request: 0.000061 seconds.
  path: Assets/Scripts/PlayerCombat.cs
  importAddress: Guid(3fae08e03f78aa24e88839be376a75e7) Importer(2089858483,b0f066a214c2f5e87bad3c948f4d605d)
Start importing Assets/Scripts/PlayerCombat.cs using Guid(3fae08e03f78aa24e88839be376a75e7) Importer(2089858483,b0f066a214c2f5e87bad3c948f4d605d) (ScriptedImporter) -> (Import Result ID: 'de1c79461be7cb86d01303719a1e4b9c') in 0.025864 seconds [static and dynamic dependencies]. Details - ImportResultOutputID=b9485d7c3ab8449b64c456406babf532 DependenciesID=e288376df989cb0a513d0e085fc7918e StaticDependenciesID=4e32f8dea039a284e29b5b1f46e6c47c 
Number of updated asset objects reloaded before import = 0Number of asset objects unloaded after import = 0

========================================================================
Received Import Request.
  Time since last request: 0.000031 seconds.
  path: Assets/Sprites/Main Characters/Mask Dude/Idle (32x32).png
  importAddress: Guid(e712136dd468d3647a9ff66209c39be4) Importer(2089858483,b0f066a214c2f5e87bad3c948f4d605d)
Start importing Assets/Sprites/Main Characters/Mask Dude/Idle (32x32).png using Guid(e712136dd468d3647a9ff66209c39be4) Importer(2089858483,b0f066a214c2f5e87bad3c948f4d605d) (ScriptedImporter) -> (Import Result ID: '2f660d97e58cbfd05478bb31d18b4cf3') in 0.0538317 seconds [static and dynamic dependencies]. Details - ImportResultOutputID=6c12002f9e2b2b672f6e764c6ea3d05c DependenciesID=f60fc71bc9ded273616211e597306aa5 StaticDependenciesID=84e316501d922a4f2db6551d336127c3 
Number of updated asset objects reloaded before import = 0Number of asset objects unloaded after import = 13

========================================================================
Received Import Request.
  Time since last request: 0.000036 seconds.
  path: Assets/Sprites/Menu/Levels/32.png
  importAddress: Guid(f0e6391fa9606ab49a4b5c5308b867b0) Importer(2089858483,b0f066a214c2f5e87bad3c948f4d605d)
Start importing Assets/Sprites/Menu/Levels/32.png using Guid(f0e6391fa9606ab49a4b5c5308b867b0) Importer(2089858483,b0f066a214c2f5e87bad3c948f4d605d) (ScriptedImporter) -> (Import Result ID: 'a73af5915248a93e09f8cb9c2ce6970a') in 0.0630835 seconds [static and dynamic dependencies]. Details - ImportResultOutputID=3601bdea792098e568ff7187fa493a5a DependenciesID=d4c1ac041a047ae4a98b8a63b9638454 StaticDependenciesID=7168acf09f5c0063e23af3006c488aef 
Number of updated asset objects reloaded before import = 0Number of asset objects unloaded after import = 3

========================================================================
Received Import Request.
  Time since last request: 0.000045 seconds.
  path: Assets/Sprites/Other/Transition.png
  importAddress: Guid(e41d64ccfbd03e848a3f71a24183c5d5) Importer(2089858483,b0f066a214c2f5e87bad3c948f4d605d)
Start importing Assets/Sprites/Other/Transition.png using Guid(e41d64ccfbd03e848a3f71a24183c5d5) Importer(2089858483,b0f066a214c2f5e87bad3c948f4d605d) (ScriptedImporter) -> (Import Result ID: 'e80dc3530846cee07f208340a057488f') in 0.0514999 seconds [static and dynamic dependencies]. Details - ImportResultOutputID=7f84a4afc043eed523b3bdff13b68f4f DependenciesID=7487cd2758163d48fdcac9c1fffecd78 StaticDependenciesID=d585b9656ab7ced7b3740f77840cc450 
Number of updated asset objects reloaded before import = 0Number of asset objects unloaded after import = 3

========================================================================
Received Import Request.
  Time since last request: 0.000046 seconds.
  path: Assets/Sprites/Menu/Levels/46.png
  importAddress: Guid(244502b5d8a5a9c4890b1fa46e8153ed) Importer(2089858483,b0f066a214c2f5e87bad3c948f4d605d)
Start importing Assets/Sprites/Menu/Levels/46.png using Guid(244502b5d8a5a9c4890b1fa46e8153ed) Importer(2089858483,b0f066a214c2f5e87bad3c948f4d605d) (ScriptedImporter) -> (Import Result ID: '53ad81cbb828c10e75e23d6b72d70833') in 0.0363535 seconds [static and dynamic dependencies]. Details - ImportResultOutputID=06a351109428f30703cb5670211f260a DependenciesID=9134cd1c4cec377017d6577239480a14 StaticDependenciesID=f31065781397d9518f3d2ebcc1693c03 
Number of updated asset objects reloaded before import = 0Number of asset objects unloaded after import = 3

========================================================================
Received Import Request.
  Time since last request: 0.000061 seconds.
  path: Assets/Sprites/Menu/Levels/47.png
  importAddress: Guid(6ff5aa8c7602c244b9086515b49c04a0) Importer(2089858483,b0f066a214c2f5e87bad3c948f4d605d)
Start importing Assets/Sprites/Menu/Levels/47.png using Guid(6ff5aa8c7602c244b9086515b49c04a0) Importer(2089858483,b0f066a214c2f5e87bad3c948f4d605d) (ScriptedImporter) -> (Import Result ID: '9aa668d1ef12fda7097e9ee4236216e0') in 0.0401508 seconds [static and dynamic dependencies]. Details - ImportResultOutputID=ac4e629d1f4848edaa25c216373ee7d7 DependenciesID=d9da6fcc2fd3562a56d34b5524ce5026 StaticDependenciesID=94f44ae79c7eb11b6b9326dc2d7bf289 
Number of updated asset objects reloaded before import = 0Number of asset objects unloaded after import = 3

========================================================================
Received Import Request.
  Time since last request: 0.000041 seconds.
  path: Assets/Sprites/Terrain/Ground Tiles/Terrain (16x16)_113.asset
  importAddress: Guid(64a15589d8d09fb429ac062cf87ea7b7) Importer(2089858483,b0f066a214c2f5e87bad3c948f4d605d)
Start importing Assets/Sprites/Terrain/Ground Tiles/Terrain (16x16)_113.asset using Guid(64a15589d8d09fb429ac062cf87ea7b7) Importer(2089858483,b0f066a214c2f5e87bad3c948f4d605d) (ScriptedImporter) -> (Import Result ID: 'a68d0742b6e3062ded334cd63cad141d') in 0.0946963 seconds [static and dynamic dependencies]. Details - ImportResultOutputID=2b79432537ef7c511ee818400d825f94 DependenciesID=e4a16acc2665b56e2a525150922cbaab StaticDependenciesID=4ecfeadebf7399653a8469f2d680eed8 
Number of updated asset objects reloaded before import = 0Number of asset objects unloaded after import = 2

========================================================================
Received Import Request.
  Time since last request: 0.000052 seconds.
  path: Assets/Sprites/Terrain/Ground Tiles/Terrain (16x16)_116.asset
  importAddress: Guid(933acec076b66d74490a7743abd217a9) Importer(2089858483,b0f066a214c2f5e87bad3c948f4d605d)
Start importing Assets/Sprites/Terrain/Ground Tiles/Terrain (16x16)_116.asset using Guid(933acec076b66d74490a7743abd217a9) Importer(2089858483,b0f066a214c2f5e87bad3c948f4d605d) (ScriptedImporter) -> (Import Result ID: '8c1a716ca03f41786bad18dba1f61e9e') in 0.0293427 seconds [static and dynamic dependencies]. Details - ImportResultOutputID=72e7ab43b711f183fa0608b6bd1d786e DependenciesID=ea33c7f448eff721d6b8b3c0c3aea119 StaticDependenciesID=b1dbf2ae59a85bd5f542bcea01a3ae5d 
Number of updated asset objects reloaded before import = 0Number of asset objects unloaded after import = 2

========================================================================
Received Import Request.
  Time since last request: 0.000037 seconds.
  path: Assets/Materials/PlayerMat.physicsMaterial2D
  importAddress: Guid(294e2df669cffb94aa5f7264ff962953) Importer(2089858483,b0f066a214c2f5e87bad3c948f4d605d)
Start importing Assets/Materials/PlayerMat.physicsMaterial2D using Guid(294e2df669cffb94aa5f7264ff962953) Importer(2089858483,b0f066a214c2f5e87bad3c948f4d605d) (ScriptedImporter) -> (Import Result ID: '7c8c5c7b8c865425d605dce0e36248ed') in 0.0311601 seconds [static and dynamic dependencies]. Details - ImportResultOutputID=8ee5a1b2b23a55c77b5fcaa9a9bf8066 DependenciesID=1872b7d242664f8821b7adb261e116b4 StaticDependenciesID=e48500f4e34975b711230ab84ceb55ea 
Number of updated asset objects reloaded before import = 0Number of asset objects unloaded after import = 1

========================================================================
Received Import Request.
  Time since last request: 0.000047 seconds.
  path: Assets/Sprites/Terrain/Ground Tiles/Terrain (16x16)_125.asset
  importAddress: Guid(562b38ad100621a4994f04a2e933c07c) Importer(2089858483,b0f066a214c2f5e87bad3c948f4d605d)
Start importing Assets/Sprites/Terrain/Ground Tiles/Terrain (16x16)_125.asset using Guid(562b38ad100621a4994f04a2e933c07c) Importer(2089858483,b0f066a214c2f5e87bad3c948f4d605d) (ScriptedImporter) -> (Import Result ID: '3135b106f63f73fccd3f69e997a38c7c') in 0.0336172 seconds [static and dynamic dependencies]. Details - ImportResultOutputID=b4ea906e06cff761011ef3baac32d2ea DependenciesID=3f2536888f9247a405cd92ce2d2c4599 StaticDependenciesID=279c62f69ea659670df4fb0d096d29b4 
Number of updated asset objects reloaded before import = 0Number of asset objects unloaded after import = 2

========================================================================
Received Import Request.
  Time since last request: 0.000049 seconds.
  path: Assets/Sprites/Main Characters/Ninja Frog/Run (32x32).png
  importAddress: Guid(c9afd71a7a7fdde4dbcc8117b851c877) Importer(2089858483,b0f066a214c2f5e87bad3c948f4d605d)
Start importing Assets/Sprites/Main Characters/Ninja Frog/Run (32x32).png using Guid(c9afd71a7a7fdde4dbcc8117b851c877) Importer(2089858483,b0f066a214c2f5e87bad3c948f4d605d) (ScriptedImporter) -> (Import Result ID: 'dcfd0502a6f096fdbc1e15d293013e86') in 0.0693497 seconds [static and dynamic dependencies]. Details - ImportResultOutputID=1ef6338d344f76f21ee0ebb284016111 DependenciesID=88124120e34b59c54a1cfac4787baa16 StaticDependenciesID=153ea37ed5f6f0a3441b6ad3d4f5a0e7 
Number of updated asset objects reloaded before import = 0Number of asset objects unloaded after import = 14

========================================================================
Received Import Request.
  Time since last request: 0.000134 seconds.
  path: Assets/Sprites/Terrain/Ground Tiles/Terrain (16x16)_131.asset
  importAddress: Guid(c327b6ad8d710c84797e29b805c5cab9) Importer(2089858483,b0f066a214c2f5e87bad3c948f4d605d)
Start importing Assets/Sprites/Terrain/Ground Tiles/Terrain (16x16)_131.asset using Guid(c327b6ad8d710c84797e29b805c5cab9) Importer(2089858483,b0f066a214c2f5e87bad3c948f4d605d) (ScriptedImporter) -> (Import Result ID: '02d836c3c1ddb73f33e51b7e6021d11b') in 0.0304539 seconds [static and dynamic dependencies]. Details - ImportResultOutputID=a59f3737dd789c9c40dd019bfc6d9450 DependenciesID=6113d413faa192d7ebf60ec7ada382d2 StaticDependenciesID=859af7104aead5c623eb38b9567c38c0 
Number of updated asset objects reloaded before import = 0Number of asset objects unloaded after import = 2

========================================================================
Received Import Request.
  Time since last request: 0.000054 seconds.
  path: Assets/Sprites/Terrain/Ground Tiles/Terrain (16x16)_133.asset
  importAddress: Guid(c11d75f9143af7740b145cace73144d1) Importer(2089858483,b0f066a214c2f5e87bad3c948f4d605d)
Start importing Assets/Sprites/Terrain/Ground Tiles/Terrain (16x16)_133.asset using Guid(c11d75f9143af7740b145cace73144d1) Importer(2089858483,b0f066a214c2f5e87bad3c948f4d605d) (ScriptedImporter) -> (Import Result ID: '10c0ce0067a558ba2455af5774e076f3') in 0.0296991 seconds [static and dynamic dependencies]. Details - ImportResultOutputID=4c9c02ba0b369b7e16973b02bceed9e0 DependenciesID=b96d29f73b8f5a8602deaa92f9fcfcef StaticDependenciesID=8a26f393f9016f04016ae874a569572a 
Number of updated asset objects reloaded before import = 0Number of asset objects unloaded after import = 2

========================================================================
Received Import Request.
  Time since last request: 0.000042 seconds.
  path: Assets/Sprites/Terrain/Ground Tiles/Ground Tiles.prefab
  importAddress: Guid(b99ecaebd180d5f48b635dfd1d47755b) Importer(2089858483,b0f066a214c2f5e87bad3c948f4d605d)
Start importing Assets/Sprites/Terrain/Ground Tiles/Ground Tiles.prefab using Guid(b99ecaebd180d5f48b635dfd1d47755b) Importer(2089858483,b0f066a214c2f5e87bad3c948f4d605d) (ScriptedImporter) -> (Import Result ID: 'f5da5c676f27dd6eb14fe370188650e6') in 0.0809121 seconds [static and dynamic dependencies]. Details - ImportResultOutputID=af4ef8c0c0dd895faa0680ab660adb16 DependenciesID=5b82407e471678bbe3aa1965223d3f9b StaticDependenciesID=23e373256618f077b3b06630da83d8f8 
Number of updated asset objects reloaded before import = 0Number of asset objects unloaded after import = 10

========================================================================
Received Import Request.
  Time since last request: 0.000048 seconds.
  path: Assets/Sprites/Menu/Levels/48.png
  importAddress: Guid(22657c1b0c5cb6c428b5eb30b6df4bb3) Importer(2089858483,b0f066a214c2f5e87bad3c948f4d605d)
Start importing Assets/Sprites/Menu/Levels/48.png using Guid(22657c1b0c5cb6c428b5eb30b6df4bb3) Importer(2089858483,b0f066a214c2f5e87bad3c948f4d605d) (ScriptedImporter) -> (Import Result ID: '82b8459eb548e6e9fe02d2a6c4adae58') in 0.0539257 seconds [static and dynamic dependencies]. Details - ImportResultOutputID=4b22ea3e29705e72c96a381d4042f52f DependenciesID=91b148559181f521a249c0b752055ca9 StaticDependenciesID=cc0f5cd90f9e7b74f721464d4985073e 
Number of updated asset objects reloaded before import = 0Number of asset objects unloaded after import = 3

========================================================================
Received Import Request.
  Time since last request: 0.000049 seconds.
  path: Assets/Sprites/Main Characters/Virtual Guy/Run (32x32).png
  importAddress: Guid(8012e7eb0c7124f4d9109154fbaeed5a) Importer(2089858483,b0f066a214c2f5e87bad3c948f4d605d)
Start importing Assets/Sprites/Main Characters/Virtual Guy/Run (32x32).png using Guid(8012e7eb0c7124f4d9109154fbaeed5a) Importer(2089858483,b0f066a214c2f5e87bad3c948f4d605d) (ScriptedImporter) -> (Import Result ID: '541499c62aaa4ee45a449a4dc51631cd') in 0.0915299 seconds [static and dynamic dependencies]. Details - ImportResultOutputID=7293368625aff8424f07cf0ea6273078 DependenciesID=14c8611ce082612be5030fa38d2a4525 StaticDependenciesID=39a78001ab6bd8ca2679ac0b726bac17 
Number of updated asset objects reloaded before import = 0Number of asset objects unloaded after import = 14

========================================================================
Received Import Request.
  Time since last request: 0.000034 seconds.
  path: Assets/Sprites/Terrain/Ground Tiles/Terrain (16x16)_31.asset
  importAddress: Guid(7ae8610d34721d44aa42d54b0e98912e) Importer(2089858483,b0f066a214c2f5e87bad3c948f4d605d)
Start importing Assets/Sprites/Terrain/Ground Tiles/Terrain (16x16)_31.asset using Guid(7ae8610d34721d44aa42d54b0e98912e) Importer(2089858483,b0f066a214c2f5e87bad3c948f4d605d) (ScriptedImporter) -> (Import Result ID: '19ed1e8fe38126adf817f50bf90bee9d') in 0.0325031 seconds [static and dynamic dependencies]. Details - ImportResultOutputID=5039aa7665cd2b541ea1849db47e0a1f DependenciesID=0b10301b349eaf081a19d641f33a19a3 StaticDependenciesID=c161e2e514eb15e151774be840c282b6 
Number of updated asset objects reloaded before import = 0Number of asset objects unloaded after import = 2

========================================================================
Received Import Request.
  Time since last request: 0.000050 seconds.
  path: Assets/Settings/UniversalRP.asset
  importAddress: Guid(681886c5eb7344803b6206f758bf0b1c) Importer(2089858483,b0f066a214c2f5e87bad3c948f4d605d)
Start importing Assets/Settings/UniversalRP.asset using Guid(681886c5eb7344803b6206f758bf0b1c) Importer(2089858483,b0f066a214c2f5e87bad3c948f4d605d) (ScriptedImporter) -> (Import Result ID: '3308458ae55be52b2c748c864686ee84') in 0.1669385 seconds [static and dynamic dependencies]. Details - ImportResultOutputID=1f3341a3da5459d0fe1ad51458702aa1 DependenciesID=e4cda9700c4ef0d04db6bc803db52482 StaticDependenciesID=32cea8b64a6c7bb7a65c2982a96ac10c 
Number of updated asset objects reloaded before import = 0Number of asset objects unloaded after import = 1

========================================================================
Received Import Request.
  Time since last request: 0.000072 seconds.
  path: Assets/Sprites/Terrain/Ground Tiles/Terrain (16x16)_39.asset
  importAddress: Guid(7a70ace7b80e3ab4e81a19392b42b6bc) Importer(2089858483,b0f066a214c2f5e87bad3c948f4d605d)
Start importing Assets/Sprites/Terrain/Ground Tiles/Terrain (16x16)_39.asset using Guid(7a70ace7b80e3ab4e81a19392b42b6bc) Importer(2089858483,b0f066a214c2f5e87bad3c948f4d605d) (ScriptedImporter) -> (Import Result ID: '05695b9f91ae6a5f7ecd0d39a407d25b') in 0.0371216 seconds [static and dynamic dependencies]. Details - ImportResultOutputID=4db180d2c228ded3acbfe69e032e6641 DependenciesID=960b0b0ee5838274aa6ced8a1c7c1169 StaticDependenciesID=afe84f63017203ebfe12cfb3f57aacce 
Number of updated asset objects reloaded before import = 0Number of asset objects unloaded after import = 2

========================================================================
Received Import Request.
  Time since last request: 0.000059 seconds.
  path: Assets/Sprites/Terrain/Ground Tiles/Terrain (16x16)_23.asset
  importAddress: Guid(5daef69a25a55a6429c401cd13662b52) Importer(2089858483,b0f066a214c2f5e87bad3c948f4d605d)
Start importing Assets/Sprites/Terrain/Ground Tiles/Terrain (16x16)_23.asset using Guid(5daef69a25a55a6429c401cd13662b52) Importer(2089858483,b0f066a214c2f5e87bad3c948f4d605d) (ScriptedImporter) -> (Import Result ID: '6d49f90e7418b1c93ba1b0e5c117c494') in 0.031813 seconds [static and dynamic dependencies]. Details - ImportResultOutputID=635edc4c1fa7dff0cb59984136d16f8b DependenciesID=6a1beaf9299677a23480f67980192310 StaticDependenciesID=76d53ceae3132eba591778021470173e 
Number of updated asset objects reloaded before import = 0Number of asset objects unloaded after import = 2

========================================================================
Received Import Request.
  Time since last request: 0.000035 seconds.
  path: Assets/Sprites/Terrain/Ground Tiles/Terrain (16x16)_54.asset
  importAddress: Guid(ebba13543c0d0b5468bc28a79d6d63fb) Importer(2089858483,b0f066a214c2f5e87bad3c948f4d605d)
Start importing Assets/Sprites/Terrain/Ground Tiles/Terrain (16x16)_54.asset using Guid(ebba13543c0d0b5468bc28a79d6d63fb) Importer(2089858483,b0f066a214c2f5e87bad3c948f4d605d) (ScriptedImporter) -> (Import Result ID: '2a7d47557c2dcc72e512148529abfe35') in 0.0328277 seconds [static and dynamic dependencies]. Details - ImportResultOutputID=5a23b55a86e6b416691da3693e22b8b3 DependenciesID=8c76114738273c97b3ca11e5d9e8781f StaticDependenciesID=2b361a55c4ba2c12d5e70627ab930ddd 
Number of updated asset objects reloaded before import = 0Number of asset objects unloaded after import = 2

========================================================================
Received Import Request.
  Time since last request: 0.000035 seconds.
  path: Assets/Sprites/Terrain/Ground Tiles/Terrain (16x16)_48.asset
  importAddress: Guid(b147c9bf9086a784db24bcfe399a4a5e) Importer(2089858483,b0f066a214c2f5e87bad3c948f4d605d)
Start importing Assets/Sprites/Terrain/Ground Tiles/Terrain (16x16)_48.asset using Guid(b147c9bf9086a784db24bcfe399a4a5e) Importer(2089858483,b0f066a214c2f5e87bad3c948f4d605d) (ScriptedImporter) -> (Import Result ID: '66f9565f245410cfc0c2add6467623c7') in 0.0326183 seconds [static and dynamic dependencies]. Details - ImportResultOutputID=c3948c5d172ee7491d03b3018611a4e2 DependenciesID=0a565581a78f23859c1b6915aece8775 StaticDependenciesID=f9e7b974b75f5d2ee9b4a21c58bf8599 
Number of updated asset objects reloaded before import = 0Number of asset objects unloaded after import = 2

========================================================================
Received Import Request.
  Time since last request: 0.000061 seconds.
  path: Assets/Sprites/Main Characters/Virtual Guy/Jump (32x32).png
  importAddress: Guid(caead01f0e122364eaf63bb26a63c562) Importer(2089858483,b0f066a214c2f5e87bad3c948f4d605d)
Start importing Assets/Sprites/Main Characters/Virtual Guy/Jump (32x32).png using Guid(caead01f0e122364eaf63bb26a63c562) Importer(2089858483,b0f066a214c2f5e87bad3c948f4d605d) (ScriptedImporter) -> (Import Result ID: 'e0b5c1c694a7c3215e3b2dcf7d028fba') in 0.0406643 seconds [static and dynamic dependencies]. Details - ImportResultOutputID=b2bea513042f192394b8d0a7500086c8 DependenciesID=466a6295f86bd2053cd54cb9ae89cbb4 StaticDependenciesID=5a8c333e2ae9de15a04d6bf7351239df 
Number of updated asset objects reloaded before import = 0Number of asset objects unloaded after import = 3

========================================================================
Received Import Request.
  Time since last request: 0.000038 seconds.
  path: Assets/Sprites/Terrain/Ground Tiles/Terrain (16x16)_62.asset
  importAddress: Guid(924b2f03d808beb4e92d664e8e3b6889) Importer(2089858483,b0f066a214c2f5e87bad3c948f4d605d)
Start importing Assets/Sprites/Terrain/Ground Tiles/Terrain (16x16)_62.asset using Guid(924b2f03d808beb4e92d664e8e3b6889) Importer(2089858483,b0f066a214c2f5e87bad3c948f4d605d) (ScriptedImporter) -> (Import Result ID: '4fdc7171bbe74feb731fd32715218c94') in 0.0336368 seconds [static and dynamic dependencies]. Details - ImportResultOutputID=8b3a37df56b602b2b12a237fbc8914b3 DependenciesID=a4ed81e33572e567f08fb1b197b159b2 StaticDependenciesID=52c8fe759baffc204746489c5f660afc 
Number of updated asset objects reloaded before import = 0Number of asset objects unloaded after import = 2

========================================================================
Received Import Request.
  Time since last request: 0.000048 seconds.
  path: Assets/Sprites/Background/Green.png
  importAddress: Guid(b135fbe95baf10b48ada81a63fbf4bc9) Importer(2089858483,b0f066a214c2f5e87bad3c948f4d605d)
Start importing Assets/Sprites/Background/Green.png using Guid(b135fbe95baf10b48ada81a63fbf4bc9) Importer(2089858483,b0f066a214c2f5e87bad3c948f4d605d) (ScriptedImporter) -> (Import Result ID: '2513f1dcb3da57362fa6fb1890e8cf00') in 0.0653992 seconds [static and dynamic dependencies]. Details - ImportResultOutputID=de9c7e3feee6a3ae619b4cea5b7d086b DependenciesID=6bbab8cfd88100475464555f3007683b StaticDependenciesID=8d2e54108fcd3d574d417d167041d7ee 
Number of updated asset objects reloaded before import = 0Number of asset objects unloaded after import = 3

========================================================================
Received Import Request.
  Time since last request: 0.000045 seconds.
  path: Assets/Sprites/Terrain/Ground Tiles/Terrain (16x16)_65.asset
  importAddress: Guid(ee23efe938306c246a3bc85d2a6bf910) Importer(2089858483,b0f066a214c2f5e87bad3c948f4d605d)
Start importing Assets/Sprites/Terrain/Ground Tiles/Terrain (16x16)_65.asset using Guid(ee23efe938306c246a3bc85d2a6bf910) Importer(2089858483,b0f066a214c2f5e87bad3c948f4d605d) (ScriptedImporter) -> (Import Result ID: '3e0fbb4b3c466a9bcee58ca35fd2e26e') in 0.0363843 seconds [static and dynamic dependencies]. Details - ImportResultOutputID=ac2219b283ad20a3b2822ba4d7b4ba22 DependenciesID=f84006ce868db8c65f128667ea1a4935 StaticDependenciesID=5fcea2a654a2d610704b25495e3cc570 
Number of updated asset objects reloaded before import = 0Number of asset objects unloaded after import = 2

========================================================================
Received Import Request.
  Time since last request: 0.000063 seconds.
  path: Assets/Scenes
  importAddress: Guid(109e9bdd0fcc649c5bc59085c35bdc83) Importer(815301076,1909f56bfc062723c751e8b465ee728b)
Start importing Assets/Scenes using Guid(109e9bdd0fcc649c5bc59085c35bdc83) Importer(815301076,1909f56bfc062723c751e8b465ee728b) (PreviewImporter) -> (Import Result ID: '4861d975d6f34fe31e9dbd5ada4ce6e3') in 0.0014065 seconds [static and dynamic dependencies]. Details - ImportResultOutputID=84993bd2225044d3d8efae00e7751a24 DependenciesID=612984345f276ed911ddf3164ccb49c0 StaticDependenciesID=0107d2fc7f3e6b0dd499652489380606 
Number of updated asset objects reloaded before import = 0Number of asset objects unloaded after import = 0

========================================================================
Received Import Request.
  Time since last request: 0.000039 seconds.
  path: Assets/Sprites/Menu/Levels/03.png
  importAddress: Guid(d98516d82255f504d85b3694512e9649) Importer(2089858483,b0f066a214c2f5e87bad3c948f4d605d)
Start importing Assets/Sprites/Menu/Levels/03.png using Guid(d98516d82255f504d85b3694512e9649) Importer(2089858483,b0f066a214c2f5e87bad3c948f4d605d) (ScriptedImporter) -> (Import Result ID: '3a0cf86269a30adf1b671ff36861d0da') in 0.0404757 seconds [static and dynamic dependencies]. Details - ImportResultOutputID=2e07ae15022ff85422460193b0266c7f DependenciesID=6194a63f453e234977af578c279b08da StaticDependenciesID=aba4f281f6753700c9b80d79e5a9f346 
Number of updated asset objects reloaded before import = 0Number of asset objects unloaded after import = 3

========================================================================
Received Import Request.
  Time since last request: 0.000033 seconds.
  path: Assets/Sprites/Terrain/Ground Tiles/Terrain (16x16)_104.asset
  importAddress: Guid(829e7b574a08d8b45bc99fbe1bd35dda) Importer(2089858483,b0f066a214c2f5e87bad3c948f4d605d)
Start importing Assets/Sprites/Terrain/Ground Tiles/Terrain (16x16)_104.asset using Guid(829e7b574a08d8b45bc99fbe1bd35dda) Importer(2089858483,b0f066a214c2f5e87bad3c948f4d605d) (ScriptedImporter) -> (Import Result ID: 'acb934a709b1e4332e333a263f8674ed') in 0.0311171 seconds [static and dynamic dependencies]. Details - ImportResultOutputID=bcccda30477e27b813db7a6cbd9a9525 DependenciesID=ba9d58d4e5e51725328828fcd2558145 StaticDependenciesID=b2e87286ac5b5ca4aefa284a03a9c7a9 
Number of updated asset objects reloaded before import = 0Number of asset objects unloaded after import = 2

========================================================================
Received Import Request.
  Time since last request: 0.000058 seconds.
  path: Assets/Sprites/Terrain/Ground Tiles/Terrain (16x16)_30.asset
  importAddress: Guid(d824b27456ccfa44884d6738469e2aeb) Importer(2089858483,b0f066a214c2f5e87bad3c948f4d605d)
Start importing Assets/Sprites/Terrain/Ground Tiles/Terrain (16x16)_30.asset using Guid(d824b27456ccfa44884d6738469e2aeb) Importer(2089858483,b0f066a214c2f5e87bad3c948f4d605d) (ScriptedImporter) -> (Import Result ID: '35988f446debea34e9bce2640d58a9e5') in 0.048751 seconds [static and dynamic dependencies]. Details - ImportResultOutputID=bd5b4edbabdec9d1ab3e6f4481e717c6 DependenciesID=e192c01aba3203c036260b5c1a83d2b8 StaticDependenciesID=b9ccdc5650411c282f069e7341511110 
Number of updated asset objects reloaded before import = 0Number of asset objects unloaded after import = 2

========================================================================
Received Import Request.
  Time since last request: 0.000039 seconds.
  path: Assets/Sprites/Terrain/Ground Tiles/Terrain (16x16)_98.asset
  importAddress: Guid(5d9c629878e14414fa67546e864da330) Importer(2089858483,b0f066a214c2f5e87bad3c948f4d605d)
Start importing Assets/Sprites/Terrain/Ground Tiles/Terrain (16x16)_98.asset using Guid(5d9c629878e14414fa67546e864da330) Importer(2089858483,b0f066a214c2f5e87bad3c948f4d605d) (ScriptedImporter) -> (Import Result ID: '1f1d4dcc25df5999a6ccf3fc7952d208') in 0.0343855 seconds [static and dynamic dependencies]. Details - ImportResultOutputID=66a212a0a34b1348614fda0d00b3159e DependenciesID=5f83572f0f497cba12fc612d482eeea9 StaticDependenciesID=e2e3f8e94cef0ba897579be98795f5b4 
Number of updated asset objects reloaded before import = 0Number of asset objects unloaded after import = 2

========================================================================
Received Import Request.
  Time since last request: 0.000066 seconds.
  path: Assets/Sprites/Terrain/Ground Tiles/Terrain (16x16)_97.asset
  importAddress: Guid(db548327da6a8354e8d39169c4da02fd) Importer(2089858483,b0f066a214c2f5e87bad3c948f4d605d)
Start importing Assets/Sprites/Terrain/Ground Tiles/Terrain (16x16)_97.asset using Guid(db548327da6a8354e8d39169c4da02fd) Importer(2089858483,b0f066a214c2f5e87bad3c948f4d605d) (ScriptedImporter) -> (Import Result ID: 'df3ca949192623976f3acd43ba18afcd') in 0.0366949 seconds [static and dynamic dependencies]. Details - ImportResultOutputID=5c12fa53889a2d24772bc18a48d15590 DependenciesID=0f91cc894665910ec77c34ef03489867 StaticDependenciesID=f377e64b0c9e5dddccb38a6f4a007469 
Number of updated asset objects reloaded before import = 0Number of asset objects unloaded after import = 2

========================================================================
Received Import Request.
  Time since last request: 0.000036 seconds.
  path: Assets/Sprites/Terrain/Ground Tiles/Terrain (16x16)_36.asset
  importAddress: Guid(43f71c49f05db0940b38764fca8527ed) Importer(2089858483,b0f066a214c2f5e87bad3c948f4d605d)
Start importing Assets/Sprites/Terrain/Ground Tiles/Terrain (16x16)_36.asset using Guid(43f71c49f05db0940b38764fca8527ed) Importer(2089858483,b0f066a214c2f5e87bad3c948f4d605d) (ScriptedImporter) -> (Import Result ID: 'e0b6c229939e3d8599eae71ceabaf4e9') in 0.0338268 seconds [static and dynamic dependencies]. Details - ImportResultOutputID=00a373611e25db7557b50da47ef530b7 DependenciesID=54ed529272fa4c71e6f21d80badbb11f StaticDependenciesID=d1b8f4999c97168721044d0ff8e05e70 
Number of updated asset objects reloaded before import = 0Number of asset objects unloaded after import = 2

========================================================================
Received Import Request.
  Time since last request: 0.000058 seconds.
  path: Assets/Sprites/Traps/Blocks/HitTop (22x22).png
  importAddress: Guid(5983748328aaafe4fa36c14518088455) Importer(2089858483,b0f066a214c2f5e87bad3c948f4d605d)
Start importing Assets/Sprites/Traps/Blocks/HitTop (22x22).png using Guid(5983748328aaafe4fa36c14518088455) Importer(2089858483,b0f066a214c2f5e87bad3c948f4d605d) (ScriptedImporter) -> (Import Result ID: '29074083343393071427b6aef83445b4') in 0.0477425 seconds [static and dynamic dependencies]. Details - ImportResultOutputID=a98f9d0fbc7918004ebab9f816e1016b DependenciesID=9876048b42ac456e813a80ff4f7bb2f2 StaticDependenciesID=6601d3af5005fb96b1616d2767c3925a 
Number of updated asset objects reloaded before import = 0Number of asset objects unloaded after import = 4

========================================================================
Received Import Request.
  Time since last request: 0.000046 seconds.
  path: Assets/Sprites/Terrain/Ground Tiles/Terrain (16x16)_52.asset
  importAddress: Guid(854169c3c17ac134685c71520e5946cc) Importer(2089858483,b0f066a214c2f5e87bad3c948f4d605d)
Start importing Assets/Sprites/Terrain/Ground Tiles/Terrain (16x16)_52.asset using Guid(854169c3c17ac134685c71520e5946cc) Importer(2089858483,b0f066a214c2f5e87bad3c948f4d605d) (ScriptedImporter) -> (Import Result ID: '0ac5bb664ae095bfc3d072cb60971b61') in 0.0404612 seconds [static and dynamic dependencies]. Details - ImportResultOutputID=1117064fcdb2095777417085d569cedc DependenciesID=d516f232ca19c5a84f83d6f116fa6165 StaticDependenciesID=aa8abbac1cdba754527b13605e39536e 
Number of updated asset objects reloaded before import = 0Number of asset objects unloaded after import = 2

========================================================================
Received Import Request.
  Time since last request: 0.000049 seconds.
  path: Assets/Sprites/Traps/Platforms/Brown On (32x8).png
  importAddress: Guid(79e80bef34956ec4eac1d35410c3b9d3) Importer(2089858483,b0f066a214c2f5e87bad3c948f4d605d)
Start importing Assets/Sprites/Traps/Platforms/Brown On (32x8).png using Guid(79e80bef34956ec4eac1d35410c3b9d3) Importer(2089858483,b0f066a214c2f5e87bad3c948f4d605d) (ScriptedImporter) -> (Import Result ID: 'a0415ff1c39191915aa79ede2c4464d3') in 0.0479111 seconds [static and dynamic dependencies]. Details - ImportResultOutputID=901712538ee167bda6421b710079bde5 DependenciesID=79ec6aba7d11c089d0db0eff11f693f5 StaticDependenciesID=b17d76c7d7881a250a27294e8cc1915b 
Number of updated asset objects reloaded before import = 0Number of asset objects unloaded after import = 3

========================================================================
Received Import Request.
  Time since last request: 0.000041 seconds.
  path: Assets/Sprites/Traps/Rock Head/Right Hit (42x42).png
  importAddress: Guid(d90c82a0b00746d40be9c88d05636967) Importer(2089858483,b0f066a214c2f5e87bad3c948f4d605d)
Start importing Assets/Sprites/Traps/Rock Head/Right Hit (42x42).png using Guid(d90c82a0b00746d40be9c88d05636967) Importer(2089858483,b0f066a214c2f5e87bad3c948f4d605d) (ScriptedImporter) -> (Import Result ID: '294ad259e7c564ef208d6a234a46532c') in 0.0506818 seconds [static and dynamic dependencies]. Details - ImportResultOutputID=9b634adef3a94899e68723df3b07bdd5 DependenciesID=273e261d4f1c6cc953888d317685d120 StaticDependenciesID=90bef52dc735a6bb28db37acfb43bd86 
Number of updated asset objects reloaded before import = 0Number of asset objects unloaded after import = 6

========================================================================
Received Import Request.
  Time since last request: 0.000050 seconds.
  path: Assets/Sprites/Terrain/Ground Tiles/Terrain (16x16)_85.asset
  importAddress: Guid(80078053a2fcc24428e022b1b214fcce) Importer(2089858483,b0f066a214c2f5e87bad3c948f4d605d)
Start importing Assets/Sprites/Terrain/Ground Tiles/Terrain (16x16)_85.asset using Guid(80078053a2fcc24428e022b1b214fcce) Importer(2089858483,b0f066a214c2f5e87bad3c948f4d605d) (ScriptedImporter) -> (Import Result ID: '0c8319a312730131e64c31c2e91ae61c') in 0.029968 seconds [static and dynamic dependencies]. Details - ImportResultOutputID=1e8a0ebc4a6a7320a4894e6a26a49963 DependenciesID=d7e2daf5ab6acac01c24a9c07c97226c StaticDependenciesID=d239de87108b5d958868dc5d896139dc 
Number of updated asset objects reloaded before import = 0Number of asset objects unloaded after import = 2

========================================================================
Received Import Request.
  Time since last request: 0.000039 seconds.
  path: Assets/Sprites/Terrain/Ground Tiles/Terrain (16x16)_75.asset
  importAddress: Guid(41b0bd885f092574d99fd61dd6da8a01) Importer(2089858483,b0f066a214c2f5e87bad3c948f4d605d)
Start importing Assets/Sprites/Terrain/Ground Tiles/Terrain (16x16)_75.asset using Guid(41b0bd885f092574d99fd61dd6da8a01) Importer(2089858483,b0f066a214c2f5e87bad3c948f4d605d) (ScriptedImporter) -> (Import Result ID: '9e2b8c28590fd7b6694192363629e689') in 0.0634358 seconds [static and dynamic dependencies]. Details - ImportResultOutputID=6e0c16bbdf329719693aa4d6a5e627b3 DependenciesID=69e7bf8f3309eb337291d32cb74fc9ad StaticDependenciesID=9846bf6038b2a99bd1084eb56782cbed 
Number of updated asset objects reloaded before import = 0Number of asset objects unloaded after import = 2

========================================================================
Received Import Request.
  Time since last request: 0.000046 seconds.
  path: Assets/Sprites/Traps/Trampoline/Jump (28x28).png
  importAddress: Guid(8a197422e20827b41a1c1e9ce020d141) Importer(2089858483,b0f066a214c2f5e87bad3c948f4d605d)
Start importing Assets/Sprites/Traps/Trampoline/Jump (28x28).png using Guid(8a197422e20827b41a1c1e9ce020d141) Importer(2089858483,b0f066a214c2f5e87bad3c948f4d605d) (ScriptedImporter) -> (Import Result ID: '829447cd7ea78c0d60805ace858e858c') in 0.1492039 seconds [static and dynamic dependencies]. Details - ImportResultOutputID=c3593f7080e906795f098f6ba0eccebc DependenciesID=efdf5c86a6eb614ff97a23a5c9fa048e StaticDependenciesID=e5e2dbf0ac72cdfbf89586b552d91978 
Number of updated asset objects reloaded before import = 0Number of asset objects unloaded after import = 10

========================================================================
Received Import Request.
  Time since last request: 0.001373 seconds.
  path: Assets/Sprites/Items/Boxes/Box2/Hit (28x24).png
  importAddress: Guid(eef8167780397fe469c5a328c10a88d4) Importer(2089858483,b0f066a214c2f5e87bad3c948f4d605d)
Start importing Assets/Sprites/Items/Boxes/Box2/Hit (28x24).png using Guid(eef8167780397fe469c5a328c10a88d4) Importer(2089858483,b0f066a214c2f5e87bad3c948f4d605d) (ScriptedImporter) -> (Import Result ID: '0b1a504b748e7b6ff10a6665f26b9798') in 0.0768481 seconds [static and dynamic dependencies]. Details - ImportResultOutputID=02b41c774511b9810b49297d20508622 DependenciesID=8c262c81ca034c89404818a58b7de78b StaticDependenciesID=b72df3138e6dda9bb60649de2712ffd3 
Number of updated asset objects reloaded before import = 0Number of asset objects unloaded after import = 6

========================================================================
Received Import Request.
  Time since last request: 0.000046 seconds.
  path: Assets/Sprites/Traps/Sand Mud Ice/Sand Particle.png
  importAddress: Guid(96a04ad7da23c1145a5adda977c522cf) Importer(2089858483,b0f066a214c2f5e87bad3c948f4d605d)
Start importing Assets/Sprites/Traps/Sand Mud Ice/Sand Particle.png using Guid(96a04ad7da23c1145a5adda977c522cf) Importer(2089858483,b0f066a214c2f5e87bad3c948f4d605d) (ScriptedImporter) -> (Import Result ID: '86f2684fa1319fd9c9a7e49f94ae638b') in 0.1098529 seconds [static and dynamic dependencies]. Details - ImportResultOutputID=9475647011cfee5ee5ad83b1c2d51f50 DependenciesID=036a060ac1901dc10c2450204662a24e StaticDependenciesID=ec35e49f890dc8424ed59400090e600f 
Number of updated asset objects reloaded before import = 0Number of asset objects unloaded after import = 3

========================================================================
Received Import Request.
  Time since last request: 0.000095 seconds.
  path: Assets/Sprites/Items/Boxes/Box3/Break.png
  importAddress: Guid(465b679ca906e1e4f80e5b243429bd67) Importer(2089858483,b0f066a214c2f5e87bad3c948f4d605d)
Start importing Assets/Sprites/Items/Boxes/Box3/Break.png using Guid(465b679ca906e1e4f80e5b243429bd67) Importer(2089858483,b0f066a214c2f5e87bad3c948f4d605d) (ScriptedImporter) -> (Import Result ID: '758e9977cb04be9a2f69d3f2f08a9749') in 0.0692336 seconds [static and dynamic dependencies]. Details - ImportResultOutputID=8b09e533802bdcf5fe6b2163b3f07dd8 DependenciesID=ce4f0b71d4a0bc8f94fbcc69b828398c StaticDependenciesID=befaa84005b70a6ed952b771a199739c 
Number of updated asset objects reloaded before import = 0Number of asset objects unloaded after import = 6

========================================================================
Received Import Request.
  Time since last request: 0.000045 seconds.
  path: Assets/Sprites/Items/Checkpoints/End/End (Idle).png
  importAddress: Guid(65c2bb9df314c5049912c70ae8f26066) Importer(2089858483,b0f066a214c2f5e87bad3c948f4d605d)
Start importing Assets/Sprites/Items/Checkpoints/End/End (Idle).png using Guid(65c2bb9df314c5049912c70ae8f26066) Importer(2089858483,b0f066a214c2f5e87bad3c948f4d605d) (ScriptedImporter) -> (Import Result ID: '91ad804b1d6a94b707779963450c5aff') in 0.0591844 seconds [static and dynamic dependencies]. Details - ImportResultOutputID=42de84daf348ec12f2e72124304d4487 DependenciesID=1a5f62fa8e2be5a879efe9b3ff1fd21c StaticDependenciesID=c2a2c17e61355a26405d72c6f921aef5 
Number of updated asset objects reloaded before import = 0Number of asset objects unloaded after import = 3

========================================================================
Received Import Request.
  Time since last request: 0.000066 seconds.
  path: Assets/Sprites/Terrain/Ground Tiles/Terrain (16x16)_78.asset
  importAddress: Guid(35c6c52343199444283b023c1c730225) Importer(2089858483,b0f066a214c2f5e87bad3c948f4d605d)
Start importing Assets/Sprites/Terrain/Ground Tiles/Terrain (16x16)_78.asset using Guid(35c6c52343199444283b023c1c730225) Importer(2089858483,b0f066a214c2f5e87bad3c948f4d605d) (ScriptedImporter) -> (Import Result ID: 'c7d973c722bfe84a22e308813b26f64f') in 0.0399971 seconds [static and dynamic dependencies]. Details - ImportResultOutputID=f15800de70b263fa75bffd76cd38ad72 DependenciesID=3472ed281613e19dd9f897f2a5c3bb3f StaticDependenciesID=abc62dee1b5b7720dd05621f5b906bb1 
Number of updated asset objects reloaded before import = 0Number of asset objects unloaded after import = 2

========================================================================
Received Import Request.
  Time since last request: 0.000054 seconds.
  path: Assets/Sprites/Menu/Levels/13.png
  importAddress: Guid(f5885e3985799944f9040b8b21ef5dd2) Importer(2089858483,b0f066a214c2f5e87bad3c948f4d605d)
Start importing Assets/Sprites/Menu/Levels/13.png using Guid(f5885e3985799944f9040b8b21ef5dd2) Importer(2089858483,b0f066a214c2f5e87bad3c948f4d605d) (ScriptedImporter) -> (Import Result ID: '183c007d18e0455c4d6f907a01889d0f') in 0.0494414 seconds [static and dynamic dependencies]. Details - ImportResultOutputID=5267fd9e00ed1a175d76fb56f41f2a47 DependenciesID=f22f0f02c5c955b90cccf9b8efe01204 StaticDependenciesID=c35a3b926c0a10c52fdf759a331cfba3 
Number of updated asset objects reloaded before import = 0Number of asset objects unloaded after import = 3

========================================================================
Received Import Request.
  Time since last request: 0.000060 seconds.
  path: Assets/Sprites/Menu/Levels/24.png
  importAddress: Guid(eace7af59c930224dabb0a2a3d7c6dca) Importer(2089858483,b0f066a214c2f5e87bad3c948f4d605d)
Start importing Assets/Sprites/Menu/Levels/24.png using Guid(eace7af59c930224dabb0a2a3d7c6dca) Importer(2089858483,b0f066a214c2f5e87bad3c948f4d605d) (ScriptedImporter) -> (Import Result ID: 'ae0fdaf3aa3abac1fa469c96268fa69e') in 0.0593619 seconds [static and dynamic dependencies]. Details - ImportResultOutputID=a6653da6ee23c7bc2e82b3d66ece8fec DependenciesID=fa4ea448bb43b0e01977916af7a6cbc8 StaticDependenciesID=b900187804c1ef1f8a57cc9918f75dde 
Number of updated asset objects reloaded before import = 0Number of asset objects unloaded after import = 3

========================================================================
Received Import Request.
  Time since last request: 0.000036 seconds.
  path: Assets/Sprites/Menu/Levels/36.png
  importAddress: Guid(a2088899de825554c87b3d2ffed2fdcd) Importer(2089858483,b0f066a214c2f5e87bad3c948f4d605d)
Start importing Assets/Sprites/Menu/Levels/36.png using Guid(a2088899de825554c87b3d2ffed2fdcd) Importer(2089858483,b0f066a214c2f5e87bad3c948f4d605d) (ScriptedImporter) -> (Import Result ID: '4a824cf6a77faa2b025f785080706737') in 0.0713795 seconds [static and dynamic dependencies]. Details - ImportResultOutputID=c76e198973e46fdf6b0f81a5f365e718 DependenciesID=8f278b28e508d3b7d6d9e52029299fe7 StaticDependenciesID=24e54e0d4153614e1f9b147815cebea6 
Number of updated asset objects reloaded before import = 0Number of asset objects unloaded after import = 3

========================================================================
Received Import Request.
  Time since last request: 0.000053 seconds.
  path: Assets/Sprites/Items/Fruits/Pineapple.png
  importAddress: Guid(9212a9803d4434743b10fba50a17547a) Importer(2089858483,b0f066a214c2f5e87bad3c948f4d605d)
Start importing Assets/Sprites/Items/Fruits/Pineapple.png using Guid(9212a9803d4434743b10fba50a17547a) Importer(2089858483,b0f066a214c2f5e87bad3c948f4d605d) (ScriptedImporter) -> (Import Result ID: '8514cfed07b51e3ea64250975bbbec1e') in 0.1001915 seconds [static and dynamic dependencies]. Details - ImportResultOutputID=91e5e75459e8e51e166804867a5e7501 DependenciesID=67de13a62738eb445b48dd017f878ff9 StaticDependenciesID=a52ed7ec80ac77ad9fb257d3b4481a55 
Number of updated asset objects reloaded before import = 0Number of asset objects unloaded after import = 19

========================================================================
Received Import Request.
  Time since last request: 0.000037 seconds.
  path: Assets/Sprites/Items/Fruits/Collected.png
  importAddress: Guid(12488deb20a4f054fa1628853b8ad15c) Importer(2089858483,b0f066a214c2f5e87bad3c948f4d605d)
Start importing Assets/Sprites/Items/Fruits/Collected.png using Guid(12488deb20a4f054fa1628853b8ad15c) Importer(2089858483,b0f066a214c2f5e87bad3c948f4d605d) (ScriptedImporter) -> (Import Result ID: '824c6d646f9889562f9f6143b15473e3') in 0.0804114 seconds [static and dynamic dependencies]. Details - ImportResultOutputID=8004943b566a300eb95149d7ad8561e0 DependenciesID=298b133a1c6ecac3dca81898f70a8022 StaticDependenciesID=da913280f80bf38424d36040bcd44bd2 
Number of updated asset objects reloaded before import = 0Number of asset objects unloaded after import = 7

========================================================================
Received Import Request.
  Time since last request: 0.000056 seconds.
  path: Assets/Sprites/Terrain/Ground Tiles/Terrain (16x16)_120.asset
  importAddress: Guid(c42daa0197ac22547898e9d5d42e7c20) Importer(2089858483,b0f066a214c2f5e87bad3c948f4d605d)
Start importing Assets/Sprites/Terrain/Ground Tiles/Terrain (16x16)_120.asset using Guid(c42daa0197ac22547898e9d5d42e7c20) Importer(2089858483,b0f066a214c2f5e87bad3c948f4d605d) (ScriptedImporter) -> (Import Result ID: 'aab227c2174e6755cc6de22ee2234916') in 0.0538721 seconds [static and dynamic dependencies]. Details - ImportResultOutputID=cf8ff4372697a7d574b07ad24f635c57 DependenciesID=922eeebd69474f5d97a06d37f2542a68 StaticDependenciesID=792696a5221163320a8f94bc4e87ab10 
Number of updated asset objects reloaded before import = 0Number of asset objects unloaded after import = 2

========================================================================
Received Import Request.
  Time since last request: 0.000037 seconds.
  path: Assets/Sprites/Menu/Levels/29.png
  importAddress: Guid(1e71632c47edb0548b25da62d0f879eb) Importer(2089858483,b0f066a214c2f5e87bad3c948f4d605d)
Start importing Assets/Sprites/Menu/Levels/29.png using Guid(1e71632c47edb0548b25da62d0f879eb) Importer(2089858483,b0f066a214c2f5e87bad3c948f4d605d) (ScriptedImporter) -> (Import Result ID: 'dece38b47954e0a4a1edfc96ddb470b5') in 0.043985 seconds [static and dynamic dependencies]. Details - ImportResultOutputID=10e6bb2c1585f80d85dfae529f99aeea DependenciesID=c8573d71d8306aa1735dbfbaed2be9dc StaticDependenciesID=8bc02c8e9eba05b89c240fae532d3970 
Number of updated asset objects reloaded before import = 0Number of asset objects unloaded after import = 3

========================================================================
Received Import Request.
  Time since last request: 0.000064 seconds.
  path: Assets/InputSystem_Actions.inputactions
  importAddress: Guid(2bcd2660ca9b64942af0de543d8d7100) Importer(815301076,1909f56bfc062723c751e8b465ee728b)
Start importing Assets/InputSystem_Actions.inputactions using Guid(2bcd2660ca9b64942af0de543d8d7100) Importer(815301076,1909f56bfc062723c751e8b465ee728b) (PreviewImporter) -> (Import Result ID: 'fe30e60c2a4cf814629290e5d19a1992') in 0.0529807 seconds [static and dynamic dependencies]. Details - ImportResultOutputID=a1582856ff8fd22bbe739c97a51a978c DependenciesID=4c72d69a46c18e4a1f9851698c2ef9fa StaticDependenciesID=3fde4720715ca270ed56e3a3beea8b0b 
Number of updated asset objects reloaded before import = 0Number of asset objects unloaded after import = 14

========================================================================
Received Import Request.
  Time since last request: 0.000029 seconds.
  path: Assets/Sprites/Traps/Blocks/HitSide (22x22).png
  importAddress: Guid(50ee81f297ce84e46923e9df48170409) Importer(2089858483,b0f066a214c2f5e87bad3c948f4d605d)
Start importing Assets/Sprites/Traps/Blocks/HitSide (22x22).png using Guid(50ee81f297ce84e46923e9df48170409) Importer(2089858483,b0f066a214c2f5e87bad3c948f4d605d) (ScriptedImporter) -> (Import Result ID: 'efef4987935725c4f76656ec33c8ceac') in 0.0663317 seconds [static and dynamic dependencies]. Details - ImportResultOutputID=ae50243bf840a7f3f02866e1483fa8b9 DependenciesID=0d8bd6ca4509deccfd6b6d342af6b33d StaticDependenciesID=9430e3549ed9c5a140570bcb506f9a96 
Number of updated asset objects reloaded before import = 0Number of asset objects unloaded after import = 5

========================================================================
Received Import Request.
  Time since last request: 0.000044 seconds.
  path: Assets/Sprites/Terrain/Ground Tiles/Terrain (16x16)_123.asset
  importAddress: Guid(12fae400fd1715e4c8bf73455536b785) Importer(2089858483,b0f066a214c2f5e87bad3c948f4d605d)
Start importing Assets/Sprites/Terrain/Ground Tiles/Terrain (16x16)_123.asset using Guid(12fae400fd1715e4c8bf73455536b785) Importer(2089858483,b0f066a214c2f5e87bad3c948f4d605d) (ScriptedImporter) -> (Import Result ID: '082519cd20f4aa3032c629e62c9955f4') in 0.03353 seconds [static and dynamic dependencies]. Details - ImportResultOutputID=f89f700a5373f6a774feb8588439e279 DependenciesID=24398d7c2924ceec11b97810e14310f8 StaticDependenciesID=1afaf73bddf08378bb5fb29776d00c6c 
Number of updated asset objects reloaded before import = 0Number of asset objects unloaded after import = 2

========================================================================
Received Import Request.
  Time since last request: 0.000056 seconds.
  path: Assets/Sprites/Menu/Levels/01.png
  importAddress: Guid(d994d37500cf1894c9f1c633ae0a74ce) Importer(2089858483,b0f066a214c2f5e87bad3c948f4d605d)
Start importing Assets/Sprites/Menu/Levels/01.png using Guid(d994d37500cf1894c9f1c633ae0a74ce) Importer(2089858483,b0f066a214c2f5e87bad3c948f4d605d) (ScriptedImporter) -> (Import Result ID: '2c0662e0f2904e37faaea96be7323681') in 0.0523206 seconds [static and dynamic dependencies]. Details - ImportResultOutputID=1f188cef6fbbb7c8d70f1b622043e66e DependenciesID=e673223d87d72d836d1b84f28256d614 StaticDependenciesID=897722c36e05f134ba8a8553b50e6fcb 
Number of updated asset objects reloaded before import = 0Number of asset objects unloaded after import = 3

========================================================================
Received Import Request.
  Time since last request: 0.000037 seconds.
  path: Assets/Sprites/Traps/Rock Head/Top Hit (42x42).png
  importAddress: Guid(e99f44dff51a2274ea906c09a3dfe1e3) Importer(2089858483,b0f066a214c2f5e87bad3c948f4d605d)
Start importing Assets/Sprites/Traps/Rock Head/Top Hit (42x42).png using Guid(e99f44dff51a2274ea906c09a3dfe1e3) Importer(2089858483,b0f066a214c2f5e87bad3c948f4d605d) (ScriptedImporter) -> (Import Result ID: 'f6f950a843181408916ba2724664aa19') in 0.044772 seconds [static and dynamic dependencies]. Details - ImportResultOutputID=637ef19c99bb806040d0501f95926ed3 DependenciesID=333688543b3b23061b113973a5ff073f StaticDependenciesID=6cc93d5534b7952b6cc9cee92ca9dee5 
Number of updated asset objects reloaded before import = 0Number of asset objects unloaded after import = 5

========================================================================
Received Import Request.
  Time since last request: 0.000068 seconds.
  path: Assets/UniversalRenderPipelineGlobalSettings.asset
  importAddress: Guid(93b439a37f63240aca3dd4e01d978a9f) Importer(815301076,1909f56bfc062723c751e8b465ee728b)
Start importing Assets/UniversalRenderPipelineGlobalSettings.asset using Guid(93b439a37f63240aca3dd4e01d978a9f) Importer(815301076,1909f56bfc062723c751e8b465ee728b) (PreviewImporter) -> (Import Result ID: '7ec03901f3b82a2cab3e400a4a1332b3') in 0.0028061 seconds [static and dynamic dependencies]. Details - ImportResultOutputID=e5daccbb6d6b9d5bf2b6d69e320fa783 DependenciesID=9cd306cdfec31895817ab4e8109ddbc2 StaticDependenciesID=6bfaae8a74754be8b815d5ce136fbac7 
Number of updated asset objects reloaded before import = 0Number of asset objects unloaded after import = 0

========================================================================
Received Import Request.
  Time since last request: 0.000046 seconds.
  path: Assets/Sprites/Terrain/Ground Tiles/Terrain (16x16)_77.asset
  importAddress: Guid(7d15c745838d49644a5dc2f86d884f26) Importer(2089858483,b0f066a214c2f5e87bad3c948f4d605d)
Start importing Assets/Sprites/Terrain/Ground Tiles/Terrain (16x16)_77.asset using Guid(7d15c745838d49644a5dc2f86d884f26) Importer(2089858483,b0f066a214c2f5e87bad3c948f4d605d) (ScriptedImporter) -> (Import Result ID: '4d8611d8da537dc280fc009ac2ec3e13') in 0.0351538 seconds [static and dynamic dependencies]. Details - ImportResultOutputID=695bc2c517e16c9d1a35f73a50628ce7 DependenciesID=ab6b04b92c7c709d11a83a920e1faa54 StaticDependenciesID=642b9211f0f60f07934b77bcfb8f9c83 
Number of updated asset objects reloaded before import = 0Number of asset objects unloaded after import = 2

========================================================================
Received Import Request.
  Time since last request: 0.000042 seconds.
  path: Assets/Sprites/Background/Pink.png
  importAddress: Guid(9307f53b8e3a7b14f9b61efad252e8f3) Importer(2089858483,b0f066a214c2f5e87bad3c948f4d605d)
Start importing Assets/Sprites/Background/Pink.png using Guid(9307f53b8e3a7b14f9b61efad252e8f3) Importer(2089858483,b0f066a214c2f5e87bad3c948f4d605d) (ScriptedImporter) -> (Import Result ID: '8bdde2b54f5d51461704c462472d20a7') in 0.0446462 seconds [static and dynamic dependencies]. Details - ImportResultOutputID=8424e2f6f6cb73a7d3d2f4328e0c31bb DependenciesID=0e67d5879a07e175e1ecf7e8a8136f38 StaticDependenciesID=bb6c9f7ed77b1a6296cee7cfcf0408aa 
Number of updated asset objects reloaded before import = 0Number of asset objects unloaded after import = 3

========================================================================
Received Import Request.
  Time since last request: 0.000066 seconds.
  path: Assets/Sprites/Main Characters/Pink Man/Jump (32x32).png
  importAddress: Guid(cb91ed5afb7113d45b945a9c8f59ca69) Importer(2089858483,b0f066a214c2f5e87bad3c948f4d605d)
Start importing Assets/Sprites/Main Characters/Pink Man/Jump (32x32).png using Guid(cb91ed5afb7113d45b945a9c8f59ca69) Importer(2089858483,b0f066a214c2f5e87bad3c948f4d605d) (ScriptedImporter) -> (Import Result ID: '48045a530102bcd0dcd4b14c8159bb20') in 0.0411577 seconds [static and dynamic dependencies]. Details - ImportResultOutputID=c0cb4c7bdab7995d4ed26b0e36da2b16 DependenciesID=fe2fc37de9ac64b255a399fbafad431c StaticDependenciesID=0e5a1d4f812182313e289c881b19503d 
Number of updated asset objects reloaded before import = 0Number of asset objects unloaded after import = 3

========================================================================
Received Import Request.
  Time since last request: 0.000030 seconds.
  path: Assets/Sprites/Traps/Spike Head/Blink (54x52).png
  importAddress: Guid(9010988fb04b84848965477d87151bc4) Importer(2089858483,b0f066a214c2f5e87bad3c948f4d605d)
Start importing Assets/Sprites/Traps/Spike Head/Blink (54x52).png using Guid(9010988fb04b84848965477d87151bc4) Importer(2089858483,b0f066a214c2f5e87bad3c948f4d605d) (ScriptedImporter) -> (Import Result ID: '5a3acdbc1c87ac1ce8f61c6ad7fbc4cd') in 0.0683978 seconds [static and dynamic dependencies]. Details - ImportResultOutputID=ec51923db1a3e5ba51855fb6625609ce DependenciesID=0a35d24863e89d8124ef0a79f17b9932 StaticDependenciesID=c7c80166a36e2985c1a7b37814584cc5 
Number of updated asset objects reloaded before import = 0Number of asset objects unloaded after import = 6

========================================================================
Received Prepare
Assembly reference Packages/com.unity.cinemachine/Editor/Samples/ExposeHDRPInternals/HDRP-Editor-ref.asmref has no target assembly definition
Assembly reference Packages/com.unity.cinemachine/Editor/Samples/ExposeHDRPInternals/HDRP-Editor-ref.asmref has no target assembly definition
Begin MonoManager ReloadAssembly
[Licensing::Client] Successfully resolved entitlement details
[Licensing::Module] License group:
  Id: F4-K3JH-PND2-U582-PFQS-XXXX
  Product: Unity Personal
  Type: ULF
  Expiration: Unlimited
[Licensing::Module] License group:
  Id: 9071313007192-UnityPersXXXX
  Product: Unity Personal
  Type: Assigned
  Expiration: Unlimited
Assembly Assembly-CSharp-Editor-firstpass.dll at Library/ScriptAssemblies/Assembly-CSharp-Editor-firstpass.dll not valid. Loading of assembly skipped.
Assembly Assembly-CSharp-Editor.dll at Library/ScriptAssemblies/Assembly-CSharp-Editor.dll not valid. Loading of assembly skipped.
Assembly Assembly-CSharp-firstpass.dll at Library/ScriptAssemblies/Assembly-CSharp-firstpass.dll not valid. Loading of assembly skipped.
Assembly DocCodeExamples.dll at Library/ScriptAssemblies/DocCodeExamples.dll not valid. Loading of assembly skipped.
Assembly TestNewCustomAssembly.dll at Library/ScriptAssemblies/TestNewCustomAssembly.dll not valid. Loading of assembly skipped.
Assembly Unity.2D.Animation.EditorTests.dll at Library/ScriptAssemblies/Unity.2D.Animation.EditorTests.dll not valid. Loading of assembly skipped.
Assembly Unity.2D.Aseprite.EditorTests.dll at Library/ScriptAssemblies/Unity.2D.Aseprite.EditorTests.dll not valid. Loading of assembly skipped.
Assembly Unity.2D.Common.EditorTests.dll at Library/ScriptAssemblies/Unity.2D.Common.EditorTests.dll not valid. Loading of assembly skipped.
Assembly Unity.2D.Psdimporter.EditorTests.dll at Library/ScriptAssemblies/Unity.2D.Psdimporter.EditorTests.dll not valid. Loading of assembly skipped.
Assembly Unity.2D.Sprite.Package.EditorTests.dll at Library/ScriptAssemblies/Unity.2D.Sprite.Package.EditorTests.dll not valid. Loading of assembly skipped.
Assembly Unity.2D.SpriteShape.EditorTests.dll at Library/ScriptAssemblies/Unity.2D.SpriteShape.EditorTests.dll not valid. Loading of assembly skipped.
Assembly Unity.2D.Tilemap.Package.EditorTests.dll at Library/ScriptAssemblies/Unity.2D.Tilemap.Package.EditorTests.dll not valid. Loading of assembly skipped.
Assembly Unity.Collections.BurstCompatibilityGen.dll at Library/ScriptAssemblies/Unity.Collections.BurstCompatibilityGen.dll not valid. Loading of assembly skipped.
Assembly Unity.Collections.DocCodeSamples.dll at Library/ScriptAssemblies/Unity.Collections.DocCodeSamples.dll not valid. Loading of assembly skipped.
Assembly Unity.Collections.PerformanceTests.dll at Library/ScriptAssemblies/Unity.Collections.PerformanceTests.dll not valid. Loading of assembly skipped.
Assembly Unity.Collections.Tests.dll at Library/ScriptAssemblies/Unity.Collections.Tests.dll not valid. Loading of assembly skipped.
Assembly Unity.Collections.Tests.Playmode.dll at Library/ScriptAssemblies/Unity.Collections.Tests.Playmode.dll not valid. Loading of assembly skipped.
Assembly Unity.InputSystem.IntegrationTests.dll at Library/ScriptAssemblies/Unity.InputSystem.IntegrationTests.dll not valid. Loading of assembly skipped.
Assembly Unity.Mathematics.Tests.dll at Library/ScriptAssemblies/Unity.Mathematics.Tests.dll not valid. Loading of assembly skipped.
Assembly Unity.Multiplayer.Center.Editor.Tests.dll at Library/ScriptAssemblies/Unity.Multiplayer.Center.Editor.Tests.dll not valid. Loading of assembly skipped.
Assembly Unity.Multiplayer.Center.Tests.dll at Library/ScriptAssemblies/Unity.Multiplayer.Center.Tests.dll not valid. Loading of assembly skipped.
Assembly Unity.Nuget.Mono-Cecil.dll at Library/ScriptAssemblies/Unity.Nuget.Mono-Cecil.dll not valid. Loading of assembly skipped.
Assembly Unity.PathTracing.Editor.Tests.dll at Library/ScriptAssemblies/Unity.PathTracing.Editor.Tests.dll not valid. Loading of assembly skipped.
Assembly Unity.PathTracing.Runtime.Tests.dll at Library/ScriptAssemblies/Unity.PathTracing.Runtime.Tests.dll not valid. Loading of assembly skipped.
Assembly Unity.RenderPipelines.Core.Editor.Tests.dll at Library/ScriptAssemblies/Unity.RenderPipelines.Core.Editor.Tests.dll not valid. Loading of assembly skipped.
Assembly Unity.RenderPipelines.Core.Runtime.Tests.dll at Library/ScriptAssemblies/Unity.RenderPipelines.Core.Runtime.Tests.dll not valid. Loading of assembly skipped.
Assembly Unity.RenderPipelines.Universal.Config.Editor.Tests.dll at Library/ScriptAssemblies/Unity.RenderPipelines.Universal.Config.Editor.Tests.dll not valid. Loading of assembly skipped.
Assembly Unity.RenderPipelines.Universal.Editor.Tests.dll at Library/ScriptAssemblies/Unity.RenderPipelines.Universal.Editor.Tests.dll not valid. Loading of assembly skipped.
Assembly Unity.RenderPipelines.Universal.Runtime.Tests.dll at Library/ScriptAssemblies/Unity.RenderPipelines.Universal.Runtime.Tests.dll not valid. Loading of assembly skipped.
Assembly Unity.Searcher.EditorTests.dll at Library/ScriptAssemblies/Unity.Searcher.EditorTests.dll not valid. Loading of assembly skipped.
Assembly Unity.Settings.Tests.dll at Library/ScriptAssemblies/Unity.Settings.Tests.dll not valid. Loading of assembly skipped.
Assembly Unity.ShaderGraph.Editor.Tests.dll at Library/ScriptAssemblies/Unity.ShaderGraph.Editor.Tests.dll not valid. Loading of assembly skipped.
Assembly Unity.TextMeshPro.Editor.Tests.dll at Library/ScriptAssemblies/Unity.TextMeshPro.Editor.Tests.dll not valid. Loading of assembly skipped.
Assembly Unity.TextMeshPro.Tests.dll at Library/ScriptAssemblies/Unity.TextMeshPro.Tests.dll not valid. Loading of assembly skipped.
Assembly Unity.UnifiedRayTracing.Editor.Tests.dll at Library/ScriptAssemblies/Unity.UnifiedRayTracing.Editor.Tests.dll not valid. Loading of assembly skipped.
Assembly UnityEditor.UI.Common.Tests.dll at Library/ScriptAssemblies/UnityEditor.UI.Common.Tests.dll not valid. Loading of assembly skipped.
Assembly UnityEditor.UI.EditorTests.dll at Library/ScriptAssemblies/UnityEditor.UI.EditorTests.dll not valid. Loading of assembly skipped.
Assembly UnityEngine.UI.Tests.dll at Library/ScriptAssemblies/UnityEngine.UI.Tests.dll not valid. Loading of assembly skipped.
Assembly reference Packages/com.unity.cinemachine/Editor/Samples/ExposeHDRPInternals/HDRP-Editor-ref.asmref has no target assembly definition
Script 'CharacterController' has the same name as built-in Unity component.
AddComponent and GetComponent will not work with this script.
'Packages/com.unity.cinemachine/Editor/Obsolete/CinemachineVirtualCameraBaseEditor.cs' contains partial class of Unity.Object, exactly 1 of the partial classes needs to be in a file with the same filename. This is to know the one that can be referenced from ie. GameObjects
'Packages/com.unity.cinemachine/Editor/Editors/CinemachineVirtualCameraBaseEditor.cs' contains partial class of Unity.Object, exactly 1 of the partial classes needs to be in a file with the same filename. This is to know the one that can be referenced from ie. GameObjects
Refreshing native plugins compatible for Editor in 9.69 ms, found 5 plugins.
Native extension for WindowsStandalone target not found
Assembly reference Packages/com.unity.cinemachine/Editor/Samples/ExposeHDRPInternals/HDRP-Editor-ref.asmref has no target assembly definition
[Package Manager] Failed to launch server process. Reason: Unity was launched with the -noUpm command-line argument
[Package Manager] Unable to send message (not connected to server process).
[Package Manager] Cannot connect to Unity Package Manager local server
[Package Manager] Failed to launch server process. Reason: Unity was launched with the -noUpm command-line argument
[Package Manager] Unable to send message (not connected to server process).
[Package Manager] Cannot connect to Unity Package Manager local server
[Package Manager] Failed to launch server process. Reason: Unity was launched with the -noUpm command-line argument
[Package Manager] Unable to send message (not connected to server process).
[Package Manager] Cannot connect to Unity Package Manager local server
ScheduleIndexationOnStartup MainProcess:False IndexOnStartup:True
Mono: successfully reloaded assembly
- Finished resetting the current domain, in  2.677 seconds
Domain Reload Profiling: 5378ms
	BeginReloadAssembly (676ms)
		DisableScriptedObjects (41ms)
		CreateAndSetChildDomain (130ms)
	RebuildCommonClasses (98ms)
	RebuildNativeTypeToScriptingClass (46ms)
	initialDomainReloadingComplete (310ms)
	LoadAllAssembliesAndSetupDomain (1570ms)
		LoadAssemblies (1270ms)
		AnalyzeDomain (626ms)
			TypeCache.Refresh (16ms)
			BuildScriptInfoCaches (567ms)
			ResolveRequiredComponents (37ms)
	FinalizeReload (2678ms)
		SetupLoadedEditorAssemblies (0ms)
			InitializePlatformSupportModulesInManaged (6ms)
			BeforeProcessingInitializeOnLoad (645ms)
			ProcessInitializeOnLoadAttributes (1122ms)
			ProcessInitializeOnLoadMethodAttributes (309ms)
			AfterProcessingInitializeOnLoad (25ms)
		AwakeInstancesAfterBackupRestoration (47ms)
Refreshing native plugins compatible for Editor in 10.58 ms, found 5 plugins.
Unloading 25 Unused Serialized files (Serialized files now loaded: 0)
Unloading 7657 unused Assets / (5.9 MB). Loaded Objects now: 8490.
Memory consumption went from 167.9 MB to 162.0 MB.
Total: 29.700000 ms (FindLiveObjects: 2.865000 ms CreateObjectMapping: 2.372400 ms MarkObjects: 16.291600 ms  DeleteObjects: 8.168400 ms)

Prepare: number of updated asset objects reloaded= 0
