[Licensing::Module] Trying to connect to existing licensing client channel...
Built from '6000.4/staging' branch; Version is '6000.4.6f1 (0b051c2e5d54) revision 722204'; Using compiler version '194234433'; Build Type 'Release'
[Licensing::IpcConnector] Successfully connected to: "LicenseClient-nirac" at "2026-05-11T23:14:47.7438708Z"
OS: 'Windows 11  (10.0.26200) Core' Language: 'de' Physical Memory: 15712 MB
BatchMode: 1, IsHumanControllingUs: 0, StartBugReporterOnCrash: 0, Is64bit: 1
System  architecture: x64
Process architecture: x64
Date: 2026-05-11T23:14:47Z

COMMAND LINE ARGUMENTS:
C:\Program Files\Unity\Hub\Editor\6000.4.6f1\Editor\Unity.exe
-adb2
-batchMode
-noUpm
-name
AssetImportWorker2
-projectPath
C:/Unity/Hedonism
-logFile
Logs/AssetImportWorker2.log
-srvPort
56094
-licensingIpc
LicenseClient-nirac
-force-d3d12
-job-worker-count
5
-background-job-worker-count
8
-gc-helper-count
1
-name
AssetImport
Successfully changed project path to: C:/Unity/Hedonism
C:/Unity/Hedonism
[UnityMemory] Configuration Parameters - Can be set up in boot.config
    "memorysetup-temp-allocator-size-gi-baking-worker=262144"
    "memorysetup-temp-allocator-size-gi-baking-worker=262144"
    "memorysetup-temp-allocator-size-gi-baking-worker=262144"
    "memorysetup-temp-allocator-size-gi-baking-worker=262144"
    "memorysetup-temp-allocator-size-gi-baking-worker=262144"
    "memorysetup-temp-allocator-size-nav-mesh-worker=65536"
    "memorysetup-temp-allocator-size-audio-worker=65536"
    "memorysetup-temp-allocator-size-cloud-worker=32768"
    "memorysetup-temp-allocator-size-gfx=262144"
    "memorysetup-temp-allocator-size-preload-manager=33554432"
    "memorysetup-temp-allocator-size-job-worker=262144"
    "memorysetup-temp-allocator-size-background-worker=32768"
    "memorysetup-allocator-temp-initial-block-size-main=262144"
    "memorysetup-allocator-temp-initial-block-size-worker=262144"
    "memorysetup-bucket-allocator-granularity=16"
    "memorysetup-bucket-allocator-bucket-count=8"
    "memorysetup-bucket-allocator-block-size=33554432"
    "memorysetup-bucket-allocator-block-count=8"
    "memorysetup-main-allocator-block-size=16777216"
    "memorysetup-thread-allocator-block-size=16777216"
    "memorysetup-gfx-main-allocator-block-size=16777216"
    "memorysetup-gfx-thread-allocator-block-size=16777216"
    "memorysetup-cache-allocator-block-size=4194304"
    "memorysetup-typetree-allocator-block-size=2097152"
    "memorysetup-profiler-bucket-allocator-granularity=16"
    "memorysetup-profiler-bucket-allocator-bucket-count=8"
    "memorysetup-profiler-bucket-allocator-block-size=33554432"
    "memorysetup-profiler-bucket-allocator-block-count=8"
    "memorysetup-profiler-allocator-block-size=16777216"
    "memorysetup-profiler-editor-allocator-block-size=1048576"
    "memorysetup-temp-allocator-size-main=16777216"
    "memorysetup-job-temp-allocator-block-size=2097152"
    "memorysetup-job-temp-allocator-block-size-background=1048576"
    "memorysetup-job-temp-allocator-reduction-small-platforms=262144"
Player connection [11868]  Target information:

Player connection [11868]  * "[IP] 192.168.178.61 [Port] 0 [Flags] 2 [Guid] 698550906 [EditorId] 698550906 [Version] 1048832 [Id] WindowsEditor(7,NicoLaptop) [Debug] 1 [PackageName] WindowsEditor [ProjectName] Editor" 

Player connection [11868] Host joined multi-casting on [225.0.0.222:54997]...
Player connection [11868] Host joined alternative multi-casting on [225.0.0.222:34997]...
JobSystem: Creating JobQueue using job-worker-count value 5
Input System module state changed to: Initialized.
[Physics::Module] Initialized fallback backend.
[Physics::Module] Id: 0xdecafbad
Library Redirect Path: Library/
[Physics::Module] Selected backend.
[Physics::Module] Name: PhysX
[Physics::Module] Id: 0xf2b8ea05
[Physics::Module] SDK Version: 4.1.2
[Physics::Module] Integration Version: 1.0.0
[Physics::Module] Threading Mode: Multi-Threaded
Refreshing native plugins compatible for Editor in 28.76 ms, found 5 plugins.
Initialize engine version: 6000.4.6f1 (0b051c2e5d54)
[Subsystems] Discovering subsystems at path C:/Program Files/Unity/Hub/Editor/6000.4.6f1/Editor/Data/Resources/UnitySubsystems
[Subsystems] Discovering subsystems at path C:/Unity/Hedonism/Assets
Forcing GfxDevice: Direct3D 12
GfxDevice: creating device client; kGfxThreadingModeNonThreaded
d3d12: failed to query info queue interface (0x80004002).
Direct3D:
    Version:         Direct3D 12 [level 12.1]
    Renderer:        AMD Radeon (TM) Graphics (ID=0x15e7)
    Vendor:          ATI
    VRAM:            7856 MB
    App VRAM Budget: 7678 MB
    Driver:          31.0.12044.3
    Unified Memory Architecture
Initialize mono
Mono path[0] = 'C:/Program Files/Unity/Hub/Editor/6000.4.6f1/Editor/Data/Managed'
Mono path[1] = 'C:/Program Files/Unity/Hub/Editor/6000.4.6f1/Editor/Data/MonoBleedingEdge/lib/mono/unityjit-win32'
Mono config path = 'C:/Program Files/Unity/Hub/Editor/6000.4.6f1/Editor/Data/MonoBleedingEdge/etc'
Using monoOptions --debugger-agent=transport=dt_socket,embedding=1,server=y,suspend=n,address=127.0.0.1:56116
CodeReloadManager initialized
Begin MonoManager ReloadAssembly
[Licensing::Client] Error: HandshakeResponse reported an error:
	ResponseCode: 505
	ResponseStatus: Unsupported protocol version '1.18.1'.
[Licensing::Module] Error: Failed to handshake to channel: "LicenseClient-nirac"
[Licensing::IpcConnector] LicenseClient-nirac channel disconnected successfully.
[Licensing::IpcConnector] Successfully connected to: "LicenseClient-nirac-6000.4.6" at "2026-05-11T23:14:52.5883971Z"
[Licensing::Client] Code 10 while verifying Licensing Client signature (process Id: 20512, path: "C:/Program Files/Unity/Hub/Editor/6000.4.6f1/Editor/Data/Resources/Licensing/Client/Unity.Licensing.Client.exe")
[Licensing::Module] LicensingClient has failed validation; ignoring
[Licensing::Client] Handshaking with LicensingClient:
  Version:                 1.18.1+9fbee8e
  Session Id:              a92e6bbbcdf64e54aca81807cc348d72
  Correlation Id:          1ae06423c7b2641c84442f004d96ed23
  External correlation Id: 374301884627104663
  Machine Id:              VIX9ONoXlKqCHILYb5e71RdiQ3s=
[Licensing::Module] Successfully connected to LicensingClient on channel: "LicenseClient-nirac-6000.4.6" (connect: 0.00s, validation: 0.00s, handshake: 0.02s)
[Licensing::IpcConnector] Successfully connected to: "LicenseClient-nirac-6000.4.6-notifications" at "2026-05-11T23:14:52.6105873Z"
[Licensing::Module] Licensing Background thread has ended after 4.87s
Registering precompiled unity dll's ...
Register platform support module: C:/Program Files/Unity/Hub/Editor/6000.4.6f1/Editor/Data/PlaybackEngines/WindowsStandaloneSupport/UnityEditor.WindowsStandalone.Extensions.dll
Registered in 0.008118 seconds.
Native extension for WindowsStandalone target not found
Package Manager log level set to [2]
[Package Manager] Failed to launch server process. Reason: Unity was launched with the -noUpm command-line argument
[Package Manager] Unable to send message (not connected to server process).
[Package Manager] Cannot connect to Unity Package Manager local server
ScheduleIndexationOnStartup MainProcess:False IndexOnStartup:True
Mono: successfully reloaded assembly
- Finished resetting the current domain, in  1.276 seconds
Domain Reload Profiling: 3117ms
	BeginReloadAssembly (671ms)
		CreateAndSetChildDomain (7ms)
	RebuildCommonClasses (164ms)
	RebuildNativeTypeToScriptingClass (43ms)
	initialDomainReloadingComplete (245ms)
	LoadAllAssembliesAndSetupDomain (714ms)
		LoadAssemblies (646ms)
		AnalyzeDomain (683ms)
			TypeCache.Refresh (679ms)
				TypeCache.ScanAssembly (638ms)
	FinalizeReload (1281ms)
		SetupLoadedEditorAssemblies (0ms)
			InitializePlatformSupportModulesInManaged (149ms)
			BeforeProcessingInitializeOnLoad (278ms)
			ProcessInitializeOnLoadAttributes (349ms)
			ProcessInitializeOnLoadMethodAttributes (269ms)
Assembly reference Packages/com.unity.cinemachine/Editor/Samples/ExposeHDRPInternals/HDRP-Editor-ref.asmref has no target assembly definition
========================================================================
Worker process is ready to serve import requests
Import Worker Mode flag is 0x00
Assembly reference Packages/com.unity.cinemachine/Editor/Samples/ExposeHDRPInternals/HDRP-Editor-ref.asmref has no target assembly definition
Assembly reference Packages/com.unity.cinemachine/Editor/Samples/ExposeHDRPInternals/HDRP-Editor-ref.asmref has no target assembly definition
Begin MonoManager ReloadAssembly
[Licensing::Client] Successfully resolved entitlement details
[Licensing::Module] License group:
  Id: F4-K3JH-PND2-U582-PFQS-XXXX
  Product: Unity Personal
  Type: ULF
  Expiration: Unlimited
[Licensing::Module] License group:
  Id: 9071313007192-UnityPersXXXX
  Product: Unity Personal
  Type: Assigned
  Expiration: Unlimited
Assembly Assembly-CSharp-Editor-firstpass.dll at Library/ScriptAssemblies/Assembly-CSharp-Editor-firstpass.dll not valid. Loading of assembly skipped.
Assembly Assembly-CSharp-Editor.dll at Library/ScriptAssemblies/Assembly-CSharp-Editor.dll not valid. Loading of assembly skipped.
Assembly Assembly-CSharp-firstpass.dll at Library/ScriptAssemblies/Assembly-CSharp-firstpass.dll not valid. Loading of assembly skipped.
Assembly DocCodeExamples.dll at Library/ScriptAssemblies/DocCodeExamples.dll not valid. Loading of assembly skipped.
Assembly TestNewCustomAssembly.dll at Library/ScriptAssemblies/TestNewCustomAssembly.dll not valid. Loading of assembly skipped.
Assembly Unity.2D.Animation.EditorTests.dll at Library/ScriptAssemblies/Unity.2D.Animation.EditorTests.dll not valid. Loading of assembly skipped.
Assembly Unity.2D.Aseprite.EditorTests.dll at Library/ScriptAssemblies/Unity.2D.Aseprite.EditorTests.dll not valid. Loading of assembly skipped.
Assembly Unity.2D.Common.EditorTests.dll at Library/ScriptAssemblies/Unity.2D.Common.EditorTests.dll not valid. Loading of assembly skipped.
Assembly Unity.2D.Psdimporter.EditorTests.dll at Library/ScriptAssemblies/Unity.2D.Psdimporter.EditorTests.dll not valid. Loading of assembly skipped.
Assembly Unity.2D.Sprite.Package.EditorTests.dll at Library/ScriptAssemblies/Unity.2D.Sprite.Package.EditorTests.dll not valid. Loading of assembly skipped.
Assembly Unity.2D.SpriteShape.EditorTests.dll at Library/ScriptAssemblies/Unity.2D.SpriteShape.EditorTests.dll not valid. Loading of assembly skipped.
Assembly Unity.2D.Tilemap.Package.EditorTests.dll at Library/ScriptAssemblies/Unity.2D.Tilemap.Package.EditorTests.dll not valid. Loading of assembly skipped.
Assembly Unity.Collections.BurstCompatibilityGen.dll at Library/ScriptAssemblies/Unity.Collections.BurstCompatibilityGen.dll not valid. Loading of assembly skipped.
Assembly Unity.Collections.DocCodeSamples.dll at Library/ScriptAssemblies/Unity.Collections.DocCodeSamples.dll not valid. Loading of assembly skipped.
Assembly Unity.Collections.PerformanceTests.dll at Library/ScriptAssemblies/Unity.Collections.PerformanceTests.dll not valid. Loading of assembly skipped.
Assembly Unity.Collections.Tests.dll at Library/ScriptAssemblies/Unity.Collections.Tests.dll not valid. Loading of assembly skipped.
Assembly Unity.Collections.Tests.Playmode.dll at Library/ScriptAssemblies/Unity.Collections.Tests.Playmode.dll not valid. Loading of assembly skipped.
Assembly Unity.InputSystem.IntegrationTests.dll at Library/ScriptAssemblies/Unity.InputSystem.IntegrationTests.dll not valid. Loading of assembly skipped.
Assembly Unity.Mathematics.Tests.dll at Library/ScriptAssemblies/Unity.Mathematics.Tests.dll not valid. Loading of assembly skipped.
Assembly Unity.Multiplayer.Center.Editor.Tests.dll at Library/ScriptAssemblies/Unity.Multiplayer.Center.Editor.Tests.dll not valid. Loading of assembly skipped.
Assembly Unity.Multiplayer.Center.Tests.dll at Library/ScriptAssemblies/Unity.Multiplayer.Center.Tests.dll not valid. Loading of assembly skipped.
Assembly Unity.Nuget.Mono-Cecil.dll at Library/ScriptAssemblies/Unity.Nuget.Mono-Cecil.dll not valid. Loading of assembly skipped.
Assembly Unity.PathTracing.Editor.Tests.dll at Library/ScriptAssemblies/Unity.PathTracing.Editor.Tests.dll not valid. Loading of assembly skipped.
Assembly Unity.PathTracing.Runtime.Tests.dll at Library/ScriptAssemblies/Unity.PathTracing.Runtime.Tests.dll not valid. Loading of assembly skipped.
Assembly Unity.RenderPipelines.Core.Editor.Tests.dll at Library/ScriptAssemblies/Unity.RenderPipelines.Core.Editor.Tests.dll not valid. Loading of assembly skipped.
Assembly Unity.RenderPipelines.Core.Runtime.Tests.dll at Library/ScriptAssemblies/Unity.RenderPipelines.Core.Runtime.Tests.dll not valid. Loading of assembly skipped.
Assembly Unity.RenderPipelines.Universal.Config.Editor.Tests.dll at Library/ScriptAssemblies/Unity.RenderPipelines.Universal.Config.Editor.Tests.dll not valid. Loading of assembly skipped.
Assembly Unity.RenderPipelines.Universal.Editor.Tests.dll at Library/ScriptAssemblies/Unity.RenderPipelines.Universal.Editor.Tests.dll not valid. Loading of assembly skipped.
Assembly Unity.RenderPipelines.Universal.Runtime.Tests.dll at Library/ScriptAssemblies/Unity.RenderPipelines.Universal.Runtime.Tests.dll not valid. Loading of assembly skipped.
Assembly Unity.Searcher.EditorTests.dll at Library/ScriptAssemblies/Unity.Searcher.EditorTests.dll not valid. Loading of assembly skipped.
Assembly Unity.Settings.Tests.dll at Library/ScriptAssemblies/Unity.Settings.Tests.dll not valid. Loading of assembly skipped.
Assembly Unity.ShaderGraph.Editor.Tests.dll at Library/ScriptAssemblies/Unity.ShaderGraph.Editor.Tests.dll not valid. Loading of assembly skipped.
Assembly Unity.TextMeshPro.Editor.Tests.dll at Library/ScriptAssemblies/Unity.TextMeshPro.Editor.Tests.dll not valid. Loading of assembly skipped.
Assembly Unity.TextMeshPro.Tests.dll at Library/ScriptAssemblies/Unity.TextMeshPro.Tests.dll not valid. Loading of assembly skipped.
Assembly Unity.UnifiedRayTracing.Editor.Tests.dll at Library/ScriptAssemblies/Unity.UnifiedRayTracing.Editor.Tests.dll not valid. Loading of assembly skipped.
Assembly UnityEditor.UI.Common.Tests.dll at Library/ScriptAssemblies/UnityEditor.UI.Common.Tests.dll not valid. Loading of assembly skipped.
Assembly UnityEditor.UI.EditorTests.dll at Library/ScriptAssemblies/UnityEditor.UI.EditorTests.dll not valid. Loading of assembly skipped.
Assembly UnityEngine.UI.Tests.dll at Library/ScriptAssemblies/UnityEngine.UI.Tests.dll not valid. Loading of assembly skipped.
Assembly reference Packages/com.unity.cinemachine/Editor/Samples/ExposeHDRPInternals/HDRP-Editor-ref.asmref has no target assembly definition
Script 'CharacterController' has the same name as built-in Unity component.
AddComponent and GetComponent will not work with this script.
'Packages/com.unity.cinemachine/Editor/Obsolete/CinemachineVirtualCameraBaseEditor.cs' contains partial class of Unity.Object, exactly 1 of the partial classes needs to be in a file with the same filename. This is to know the one that can be referenced from ie. GameObjects
'Packages/com.unity.cinemachine/Editor/Editors/CinemachineVirtualCameraBaseEditor.cs' contains partial class of Unity.Object, exactly 1 of the partial classes needs to be in a file with the same filename. This is to know the one that can be referenced from ie. GameObjects
Refreshing native plugins compatible for Editor in 9.77 ms, found 5 plugins.
Native extension for WindowsStandalone target not found
Assembly reference Packages/com.unity.cinemachine/Editor/Samples/ExposeHDRPInternals/HDRP-Editor-ref.asmref has no target assembly definition
[Package Manager] Failed to launch server process. Reason: Unity was launched with the -noUpm command-line argument
[Package Manager] Unable to send message (not connected to server process).
[Package Manager] Cannot connect to Unity Package Manager local server
[Package Manager] Failed to launch server process. Reason: Unity was launched with the -noUpm command-line argument
[Package Manager] Unable to send message (not connected to server process).
[Package Manager] Cannot connect to Unity Package Manager local server
[Package Manager] Failed to launch server process. Reason: Unity was launched with the -noUpm command-line argument
[Package Manager] Unable to send message (not connected to server process).
[Package Manager] Cannot connect to Unity Package Manager local server
Refreshing native plugins compatible for Editor in 10.31 ms, found 5 plugins.
ScheduleIndexationOnStartup MainProcess:False IndexOnStartup:True
Mono: successfully reloaded assembly
- Finished resetting the current domain, in  2.971 seconds
Domain Reload Profiling: 6588ms
	BeginReloadAssembly (687ms)
		DisableScriptedObjects (32ms)
		CreateAndSetChildDomain (111ms)
	RebuildCommonClasses (190ms)
	RebuildNativeTypeToScriptingClass (39ms)
	initialDomainReloadingComplete (324ms)
	LoadAllAssembliesAndSetupDomain (2375ms)
		LoadAssemblies (1537ms)
		AnalyzeDomain (1164ms)
			TypeCache.Refresh (877ms)
				TypeCache.ScanAssembly (834ms)
			BuildScriptInfoCaches (232ms)
			ResolveRequiredComponents (47ms)
	FinalizeReload (2972ms)
		SetupLoadedEditorAssemblies (0ms)
			InitializePlatformSupportModulesInManaged (5ms)
			BeforeProcessingInitializeOnLoad (595ms)
			ProcessInitializeOnLoadAttributes (1256ms)
			ProcessInitializeOnLoadMethodAttributes (481ms)
			AfterProcessingInitializeOnLoad (28ms)
		AwakeInstancesAfterBackupRestoration (20ms)
Launched and connected shader compiler UnityShaderCompiler.exe after 0.04 seconds
Refreshing native plugins compatible for Editor in 11.13 ms, found 5 plugins.
Unloading 25 Unused Serialized files (Serialized files now loaded: 0)
Unloading 7659 unused Assets / (5.4 MB). Loaded Objects now: 8483.
Memory consumption went from 161.5 MB to 156.1 MB.
Total: 31.131600 ms (FindLiveObjects: 2.261100 ms CreateObjectMapping: 2.882600 ms MarkObjects: 18.666600 ms  DeleteObjects: 7.315400 ms)

========================================================================
Received Import Request.
  Time since last request: 1597934.868339 seconds.
  path: Assets/Sprites/Main Characters/Pink Man/Hit (32x32).png
  importAddress: Guid(a4dbfd1e063edb243a3bbe4d3095417a) Importer(2089858483,b0f066a214c2f5e87bad3c948f4d605d)
Start importing Assets/Sprites/Main Characters/Pink Man/Hit (32x32).png using Guid(a4dbfd1e063edb243a3bbe4d3095417a) Importer(2089858483,b0f066a214c2f5e87bad3c948f4d605d) (ScriptedImporter) -> (Import Result ID: '81ed0dc5380c6bc5df6874a021be661b') in 0.4115557 seconds [static and dynamic dependencies]. Details - ImportResultOutputID=21e5e9e87258faa7fa4decbd109bca96 DependenciesID=13c019b31e187ebc9dce131164c121a2 StaticDependenciesID=74e2cdc0a7099e2f6b607da86ef74fd4 
Number of updated asset objects reloaded before import = 0Number of asset objects unloaded after import = 9

========================================================================
Received Import Request.
  Time since last request: 0.000076 seconds.
  path: Assets/Sprites/Menu/Levels/05.png
  importAddress: Guid(9b0f8462e919ec2489b1e742ef325f88) Importer(2089858483,b0f066a214c2f5e87bad3c948f4d605d)
Start importing Assets/Sprites/Menu/Levels/05.png using Guid(9b0f8462e919ec2489b1e742ef325f88) Importer(2089858483,b0f066a214c2f5e87bad3c948f4d605d) (ScriptedImporter) -> (Import Result ID: 'c6c0b07f34e6ab2349b56e47eff9d526') in 0.0400246 seconds [static and dynamic dependencies]. Details - ImportResultOutputID=39b69db9dcabe38a70acbe709cf49456 DependenciesID=fc8bcffdbfceaa4290e7a056adde1a39 StaticDependenciesID=703b6dbf5591636107164665ccbbb21b 
Number of updated asset objects reloaded before import = 0Number of asset objects unloaded after import = 3

========================================================================
Received Import Request.
  Time since last request: 0.000040 seconds.
  path: Assets/Sprites/Items/Fruits/Kiwi.png
  importAddress: Guid(8937f5f897c4aef4987d74b99ccc1701) Importer(2089858483,b0f066a214c2f5e87bad3c948f4d605d)
Start importing Assets/Sprites/Items/Fruits/Kiwi.png using Guid(8937f5f897c4aef4987d74b99ccc1701) Importer(2089858483,b0f066a214c2f5e87bad3c948f4d605d) (ScriptedImporter) -> (Import Result ID: 'cefe876458983094fdc832bc1d770a82') in 0.0758377 seconds [static and dynamic dependencies]. Details - ImportResultOutputID=584690c05fbf367de341c5f443930247 DependenciesID=72172f7862446c15edd3a40eee977bb9 StaticDependenciesID=586c46ed4b2793fe99b42c6a150484ef 
Number of updated asset objects reloaded before import = 0Number of asset objects unloaded after import = 19

========================================================================
Received Import Request.
  Time since last request: 0.000042 seconds.
  path: Assets/Sprites/Main Characters/Appearing (96x96).png
  importAddress: Guid(955c02144506912459953338c73da9eb) Importer(2089858483,b0f066a214c2f5e87bad3c948f4d605d)
Start importing Assets/Sprites/Main Characters/Appearing (96x96).png using Guid(955c02144506912459953338c73da9eb) Importer(2089858483,b0f066a214c2f5e87bad3c948f4d605d) (ScriptedImporter) -> (Import Result ID: 'd9e9e0cc4b1233dad4175033adc4d8ae') in 0.0921659 seconds [static and dynamic dependencies]. Details - ImportResultOutputID=62c70c620b81fcd1b9d98b08b40d307c DependenciesID=5efb777efe97d0602d8683a13d31e320 StaticDependenciesID=8a7df7593826bebe6fd0b48eb35d157a 
Number of updated asset objects reloaded before import = 0Number of asset objects unloaded after import = 33

========================================================================
Received Import Request.
  Time since last request: 0.000057 seconds.
  path: Assets/Sprites/Menu/Levels/10.png
  importAddress: Guid(ff13fb5ff45697e42b6d0187f7f36bb4) Importer(2089858483,b0f066a214c2f5e87bad3c948f4d605d)
Start importing Assets/Sprites/Menu/Levels/10.png using Guid(ff13fb5ff45697e42b6d0187f7f36bb4) Importer(2089858483,b0f066a214c2f5e87bad3c948f4d605d) (ScriptedImporter) -> (Import Result ID: '845881df708d0297ea43b163bec1517b') in 0.0380448 seconds [static and dynamic dependencies]. Details - ImportResultOutputID=9fe7a713a932af9cc30405a6e210bc79 DependenciesID=b1e3a2e599322d29732d3facad91f63d StaticDependenciesID=0cd23cfd8de70d9f0488fd51165c03f3 
Number of updated asset objects reloaded before import = 0Number of asset objects unloaded after import = 3

========================================================================
Received Import Request.
  Time since last request: 0.000028 seconds.
  path: Assets/Sprites/Background/Gray.png
  importAddress: Guid(2da53a3a8b1f3c24d8148f47c61b51b4) Importer(2089858483,b0f066a214c2f5e87bad3c948f4d605d)
Start importing Assets/Sprites/Background/Gray.png using Guid(2da53a3a8b1f3c24d8148f47c61b51b4) Importer(2089858483,b0f066a214c2f5e87bad3c948f4d605d) (ScriptedImporter) -> (Import Result ID: 'a6c1da51e46c9e2b689c40ad17ae9674') in 0.0364143 seconds [static and dynamic dependencies]. Details - ImportResultOutputID=d04a47a582c693de9fbd2aa769474bdf DependenciesID=def78ee0688a167ba432bad4bb7784ff StaticDependenciesID=d28cf1301c99137b0d18b555ee1af799 
Number of updated asset objects reloaded before import = 0Number of asset objects unloaded after import = 3

========================================================================
Received Import Request.
  Time since last request: 0.000034 seconds.
  path: Assets/Sprites/Background/Brown.png
  importAddress: Guid(37e4908a6e4a5a64ba67817ff27569ff) Importer(2089858483,b0f066a214c2f5e87bad3c948f4d605d)
Start importing Assets/Sprites/Background/Brown.png using Guid(37e4908a6e4a5a64ba67817ff27569ff) Importer(2089858483,b0f066a214c2f5e87bad3c948f4d605d) (ScriptedImporter) -> (Import Result ID: '92c2a5212658c33dc127e00c7e1fe162') in 0.0338856 seconds [static and dynamic dependencies]. Details - ImportResultOutputID=2dd4d1606da4a0c4aa65d40dce4300fd DependenciesID=646d354961fec2adc504ca66a11af206 StaticDependenciesID=abeb5af7dfa4a827bc81ba68899eaed9 
Number of updated asset objects reloaded before import = 0Number of asset objects unloaded after import = 3

========================================================================
Received Import Request.
  Time since last request: 0.000057 seconds.
  path: Assets/Sprites/Main Characters/Pink Man/Wall Jump (32x32).png
  importAddress: Guid(dd80eaa481e7b834f80699a1a9cc043b) Importer(2089858483,b0f066a214c2f5e87bad3c948f4d605d)
Start importing Assets/Sprites/Main Characters/Pink Man/Wall Jump (32x32).png using Guid(dd80eaa481e7b834f80699a1a9cc043b) Importer(2089858483,b0f066a214c2f5e87bad3c948f4d605d) (ScriptedImporter) -> (Import Result ID: '0efae68006a6afba271cbf25eba52aaf') in 0.049147 seconds [static and dynamic dependencies]. Details - ImportResultOutputID=9ba18c2c0b0d93a5b279e762605c046b DependenciesID=b1032de5fb74e7adf63b36131bbf9810 StaticDependenciesID=75121cf60db42401096a982512ef46cd 
Number of updated asset objects reloaded before import = 0Number of asset objects unloaded after import = 7

========================================================================
Received Import Request.
  Time since last request: 0.000174 seconds.
  path: Assets/Sprites/Terrain/Terrain (16x16).png
  importAddress: Guid(4935152d4d768bd4ab1775f29841aca6) Importer(2089858483,b0f066a214c2f5e87bad3c948f4d605d)
Start importing Assets/Sprites/Terrain/Terrain (16x16).png using Guid(4935152d4d768bd4ab1775f29841aca6) Importer(2089858483,b0f066a214c2f5e87bad3c948f4d605d) (ScriptedImporter) -> (Import Result ID: 'c39fc0a2e46e122625fafec478f36681') in 0.3751702 seconds [static and dynamic dependencies]. Details - ImportResultOutputID=3ddd404a6ce420a0d30726d3c8f49eff DependenciesID=3340c271131c3f1fccb07d4dfdec9e9d StaticDependenciesID=9630c6140d29bd8a8c7a657a8a1aa035 
Number of updated asset objects reloaded before import = 0Number of asset objects unloaded after import = 146

========================================================================
Received Import Request.
  Time since last request: 0.000058 seconds.
  path: Assets/Sprites/Terrain/Ground Tiles/Terrain (16x16)_118.asset
  importAddress: Guid(34f6ccf0b61eccb43a8ff4e99e7e8a66) Importer(2089858483,b0f066a214c2f5e87bad3c948f4d605d)
Start importing Assets/Sprites/Terrain/Ground Tiles/Terrain (16x16)_118.asset using Guid(34f6ccf0b61eccb43a8ff4e99e7e8a66) Importer(2089858483,b0f066a214c2f5e87bad3c948f4d605d) (ScriptedImporter) -> (Import Result ID: 'd266e92f4fcc660b5c6e4f965dcaee21') in 0.0897618 seconds [static and dynamic dependencies]. Details - ImportResultOutputID=812db1ea7cc660d983acba773acdbd8d DependenciesID=b2bbc6fc6e8a33e02b3d812df23eefa6 StaticDependenciesID=25930334086dee41eeb89c89bf28c817 
Number of updated asset objects reloaded before import = 0Number of asset objects unloaded after import = 2

========================================================================
Received Import Request.
  Time since last request: 0.000049 seconds.
  path: Assets/Sprites/Menu/Levels/49.png
  importAddress: Guid(e29b7f4ab921a7042adbaf5962f20f32) Importer(2089858483,b0f066a214c2f5e87bad3c948f4d605d)
Start importing Assets/Sprites/Menu/Levels/49.png using Guid(e29b7f4ab921a7042adbaf5962f20f32) Importer(2089858483,b0f066a214c2f5e87bad3c948f4d605d) (ScriptedImporter) -> (Import Result ID: '5fa793d293c3e05a0ba9cea73ee5d5ce') in 0.0552021 seconds [static and dynamic dependencies]. Details - ImportResultOutputID=8807b6e92dd9a3b1bb1bb966e8e84320 DependenciesID=be4eb20b6f97b270a7c0494e4eb12c52 StaticDependenciesID=c7491aac333642a4b954c3a5a26882fd 
Number of updated asset objects reloaded before import = 0Number of asset objects unloaded after import = 3

========================================================================
Received Import Request.
  Time since last request: 0.000057 seconds.
  path: Assets/Sprites/Items/Fruits/Melon.png
  importAddress: Guid(61338ed8dea108e448f3a1047ad203de) Importer(2089858483,b0f066a214c2f5e87bad3c948f4d605d)
Start importing Assets/Sprites/Items/Fruits/Melon.png using Guid(61338ed8dea108e448f3a1047ad203de) Importer(2089858483,b0f066a214c2f5e87bad3c948f4d605d) (ScriptedImporter) -> (Import Result ID: '8264286e3efe8164eb93eb407abd4067') in 0.0948356 seconds [static and dynamic dependencies]. Details - ImportResultOutputID=f86e436c9e83da30245f078d75c8c18a DependenciesID=d92d5554e7ca81e2862edcf331bd7999 StaticDependenciesID=4cb0158c2865bae72e875527d2134b66 
Number of updated asset objects reloaded before import = 0Number of asset objects unloaded after import = 19

========================================================================
Received Import Request.
  Time since last request: 0.000035 seconds.
  path: Assets/Sprites/Terrain/Ground Tiles/Terrain (16x16)_129.asset
  importAddress: Guid(f6eb51d538045ee4b852dd413fa111eb) Importer(2089858483,b0f066a214c2f5e87bad3c948f4d605d)
Start importing Assets/Sprites/Terrain/Ground Tiles/Terrain (16x16)_129.asset using Guid(f6eb51d538045ee4b852dd413fa111eb) Importer(2089858483,b0f066a214c2f5e87bad3c948f4d605d) (ScriptedImporter) -> (Import Result ID: '57793a1bec334ec7a596f1c5373f8544') in 0.0409195 seconds [static and dynamic dependencies]. Details - ImportResultOutputID=8c978ccdf4847b1943257d0bc6c0e24c DependenciesID=2df2c2d2f2ca91c3769a631df34e075a StaticDependenciesID=be996ee3c49fe11cb4e7457abc46abdf 
Number of updated asset objects reloaded before import = 0Number of asset objects unloaded after import = 2

========================================================================
Received Import Request.
  Time since last request: 0.000048 seconds.
  path: Assets/Sprites/Menu/Levels/22.png
  importAddress: Guid(5daac5cf9ce82694cad182702f74da42) Importer(2089858483,b0f066a214c2f5e87bad3c948f4d605d)
Start importing Assets/Sprites/Menu/Levels/22.png using Guid(5daac5cf9ce82694cad182702f74da42) Importer(2089858483,b0f066a214c2f5e87bad3c948f4d605d) (ScriptedImporter) -> (Import Result ID: '4336783c8973f5f6d837dcb09499f125') in 0.0385119 seconds [static and dynamic dependencies]. Details - ImportResultOutputID=8aabc8f21f788a9782b8f973272637ab DependenciesID=65926f8dc1cc898ff4c85fb32f010d04 StaticDependenciesID=83608b163523d42d1ea9bee93e25e58c 
Number of updated asset objects reloaded before import = 0Number of asset objects unloaded after import = 3

========================================================================
Received Import Request.
  Time since last request: 0.000028 seconds.
  path: Assets/Sprites/Terrain/Ground Tiles/Terrain (16x16)_14.asset
  importAddress: Guid(561bf836ba726de49b9c877b1498066e) Importer(2089858483,b0f066a214c2f5e87bad3c948f4d605d)
Start importing Assets/Sprites/Terrain/Ground Tiles/Terrain (16x16)_14.asset using Guid(561bf836ba726de49b9c877b1498066e) Importer(2089858483,b0f066a214c2f5e87bad3c948f4d605d) (ScriptedImporter) -> (Import Result ID: '1c9f72821457f04e652e5bb37bed0dfc') in 0.033031 seconds [static and dynamic dependencies]. Details - ImportResultOutputID=14a764223e743e88c0af915ec57adbb8 DependenciesID=074ef680a0e56b82bc062f06f758a967 StaticDependenciesID=37f86ee1a12969c379ab6f21d309b4ea 
Number of updated asset objects reloaded before import = 0Number of asset objects unloaded after import = 2

========================================================================
Received Import Request.
  Time since last request: 0.000031 seconds.
  path: Assets/Sprites/Terrain/Ground Tiles/Terrain (16x16)_138.asset
  importAddress: Guid(8c370172a35103f42b89e5a08b2f7741) Importer(2089858483,b0f066a214c2f5e87bad3c948f4d605d)
Start importing Assets/Sprites/Terrain/Ground Tiles/Terrain (16x16)_138.asset using Guid(8c370172a35103f42b89e5a08b2f7741) Importer(2089858483,b0f066a214c2f5e87bad3c948f4d605d) (ScriptedImporter) -> (Import Result ID: '15e87c6f312ce3c005f497406e8d30ea') in 0.036073 seconds [static and dynamic dependencies]. Details - ImportResultOutputID=a435855b72dce78e416d10b59ad00b92 DependenciesID=fa19280513f08690a7150a00809fc282 StaticDependenciesID=c4a7ef7ea26ebc353b2780ab7c26d61a 
Number of updated asset objects reloaded before import = 0Number of asset objects unloaded after import = 2

========================================================================
Received Import Request.
  Time since last request: 0.000059 seconds.
  path: Assets/Sprites/Terrain/Ground Tiles/Terrain (16x16)_142.asset
  importAddress: Guid(137ef543154bf6b48b4363638a380bda) Importer(2089858483,b0f066a214c2f5e87bad3c948f4d605d)
Start importing Assets/Sprites/Terrain/Ground Tiles/Terrain (16x16)_142.asset using Guid(137ef543154bf6b48b4363638a380bda) Importer(2089858483,b0f066a214c2f5e87bad3c948f4d605d) (ScriptedImporter) -> (Import Result ID: 'f15bfbfd4b4943d933786f2d9118c806') in 0.0323361 seconds [static and dynamic dependencies]. Details - ImportResultOutputID=e24a27f23a312a466e26ee61b48086f0 DependenciesID=0523b752e7ae9e18d4806f722e0d1d88 StaticDependenciesID=e7130abd9eca3b37287a42df10732a6f 
Number of updated asset objects reloaded before import = 0Number of asset objects unloaded after import = 2

========================================================================
Received Import Request.
  Time since last request: 0.000034 seconds.
  path: Assets/Sprites/Terrain/Ground Tiles/Terrain (16x16)_119.asset
  importAddress: Guid(e30e4c6f43af72e4ead3298cdb40eb32) Importer(2089858483,b0f066a214c2f5e87bad3c948f4d605d)
Start importing Assets/Sprites/Terrain/Ground Tiles/Terrain (16x16)_119.asset using Guid(e30e4c6f43af72e4ead3298cdb40eb32) Importer(2089858483,b0f066a214c2f5e87bad3c948f4d605d) (ScriptedImporter) -> (Import Result ID: 'a512f97b18301a8929da798b6d84549d') in 0.0304935 seconds [static and dynamic dependencies]. Details - ImportResultOutputID=728f4031c300b7262d9b22a53d707560 DependenciesID=f96e6ec26a618e9499cb71028b3c6382 StaticDependenciesID=ad17daac624df7654d89fd2d350e22b0 
Number of updated asset objects reloaded before import = 0Number of asset objects unloaded after import = 2

========================================================================
Received Import Request.
  Time since last request: 0.000036 seconds.
  path: Assets/Sprites/Menu/Levels/02.png
  importAddress: Guid(23f9b5330294c184093c13a2902cafae) Importer(2089858483,b0f066a214c2f5e87bad3c948f4d605d)
Start importing Assets/Sprites/Menu/Levels/02.png using Guid(23f9b5330294c184093c13a2902cafae) Importer(2089858483,b0f066a214c2f5e87bad3c948f4d605d) (ScriptedImporter) -> (Import Result ID: 'aea86224c68e377b7844c1a03acb8df2') in 0.0412822 seconds [static and dynamic dependencies]. Details - ImportResultOutputID=d068c345bc2636bb89245ac15b78ca67 DependenciesID=734d218cff0e09a65413a9e30b15f2ac StaticDependenciesID=8d242e62d8eff99e907c2ae70260fb57 
Number of updated asset objects reloaded before import = 0Number of asset objects unloaded after import = 3

========================================================================
Received Import Request.
  Time since last request: 0.000060 seconds.
  path: Assets/Sprites/Terrain/Ground Tiles/Terrain (16x16)_35.asset
  importAddress: Guid(36c09d6c44b2497438d6077425998031) Importer(2089858483,b0f066a214c2f5e87bad3c948f4d605d)
Start importing Assets/Sprites/Terrain/Ground Tiles/Terrain (16x16)_35.asset using Guid(36c09d6c44b2497438d6077425998031) Importer(2089858483,b0f066a214c2f5e87bad3c948f4d605d) (ScriptedImporter) -> (Import Result ID: '52fcca6efb036a98132c10505cab7c6b') in 0.0376837 seconds [static and dynamic dependencies]. Details - ImportResultOutputID=deec7d54202bf021693a7e6519f8d98f DependenciesID=ece7cd4a6fecb1ef1b487fd74977a611 StaticDependenciesID=40de23a5e0d092337c822532f1b08561 
Number of updated asset objects reloaded before import = 0Number of asset objects unloaded after import = 2

========================================================================
Received Import Request.
  Time since last request: 0.000041 seconds.
  path: Assets/Scenes/SampleScene.unity
  importAddress: Guid(8c9cfa26abfee488c85f1582747f6a02) Importer(2089858483,b0f066a214c2f5e87bad3c948f4d605d)
Start importing Assets/Scenes/SampleScene.unity using Guid(8c9cfa26abfee488c85f1582747f6a02) Importer(2089858483,b0f066a214c2f5e87bad3c948f4d605d) (ScriptedImporter) -> (Import Result ID: 'd0101c263f7b127b62baeed8c43c014e') in 0.0378853 seconds [static and dynamic dependencies]. Details - ImportResultOutputID=76c9e93bc6d1d860b194ca401779e680 DependenciesID=f2ed53acb523f7a673c4462f5bc25ecb StaticDependenciesID=9b9517941e6fad104f9b7d48b725240c 
Number of updated asset objects reloaded before import = 0Number of asset objects unloaded after import = 1

========================================================================
Received Import Request.
  Time since last request: 0.000041 seconds.
  path: Assets/Sprites/Main Characters/Mask Dude/Wall Jump (32x32).png
  importAddress: Guid(acb0a42fd48c13643a7334b7e2875e68) Importer(2089858483,b0f066a214c2f5e87bad3c948f4d605d)
Start importing Assets/Sprites/Main Characters/Mask Dude/Wall Jump (32x32).png using Guid(acb0a42fd48c13643a7334b7e2875e68) Importer(2089858483,b0f066a214c2f5e87bad3c948f4d605d) (ScriptedImporter) -> (Import Result ID: 'ef8e031fb26d0ab7fb3c2c22c9070000') in 0.0563468 seconds [static and dynamic dependencies]. Details - ImportResultOutputID=63247afecd7a294bba42d1de36e50d4a DependenciesID=7c92ec76c401e87b6b4069ae843fe901 StaticDependenciesID=eb614dedffc4bed1acc193edd742dde4 
Number of updated asset objects reloaded before import = 0Number of asset objects unloaded after import = 7

========================================================================
Received Import Request.
  Time since last request: 0.000066 seconds.
  path: Assets/Sprites/Menu/Levels/44.png
  importAddress: Guid(935525bceda7c7a42a0808ad07b4cb50) Importer(2089858483,b0f066a214c2f5e87bad3c948f4d605d)
Start importing Assets/Sprites/Menu/Levels/44.png using Guid(935525bceda7c7a42a0808ad07b4cb50) Importer(2089858483,b0f066a214c2f5e87bad3c948f4d605d) (ScriptedImporter) -> (Import Result ID: '5c18f153b9e7eb15bddb0487e4ec4020') in 0.0447085 seconds [static and dynamic dependencies]. Details - ImportResultOutputID=baab15a345df8e4c2ce35517207b4589 DependenciesID=762d487375d84f296b82c29820872d67 StaticDependenciesID=17a842416c0bf8851f5156f1509544b7 
Number of updated asset objects reloaded before import = 0Number of asset objects unloaded after import = 3

========================================================================
Received Import Request.
  Time since last request: 0.000086 seconds.
  path: Assets/Sprites/Menu/Text/Text (White) (8x10).png
  importAddress: Guid(2836b1a5f1c20e644b690d65eaf65423) Importer(2089858483,b0f066a214c2f5e87bad3c948f4d605d)
Start importing Assets/Sprites/Menu/Text/Text (White) (8x10).png using Guid(2836b1a5f1c20e644b690d65eaf65423) Importer(2089858483,b0f066a214c2f5e87bad3c948f4d605d) (ScriptedImporter) -> (Import Result ID: '833c1f3ae2fb20756c5668b2f6d8ef9f') in 0.1523015 seconds [static and dynamic dependencies]. Details - ImportResultOutputID=5b3e2374b4234155c3004e0239ad0570 DependenciesID=2b28833cd6c462119b6432c3b4d7c266 StaticDependenciesID=db2fb047f10fefb4f3e1c4bf83cd5a5d 
Number of updated asset objects reloaded before import = 0Number of asset objects unloaded after import = 42

========================================================================
Received Import Request.
  Time since last request: 0.000060 seconds.
  path: Assets/Sprites/Terrain/Ground Tiles/Terrain (16x16)_5.asset
  importAddress: Guid(0343e5be1d31d594bb4309125d04c96e) Importer(2089858483,b0f066a214c2f5e87bad3c948f4d605d)
Start importing Assets/Sprites/Terrain/Ground Tiles/Terrain (16x16)_5.asset using Guid(0343e5be1d31d594bb4309125d04c96e) Importer(2089858483,b0f066a214c2f5e87bad3c948f4d605d) (ScriptedImporter) -> (Import Result ID: '1d1ffe3c28e6656b061a587308f2a6ed') in 0.0292362 seconds [static and dynamic dependencies]. Details - ImportResultOutputID=90ab447cbe678b33c614c3a5ab4ab8f4 DependenciesID=28f8c7739bc81418c3621509f2041335 StaticDependenciesID=3f8c1c16b1ac70c533bae27b37614133 
Number of updated asset objects reloaded before import = 0Number of asset objects unloaded after import = 2

========================================================================
Received Import Request.
  Time since last request: 0.000046 seconds.
  path: Assets/Sprites/Menu/Levels/06.png
  importAddress: Guid(14ed34ac648817a4a925f573eb93e7cb) Importer(2089858483,b0f066a214c2f5e87bad3c948f4d605d)
Start importing Assets/Sprites/Menu/Levels/06.png using Guid(14ed34ac648817a4a925f573eb93e7cb) Importer(2089858483,b0f066a214c2f5e87bad3c948f4d605d) (ScriptedImporter) -> (Import Result ID: '6c89e2d8ffff91607876125db8661ec1') in 0.04835 seconds [static and dynamic dependencies]. Details - ImportResultOutputID=9f9e366c9a3f320f3760c4a78f5612ed DependenciesID=b89c6801281ac06cf4ac36100feaca5b StaticDependenciesID=e39689cec934ad348720fe58bab235bb 
Number of updated asset objects reloaded before import = 0Number of asset objects unloaded after import = 3

========================================================================
Received Import Request.
  Time since last request: 0.000049 seconds.
  path: Assets/Sprites/Terrain/Ground Tiles/Terrain (16x16)_58.asset
  importAddress: Guid(d0b2cb075cf388344a983b51e339d6cd) Importer(2089858483,b0f066a214c2f5e87bad3c948f4d605d)
Start importing Assets/Sprites/Terrain/Ground Tiles/Terrain (16x16)_58.asset using Guid(d0b2cb075cf388344a983b51e339d6cd) Importer(2089858483,b0f066a214c2f5e87bad3c948f4d605d) (ScriptedImporter) -> (Import Result ID: 'e514ad6e0d6987775fae4627e262e130') in 0.030428 seconds [static and dynamic dependencies]. Details - ImportResultOutputID=6f210c46be7dffc4c94eb56cc0eefecb DependenciesID=36d2a18d321738e5ff073db387e05080 StaticDependenciesID=fef06f6a7e9b532619ea89911fed227e 
Number of updated asset objects reloaded before import = 0Number of asset objects unloaded after import = 2

========================================================================
Received Import Request.
  Time since last request: 0.000038 seconds.
  path: Assets/Sprites/Terrain/Ground Tiles/Terrain (16x16)_61.asset
  importAddress: Guid(ab0016d52ddf5254fa686a010bf59ffc) Importer(2089858483,b0f066a214c2f5e87bad3c948f4d605d)
Start importing Assets/Sprites/Terrain/Ground Tiles/Terrain (16x16)_61.asset using Guid(ab0016d52ddf5254fa686a010bf59ffc) Importer(2089858483,b0f066a214c2f5e87bad3c948f4d605d) (ScriptedImporter) -> (Import Result ID: 'bee79606aad4da7f328a2947b4ed3387') in 0.0296529 seconds [static and dynamic dependencies]. Details - ImportResultOutputID=cab1e5cda6258899a798f9fe68f4be49 DependenciesID=03472f5bb166b7335ab9bab84b6f12b5 StaticDependenciesID=865a3fd988821e95b8269c0bc54b6da6 
Number of updated asset objects reloaded before import = 0Number of asset objects unloaded after import = 2

========================================================================
Received Import Request.
  Time since last request: 0.000100 seconds.
  path: Assets/Sprites/Terrain/Ground Tiles/Terrain (16x16)_70.asset
  importAddress: Guid(3804e030af0ec76448b78dafce5cf5c6) Importer(2089858483,b0f066a214c2f5e87bad3c948f4d605d)
Start importing Assets/Sprites/Terrain/Ground Tiles/Terrain (16x16)_70.asset using Guid(3804e030af0ec76448b78dafce5cf5c6) Importer(2089858483,b0f066a214c2f5e87bad3c948f4d605d) (ScriptedImporter) -> (Import Result ID: '0db9a2d688729355d0f161f151d06d77') in 0.0342322 seconds [static and dynamic dependencies]. Details - ImportResultOutputID=0d541e89ed5c8c043e2b1dd12b5f20b2 DependenciesID=6e7d1b5fc8d049294933fe0dacfc11e8 StaticDependenciesID=93b0946ebfe4c7e7c4e506039e89beac 
Number of updated asset objects reloaded before import = 0Number of asset objects unloaded after import = 2

========================================================================
Received Import Request.
  Time since last request: 0.000055 seconds.
  path: Assets/Sprites/Menu/Buttons/Achievements.png
  importAddress: Guid(aa325d9e0e7f7f7498ca55d5939ce9a9) Importer(2089858483,b0f066a214c2f5e87bad3c948f4d605d)
Start importing Assets/Sprites/Menu/Buttons/Achievements.png using Guid(aa325d9e0e7f7f7498ca55d5939ce9a9) Importer(2089858483,b0f066a214c2f5e87bad3c948f4d605d) (ScriptedImporter) -> (Import Result ID: '84f2e64b4aa86871a1c75a9fca1ebf21') in 0.0365014 seconds [static and dynamic dependencies]. Details - ImportResultOutputID=2d8bf59e16286dc56100cb8e7c503ea2 DependenciesID=c2af15c76d5014a42a002af280a7cb2d StaticDependenciesID=1f450f4497be54f38a4e7cebcc2b1a20 
Number of updated asset objects reloaded before import = 0Number of asset objects unloaded after import = 3

========================================================================
Received Import Request.
  Time since last request: 0.000039 seconds.
  path: Assets/AnimationController/Player.controller
  importAddress: Guid(55728c9bc02ed234ab266a632688be8f) Importer(2089858483,b0f066a214c2f5e87bad3c948f4d605d)
Start importing Assets/AnimationController/Player.controller using Guid(55728c9bc02ed234ab266a632688be8f) Importer(2089858483,b0f066a214c2f5e87bad3c948f4d605d) (ScriptedImporter) -> (Import Result ID: '17a2b06f594866b161211e2a74e5357a') in 0.0297912 seconds [static and dynamic dependencies]. Details - ImportResultOutputID=466560907069c1e6db91add20fbe7f3f DependenciesID=e4bb0bb9ba6bf40ab8f283680c25e859 StaticDependenciesID=23112081e916d513c9b17f969e1c94b3 
Number of updated asset objects reloaded before import = 0Number of asset objects unloaded after import = 2

========================================================================
Received Import Request.
  Time since last request: 0.000061 seconds.
  path: Assets/Sprites/Terrain/Ground Tiles/Terrain (16x16)_8.asset
  importAddress: Guid(8dfb5eae80f2a984cbdd2507eb0bd1d3) Importer(2089858483,b0f066a214c2f5e87bad3c948f4d605d)
Start importing Assets/Sprites/Terrain/Ground Tiles/Terrain (16x16)_8.asset using Guid(8dfb5eae80f2a984cbdd2507eb0bd1d3) Importer(2089858483,b0f066a214c2f5e87bad3c948f4d605d) (ScriptedImporter) -> (Import Result ID: '62186ef68c263994cdd09ccc080b66dd') in 0.028692 seconds [static and dynamic dependencies]. Details - ImportResultOutputID=e25468592c36ede7bc29d2ff8e6322ee DependenciesID=f96d6390bcce3443721aca3b96ca0acb StaticDependenciesID=277e3ee8d057b981c11409055c1abe09 
Number of updated asset objects reloaded before import = 0Number of asset objects unloaded after import = 2

========================================================================
Received Import Request.
  Time since last request: 0.000033 seconds.
  path: Assets/Sprites/Terrain/Ground Tiles/Terrain (16x16)_44.asset
  importAddress: Guid(8c7045242195f06449072829a54059a9) Importer(2089858483,b0f066a214c2f5e87bad3c948f4d605d)
Start importing Assets/Sprites/Terrain/Ground Tiles/Terrain (16x16)_44.asset using Guid(8c7045242195f06449072829a54059a9) Importer(2089858483,b0f066a214c2f5e87bad3c948f4d605d) (ScriptedImporter) -> (Import Result ID: '6f74c12f23502f20ff0cb4072b9c3091') in 0.0360334 seconds [static and dynamic dependencies]. Details - ImportResultOutputID=c74a8dac1f6f5d8ed875442e176562d3 DependenciesID=789e8749cc98ac679cd830d9a4e8c5d6 StaticDependenciesID=de0d323485371c282b443d673976962e 
Number of updated asset objects reloaded before import = 0Number of asset objects unloaded after import = 2

========================================================================
Received Import Request.
  Time since last request: 0.000046 seconds.
  path: Assets/Sprites/Terrain/Ground Tiles/Terrain (16x16)_25.asset
  importAddress: Guid(956754433534d3145a51f06503c05572) Importer(2089858483,b0f066a214c2f5e87bad3c948f4d605d)
Start importing Assets/Sprites/Terrain/Ground Tiles/Terrain (16x16)_25.asset using Guid(956754433534d3145a51f06503c05572) Importer(2089858483,b0f066a214c2f5e87bad3c948f4d605d) (ScriptedImporter) -> (Import Result ID: 'c47e692b6d9a9646ce2e4fc61b7ef0c1') in 0.0361427 seconds [static and dynamic dependencies]. Details - ImportResultOutputID=bebcc2c02dbb57fd09910d1e4c2644cb DependenciesID=32a793ade63ef162e1d06ed91f97c6db StaticDependenciesID=896cf21a5e259f5afddf9c40a3ef4804 
Number of updated asset objects reloaded before import = 0Number of asset objects unloaded after import = 2

========================================================================
Received Import Request.
  Time since last request: 0.000060 seconds.
  path: Assets/Sprites/Terrain/Ground Tiles/Terrain (16x16)_91.asset
  importAddress: Guid(fa3888a529825034bb56f41d70ba6c8e) Importer(2089858483,b0f066a214c2f5e87bad3c948f4d605d)
Start importing Assets/Sprites/Terrain/Ground Tiles/Terrain (16x16)_91.asset using Guid(fa3888a529825034bb56f41d70ba6c8e) Importer(2089858483,b0f066a214c2f5e87bad3c948f4d605d) (ScriptedImporter) -> (Import Result ID: '05ca706889ed1208dda2003c795466a9') in 0.0361588 seconds [static and dynamic dependencies]. Details - ImportResultOutputID=71df151920c07b122980a699b5bcdad3 DependenciesID=ec9deb0322720e4d5e8fa2d6b8bab192 StaticDependenciesID=1db464365827234a9333034116160728 
Number of updated asset objects reloaded before import = 0Number of asset objects unloaded after import = 2

========================================================================
Received Import Request.
  Time since last request: 0.000042 seconds.
  path: Assets/Sprites/Terrain/Ground Tiles/Terrain (16x16)_72.asset
  importAddress: Guid(0babab8e186b8884a92c28d3bae505ba) Importer(2089858483,b0f066a214c2f5e87bad3c948f4d605d)
Start importing Assets/Sprites/Terrain/Ground Tiles/Terrain (16x16)_72.asset using Guid(0babab8e186b8884a92c28d3bae505ba) Importer(2089858483,b0f066a214c2f5e87bad3c948f4d605d) (ScriptedImporter) -> (Import Result ID: '53f39b6e772bb5ce7b5c3ee0a8113396') in 0.0299368 seconds [static and dynamic dependencies]. Details - ImportResultOutputID=819aab84c340c42259d07e73549a0171 DependenciesID=0cee8e9577d0cccb550724ff001d3c1d StaticDependenciesID=df47325db207f0012ac518d6a58d4b77 
Number of updated asset objects reloaded before import = 0Number of asset objects unloaded after import = 2

========================================================================
Received Import Request.
  Time since last request: 0.000061 seconds.
  path: Assets/Sprites/Traps/Falling Platforms/On (32x10).png
  importAddress: Guid(5ba66bdf3f812e74484902f3d78a3874) Importer(2089858483,b0f066a214c2f5e87bad3c948f4d605d)
Start importing Assets/Sprites/Traps/Falling Platforms/On (32x10).png using Guid(5ba66bdf3f812e74484902f3d78a3874) Importer(2089858483,b0f066a214c2f5e87bad3c948f4d605d) (ScriptedImporter) -> (Import Result ID: 'b77fbcb96b58312855070fd6e647e0de') in 0.0483531 seconds [static and dynamic dependencies]. Details - ImportResultOutputID=128e8d76f8527ba8ebcfe0b1599691f3 DependenciesID=6bd252690b6d4d6d884d6c8d61a1d745 StaticDependenciesID=bd56778373a06116d6dd68666a6252bf 
Number of updated asset objects reloaded before import = 0Number of asset objects unloaded after import = 3

========================================================================
Received Import Request.
  Time since last request: 0.000066 seconds.
  path: Assets/Sprites/Terrain/Ground Tiles/Terrain (16x16)_3.asset
  importAddress: Guid(c5bc6fec2e90b6d42a8168f1f6ff8cfd) Importer(2089858483,b0f066a214c2f5e87bad3c948f4d605d)
Start importing Assets/Sprites/Terrain/Ground Tiles/Terrain (16x16)_3.asset using Guid(c5bc6fec2e90b6d42a8168f1f6ff8cfd) Importer(2089858483,b0f066a214c2f5e87bad3c948f4d605d) (ScriptedImporter) -> (Import Result ID: 'c7a50f0f70ad962237065b15d05500f1') in 0.0436155 seconds [static and dynamic dependencies]. Details - ImportResultOutputID=16441312c74ce9dd1ce5ed6fee889b21 DependenciesID=e36910b3f61070912a9fabfd6815414c StaticDependenciesID=dbc835c4f4fe6e63eb83015c1a713e20 
Number of updated asset objects reloaded before import = 0Number of asset objects unloaded after import = 2

========================================================================
Received Import Request.
  Time since last request: 0.000063 seconds.
  path: Assets/Sprites/Traps/Fan/On (24x8).png
  importAddress: Guid(29dc5c1788b49664fbe491a0f0fb7f2c) Importer(2089858483,b0f066a214c2f5e87bad3c948f4d605d)
Start importing Assets/Sprites/Traps/Fan/On (24x8).png using Guid(29dc5c1788b49664fbe491a0f0fb7f2c) Importer(2089858483,b0f066a214c2f5e87bad3c948f4d605d) (ScriptedImporter) -> (Import Result ID: 'ef717ded6ec129f9549c1ae5f90d0c17') in 0.0815107 seconds [static and dynamic dependencies]. Details - ImportResultOutputID=c285e728342848c62709157cf76097dd DependenciesID=c63ef7fe6235d8d9c81470258a9aaa49 StaticDependenciesID=2e1041b151b2b6f36f0d4249b71134a3 
Number of updated asset objects reloaded before import = 0Number of asset objects unloaded after import = 6

========================================================================
Received Import Request.
  Time since last request: 0.000041 seconds.
  path: Assets/Sprites/Traps/Rock Head/Idle.png
  importAddress: Guid(3d0f567675895ae4694fbeead5aa34f3) Importer(2089858483,b0f066a214c2f5e87bad3c948f4d605d)
Start importing Assets/Sprites/Traps/Rock Head/Idle.png using Guid(3d0f567675895ae4694fbeead5aa34f3) Importer(2089858483,b0f066a214c2f5e87bad3c948f4d605d) (ScriptedImporter) -> (Import Result ID: 'a66372330e1d27fb80097c2a16c0249c') in 0.0427747 seconds [static and dynamic dependencies]. Details - ImportResultOutputID=c4da7845d3520384b239cbeb107c011c DependenciesID=8f437309213b7e5e624e57f00e08f256 StaticDependenciesID=59356f599ddac51ee2d02547b76a874c 
Number of updated asset objects reloaded before import = 0Number of asset objects unloaded after import = 3

========================================================================
Received Import Request.
  Time since last request: 0.000058 seconds.
  path: Assets/Sprites/Terrain/Ground Tiles/Terrain (16x16)_45.asset
  importAddress: Guid(270f4eca21ea36d449f4910533c9d1d7) Importer(2089858483,b0f066a214c2f5e87bad3c948f4d605d)
Start importing Assets/Sprites/Terrain/Ground Tiles/Terrain (16x16)_45.asset using Guid(270f4eca21ea36d449f4910533c9d1d7) Importer(2089858483,b0f066a214c2f5e87bad3c948f4d605d) (ScriptedImporter) -> (Import Result ID: '39b3ae826108c87f1fb21e15fb210d46') in 0.0281828 seconds [static and dynamic dependencies]. Details - ImportResultOutputID=250c6ce4d87cb6235c9f67c610f1916f DependenciesID=f456027ed07a98cc5a2764511b311c62 StaticDependenciesID=451261f91627b412f767f053ca7cef0c 
Number of updated asset objects reloaded before import = 0Number of asset objects unloaded after import = 2

========================================================================
Received Import Request.
  Time since last request: 0.000035 seconds.
  path: Assets/Sprites/Terrain/Ground Tiles/Terrain (16x16)_9.asset
  importAddress: Guid(dde65f8aacd45294caad29de99884cfc) Importer(2089858483,b0f066a214c2f5e87bad3c948f4d605d)
Start importing Assets/Sprites/Terrain/Ground Tiles/Terrain (16x16)_9.asset using Guid(dde65f8aacd45294caad29de99884cfc) Importer(2089858483,b0f066a214c2f5e87bad3c948f4d605d) (ScriptedImporter) -> (Import Result ID: '107aed364dd024fbf34e9d81af1c2a5e') in 0.0370028 seconds [static and dynamic dependencies]. Details - ImportResultOutputID=b73ce2e950ca8942536eb3941a455f09 DependenciesID=42ac2ecb0362dc465f1922b89467f8ba StaticDependenciesID=edf84a3262b6287dd4f2f918e1437d2f 
Number of updated asset objects reloaded before import = 0Number of asset objects unloaded after import = 2

========================================================================
Received Import Request.
  Time since last request: 0.000043 seconds.
  path: Assets/Sprites/Traps/Spiked Ball/Chain.png
  importAddress: Guid(2320a68205cced441badce3a57ce7bff) Importer(2089858483,b0f066a214c2f5e87bad3c948f4d605d)
Start importing Assets/Sprites/Traps/Spiked Ball/Chain.png using Guid(2320a68205cced441badce3a57ce7bff) Importer(2089858483,b0f066a214c2f5e87bad3c948f4d605d) (ScriptedImporter) -> (Import Result ID: '2f2649cf69c7c6c8ecf81b794d6a349b') in 0.105688 seconds [static and dynamic dependencies]. Details - ImportResultOutputID=f809a69a7823c7880b656ceb5a01d2fc DependenciesID=cb093687727cb82fa6fc04f10cab8002 StaticDependenciesID=3fc8f7467a76f75bf5ef2488ab2120bd 
Number of updated asset objects reloaded before import = 0Number of asset objects unloaded after import = 3

========================================================================
Received Import Request.
  Time since last request: 0.000275 seconds.
  path: Assets/Sprites/Traps/Spike Head/Bottom Hit (54x52).png
  importAddress: Guid(3c9ac209204730548af0f4b6df79eff5) Importer(2089858483,b0f066a214c2f5e87bad3c948f4d605d)
Start importing Assets/Sprites/Traps/Spike Head/Bottom Hit (54x52).png using Guid(3c9ac209204730548af0f4b6df79eff5) Importer(2089858483,b0f066a214c2f5e87bad3c948f4d605d) (ScriptedImporter) -> (Import Result ID: '3513dc1b26f787703f2c512194987a8e') in 0.0727315 seconds [static and dynamic dependencies]. Details - ImportResultOutputID=818aa9949759926d11f0f9ace5d7a680 DependenciesID=759a733462416c1f34fe0dae670d46c3 StaticDependenciesID=0b18cdcc48d9db5e6eea1de8cd66c027 
Number of updated asset objects reloaded before import = 0Number of asset objects unloaded after import = 6

========================================================================
Received Import Request.
  Time since last request: 0.000042 seconds.
  path: Assets/Sprites/Items/Boxes/Box1/Hit (28x24).png
  importAddress: Guid(a271f42e486955648816a2be3826a877) Importer(2089858483,b0f066a214c2f5e87bad3c948f4d605d)
Start importing Assets/Sprites/Items/Boxes/Box1/Hit (28x24).png using Guid(a271f42e486955648816a2be3826a877) Importer(2089858483,b0f066a214c2f5e87bad3c948f4d605d) (ScriptedImporter) -> (Import Result ID: 'f2def8c73797dfa02aa1389352f4634d') in 0.1039177 seconds [static and dynamic dependencies]. Details - ImportResultOutputID=d8626df8968a1ad785e437b813ed6f5e DependenciesID=c1cdaaa70200055dadf02fad4710e4ca StaticDependenciesID=7b8a0b793010c4ea7b73694d8032d71d 
Number of updated asset objects reloaded before import = 0Number of asset objects unloaded after import = 5

========================================================================
Received Import Request.
  Time since last request: 0.000067 seconds.
  path: Assets/Sprites/Traps/Spike Head/Idle.png
  importAddress: Guid(7fdcffacf6901ce4b94ab7fe3e2879b7) Importer(2089858483,b0f066a214c2f5e87bad3c948f4d605d)
Start importing Assets/Sprites/Traps/Spike Head/Idle.png using Guid(7fdcffacf6901ce4b94ab7fe3e2879b7) Importer(2089858483,b0f066a214c2f5e87bad3c948f4d605d) (ScriptedImporter) -> (Import Result ID: '41584cfecbd9732ca01dcac3418b2149') in 0.0669703 seconds [static and dynamic dependencies]. Details - ImportResultOutputID=36d7bf7103ae4239fbfa3c5620ae9041 DependenciesID=c83ab5da4ff2af1b8762706a1348090f StaticDependenciesID=4f86ae57733d1068e40e29585a8e86ae 
Number of updated asset objects reloaded before import = 0Number of asset objects unloaded after import = 3

========================================================================
Received Import Request.
  Time since last request: 0.000040 seconds.
  path: Assets/Sprites/Items/Checkpoints/Checkpoint/Checkpoint (No Flag).png
  importAddress: Guid(133e00c1b645031428835cfa22af01f9) Importer(2089858483,b0f066a214c2f5e87bad3c948f4d605d)
Start importing Assets/Sprites/Items/Checkpoints/Checkpoint/Checkpoint (No Flag).png using Guid(133e00c1b645031428835cfa22af01f9) Importer(2089858483,b0f066a214c2f5e87bad3c948f4d605d) (ScriptedImporter) -> (Import Result ID: '68883e8e97f18baa9719dfaf8db26108') in 0.0902087 seconds [static and dynamic dependencies]. Details - ImportResultOutputID=4f4fdf0c20fd3111e5c8233a556246b5 DependenciesID=14154752da6267b6c699338ca4aa2b9e StaticDependenciesID=0429bf084bfb532f7f4259156dff895b 
Number of updated asset objects reloaded before import = 0Number of asset objects unloaded after import = 3

========================================================================
Received Import Request.
  Time since last request: 0.000061 seconds.
  path: Assets/Sprites/Terrain/Ground Tiles/Terrain (16x16)_29.asset
  importAddress: Guid(daa367762fc55a541b116615d9b0c876) Importer(2089858483,b0f066a214c2f5e87bad3c948f4d605d)
Start importing Assets/Sprites/Terrain/Ground Tiles/Terrain (16x16)_29.asset using Guid(daa367762fc55a541b116615d9b0c876) Importer(2089858483,b0f066a214c2f5e87bad3c948f4d605d) (ScriptedImporter) -> (Import Result ID: '2b36b88398775db023248cfb920b7888') in 0.0505157 seconds [static and dynamic dependencies]. Details - ImportResultOutputID=3c7758ac0e527356c916accb66659af2 DependenciesID=f4cd5c48ce8ba27b8231edac575f0c8d StaticDependenciesID=a3d49394c17ad9d27a89c1a52ca5ecea 
Number of updated asset objects reloaded before import = 0Number of asset objects unloaded after import = 2

========================================================================
Received Import Request.
  Time since last request: 0.000043 seconds.
  path: Assets/Sprites/Traps/Rock Head/Bottom Hit (42x42).png
  importAddress: Guid(10912f86eb2744f4d98c5405eaa058c2) Importer(2089858483,b0f066a214c2f5e87bad3c948f4d605d)
Start importing Assets/Sprites/Traps/Rock Head/Bottom Hit (42x42).png using Guid(10912f86eb2744f4d98c5405eaa058c2) Importer(2089858483,b0f066a214c2f5e87bad3c948f4d605d) (ScriptedImporter) -> (Import Result ID: 'b24ff83cb8a17ed793b31411fb5f3f7c') in 0.0934476 seconds [static and dynamic dependencies]. Details - ImportResultOutputID=8b9c493247f579b6e909c6b75916eece DependenciesID=020416a57fcf4b8ad99de77644fa322a StaticDependenciesID=c94eac2f60e93925e74853dc962e96a1 
Number of updated asset objects reloaded before import = 0Number of asset objects unloaded after import = 5

========================================================================
Received Import Request.
  Time since last request: 0.000057 seconds.
  path: Assets/Sprites/Terrain/Ground Tiles/Terrain (16x16)_143.asset
  importAddress: Guid(783f3e06deda2ce47b41198d52f4b81a) Importer(2089858483,b0f066a214c2f5e87bad3c948f4d605d)
Start importing Assets/Sprites/Terrain/Ground Tiles/Terrain (16x16)_143.asset using Guid(783f3e06deda2ce47b41198d52f4b81a) Importer(2089858483,b0f066a214c2f5e87bad3c948f4d605d) (ScriptedImporter) -> (Import Result ID: 'ac5d969956ac6c00a1ddf7124c080b8d') in 0.0727116 seconds [static and dynamic dependencies]. Details - ImportResultOutputID=fcbb9ff099bdefd3692cd7f387a9f1fd DependenciesID=1bb470397fa231185d228246fedfb840 StaticDependenciesID=204eb8f9d8777bfa88b3a76716b88374 
Number of updated asset objects reloaded before import = 0Number of asset objects unloaded after import = 2

========================================================================
Received Import Request.
  Time since last request: 0.000045 seconds.
  path: Assets/Sprites/Traps/Spike Head/Left Hit (54x52).png
  importAddress: Guid(edb7e483e2ef69b40b5976f5cec08b57) Importer(2089858483,b0f066a214c2f5e87bad3c948f4d605d)
Start importing Assets/Sprites/Traps/Spike Head/Left Hit (54x52).png using Guid(edb7e483e2ef69b40b5976f5cec08b57) Importer(2089858483,b0f066a214c2f5e87bad3c948f4d605d) (ScriptedImporter) -> (Import Result ID: '7a48598f24a2306cb71c71e7d186a966') in 0.0848999 seconds [static and dynamic dependencies]. Details - ImportResultOutputID=5d1f351f7e7527a462479812ba8d5411 DependenciesID=605729f46e35e506d7e4fc9478c5deba StaticDependenciesID=a160458817a1a76ccaa1b19d23a2aa24 
Number of updated asset objects reloaded before import = 0Number of asset objects unloaded after import = 6

========================================================================
Received Import Request.
  Time since last request: 0.000054 seconds.
  path: Assets/Sprites/Menu/Levels/17.png
  importAddress: Guid(c1efdc88728439e46990855301d0b413) Importer(2089858483,b0f066a214c2f5e87bad3c948f4d605d)
Start importing Assets/Sprites/Menu/Levels/17.png using Guid(c1efdc88728439e46990855301d0b413) Importer(2089858483,b0f066a214c2f5e87bad3c948f4d605d) (ScriptedImporter) -> (Import Result ID: 'fd8c0dd9f89523e2ee71a87f661e7119') in 0.0624889 seconds [static and dynamic dependencies]. Details - ImportResultOutputID=7830652fc7f5b538633835a869554160 DependenciesID=9ffee80aea09e04874a4b4cb32b5d9e5 StaticDependenciesID=7a5472fa84069f17c6ebaa532bfc675c 
Number of updated asset objects reloaded before import = 0Number of asset objects unloaded after import = 3

========================================================================
Received Import Request.
  Time since last request: 0.000044 seconds.
  path: Assets/Sprites/Items/Fruits/Strawberry.png
  importAddress: Guid(ae51cd1a91a86324098bd006a61b49c2) Importer(2089858483,b0f066a214c2f5e87bad3c948f4d605d)
Start importing Assets/Sprites/Items/Fruits/Strawberry.png using Guid(ae51cd1a91a86324098bd006a61b49c2) Importer(2089858483,b0f066a214c2f5e87bad3c948f4d605d) (ScriptedImporter) -> (Import Result ID: '682d2300f030b89ad73e3745942dad1a') in 0.0859079 seconds [static and dynamic dependencies]. Details - ImportResultOutputID=74a1f3624db8ac8361163ce952619b6d DependenciesID=7d25e59ffa2614cfdce360eaf687005a StaticDependenciesID=107f58abe9ab680757a2da91e524dd01 
Number of updated asset objects reloaded before import = 0Number of asset objects unloaded after import = 19

========================================================================
Received Import Request.
  Time since last request: 0.000063 seconds.
  path: Assets/Sprites/Terrain/Ground Tiles/Terrain (16x16)_68.asset
  importAddress: Guid(e0e7093168f7f6647a87b0b71b81925b) Importer(2089858483,b0f066a214c2f5e87bad3c948f4d605d)
Start importing Assets/Sprites/Terrain/Ground Tiles/Terrain (16x16)_68.asset using Guid(e0e7093168f7f6647a87b0b71b81925b) Importer(2089858483,b0f066a214c2f5e87bad3c948f4d605d) (ScriptedImporter) -> (Import Result ID: 'f605e86c80b96009cf4844f22452aa8c') in 0.0359981 seconds [static and dynamic dependencies]. Details - ImportResultOutputID=d9ad38055e9139b7bc1d7c4f770a56c3 DependenciesID=ac39475a5c7be66d46eaa5004ce3f944 StaticDependenciesID=7204857d9d1d17f6523c256f71c33d60 
Number of updated asset objects reloaded before import = 0Number of asset objects unloaded after import = 2

========================================================================
Received Import Request.
  Time since last request: 0.000044 seconds.
  path: Assets/Sprites/Menu/Levels/16.png
  importAddress: Guid(dea278f96777cae499f7c660cfa06920) Importer(2089858483,b0f066a214c2f5e87bad3c948f4d605d)
Start importing Assets/Sprites/Menu/Levels/16.png using Guid(dea278f96777cae499f7c660cfa06920) Importer(2089858483,b0f066a214c2f5e87bad3c948f4d605d) (ScriptedImporter) -> (Import Result ID: 'd4556f3bb143a98927b2ed9e1018a2c1') in 0.0497119 seconds [static and dynamic dependencies]. Details - ImportResultOutputID=f41bca93b2d80229c32b684600b6913f DependenciesID=39fe8b358a8916bce6d5af0b6f2161e9 StaticDependenciesID=df3d767e1310a7385dd57f7707d18823 
Number of updated asset objects reloaded before import = 0Number of asset objects unloaded after import = 3

========================================================================
Received Import Request.
  Time since last request: 0.000053 seconds.
  path: Assets/Sprites/Terrain/Ground Tiles/Terrain (16x16)_56.asset
  importAddress: Guid(1ccc315d5d179884e8bffffc76840947) Importer(2089858483,b0f066a214c2f5e87bad3c948f4d605d)
Start importing Assets/Sprites/Terrain/Ground Tiles/Terrain (16x16)_56.asset using Guid(1ccc315d5d179884e8bffffc76840947) Importer(2089858483,b0f066a214c2f5e87bad3c948f4d605d) (ScriptedImporter) -> (Import Result ID: '3e50306587947179b30c4a8fd4ca889a') in 0.0289153 seconds [static and dynamic dependencies]. Details - ImportResultOutputID=5da70e2de5ef399968968ce85f02ae7e DependenciesID=1c9fb74f7a4e9e3d1bb74c020d8c5c51 StaticDependenciesID=90d545c18601b841fa1e836394984651 
Number of updated asset objects reloaded before import = 0Number of asset objects unloaded after import = 2

========================================================================
Received Import Request.
  Time since last request: 0.000034 seconds.
  path: Assets/Sprites/Terrain/Ground Tiles/Terrain (16x16)_106.asset
  importAddress: Guid(bba5891461462674b9fc5f3d956c028f) Importer(2089858483,b0f066a214c2f5e87bad3c948f4d605d)
Start importing Assets/Sprites/Terrain/Ground Tiles/Terrain (16x16)_106.asset using Guid(bba5891461462674b9fc5f3d956c028f) Importer(2089858483,b0f066a214c2f5e87bad3c948f4d605d) (ScriptedImporter) -> (Import Result ID: '911624eaa2ff6cc4ea5996fd0b05f314') in 0.0281229 seconds [static and dynamic dependencies]. Details - ImportResultOutputID=47bfdb3be5fab4ce8533e077c9c20537 DependenciesID=b8df6607b1d6a12d14d1c946736dc2d4 StaticDependenciesID=9f76f1f8e5d9184891c7739e183a183c 
Number of updated asset objects reloaded before import = 0Number of asset objects unloaded after import = 2

========================================================================
Received Import Request.
  Time since last request: 0.000037 seconds.
  path: Assets/Sprites/Menu/Levels/15.png
  importAddress: Guid(e2b7814659744ed4ba306524debf1acc) Importer(2089858483,b0f066a214c2f5e87bad3c948f4d605d)
Start importing Assets/Sprites/Menu/Levels/15.png using Guid(e2b7814659744ed4ba306524debf1acc) Importer(2089858483,b0f066a214c2f5e87bad3c948f4d605d) (ScriptedImporter) -> (Import Result ID: 'cc9d77df654f6545cb4c9801be4d961d') in 0.0660482 seconds [static and dynamic dependencies]. Details - ImportResultOutputID=8ebb2798158bb847d9928c6cce961377 DependenciesID=28c83518871039df9ea9c10f5e4f1bc1 StaticDependenciesID=4297dbe1096b21846a8325c07667ec43 
Number of updated asset objects reloaded before import = 0Number of asset objects unloaded after import = 3

========================================================================
Received Import Request.
  Time since last request: 0.000047 seconds.
  path: Assets/Sprites/Items/Checkpoints/Start/Start (Idle).png
  importAddress: Guid(0b649dcc05928b04f9605190da48f51f) Importer(2089858483,b0f066a214c2f5e87bad3c948f4d605d)
Start importing Assets/Sprites/Items/Checkpoints/Start/Start (Idle).png using Guid(0b649dcc05928b04f9605190da48f51f) Importer(2089858483,b0f066a214c2f5e87bad3c948f4d605d) (ScriptedImporter) -> (Import Result ID: '448894a2b3d746197bb426cc20a69a17') in 0.0423599 seconds [static and dynamic dependencies]. Details - ImportResultOutputID=c9d917f53629516dd731f2fcbedd25ac DependenciesID=2b56adb732c3f7ace1f4acbd4101ac02 StaticDependenciesID=06458fe910b62c93ed69e51a10a29b6e 
Number of updated asset objects reloaded before import = 0Number of asset objects unloaded after import = 4

========================================================================
Received Import Request.
  Time since last request: 0.000043 seconds.
  path: Assets/Sprites/Menu/Levels/37.png
  importAddress: Guid(4c00ce25ed68a7b4396cfa12aa2f3008) Importer(2089858483,b0f066a214c2f5e87bad3c948f4d605d)
Start importing Assets/Sprites/Menu/Levels/37.png using Guid(4c00ce25ed68a7b4396cfa12aa2f3008) Importer(2089858483,b0f066a214c2f5e87bad3c948f4d605d) (ScriptedImporter) -> (Import Result ID: '8808f923b7a50824ed114b52f00e2bcd') in 0.0373972 seconds [static and dynamic dependencies]. Details - ImportResultOutputID=ca9464ae922d745e3b91269c6ad14bba DependenciesID=44cd930f79e3c40fc713f30114b8618b StaticDependenciesID=bd4691296ea8504b35ca1ee21440259b 
Number of updated asset objects reloaded before import = 0Number of asset objects unloaded after import = 3

========================================================================
Received Import Request.
  Time since last request: 0.000061 seconds.
  path: Assets/Sprites/Terrain/Ground Tiles/Terrain (16x16)_57.asset
  importAddress: Guid(afcf7c43c6dbbe8498b69d6a569d3f9a) Importer(2089858483,b0f066a214c2f5e87bad3c948f4d605d)
Start importing Assets/Sprites/Terrain/Ground Tiles/Terrain (16x16)_57.asset using Guid(afcf7c43c6dbbe8498b69d6a569d3f9a) Importer(2089858483,b0f066a214c2f5e87bad3c948f4d605d) (ScriptedImporter) -> (Import Result ID: 'b41c9cc473eeb28f42ebb8da7aafc175') in 0.0461013 seconds [static and dynamic dependencies]. Details - ImportResultOutputID=1d9dd503b99b43a29e99fca20745cc32 DependenciesID=f91dac8d49781523761aab1367ea840f StaticDependenciesID=f198248d2b6545bddb2cbdf7f5adce9b 
Number of updated asset objects reloaded before import = 0Number of asset objects unloaded after import = 2

========================================================================
Received Import Request.
  Time since last request: 0.000032 seconds.
  path: Assets/Sprites/Menu/Levels/25.png
  importAddress: Guid(f68cee9cd66e6944f9de47995f0e2478) Importer(2089858483,b0f066a214c2f5e87bad3c948f4d605d)
Start importing Assets/Sprites/Menu/Levels/25.png using Guid(f68cee9cd66e6944f9de47995f0e2478) Importer(2089858483,b0f066a214c2f5e87bad3c948f4d605d) (ScriptedImporter) -> (Import Result ID: '1c57645c7b813f42df04d5c5e5b18fd2') in 0.0418909 seconds [static and dynamic dependencies]. Details - ImportResultOutputID=e816cb675aaf0ba18127b4cdd2f9246a DependenciesID=b2a7a83c341aff4e1f79ce0e67116049 StaticDependenciesID=513396c73869ad488f254cb8405bfa2a 
Number of updated asset objects reloaded before import = 0Number of asset objects unloaded after import = 3

========================================================================
Received Import Request.
  Time since last request: 0.000056 seconds.
  path: Assets/Sprites/Terrain/Ground Tiles/Terrain (16x16)_92.asset
  importAddress: Guid(9df8647725ef5d44db7fe09a7aca1cc1) Importer(2089858483,b0f066a214c2f5e87bad3c948f4d605d)
Start importing Assets/Sprites/Terrain/Ground Tiles/Terrain (16x16)_92.asset using Guid(9df8647725ef5d44db7fe09a7aca1cc1) Importer(2089858483,b0f066a214c2f5e87bad3c948f4d605d) (ScriptedImporter) -> (Import Result ID: 'a2b586ecc171a43484bedeb241f37459') in 0.030366 seconds [static and dynamic dependencies]. Details - ImportResultOutputID=6f832dc522b6f2cfbee3a8e30d76d69e DependenciesID=41a763c1644ea80bb781515fd93692de StaticDependenciesID=d71c654a50ef880f4d76e0e4de80561f 
Number of updated asset objects reloaded before import = 0Number of asset objects unloaded after import = 2

========================================================================
Received Import Request.
  Time since last request: 0.000061 seconds.
  path: Assets/Sprites/Terrain/Ground Tiles/Terrain (16x16)_136.asset
  importAddress: Guid(97494f23f8f51c64cac477faa959f7a2) Importer(2089858483,b0f066a214c2f5e87bad3c948f4d605d)
Start importing Assets/Sprites/Terrain/Ground Tiles/Terrain (16x16)_136.asset using Guid(97494f23f8f51c64cac477faa959f7a2) Importer(2089858483,b0f066a214c2f5e87bad3c948f4d605d) (ScriptedImporter) -> (Import Result ID: '46cacef67c5733944d681b627ff05663') in 0.0286805 seconds [static and dynamic dependencies]. Details - ImportResultOutputID=e84df0bde646a8bfb29195bf93b2584c DependenciesID=bd693a75870ec9bccca754cf6a1f95bd StaticDependenciesID=bdca289cd3b6d3b365952bcc4214cf0d 
Number of updated asset objects reloaded before import = 0Number of asset objects unloaded after import = 2

========================================================================
Received Import Request.
  Time since last request: 0.000057 seconds.
  path: Assets/Sprites/Terrain/Ground Tiles/Terrain (16x16)_93.asset
  importAddress: Guid(52c3dd90f7547e142a88a6d9dd4f37c4) Importer(2089858483,b0f066a214c2f5e87bad3c948f4d605d)
Start importing Assets/Sprites/Terrain/Ground Tiles/Terrain (16x16)_93.asset using Guid(52c3dd90f7547e142a88a6d9dd4f37c4) Importer(2089858483,b0f066a214c2f5e87bad3c948f4d605d) (ScriptedImporter) -> (Import Result ID: 'c1b8fc163792ec9186ec8e27dadd3184') in 0.0291411 seconds [static and dynamic dependencies]. Details - ImportResultOutputID=56051d0ee9ddf9d71820283e370aa263 DependenciesID=70e1122a3a7dbd2074ec5c30de9e0a3e StaticDependenciesID=a4de36692fb1fa42692136e8a4798872 
Number of updated asset objects reloaded before import = 0Number of asset objects unloaded after import = 2

========================================================================
Received Prepare
Assembly reference Packages/com.unity.cinemachine/Editor/Samples/ExposeHDRPInternals/HDRP-Editor-ref.asmref has no target assembly definition
Assembly reference Packages/com.unity.cinemachine/Editor/Samples/ExposeHDRPInternals/HDRP-Editor-ref.asmref has no target assembly definition
Begin MonoManager ReloadAssembly
[Licensing::Client] Successfully resolved entitlement details
[Licensing::Module] License group:
  Id: F4-K3JH-PND2-U582-PFQS-XXXX
  Product: Unity Personal
  Type: ULF
  Expiration: Unlimited
[Licensing::Module] License group:
  Id: 9071313007192-UnityPersXXXX
  Product: Unity Personal
  Type: Assigned
  Expiration: Unlimited
Assembly Assembly-CSharp-Editor-firstpass.dll at Library/ScriptAssemblies/Assembly-CSharp-Editor-firstpass.dll not valid. Loading of assembly skipped.
Assembly Assembly-CSharp-Editor.dll at Library/ScriptAssemblies/Assembly-CSharp-Editor.dll not valid. Loading of assembly skipped.
Assembly Assembly-CSharp-firstpass.dll at Library/ScriptAssemblies/Assembly-CSharp-firstpass.dll not valid. Loading of assembly skipped.
Assembly DocCodeExamples.dll at Library/ScriptAssemblies/DocCodeExamples.dll not valid. Loading of assembly skipped.
Assembly TestNewCustomAssembly.dll at Library/ScriptAssemblies/TestNewCustomAssembly.dll not valid. Loading of assembly skipped.
Assembly Unity.2D.Animation.EditorTests.dll at Library/ScriptAssemblies/Unity.2D.Animation.EditorTests.dll not valid. Loading of assembly skipped.
Assembly Unity.2D.Aseprite.EditorTests.dll at Library/ScriptAssemblies/Unity.2D.Aseprite.EditorTests.dll not valid. Loading of assembly skipped.
Assembly Unity.2D.Common.EditorTests.dll at Library/ScriptAssemblies/Unity.2D.Common.EditorTests.dll not valid. Loading of assembly skipped.
Assembly Unity.2D.Psdimporter.EditorTests.dll at Library/ScriptAssemblies/Unity.2D.Psdimporter.EditorTests.dll not valid. Loading of assembly skipped.
Assembly Unity.2D.Sprite.Package.EditorTests.dll at Library/ScriptAssemblies/Unity.2D.Sprite.Package.EditorTests.dll not valid. Loading of assembly skipped.
Assembly Unity.2D.SpriteShape.EditorTests.dll at Library/ScriptAssemblies/Unity.2D.SpriteShape.EditorTests.dll not valid. Loading of assembly skipped.
Assembly Unity.2D.Tilemap.Package.EditorTests.dll at Library/ScriptAssemblies/Unity.2D.Tilemap.Package.EditorTests.dll not valid. Loading of assembly skipped.
Assembly Unity.Collections.BurstCompatibilityGen.dll at Library/ScriptAssemblies/Unity.Collections.BurstCompatibilityGen.dll not valid. Loading of assembly skipped.
Assembly Unity.Collections.DocCodeSamples.dll at Library/ScriptAssemblies/Unity.Collections.DocCodeSamples.dll not valid. Loading of assembly skipped.
Assembly Unity.Collections.PerformanceTests.dll at Library/ScriptAssemblies/Unity.Collections.PerformanceTests.dll not valid. Loading of assembly skipped.
Assembly Unity.Collections.Tests.dll at Library/ScriptAssemblies/Unity.Collections.Tests.dll not valid. Loading of assembly skipped.
Assembly Unity.Collections.Tests.Playmode.dll at Library/ScriptAssemblies/Unity.Collections.Tests.Playmode.dll not valid. Loading of assembly skipped.
Assembly Unity.InputSystem.IntegrationTests.dll at Library/ScriptAssemblies/Unity.InputSystem.IntegrationTests.dll not valid. Loading of assembly skipped.
Assembly Unity.Mathematics.Tests.dll at Library/ScriptAssemblies/Unity.Mathematics.Tests.dll not valid. Loading of assembly skipped.
Assembly Unity.Multiplayer.Center.Editor.Tests.dll at Library/ScriptAssemblies/Unity.Multiplayer.Center.Editor.Tests.dll not valid. Loading of assembly skipped.
Assembly Unity.Multiplayer.Center.Tests.dll at Library/ScriptAssemblies/Unity.Multiplayer.Center.Tests.dll not valid. Loading of assembly skipped.
Assembly Unity.Nuget.Mono-Cecil.dll at Library/ScriptAssemblies/Unity.Nuget.Mono-Cecil.dll not valid. Loading of assembly skipped.
Assembly Unity.PathTracing.Editor.Tests.dll at Library/ScriptAssemblies/Unity.PathTracing.Editor.Tests.dll not valid. Loading of assembly skipped.
Assembly Unity.PathTracing.Runtime.Tests.dll at Library/ScriptAssemblies/Unity.PathTracing.Runtime.Tests.dll not valid. Loading of assembly skipped.
Assembly Unity.RenderPipelines.Core.Editor.Tests.dll at Library/ScriptAssemblies/Unity.RenderPipelines.Core.Editor.Tests.dll not valid. Loading of assembly skipped.
Assembly Unity.RenderPipelines.Core.Runtime.Tests.dll at Library/ScriptAssemblies/Unity.RenderPipelines.Core.Runtime.Tests.dll not valid. Loading of assembly skipped.
Assembly Unity.RenderPipelines.Universal.Config.Editor.Tests.dll at Library/ScriptAssemblies/Unity.RenderPipelines.Universal.Config.Editor.Tests.dll not valid. Loading of assembly skipped.
Assembly Unity.RenderPipelines.Universal.Editor.Tests.dll at Library/ScriptAssemblies/Unity.RenderPipelines.Universal.Editor.Tests.dll not valid. Loading of assembly skipped.
Assembly Unity.RenderPipelines.Universal.Runtime.Tests.dll at Library/ScriptAssemblies/Unity.RenderPipelines.Universal.Runtime.Tests.dll not valid. Loading of assembly skipped.
Assembly Unity.Searcher.EditorTests.dll at Library/ScriptAssemblies/Unity.Searcher.EditorTests.dll not valid. Loading of assembly skipped.
Assembly Unity.Settings.Tests.dll at Library/ScriptAssemblies/Unity.Settings.Tests.dll not valid. Loading of assembly skipped.
Assembly Unity.ShaderGraph.Editor.Tests.dll at Library/ScriptAssemblies/Unity.ShaderGraph.Editor.Tests.dll not valid. Loading of assembly skipped.
Assembly Unity.TextMeshPro.Editor.Tests.dll at Library/ScriptAssemblies/Unity.TextMeshPro.Editor.Tests.dll not valid. Loading of assembly skipped.
Assembly Unity.TextMeshPro.Tests.dll at Library/ScriptAssemblies/Unity.TextMeshPro.Tests.dll not valid. Loading of assembly skipped.
Assembly Unity.UnifiedRayTracing.Editor.Tests.dll at Library/ScriptAssemblies/Unity.UnifiedRayTracing.Editor.Tests.dll not valid. Loading of assembly skipped.
Assembly UnityEditor.UI.Common.Tests.dll at Library/ScriptAssemblies/UnityEditor.UI.Common.Tests.dll not valid. Loading of assembly skipped.
Assembly UnityEditor.UI.EditorTests.dll at Library/ScriptAssemblies/UnityEditor.UI.EditorTests.dll not valid. Loading of assembly skipped.
Assembly UnityEngine.UI.Tests.dll at Library/ScriptAssemblies/UnityEngine.UI.Tests.dll not valid. Loading of assembly skipped.
Assembly reference Packages/com.unity.cinemachine/Editor/Samples/ExposeHDRPInternals/HDRP-Editor-ref.asmref has no target assembly definition
Script 'CharacterController' has the same name as built-in Unity component.
AddComponent and GetComponent will not work with this script.
'Packages/com.unity.cinemachine/Editor/Obsolete/CinemachineVirtualCameraBaseEditor.cs' contains partial class of Unity.Object, exactly 1 of the partial classes needs to be in a file with the same filename. This is to know the one that can be referenced from ie. GameObjects
'Packages/com.unity.cinemachine/Editor/Editors/CinemachineVirtualCameraBaseEditor.cs' contains partial class of Unity.Object, exactly 1 of the partial classes needs to be in a file with the same filename. This is to know the one that can be referenced from ie. GameObjects
Refreshing native plugins compatible for Editor in 9.42 ms, found 5 plugins.
Native extension for WindowsStandalone target not found
Assembly reference Packages/com.unity.cinemachine/Editor/Samples/ExposeHDRPInternals/HDRP-Editor-ref.asmref has no target assembly definition
[Package Manager] Failed to launch server process. Reason: Unity was launched with the -noUpm command-line argument
[Package Manager] Unable to send message (not connected to server process).
[Package Manager] Cannot connect to Unity Package Manager local server
[Package Manager] Failed to launch server process. Reason: Unity was launched with the -noUpm command-line argument
[Package Manager] Unable to send message (not connected to server process).
[Package Manager] Cannot connect to Unity Package Manager local server
[Package Manager] Failed to launch server process. Reason: Unity was launched with the -noUpm command-line argument
[Package Manager] Unable to send message (not connected to server process).
[Package Manager] Cannot connect to Unity Package Manager local server
ScheduleIndexationOnStartup MainProcess:False IndexOnStartup:True
Mono: successfully reloaded assembly
- Finished resetting the current domain, in  2.694 seconds
Domain Reload Profiling: 5381ms
	BeginReloadAssembly (678ms)
		DisableScriptedObjects (54ms)
		CreateAndSetChildDomain (132ms)
	RebuildCommonClasses (115ms)
	RebuildNativeTypeToScriptingClass (42ms)
	initialDomainReloadingComplete (258ms)
	LoadAllAssembliesAndSetupDomain (1593ms)
		LoadAssemblies (1254ms)
		AnalyzeDomain (638ms)
			TypeCache.Refresh (15ms)
			BuildScriptInfoCaches (571ms)
			ResolveRequiredComponents (44ms)
	FinalizeReload (2695ms)
		SetupLoadedEditorAssemblies (0ms)
			InitializePlatformSupportModulesInManaged (4ms)
			BeforeProcessingInitializeOnLoad (658ms)
			ProcessInitializeOnLoadAttributes (1116ms)
			ProcessInitializeOnLoadMethodAttributes (310ms)
			AfterProcessingInitializeOnLoad (24ms)
		AwakeInstancesAfterBackupRestoration (46ms)
Refreshing native plugins compatible for Editor in 10.65 ms, found 5 plugins.
Unloading 25 Unused Serialized files (Serialized files now loaded: 0)
Unloading 7657 unused Assets / (6.6 MB). Loaded Objects now: 8489.
Memory consumption went from 165.9 MB to 159.2 MB.
Total: 31.863900 ms (FindLiveObjects: 2.989800 ms CreateObjectMapping: 2.621100 ms MarkObjects: 16.573900 ms  DeleteObjects: 9.676400 ms)

Prepare: number of updated asset objects reloaded= 0
Editor requested this worker to shutdown with reason: Scaling down because of idle timeout
AssetImportWorker is now disconnected from the server
Process exiting
Exiting without the bug reporter. Application will terminate with return code 0