[Licensing::Module] Trying to connect to existing licensing client channel...
[Licensing::IpcConnector] Successfully connected to: "LicenseClient-nirac" at "2026-05-11T23:14:47.7974115Z"
Built from '6000.4/staging' branch; Version is '6000.4.6f1 (0b051c2e5d54) revision 722204'; Using compiler version '194234433'; Build Type 'Release'
OS: 'Windows 11  (10.0.26200) Core' Language: 'de' Physical Memory: 15712 MB
BatchMode: 1, IsHumanControllingUs: 0, StartBugReporterOnCrash: 0, Is64bit: 1
System  architecture: x64
Process architecture: x64
Date: 2026-05-11T23:14:47Z

COMMAND LINE ARGUMENTS:
C:\Program Files\Unity\Hub\Editor\6000.4.6f1\Editor\Unity.exe
-adb2
-batchMode
-noUpm
-name
AssetImportWorker4
-projectPath
C:/Unity/Hedonism
-logFile
Logs/AssetImportWorker4.log
-srvPort
56094
-licensingIpc
LicenseClient-nirac
-force-d3d12
-job-worker-count
5
-background-job-worker-count
8
-gc-helper-count
1
-name
AssetImport
Successfully changed project path to: C:/Unity/Hedonism
C:/Unity/Hedonism
[UnityMemory] Configuration Parameters - Can be set up in boot.config
    "memorysetup-temp-allocator-size-gi-baking-worker=262144"
    "memorysetup-temp-allocator-size-gi-baking-worker=262144"
    "memorysetup-temp-allocator-size-gi-baking-worker=262144"
    "memorysetup-temp-allocator-size-gi-baking-worker=262144"
    "memorysetup-temp-allocator-size-gi-baking-worker=262144"
    "memorysetup-temp-allocator-size-nav-mesh-worker=65536"
    "memorysetup-temp-allocator-size-audio-worker=65536"
    "memorysetup-temp-allocator-size-cloud-worker=32768"
    "memorysetup-temp-allocator-size-gfx=262144"
    "memorysetup-temp-allocator-size-preload-manager=33554432"
    "memorysetup-temp-allocator-size-job-worker=262144"
    "memorysetup-temp-allocator-size-background-worker=32768"
    "memorysetup-allocator-temp-initial-block-size-main=262144"
    "memorysetup-allocator-temp-initial-block-size-worker=262144"
    "memorysetup-bucket-allocator-granularity=16"
    "memorysetup-bucket-allocator-bucket-count=8"
    "memorysetup-bucket-allocator-block-size=33554432"
    "memorysetup-bucket-allocator-block-count=8"
    "memorysetup-main-allocator-block-size=16777216"
    "memorysetup-thread-allocator-block-size=16777216"
    "memorysetup-gfx-main-allocator-block-size=16777216"
    "memorysetup-gfx-thread-allocator-block-size=16777216"
    "memorysetup-cache-allocator-block-size=4194304"
    "memorysetup-typetree-allocator-block-size=2097152"
    "memorysetup-profiler-bucket-allocator-granularity=16"
    "memorysetup-profiler-bucket-allocator-bucket-count=8"
    "memorysetup-profiler-bucket-allocator-block-size=33554432"
    "memorysetup-profiler-bucket-allocator-block-count=8"
    "memorysetup-profiler-allocator-block-size=16777216"
    "memorysetup-profiler-editor-allocator-block-size=1048576"
    "memorysetup-temp-allocator-size-main=16777216"
    "memorysetup-job-temp-allocator-block-size=2097152"
    "memorysetup-job-temp-allocator-block-size-background=1048576"
    "memorysetup-job-temp-allocator-reduction-small-platforms=262144"
Player connection [13468]  Target information:

Player connection [13468]  * "[IP] 192.168.178.61 [Port] 0 [Flags] 2 [Guid] 2836256901 [EditorId] 2836256901 [Version] 1048832 [Id] WindowsEditor(7,NicoLaptop) [Debug] 1 [PackageName] WindowsEditor [ProjectName] Editor" 

Player connection [13468] Host joined multi-casting on [225.0.0.222:54997]...
Player connection [13468] Host joined alternative multi-casting on [225.0.0.222:34997]...
JobSystem: Creating JobQueue using job-worker-count value 5
Input System module state changed to: Initialized.
[Physics::Module] Initialized fallback backend.
[Physics::Module] Id: 0xdecafbad
Library Redirect Path: Library/
[Physics::Module] Selected backend.
[Physics::Module] Name: PhysX
[Physics::Module] Id: 0xf2b8ea05
[Physics::Module] SDK Version: 4.1.2
[Physics::Module] Integration Version: 1.0.0
[Physics::Module] Threading Mode: Multi-Threaded
Refreshing native plugins compatible for Editor in 30.41 ms, found 5 plugins.
Initialize engine version: 6000.4.6f1 (0b051c2e5d54)
[Subsystems] Discovering subsystems at path C:/Program Files/Unity/Hub/Editor/6000.4.6f1/Editor/Data/Resources/UnitySubsystems
[Subsystems] Discovering subsystems at path C:/Unity/Hedonism/Assets
Forcing GfxDevice: Direct3D 12
GfxDevice: creating device client; kGfxThreadingModeNonThreaded
d3d12: failed to query info queue interface (0x80004002).
Direct3D:
    Version:         Direct3D 12 [level 12.1]
    Renderer:        AMD Radeon (TM) Graphics (ID=0x15e7)
    Vendor:          ATI
    VRAM:            7856 MB
    App VRAM Budget: 7678 MB
    Driver:          31.0.12044.3
    Unified Memory Architecture
Initialize mono
Mono path[0] = 'C:/Program Files/Unity/Hub/Editor/6000.4.6f1/Editor/Data/Managed'
Mono path[1] = 'C:/Program Files/Unity/Hub/Editor/6000.4.6f1/Editor/Data/MonoBleedingEdge/lib/mono/unityjit-win32'
Mono config path = 'C:/Program Files/Unity/Hub/Editor/6000.4.6f1/Editor/Data/MonoBleedingEdge/etc'
Using monoOptions --debugger-agent=transport=dt_socket,embedding=1,server=y,suspend=n,address=127.0.0.1:56016
CodeReloadManager initialized
[Licensing::Client] Error: HandshakeResponse reported an error:
	ResponseCode: 505
	ResponseStatus: Unsupported protocol version '1.18.1'.
[Licensing::Module] Error: Failed to handshake to channel: "LicenseClient-nirac"
[Licensing::IpcConnector] LicenseClient-nirac channel disconnected successfully.
[Licensing::IpcConnector] Successfully connected to: "LicenseClient-nirac-6000.4.6" at "2026-05-11T23:14:52.4284057Z"
Begin MonoManager ReloadAssembly
[Licensing::Client] Code 10 while verifying Licensing Client signature (process Id: 20512, path: "C:/Program Files/Unity/Hub/Editor/6000.4.6f1/Editor/Data/Resources/Licensing/Client/Unity.Licensing.Client.exe")
[Licensing::Module] LicensingClient has failed validation; ignoring
[Licensing::Client] Handshaking with LicensingClient:
  Version:                 1.18.1+9fbee8e
  Session Id:              128c63fa31dd485a81bb8619dcce8142
  Correlation Id:          1ae06423c7b2641c84442f004d96ed23
  External correlation Id: 7885807179349805455
  Machine Id:              VIX9ONoXlKqCHILYb5e71RdiQ3s=
[Licensing::Module] Successfully connected to LicensingClient on channel: "LicenseClient-nirac-6000.4.6" (connect: 0.00s, validation: 0.00s, handshake: 0.02s)
[Licensing::IpcConnector] Successfully connected to: "LicenseClient-nirac-6000.4.6-notifications" at "2026-05-11T23:14:52.4570175Z"
[Licensing::Module] Licensing Background thread has ended after 4.66s
Registering precompiled unity dll's ...
Register platform support module: C:/Program Files/Unity/Hub/Editor/6000.4.6f1/Editor/Data/PlaybackEngines/WindowsStandaloneSupport/UnityEditor.WindowsStandalone.Extensions.dll
Registered in 0.006562 seconds.
Native extension for WindowsStandalone target not found
Package Manager log level set to [2]
[Package Manager] Failed to launch server process. Reason: Unity was launched with the -noUpm command-line argument
[Package Manager] Unable to send message (not connected to server process).
[Package Manager] Cannot connect to Unity Package Manager local server
ScheduleIndexationOnStartup MainProcess:False IndexOnStartup:True
Mono: successfully reloaded assembly
- Finished resetting the current domain, in  1.308 seconds
Domain Reload Profiling: 3047ms
	BeginReloadAssembly (598ms)
	RebuildCommonClasses (146ms)
	RebuildNativeTypeToScriptingClass (45ms)
	initialDomainReloadingComplete (266ms)
	LoadAllAssembliesAndSetupDomain (679ms)
		LoadAssemblies (577ms)
		AnalyzeDomain (652ms)
			TypeCache.Refresh (648ms)
				TypeCache.ScanAssembly (607ms)
	FinalizeReload (1312ms)
		SetupLoadedEditorAssemblies (0ms)
			InitializePlatformSupportModulesInManaged (146ms)
			BeforeProcessingInitializeOnLoad (290ms)
			ProcessInitializeOnLoadAttributes (361ms)
			ProcessInitializeOnLoadMethodAttributes (266ms)
Assembly reference Packages/com.unity.cinemachine/Editor/Samples/ExposeHDRPInternals/HDRP-Editor-ref.asmref has no target assembly definition
========================================================================
Worker process is ready to serve import requests
Import Worker Mode flag is 0x00
Assembly reference Packages/com.unity.cinemachine/Editor/Samples/ExposeHDRPInternals/HDRP-Editor-ref.asmref has no target assembly definition
Assembly reference Packages/com.unity.cinemachine/Editor/Samples/ExposeHDRPInternals/HDRP-Editor-ref.asmref has no target assembly definition
Begin MonoManager ReloadAssembly
[Licensing::Client] Successfully resolved entitlement details
[Licensing::Module] License group:
  Id: F4-K3JH-PND2-U582-PFQS-XXXX
  Product: Unity Personal
  Type: ULF
  Expiration: Unlimited
[Licensing::Module] License group:
  Id: 9071313007192-UnityPersXXXX
  Product: Unity Personal
  Type: Assigned
  Expiration: Unlimited
Assembly Assembly-CSharp-Editor-firstpass.dll at Library/ScriptAssemblies/Assembly-CSharp-Editor-firstpass.dll not valid. Loading of assembly skipped.
Assembly Assembly-CSharp-Editor.dll at Library/ScriptAssemblies/Assembly-CSharp-Editor.dll not valid. Loading of assembly skipped.
Assembly Assembly-CSharp-firstpass.dll at Library/ScriptAssemblies/Assembly-CSharp-firstpass.dll not valid. Loading of assembly skipped.
Assembly DocCodeExamples.dll at Library/ScriptAssemblies/DocCodeExamples.dll not valid. Loading of assembly skipped.
Assembly TestNewCustomAssembly.dll at Library/ScriptAssemblies/TestNewCustomAssembly.dll not valid. Loading of assembly skipped.
Assembly Unity.2D.Animation.EditorTests.dll at Library/ScriptAssemblies/Unity.2D.Animation.EditorTests.dll not valid. Loading of assembly skipped.
Assembly Unity.2D.Aseprite.EditorTests.dll at Library/ScriptAssemblies/Unity.2D.Aseprite.EditorTests.dll not valid. Loading of assembly skipped.
Assembly Unity.2D.Common.EditorTests.dll at Library/ScriptAssemblies/Unity.2D.Common.EditorTests.dll not valid. Loading of assembly skipped.
Assembly Unity.2D.Psdimporter.EditorTests.dll at Library/ScriptAssemblies/Unity.2D.Psdimporter.EditorTests.dll not valid. Loading of assembly skipped.
Assembly Unity.2D.Sprite.Package.EditorTests.dll at Library/ScriptAssemblies/Unity.2D.Sprite.Package.EditorTests.dll not valid. Loading of assembly skipped.
Assembly Unity.2D.SpriteShape.EditorTests.dll at Library/ScriptAssemblies/Unity.2D.SpriteShape.EditorTests.dll not valid. Loading of assembly skipped.
Assembly Unity.2D.Tilemap.Package.EditorTests.dll at Library/ScriptAssemblies/Unity.2D.Tilemap.Package.EditorTests.dll not valid. Loading of assembly skipped.
Assembly Unity.Collections.BurstCompatibilityGen.dll at Library/ScriptAssemblies/Unity.Collections.BurstCompatibilityGen.dll not valid. Loading of assembly skipped.
Assembly Unity.Collections.DocCodeSamples.dll at Library/ScriptAssemblies/Unity.Collections.DocCodeSamples.dll not valid. Loading of assembly skipped.
Assembly Unity.Collections.PerformanceTests.dll at Library/ScriptAssemblies/Unity.Collections.PerformanceTests.dll not valid. Loading of assembly skipped.
Assembly Unity.Collections.Tests.dll at Library/ScriptAssemblies/Unity.Collections.Tests.dll not valid. Loading of assembly skipped.
Assembly Unity.Collections.Tests.Playmode.dll at Library/ScriptAssemblies/Unity.Collections.Tests.Playmode.dll not valid. Loading of assembly skipped.
Assembly Unity.InputSystem.IntegrationTests.dll at Library/ScriptAssemblies/Unity.InputSystem.IntegrationTests.dll not valid. Loading of assembly skipped.
Assembly Unity.Mathematics.Tests.dll at Library/ScriptAssemblies/Unity.Mathematics.Tests.dll not valid. Loading of assembly skipped.
Assembly Unity.Multiplayer.Center.Editor.Tests.dll at Library/ScriptAssemblies/Unity.Multiplayer.Center.Editor.Tests.dll not valid. Loading of assembly skipped.
Assembly Unity.Multiplayer.Center.Tests.dll at Library/ScriptAssemblies/Unity.Multiplayer.Center.Tests.dll not valid. Loading of assembly skipped.
Assembly Unity.Nuget.Mono-Cecil.dll at Library/ScriptAssemblies/Unity.Nuget.Mono-Cecil.dll not valid. Loading of assembly skipped.
Assembly Unity.PathTracing.Editor.Tests.dll at Library/ScriptAssemblies/Unity.PathTracing.Editor.Tests.dll not valid. Loading of assembly skipped.
Assembly Unity.PathTracing.Runtime.Tests.dll at Library/ScriptAssemblies/Unity.PathTracing.Runtime.Tests.dll not valid. Loading of assembly skipped.
Assembly Unity.RenderPipelines.Core.Editor.Tests.dll at Library/ScriptAssemblies/Unity.RenderPipelines.Core.Editor.Tests.dll not valid. Loading of assembly skipped.
Assembly Unity.RenderPipelines.Core.Runtime.Tests.dll at Library/ScriptAssemblies/Unity.RenderPipelines.Core.Runtime.Tests.dll not valid. Loading of assembly skipped.
Assembly Unity.RenderPipelines.Universal.Config.Editor.Tests.dll at Library/ScriptAssemblies/Unity.RenderPipelines.Universal.Config.Editor.Tests.dll not valid. Loading of assembly skipped.
Assembly Unity.RenderPipelines.Universal.Editor.Tests.dll at Library/ScriptAssemblies/Unity.RenderPipelines.Universal.Editor.Tests.dll not valid. Loading of assembly skipped.
Assembly Unity.RenderPipelines.Universal.Runtime.Tests.dll at Library/ScriptAssemblies/Unity.RenderPipelines.Universal.Runtime.Tests.dll not valid. Loading of assembly skipped.
Assembly Unity.Searcher.EditorTests.dll at Library/ScriptAssemblies/Unity.Searcher.EditorTests.dll not valid. Loading of assembly skipped.
Assembly Unity.Settings.Tests.dll at Library/ScriptAssemblies/Unity.Settings.Tests.dll not valid. Loading of assembly skipped.
Assembly Unity.ShaderGraph.Editor.Tests.dll at Library/ScriptAssemblies/Unity.ShaderGraph.Editor.Tests.dll not valid. Loading of assembly skipped.
Assembly Unity.TextMeshPro.Editor.Tests.dll at Library/ScriptAssemblies/Unity.TextMeshPro.Editor.Tests.dll not valid. Loading of assembly skipped.
Assembly Unity.TextMeshPro.Tests.dll at Library/ScriptAssemblies/Unity.TextMeshPro.Tests.dll not valid. Loading of assembly skipped.
Assembly Unity.UnifiedRayTracing.Editor.Tests.dll at Library/ScriptAssemblies/Unity.UnifiedRayTracing.Editor.Tests.dll not valid. Loading of assembly skipped.
Assembly UnityEditor.UI.Common.Tests.dll at Library/ScriptAssemblies/UnityEditor.UI.Common.Tests.dll not valid. Loading of assembly skipped.
Assembly UnityEditor.UI.EditorTests.dll at Library/ScriptAssemblies/UnityEditor.UI.EditorTests.dll not valid. Loading of assembly skipped.
Assembly UnityEngine.UI.Tests.dll at Library/ScriptAssemblies/UnityEngine.UI.Tests.dll not valid. Loading of assembly skipped.
Assembly reference Packages/com.unity.cinemachine/Editor/Samples/ExposeHDRPInternals/HDRP-Editor-ref.asmref has no target assembly definition
Script 'CharacterController' has the same name as built-in Unity component.
AddComponent and GetComponent will not work with this script.
'Packages/com.unity.cinemachine/Editor/Obsolete/CinemachineVirtualCameraBaseEditor.cs' contains partial class of Unity.Object, exactly 1 of the partial classes needs to be in a file with the same filename. This is to know the one that can be referenced from ie. GameObjects
'Packages/com.unity.cinemachine/Editor/Editors/CinemachineVirtualCameraBaseEditor.cs' contains partial class of Unity.Object, exactly 1 of the partial classes needs to be in a file with the same filename. This is to know the one that can be referenced from ie. GameObjects
Refreshing native plugins compatible for Editor in 9.00 ms, found 5 plugins.
Native extension for WindowsStandalone target not found
Assembly reference Packages/com.unity.cinemachine/Editor/Samples/ExposeHDRPInternals/HDRP-Editor-ref.asmref has no target assembly definition
[Package Manager] Failed to launch server process. Reason: Unity was launched with the -noUpm command-line argument
[Package Manager] Unable to send message (not connected to server process).
[Package Manager] Cannot connect to Unity Package Manager local server
[Package Manager] Failed to launch server process. Reason: Unity was launched with the -noUpm command-line argument
[Package Manager] Unable to send message (not connected to server process).
[Package Manager] Cannot connect to Unity Package Manager local server
[Package Manager] Failed to launch server process. Reason: Unity was launched with the -noUpm command-line argument
[Package Manager] Unable to send message (not connected to server process).
[Package Manager] Cannot connect to Unity Package Manager local server
Refreshing native plugins compatible for Editor in 9.49 ms, found 5 plugins.
ScheduleIndexationOnStartup MainProcess:False IndexOnStartup:True
Mono: successfully reloaded assembly
- Finished resetting the current domain, in  2.928 seconds
Domain Reload Profiling: 6413ms
	BeginReloadAssembly (646ms)
		DisableScriptedObjects (20ms)
		CreateAndSetChildDomain (84ms)
	RebuildCommonClasses (168ms)
	RebuildNativeTypeToScriptingClass (67ms)
	initialDomainReloadingComplete (372ms)
	LoadAllAssembliesAndSetupDomain (2232ms)
		LoadAssemblies (1541ms)
		AnalyzeDomain (1054ms)
			TypeCache.Refresh (778ms)
				TypeCache.ScanAssembly (731ms)
			BuildScriptInfoCaches (230ms)
			ResolveRequiredComponents (41ms)
	FinalizeReload (2929ms)
		SetupLoadedEditorAssemblies (0ms)
			InitializePlatformSupportModulesInManaged (5ms)
			BeforeProcessingInitializeOnLoad (561ms)
			ProcessInitializeOnLoadAttributes (1286ms)
			ProcessInitializeOnLoadMethodAttributes (457ms)
			AfterProcessingInitializeOnLoad (20ms)
		AwakeInstancesAfterBackupRestoration (16ms)
Launched and connected shader compiler UnityShaderCompiler.exe after 0.04 seconds
Refreshing native plugins compatible for Editor in 12.01 ms, found 5 plugins.
Unloading 25 Unused Serialized files (Serialized files now loaded: 0)
Unloading 7659 unused Assets / (6.4 MB). Loaded Objects now: 8483.
Memory consumption went from 163.5 MB to 157.1 MB.
Total: 34.983000 ms (FindLiveObjects: 3.964600 ms CreateObjectMapping: 2.904700 ms MarkObjects: 19.949300 ms  DeleteObjects: 8.126600 ms)

========================================================================
Received Import Request.
  Time since last request: 1597934.999180 seconds.
  path: Assets/Sprites/Menu/Levels/07.png
  importAddress: Guid(e7393b0fbc437784bb50eb3a89431134) Importer(2089858483,b0f066a214c2f5e87bad3c948f4d605d)
Start importing Assets/Sprites/Menu/Levels/07.png using Guid(e7393b0fbc437784bb50eb3a89431134) Importer(2089858483,b0f066a214c2f5e87bad3c948f4d605d) (ScriptedImporter) -> (Import Result ID: '31078dc15fda1788e5f20543f52a4875') in 0.3828845 seconds [static and dynamic dependencies]. Details - ImportResultOutputID=a874a25109617388449127d519130f67 DependenciesID=bd9cbb9b91dad0bc9394eb62668ccfd2 StaticDependenciesID=f3f4cee00d6a2e0a0be21a628f600086 
Number of updated asset objects reloaded before import = 0Number of asset objects unloaded after import = 3

========================================================================
Received Import Request.
  Time since last request: 0.000094 seconds.
  path: Assets/Sprites/Menu/Levels/27.png
  importAddress: Guid(0fc6b460d094d40458891d6139dcda05) Importer(2089858483,b0f066a214c2f5e87bad3c948f4d605d)
Start importing Assets/Sprites/Menu/Levels/27.png using Guid(0fc6b460d094d40458891d6139dcda05) Importer(2089858483,b0f066a214c2f5e87bad3c948f4d605d) (ScriptedImporter) -> (Import Result ID: 'a5827931e27322660aef8ce4d44a1ccf') in 0.0360693 seconds [static and dynamic dependencies]. Details - ImportResultOutputID=1400423e04fc595e71baf0c855f8f8d9 DependenciesID=8bbda55aa9fcffe3d780a5e95e57ace2 StaticDependenciesID=93700a2df7af6f22dce05b7106ff3eaf 
Number of updated asset objects reloaded before import = 0Number of asset objects unloaded after import = 3

========================================================================
Received Import Request.
  Time since last request: 0.000185 seconds.
  path: Assets/Sprites/Main Characters/Pink Man/Run (32x32).png
  importAddress: Guid(69f861241d3bc974cb16989a7406ef44) Importer(2089858483,b0f066a214c2f5e87bad3c948f4d605d)
Start importing Assets/Sprites/Main Characters/Pink Man/Run (32x32).png using Guid(69f861241d3bc974cb16989a7406ef44) Importer(2089858483,b0f066a214c2f5e87bad3c948f4d605d) (ScriptedImporter) -> (Import Result ID: '3a6d1afad3258325e9d3fdfc7a3b6282') in 0.0682258 seconds [static and dynamic dependencies]. Details - ImportResultOutputID=7a0377e20048dd1b26a26c60f4807ec3 DependenciesID=30f2a5015a64f0a0f7639790ad6009dc StaticDependenciesID=1b12242e7c971c3fa05959014824b2b7 
Number of updated asset objects reloaded before import = 0Number of asset objects unloaded after import = 14

========================================================================
Received Import Request.
  Time since last request: 0.000041 seconds.
  path: Assets/_Recovery/0.unity
  importAddress: Guid(919b90acc76717741a5b991061dcfc73) Importer(2089858483,b0f066a214c2f5e87bad3c948f4d605d)
Start importing Assets/_Recovery/0.unity using Guid(919b90acc76717741a5b991061dcfc73) Importer(2089858483,b0f066a214c2f5e87bad3c948f4d605d) (ScriptedImporter) -> (Import Result ID: '9904482e61eedb1627941bcefcd6620e') in 0.0342345 seconds [static and dynamic dependencies]. Details - ImportResultOutputID=68663f74404d2124f3372420fb74e7a2 DependenciesID=12f1ec7d0a53db6c21d6ab25384ff69d StaticDependenciesID=fd0a7179b5786326969185571269cb77 
Number of updated asset objects reloaded before import = 0Number of asset objects unloaded after import = 1

========================================================================
Received Import Request.
  Time since last request: 0.000049 seconds.
  path: Assets/Sprites/Menu/Levels/14.png
  importAddress: Guid(84969eb98d319384f92f8a66503b3878) Importer(2089858483,b0f066a214c2f5e87bad3c948f4d605d)
Start importing Assets/Sprites/Menu/Levels/14.png using Guid(84969eb98d319384f92f8a66503b3878) Importer(2089858483,b0f066a214c2f5e87bad3c948f4d605d) (ScriptedImporter) -> (Import Result ID: 'f7048a8eb277ba132f7deb4fa84821b4') in 0.0362713 seconds [static and dynamic dependencies]. Details - ImportResultOutputID=66546e5896abbbe602dfeca2738ae996 DependenciesID=b2bd03ee7eba3e248893866d9e13c236 StaticDependenciesID=ba3cbe790363222ad53c894ff172ed9b 
Number of updated asset objects reloaded before import = 0Number of asset objects unloaded after import = 3

========================================================================
Received Import Request.
  Time since last request: 0.000038 seconds.
  path: Assets/Sprites/Main Characters/Mask Dude/Fall (32x32).png
  importAddress: Guid(27789a340d0954b428e008800c2c36fb) Importer(2089858483,b0f066a214c2f5e87bad3c948f4d605d)
Start importing Assets/Sprites/Main Characters/Mask Dude/Fall (32x32).png using Guid(27789a340d0954b428e008800c2c36fb) Importer(2089858483,b0f066a214c2f5e87bad3c948f4d605d) (ScriptedImporter) -> (Import Result ID: 'fcc0368039e71622187f404739f2f2f9') in 0.0345701 seconds [static and dynamic dependencies]. Details - ImportResultOutputID=22a39c55583e9d8ac07fed5415333dca DependenciesID=77599cd28426f05b47daaffccc22aef4 StaticDependenciesID=9bd79f106dd9c87056a4755365032d6c 
Number of updated asset objects reloaded before import = 0Number of asset objects unloaded after import = 3

========================================================================
Received Import Request.
  Time since last request: 0.000044 seconds.
  path: Assets/Sprites/Main Characters/Virtual Guy/Wall Jump (32x32).png
  importAddress: Guid(5ffaf544953fce64280af287c90dd93e) Importer(2089858483,b0f066a214c2f5e87bad3c948f4d605d)
Start importing Assets/Sprites/Main Characters/Virtual Guy/Wall Jump (32x32).png using Guid(5ffaf544953fce64280af287c90dd93e) Importer(2089858483,b0f066a214c2f5e87bad3c948f4d605d) (ScriptedImporter) -> (Import Result ID: 'e5af299e3cdb638d39a5d3e12b1c4f12') in 0.0483066 seconds [static and dynamic dependencies]. Details - ImportResultOutputID=76cb3da3b8eca43d89a4235f251cfd41 DependenciesID=92ffa0717d993d94162b1649f4dd84ad StaticDependenciesID=4720c774527190786f3fb1000806001d 
Number of updated asset objects reloaded before import = 0Number of asset objects unloaded after import = 7

========================================================================
Received Import Request.
  Time since last request: 0.000056 seconds.
  path: Assets/Settings/Renderer2D.asset
  importAddress: Guid(424799608f7334c24bf367e4bbfa7f9a) Importer(2089858483,b0f066a214c2f5e87bad3c948f4d605d)
Start importing Assets/Settings/Renderer2D.asset using Guid(424799608f7334c24bf367e4bbfa7f9a) Importer(2089858483,b0f066a214c2f5e87bad3c948f4d605d) (ScriptedImporter) -> (Import Result ID: '9651c798d4104ba2d3947066b4ccfd50') in 0.1199873 seconds [static and dynamic dependencies]. Details - ImportResultOutputID=a98bed6962deb251786a275d54075ecc DependenciesID=fb4a52daad2865f90a51b7e52025d90c StaticDependenciesID=6274974ce82b425c2c428478e3e7e69a 
Number of updated asset objects reloaded before import = 0Number of asset objects unloaded after import = 1

========================================================================
Received Import Request.
  Time since last request: 0.000037 seconds.
  path: Assets/Sprites/Terrain/Ground Tiles/Terrain (16x16)_102.asset
  importAddress: Guid(e23f2b33a59db6f43b7cd270e2e4ed3e) Importer(2089858483,b0f066a214c2f5e87bad3c948f4d605d)
Start importing Assets/Sprites/Terrain/Ground Tiles/Terrain (16x16)_102.asset using Guid(e23f2b33a59db6f43b7cd270e2e4ed3e) Importer(2089858483,b0f066a214c2f5e87bad3c948f4d605d) (ScriptedImporter) -> (Import Result ID: '6c7f05bee2a1fb6ce3898b9593e9640f') in 0.0420811 seconds [static and dynamic dependencies]. Details - ImportResultOutputID=a9f08b3f32cb02b8c965b14ce6fa565f DependenciesID=5e91feb3445966ea368f94f312ab4996 StaticDependenciesID=db86eac9de73bc59bc8844c1fa77f9bf 
Number of updated asset objects reloaded before import = 0Number of asset objects unloaded after import = 2

========================================================================
Received Import Request.
  Time since last request: 0.000063 seconds.
  path: Assets/Sprites/Terrain/Ground Tiles/Terrain (16x16)_10.asset
  importAddress: Guid(1f22659915c5aec40bcc2712d9311126) Importer(2089858483,b0f066a214c2f5e87bad3c948f4d605d)
Start importing Assets/Sprites/Terrain/Ground Tiles/Terrain (16x16)_10.asset using Guid(1f22659915c5aec40bcc2712d9311126) Importer(2089858483,b0f066a214c2f5e87bad3c948f4d605d) (ScriptedImporter) -> (Import Result ID: '1e7337d7cb9ac3f591f97ff1f5bcd639') in 0.0314008 seconds [static and dynamic dependencies]. Details - ImportResultOutputID=53d13968756f8fe0c3c86f894b470e74 DependenciesID=eb236de349ec29de31f3d762589e2851 StaticDependenciesID=2c03d2d45c0db4ec2a407aaef8c628f9 
Number of updated asset objects reloaded before import = 0Number of asset objects unloaded after import = 2

========================================================================
Received Import Request.
  Time since last request: 0.000039 seconds.
  path: Assets/Sprites/Menu/Levels/50.png
  importAddress: Guid(5b06b6e25c65c79408bd9b71dfc632bd) Importer(2089858483,b0f066a214c2f5e87bad3c948f4d605d)
Start importing Assets/Sprites/Menu/Levels/50.png using Guid(5b06b6e25c65c79408bd9b71dfc632bd) Importer(2089858483,b0f066a214c2f5e87bad3c948f4d605d) (ScriptedImporter) -> (Import Result ID: '1c755e609c3511ba5153d63cd9085814') in 0.0426785 seconds [static and dynamic dependencies]. Details - ImportResultOutputID=63375c6498cfe9be28d835fa01ebab38 DependenciesID=f110fae05978b63cecb12060ed89a768 StaticDependenciesID=4cab3ae50f3ea962a961925870501111 
Number of updated asset objects reloaded before import = 0Number of asset objects unloaded after import = 3

========================================================================
Received Import Request.
  Time since last request: 0.000044 seconds.
  path: Assets/Sprites/Menu/Levels/38.png
  importAddress: Guid(c18b29d2c75415743b68d1b65fa56852) Importer(2089858483,b0f066a214c2f5e87bad3c948f4d605d)
Start importing Assets/Sprites/Menu/Levels/38.png using Guid(c18b29d2c75415743b68d1b65fa56852) Importer(2089858483,b0f066a214c2f5e87bad3c948f4d605d) (ScriptedImporter) -> (Import Result ID: '562f5582ee8bd7d1b6b14a3222142bb4') in 0.0588989 seconds [static and dynamic dependencies]. Details - ImportResultOutputID=86e88c16666986f524b53c01d26c1388 DependenciesID=01f8872f650485b739cd7ec852af80e0 StaticDependenciesID=c8d19e8fb2ada5998d2a1e186938e4f5 
Number of updated asset objects reloaded before import = 0Number of asset objects unloaded after import = 3

========================================================================
Received Import Request.
  Time since last request: 0.000054 seconds.
  path: Assets/AnimationController/player_idle.anim
  importAddress: Guid(f016c366a42cf3444af9d9ef32c4fb0f) Importer(2089858483,b0f066a214c2f5e87bad3c948f4d605d)
Start importing Assets/AnimationController/player_idle.anim using Guid(f016c366a42cf3444af9d9ef32c4fb0f) Importer(2089858483,b0f066a214c2f5e87bad3c948f4d605d) (ScriptedImporter) -> (Import Result ID: 'b217cc01ee0ecca8163f14e1c842f90a') in 0.050746 seconds [static and dynamic dependencies]. Details - ImportResultOutputID=f12cac96e310968cf9b0d1a6d6dc71e0 DependenciesID=1375c2c1ae2658f4ac3d0d507df45c1c StaticDependenciesID=041f4ca8a3e84b4fb26dbfc26ca4f1f7 
Number of updated asset objects reloaded before import = 0Number of asset objects unloaded after import = 1

========================================================================
Received Import Request.
  Time since last request: 0.000040 seconds.
  path: Assets/Sprites/Terrain/Ground Tiles/Terrain (16x16)_130.asset
  importAddress: Guid(02367dbd1daa2ef4da5714464f12be89) Importer(2089858483,b0f066a214c2f5e87bad3c948f4d605d)
Start importing Assets/Sprites/Terrain/Ground Tiles/Terrain (16x16)_130.asset using Guid(02367dbd1daa2ef4da5714464f12be89) Importer(2089858483,b0f066a214c2f5e87bad3c948f4d605d) (ScriptedImporter) -> (Import Result ID: 'b6dff72918229a05421556c543879eff') in 0.0333565 seconds [static and dynamic dependencies]. Details - ImportResultOutputID=45ed1a491f5aad64a2018c392ea66684 DependenciesID=1bca35c44aa1e42292c8538666be4eba StaticDependenciesID=eeb624d1752e60d4d44960c04c82f7ed 
Number of updated asset objects reloaded before import = 0Number of asset objects unloaded after import = 2

========================================================================
Received Import Request.
  Time since last request: 0.000063 seconds.
  path: Assets/Sprites/Terrain/Ground Tiles/Terrain (16x16)_121.asset
  importAddress: Guid(22ef31b5c1ec68940a88609b9c787e81) Importer(2089858483,b0f066a214c2f5e87bad3c948f4d605d)
Start importing Assets/Sprites/Terrain/Ground Tiles/Terrain (16x16)_121.asset using Guid(22ef31b5c1ec68940a88609b9c787e81) Importer(2089858483,b0f066a214c2f5e87bad3c948f4d605d) (ScriptedImporter) -> (Import Result ID: 'eae80e4a5c25af4ad60dddcaeda06e0f') in 0.0321052 seconds [static and dynamic dependencies]. Details - ImportResultOutputID=1c9933413d586014cdc2cf7ec1c4b276 DependenciesID=bd0258e871ced95b0f99659538a38e40 StaticDependenciesID=cf0dd8cb40cb0487a583561ae89426b9 
Number of updated asset objects reloaded before import = 0Number of asset objects unloaded after import = 2

========================================================================
Received Import Request.
  Time since last request: 0.000034 seconds.
  path: Assets/Sprites/Terrain/Ground Tiles/Terrain (16x16)_140.asset
  importAddress: Guid(b69889228146f144a9df604dfd21220e) Importer(2089858483,b0f066a214c2f5e87bad3c948f4d605d)
Start importing Assets/Sprites/Terrain/Ground Tiles/Terrain (16x16)_140.asset using Guid(b69889228146f144a9df604dfd21220e) Importer(2089858483,b0f066a214c2f5e87bad3c948f4d605d) (ScriptedImporter) -> (Import Result ID: 'a57638d3dee068788d9fa5387f03bb40') in 0.0322514 seconds [static and dynamic dependencies]. Details - ImportResultOutputID=9b088740e009edf7d0c1a7b15ba63ce6 DependenciesID=82f08f80ea139512ea89e7ced9b9a7bc StaticDependenciesID=bb5b9bd76cc888ac256cc58b4344d4e4 
Number of updated asset objects reloaded before import = 0Number of asset objects unloaded after import = 2

========================================================================
Received Import Request.
  Time since last request: 0.000040 seconds.
  path: Assets/Sprites/Terrain/Ground Tiles/Terrain (16x16)_134.asset
  importAddress: Guid(73b63d57ce4b714459ac2808f89fa802) Importer(2089858483,b0f066a214c2f5e87bad3c948f4d605d)
Start importing Assets/Sprites/Terrain/Ground Tiles/Terrain (16x16)_134.asset using Guid(73b63d57ce4b714459ac2808f89fa802) Importer(2089858483,b0f066a214c2f5e87bad3c948f4d605d) (ScriptedImporter) -> (Import Result ID: '2f677cde58f971011fae90bb2056c787') in 0.0325287 seconds [static and dynamic dependencies]. Details - ImportResultOutputID=5f936801557755a5fc8d0a46dc85745e DependenciesID=dba9af828ff39319c071a9d4d9fbe63f StaticDependenciesID=e1912eed43992c455716c2928facbbb9 
Number of updated asset objects reloaded before import = 0Number of asset objects unloaded after import = 2

========================================================================
Received Import Request.
  Time since last request: 0.000050 seconds.
  path: Assets/Sprites/Menu/Buttons/Leaderboard.png
  importAddress: Guid(0db964d890ebadc49ad46410d951fe5d) Importer(2089858483,b0f066a214c2f5e87bad3c948f4d605d)
Start importing Assets/Sprites/Menu/Buttons/Leaderboard.png using Guid(0db964d890ebadc49ad46410d951fe5d) Importer(2089858483,b0f066a214c2f5e87bad3c948f4d605d) (ScriptedImporter) -> (Import Result ID: '50d83f56cfb7cb0fe6c8e5c98eaf56a9') in 0.0450028 seconds [static and dynamic dependencies]. Details - ImportResultOutputID=39143df398a93f7c3e8418438f47c873 DependenciesID=66702a524243c0dd9e3b1c88e09f98a5 StaticDependenciesID=a45c7c6950fa9a45b543f402cedf8502 
Number of updated asset objects reloaded before import = 0Number of asset objects unloaded after import = 3

========================================================================
Received Import Request.
  Time since last request: 0.000037 seconds.
  path: Assets/Sprites/Terrain/Ground Tiles/Terrain (16x16)_2.asset
  importAddress: Guid(1b13fc488c795514598fb9572fce2cdd) Importer(2089858483,b0f066a214c2f5e87bad3c948f4d605d)
Start importing Assets/Sprites/Terrain/Ground Tiles/Terrain (16x16)_2.asset using Guid(1b13fc488c795514598fb9572fce2cdd) Importer(2089858483,b0f066a214c2f5e87bad3c948f4d605d) (ScriptedImporter) -> (Import Result ID: '20819c44ca4ae80e3b040b385d33983f') in 0.0307953 seconds [static and dynamic dependencies]. Details - ImportResultOutputID=282474ca579fc23f821b35be5007a437 DependenciesID=abca41041f5bda26e7680dd08e38c3bd StaticDependenciesID=3378dabfc2c084ec85e0ab425f3ed6db 
Number of updated asset objects reloaded before import = 0Number of asset objects unloaded after import = 2

========================================================================
Received Import Request.
  Time since last request: 0.000056 seconds.
  path: Assets/Sprites/Terrain/Ground Tiles/Terrain (16x16)_107.asset
  importAddress: Guid(58b6906e12deee44a8ddce8d73069cd7) Importer(2089858483,b0f066a214c2f5e87bad3c948f4d605d)
Start importing Assets/Sprites/Terrain/Ground Tiles/Terrain (16x16)_107.asset using Guid(58b6906e12deee44a8ddce8d73069cd7) Importer(2089858483,b0f066a214c2f5e87bad3c948f4d605d) (ScriptedImporter) -> (Import Result ID: '19c5021516974ed8c0e15a81167e5775') in 0.0314857 seconds [static and dynamic dependencies]. Details - ImportResultOutputID=2bbc2d40e5661a5d9ce0c1d1ee75c9e4 DependenciesID=f05aff59f94a373279c31867221c9c0e StaticDependenciesID=6825d5f9970ec28d7830be517527f92d 
Number of updated asset objects reloaded before import = 0Number of asset objects unloaded after import = 2

========================================================================
Received Import Request.
  Time since last request: 0.000041 seconds.
  path: Assets/Sprites/Main Characters/Mask Dude/Jump (32x32).png
  importAddress: Guid(dd4a0dcd948a6a54b9e696220c763dce) Importer(2089858483,b0f066a214c2f5e87bad3c948f4d605d)
Start importing Assets/Sprites/Main Characters/Mask Dude/Jump (32x32).png using Guid(dd4a0dcd948a6a54b9e696220c763dce) Importer(2089858483,b0f066a214c2f5e87bad3c948f4d605d) (ScriptedImporter) -> (Import Result ID: '9d9df6680cc0a26ac48e1066d629c215') in 0.0431338 seconds [static and dynamic dependencies]. Details - ImportResultOutputID=ffeb3fa4096c9d64e2bf6927e2f61d65 DependenciesID=38841dc2e85f24de06d1bc7694b1334e StaticDependenciesID=09d7bf67f32ee1ec760006debcb34467 
Number of updated asset objects reloaded before import = 0Number of asset objects unloaded after import = 3

========================================================================
Received Import Request.
  Time since last request: 0.000042 seconds.
  path: Assets/Sprites/Terrain/Ground Tiles/Terrain (16x16)_26.asset
  importAddress: Guid(ed89cee55c5f3794dbeaa34fe31600dc) Importer(2089858483,b0f066a214c2f5e87bad3c948f4d605d)
Start importing Assets/Sprites/Terrain/Ground Tiles/Terrain (16x16)_26.asset using Guid(ed89cee55c5f3794dbeaa34fe31600dc) Importer(2089858483,b0f066a214c2f5e87bad3c948f4d605d) (ScriptedImporter) -> (Import Result ID: '5344179d48dfd41845dbee9078211f65') in 0.03497 seconds [static and dynamic dependencies]. Details - ImportResultOutputID=1e90107ec0b7b93f784147fe34c5ab51 DependenciesID=bf052326fc7cfc6c12a90e4ef054e03a StaticDependenciesID=40ec87f493948ede1188e43c226e19a4 
Number of updated asset objects reloaded before import = 0Number of asset objects unloaded after import = 2

========================================================================
Received Import Request.
  Time since last request: 0.000053 seconds.
  path: Assets/Sprites/Menu/Buttons/Volume.png
  importAddress: Guid(05ebbfab86824ff448b24e87842a5964) Importer(2089858483,b0f066a214c2f5e87bad3c948f4d605d)
Start importing Assets/Sprites/Menu/Buttons/Volume.png using Guid(05ebbfab86824ff448b24e87842a5964) Importer(2089858483,b0f066a214c2f5e87bad3c948f4d605d) (ScriptedImporter) -> (Import Result ID: 'bd48b9ad23fa509f9610948a920f6994') in 0.0461619 seconds [static and dynamic dependencies]. Details - ImportResultOutputID=48b8850cb6f991219f7ebce130fcf008 DependenciesID=2f1c71ae8d4d2d54915a473c22809952 StaticDependenciesID=56a0310c41f0f75fd8521ef767a59df4 
Number of updated asset objects reloaded before import = 0Number of asset objects unloaded after import = 3

========================================================================
Received Import Request.
  Time since last request: 0.000035 seconds.
  path: Assets/Sprites/Terrain/Ground Tiles/Terrain (16x16)_37.asset
  importAddress: Guid(138128419f20362498766e55f8e1c908) Importer(2089858483,b0f066a214c2f5e87bad3c948f4d605d)
Start importing Assets/Sprites/Terrain/Ground Tiles/Terrain (16x16)_37.asset using Guid(138128419f20362498766e55f8e1c908) Importer(2089858483,b0f066a214c2f5e87bad3c948f4d605d) (ScriptedImporter) -> (Import Result ID: '7c74aa2e9f13635dd81b7758f6b8b832') in 0.0342913 seconds [static and dynamic dependencies]. Details - ImportResultOutputID=054d3b0098c83015bd5110aab9d6c6f7 DependenciesID=eaec06ccd9c24d2a9400a7afeb204177 StaticDependenciesID=1aae173aa4e23b1213aa6335187ada02 
Number of updated asset objects reloaded before import = 0Number of asset objects unloaded after import = 2

========================================================================
Received Import Request.
  Time since last request: 0.000111 seconds.
  path: Assets/Sprites/Menu/Buttons/Restart.png
  importAddress: Guid(085ab3d2e5b226344a53f77967db19dc) Importer(2089858483,b0f066a214c2f5e87bad3c948f4d605d)
Start importing Assets/Sprites/Menu/Buttons/Restart.png using Guid(085ab3d2e5b226344a53f77967db19dc) Importer(2089858483,b0f066a214c2f5e87bad3c948f4d605d) (ScriptedImporter) -> (Import Result ID: '74da2c8cea68da46371cbd826c597874') in 0.0434671 seconds [static and dynamic dependencies]. Details - ImportResultOutputID=936271c3e84deec54bcd26498193e6f9 DependenciesID=ccba309faba557c9ef4d5c7ec1696ba9 StaticDependenciesID=02d20e89bb24b3091dc2597ae5a2c263 
Number of updated asset objects reloaded before import = 0Number of asset objects unloaded after import = 3

========================================================================
Received Import Request.
  Time since last request: 0.000093 seconds.
  path: Assets/Sprites/Menu/Levels/31.png
  importAddress: Guid(1b5473478bb916d4c9ba419f7c562e14) Importer(2089858483,b0f066a214c2f5e87bad3c948f4d605d)
Start importing Assets/Sprites/Menu/Levels/31.png using Guid(1b5473478bb916d4c9ba419f7c562e14) Importer(2089858483,b0f066a214c2f5e87bad3c948f4d605d) (ScriptedImporter) -> (Import Result ID: '51bb790c5e5f5c97bef1766e979d10b0') in 0.0404138 seconds [static and dynamic dependencies]. Details - ImportResultOutputID=8ce5cf27c4887fb2c72f9888b06813c9 DependenciesID=0ed4ba76d888304d3f2b98f37487fd09 StaticDependenciesID=4eab5ba6d796d17e836ae50afbe5871b 
Number of updated asset objects reloaded before import = 0Number of asset objects unloaded after import = 3

========================================================================
Received Import Request.
  Time since last request: 0.000040 seconds.
  path: Assets/Sprites/Terrain/Ground Tiles/Terrain (16x16)_50.asset
  importAddress: Guid(929e0049300fd0a43acc4e08be7f9df7) Importer(2089858483,b0f066a214c2f5e87bad3c948f4d605d)
Start importing Assets/Sprites/Terrain/Ground Tiles/Terrain (16x16)_50.asset using Guid(929e0049300fd0a43acc4e08be7f9df7) Importer(2089858483,b0f066a214c2f5e87bad3c948f4d605d) (ScriptedImporter) -> (Import Result ID: '5abe1f7510db308157cb2978a504f520') in 0.0314572 seconds [static and dynamic dependencies]. Details - ImportResultOutputID=a753f4ac9a194a8a1e5806b02bd21cf1 DependenciesID=add544dc8b6865195078cafd1d70d21d StaticDependenciesID=5217602744762ebf268f78787ed3d235 
Number of updated asset objects reloaded before import = 0Number of asset objects unloaded after import = 2

========================================================================
Received Import Request.
  Time since last request: 0.000079 seconds.
  path: Assets/Sprites/Terrain/Ground Tiles/Terrain (16x16)_110.asset
  importAddress: Guid(c6b163afa3287014cb5376550e9d720c) Importer(2089858483,b0f066a214c2f5e87bad3c948f4d605d)
Start importing Assets/Sprites/Terrain/Ground Tiles/Terrain (16x16)_110.asset using Guid(c6b163afa3287014cb5376550e9d720c) Importer(2089858483,b0f066a214c2f5e87bad3c948f4d605d) (ScriptedImporter) -> (Import Result ID: '215f66d571e9567933960c0d9116e68a') in 0.0401647 seconds [static and dynamic dependencies]. Details - ImportResultOutputID=b13e5da3303728dc0724b4ce863d1e77 DependenciesID=99d76fb0ff69328c7857961020cf8085 StaticDependenciesID=2509b176c3fa7ec626f2ae4b01e8020f 
Number of updated asset objects reloaded before import = 0Number of asset objects unloaded after import = 2

========================================================================
Received Import Request.
  Time since last request: 0.000065 seconds.
  path: Assets/Sprites/Terrain/Ground Tiles/Terrain (16x16)_60.asset
  importAddress: Guid(17b7b5ecf83ba8f43808c9d4c187af61) Importer(2089858483,b0f066a214c2f5e87bad3c948f4d605d)
Start importing Assets/Sprites/Terrain/Ground Tiles/Terrain (16x16)_60.asset using Guid(17b7b5ecf83ba8f43808c9d4c187af61) Importer(2089858483,b0f066a214c2f5e87bad3c948f4d605d) (ScriptedImporter) -> (Import Result ID: 'a8147eb73de23b50800b162ca3667a31') in 0.031266 seconds [static and dynamic dependencies]. Details - ImportResultOutputID=aa709c18ae9a1b999992ccfcb80e4635 DependenciesID=ffcd3e81eb36c6f6ad79e3f82f7a6fdf StaticDependenciesID=8b2f96d322e486cb66fee4b89374080f 
Number of updated asset objects reloaded before import = 0Number of asset objects unloaded after import = 2

========================================================================
Received Import Request.
  Time since last request: 0.000064 seconds.
  path: Assets/Sprites/Terrain/Ground Tiles/Terrain (16x16)_63.asset
  importAddress: Guid(3472c8f4fa92bed4a9484239587dccac) Importer(2089858483,b0f066a214c2f5e87bad3c948f4d605d)
Start importing Assets/Sprites/Terrain/Ground Tiles/Terrain (16x16)_63.asset using Guid(3472c8f4fa92bed4a9484239587dccac) Importer(2089858483,b0f066a214c2f5e87bad3c948f4d605d) (ScriptedImporter) -> (Import Result ID: 'e776f26ffd1a084fa8a2cb1189442853') in 0.0320381 seconds [static and dynamic dependencies]. Details - ImportResultOutputID=a43af24a9c06f2a72f868fba2702da0a DependenciesID=8a562c3de28d06561199edcb7f86b617 StaticDependenciesID=ac6ba4993417d5f8ae53a53ed2f88fb5 
Number of updated asset objects reloaded before import = 0Number of asset objects unloaded after import = 2

========================================================================
Received Import Request.
  Time since last request: 0.000039 seconds.
  path: Assets/Sprites/Terrain/Ground Tiles/Terrain (16x16)_12.asset
  importAddress: Guid(da2c54ca7158bff4c86974b5dd0b32b2) Importer(2089858483,b0f066a214c2f5e87bad3c948f4d605d)
Start importing Assets/Sprites/Terrain/Ground Tiles/Terrain (16x16)_12.asset using Guid(da2c54ca7158bff4c86974b5dd0b32b2) Importer(2089858483,b0f066a214c2f5e87bad3c948f4d605d) (ScriptedImporter) -> (Import Result ID: '4ceb196c6a7ab338d27acb507254319f') in 0.0310722 seconds [static and dynamic dependencies]. Details - ImportResultOutputID=ce3c6868fa85f5b24fa7b44cca4c8044 DependenciesID=f3c5738d487705f9eb872342fd0dbedc StaticDependenciesID=e2c35319ea73badf4aa2dd4c3f808213 
Number of updated asset objects reloaded before import = 0Number of asset objects unloaded after import = 2

========================================================================
Received Import Request.
  Time since last request: 0.000036 seconds.
  path: Assets/Sprites/Menu/Buttons/Previous.png
  importAddress: Guid(ca9d65930255ee947b0feae9bd239533) Importer(2089858483,b0f066a214c2f5e87bad3c948f4d605d)
Start importing Assets/Sprites/Menu/Buttons/Previous.png using Guid(ca9d65930255ee947b0feae9bd239533) Importer(2089858483,b0f066a214c2f5e87bad3c948f4d605d) (ScriptedImporter) -> (Import Result ID: '05d551fd57293f6eb8f874de85110e73') in 0.0405489 seconds [static and dynamic dependencies]. Details - ImportResultOutputID=6f0648907a1a9ba313f3c73c584b48df DependenciesID=aac8084666bee360e9c303a1f235566e StaticDependenciesID=3498285791de79405a6ff5d119710d42 
Number of updated asset objects reloaded before import = 0Number of asset objects unloaded after import = 3

========================================================================
Received Import Request.
  Time since last request: 0.000060 seconds.
  path: Assets/Sprites/Terrain/Ground Tiles/Terrain (16x16)_0.asset
  importAddress: Guid(a61895bbde8629040a276a9c2d7bbcb8) Importer(2089858483,b0f066a214c2f5e87bad3c948f4d605d)
Start importing Assets/Sprites/Terrain/Ground Tiles/Terrain (16x16)_0.asset using Guid(a61895bbde8629040a276a9c2d7bbcb8) Importer(2089858483,b0f066a214c2f5e87bad3c948f4d605d) (ScriptedImporter) -> (Import Result ID: '09c1a9fd90809ae57ffef984bf70975e') in 0.0311295 seconds [static and dynamic dependencies]. Details - ImportResultOutputID=0726999d80b2bfb96e75547d1b2300c7 DependenciesID=496315c5a2129d79b9dde776cdc9fcda StaticDependenciesID=4774e768d54b1b9a20fecad302c90187 
Number of updated asset objects reloaded before import = 0Number of asset objects unloaded after import = 2

========================================================================
Received Import Request.
  Time since last request: 0.000030 seconds.
  path: Assets/Sprites/Terrain/Ground Tiles/Terrain (16x16)_82.asset
  importAddress: Guid(8afc11af219c6584c8f314f4b8696f79) Importer(2089858483,b0f066a214c2f5e87bad3c948f4d605d)
Start importing Assets/Sprites/Terrain/Ground Tiles/Terrain (16x16)_82.asset using Guid(8afc11af219c6584c8f314f4b8696f79) Importer(2089858483,b0f066a214c2f5e87bad3c948f4d605d) (ScriptedImporter) -> (Import Result ID: 'ee247eb4a0113eb41793fc76a0960864') in 0.029975 seconds [static and dynamic dependencies]. Details - ImportResultOutputID=a62116280f669ddb73ec8cc694245fdc DependenciesID=33141fd88fc154fab5bd31aec61e868e StaticDependenciesID=a08f8b2e23ce3bb68a7c5064aba279bb 
Number of updated asset objects reloaded before import = 0Number of asset objects unloaded after import = 2

========================================================================
Received Import Request.
  Time since last request: 0.000048 seconds.
  path: Assets/Sprites/Terrain/Ground Tiles/Terrain (16x16)_55.asset
  importAddress: Guid(7e93c25175fc3f74a98983cbf87f957a) Importer(2089858483,b0f066a214c2f5e87bad3c948f4d605d)
Start importing Assets/Sprites/Terrain/Ground Tiles/Terrain (16x16)_55.asset using Guid(7e93c25175fc3f74a98983cbf87f957a) Importer(2089858483,b0f066a214c2f5e87bad3c948f4d605d) (ScriptedImporter) -> (Import Result ID: 'c83e509681c1319d0f2e8ac4a1e7f7ca') in 0.0361516 seconds [static and dynamic dependencies]. Details - ImportResultOutputID=f9218c6ea262f1ad17ad60c99242c8ce DependenciesID=9dcb57c4f43c6b62bc89fd66c0cab94f StaticDependenciesID=5b7d876625588d10b336a40ca41315f0 
Number of updated asset objects reloaded before import = 0Number of asset objects unloaded after import = 2

========================================================================
Received Import Request.
  Time since last request: 0.000091 seconds.
  path: Assets/Sprites/Terrain/Ground Tiles/Terrain (16x16)_18.asset
  importAddress: Guid(f6e71629e9205074d987507ea9dc29fc) Importer(2089858483,b0f066a214c2f5e87bad3c948f4d605d)
Start importing Assets/Sprites/Terrain/Ground Tiles/Terrain (16x16)_18.asset using Guid(f6e71629e9205074d987507ea9dc29fc) Importer(2089858483,b0f066a214c2f5e87bad3c948f4d605d) (ScriptedImporter) -> (Import Result ID: '600887a97a651e9ca8f2c1994a6fb728') in 0.0455858 seconds [static and dynamic dependencies]. Details - ImportResultOutputID=e2d8723fb97235fda897504ab8a40792 DependenciesID=09c8e3590335412d7b53b49c38822693 StaticDependenciesID=d13877d78135690f1e5874d6b0fd1920 
Number of updated asset objects reloaded before import = 0Number of asset objects unloaded after import = 2

========================================================================
Received Import Request.
  Time since last request: 0.000043 seconds.
  path: Assets/Sprites/Terrain/Ground Tiles/Terrain (16x16)_95.asset
  importAddress: Guid(8fd1c3f4dd2b92b469c9eda5b37fe8b4) Importer(2089858483,b0f066a214c2f5e87bad3c948f4d605d)
Start importing Assets/Sprites/Terrain/Ground Tiles/Terrain (16x16)_95.asset using Guid(8fd1c3f4dd2b92b469c9eda5b37fe8b4) Importer(2089858483,b0f066a214c2f5e87bad3c948f4d605d) (ScriptedImporter) -> (Import Result ID: '1770dfba95a33eb6a96f470f3f889450') in 0.0514527 seconds [static and dynamic dependencies]. Details - ImportResultOutputID=0605136cc5acb0c5af1e55eb094b837a DependenciesID=3f5d72080705846b5ad7f8789c66a2ce StaticDependenciesID=d50a3d9a2c1c1a07fa27952ebed39973 
Number of updated asset objects reloaded before import = 0Number of asset objects unloaded after import = 2

========================================================================
Received Import Request.
  Time since last request: 0.000058 seconds.
  path: Assets/Sprites/Terrain/Ground Tiles/Terrain (16x16)_96.asset
  importAddress: Guid(794a55f7e8784e341a2a3bb3e08e5bfc) Importer(2089858483,b0f066a214c2f5e87bad3c948f4d605d)
Start importing Assets/Sprites/Terrain/Ground Tiles/Terrain (16x16)_96.asset using Guid(794a55f7e8784e341a2a3bb3e08e5bfc) Importer(2089858483,b0f066a214c2f5e87bad3c948f4d605d) (ScriptedImporter) -> (Import Result ID: 'ccdd52bbe355dc0ad8c87a8df4bf73d0') in 0.0303264 seconds [static and dynamic dependencies]. Details - ImportResultOutputID=8a2afc0487a056e2cd49e017c8651087 DependenciesID=819ed7e28c1a4966a8c8f94b024b100e StaticDependenciesID=eb9a26ca90dcf8fd52341a8a36fd198c 
Number of updated asset objects reloaded before import = 0Number of asset objects unloaded after import = 2

========================================================================
Received Import Request.
  Time since last request: 0.000038 seconds.
  path: Assets/Sprites/Traps/Fan/Off.png
  importAddress: Guid(fe89cc76419672343b8174a610e4877b) Importer(2089858483,b0f066a214c2f5e87bad3c948f4d605d)
Start importing Assets/Sprites/Traps/Fan/Off.png using Guid(fe89cc76419672343b8174a610e4877b) Importer(2089858483,b0f066a214c2f5e87bad3c948f4d605d) (ScriptedImporter) -> (Import Result ID: '2934d1179df68dd5225a79ccb7f55b56') in 0.0560385 seconds [static and dynamic dependencies]. Details - ImportResultOutputID=1e7463e3788b3c62b14dce8dfa304db4 DependenciesID=7f812a3a2d6121b5c78e7613d9c0a6f3 StaticDependenciesID=7e93e8ebb4152800316ac76d3d0d5121 
Number of updated asset objects reloaded before import = 0Number of asset objects unloaded after import = 3

========================================================================
Received Import Request.
  Time since last request: 0.000095 seconds.
  path: Assets/Sprites/Terrain/Ground Tiles/Terrain (16x16)_42.asset
  importAddress: Guid(d3512403ac55f8e448ba1167dd1628ec) Importer(2089858483,b0f066a214c2f5e87bad3c948f4d605d)
Start importing Assets/Sprites/Terrain/Ground Tiles/Terrain (16x16)_42.asset using Guid(d3512403ac55f8e448ba1167dd1628ec) Importer(2089858483,b0f066a214c2f5e87bad3c948f4d605d) (ScriptedImporter) -> (Import Result ID: '25754e520e8f28f68e77c54462dea290') in 0.0451167 seconds [static and dynamic dependencies]. Details - ImportResultOutputID=eff4cbbbaac111cffaf2d928b3e9c84c DependenciesID=9b615059d6a75ee9a13c839c64e3b6b3 StaticDependenciesID=5d8e68f92aea0b0543a06685add6d0af 
Number of updated asset objects reloaded before import = 0Number of asset objects unloaded after import = 2

========================================================================
Received Import Request.
  Time since last request: 0.000042 seconds.
  path: Assets/Sprites/Traps/Fire/On (16x32).png
  importAddress: Guid(e419f841f3afbe2458d7cf45cebd5b8a) Importer(2089858483,b0f066a214c2f5e87bad3c948f4d605d)
Start importing Assets/Sprites/Traps/Fire/On (16x32).png using Guid(e419f841f3afbe2458d7cf45cebd5b8a) Importer(2089858483,b0f066a214c2f5e87bad3c948f4d605d) (ScriptedImporter) -> (Import Result ID: '861a740ad046fea13138ea11331ace82') in 0.0811616 seconds [static and dynamic dependencies]. Details - ImportResultOutputID=e291638c387d178d9a2279a64d969d7d DependenciesID=5a2e34c123cf80bb3e089a1910c3b93c StaticDependenciesID=303fa8ed2b33464e33157bfa7c7f37f5 
Number of updated asset objects reloaded before import = 0Number of asset objects unloaded after import = 6

========================================================================
Received Import Request.
  Time since last request: 0.000060 seconds.
  path: Assets/Sprites/Terrain/Ground Tiles/Terrain (16x16)_16.asset
  importAddress: Guid(95068f31cf38a774bbe3424a59d93376) Importer(2089858483,b0f066a214c2f5e87bad3c948f4d605d)
Start importing Assets/Sprites/Terrain/Ground Tiles/Terrain (16x16)_16.asset using Guid(95068f31cf38a774bbe3424a59d93376) Importer(2089858483,b0f066a214c2f5e87bad3c948f4d605d) (ScriptedImporter) -> (Import Result ID: '3bd1d805e8a0f1c4b588465982d5be23') in 0.0322617 seconds [static and dynamic dependencies]. Details - ImportResultOutputID=382075be604bdbcc0c553820ee801ba6 DependenciesID=bc9cf88d5ba05d5a677445fcdac7ffef StaticDependenciesID=f9d8fe0836798faddd95af11d82b3a9f 
Number of updated asset objects reloaded before import = 0Number of asset objects unloaded after import = 2

========================================================================
Received Import Request.
  Time since last request: 0.000035 seconds.
  path: Assets/Sprites/Traps/Rock Head/Left Hit (42x42).png
  importAddress: Guid(a4a97b382bf6e6a49b8455aa5cf0bf4f) Importer(2089858483,b0f066a214c2f5e87bad3c948f4d605d)
Start importing Assets/Sprites/Traps/Rock Head/Left Hit (42x42).png using Guid(a4a97b382bf6e6a49b8455aa5cf0bf4f) Importer(2089858483,b0f066a214c2f5e87bad3c948f4d605d) (ScriptedImporter) -> (Import Result ID: '3c93f9797e7e48215857b65b2ab06411') in 0.0430424 seconds [static and dynamic dependencies]. Details - ImportResultOutputID=149b8ecdfb0e2beb81f7a9341637d086 DependenciesID=78fcd24799f64e2d738e30128fa1c3b6 StaticDependenciesID=54b179db81d26e3539c0546e9bd7c3a2 
Number of updated asset objects reloaded before import = 0Number of asset objects unloaded after import = 6

========================================================================
Received Import Request.
  Time since last request: 0.000035 seconds.
  path: Assets/Sprites/Terrain/Ground Tiles/Terrain (16x16)_15.asset
  importAddress: Guid(ecb2c78a2e26cd44894abc0d0b4fb7c6) Importer(2089858483,b0f066a214c2f5e87bad3c948f4d605d)
Start importing Assets/Sprites/Terrain/Ground Tiles/Terrain (16x16)_15.asset using Guid(ecb2c78a2e26cd44894abc0d0b4fb7c6) Importer(2089858483,b0f066a214c2f5e87bad3c948f4d605d) (ScriptedImporter) -> (Import Result ID: '614315fa75cf65bc5c22bf81a9bfb6b3') in 0.0377926 seconds [static and dynamic dependencies]. Details - ImportResultOutputID=0440654eda128e3ca15e7533665f9673 DependenciesID=a9b99e4303dc6ceeef7153e3bc209a1c StaticDependenciesID=c5f2faef926187f5e6dd22df54efabfd 
Number of updated asset objects reloaded before import = 0Number of asset objects unloaded after import = 2

========================================================================
Received Import Request.
  Time since last request: 0.000077 seconds.
  path: Assets/Sprites/Terrain/Ground Tiles/Terrain (16x16)_11.asset
  importAddress: Guid(c8dc35b729f862f4aacadb56b04479b6) Importer(2089858483,b0f066a214c2f5e87bad3c948f4d605d)
Start importing Assets/Sprites/Terrain/Ground Tiles/Terrain (16x16)_11.asset using Guid(c8dc35b729f862f4aacadb56b04479b6) Importer(2089858483,b0f066a214c2f5e87bad3c948f4d605d) (ScriptedImporter) -> (Import Result ID: 'add68544955d863fb31c17b5ffa2b015') in 0.0455222 seconds [static and dynamic dependencies]. Details - ImportResultOutputID=aa118a4a059a17a4b27d9edfff419598 DependenciesID=cfd7cb5f7c914ad610cede7b9f49e0e1 StaticDependenciesID=4c7dd03d7f8504df6c79014b446a7a2d 
Number of updated asset objects reloaded before import = 0Number of asset objects unloaded after import = 2

========================================================================
Received Import Request.
  Time since last request: 0.000061 seconds.
  path: Assets/Sprites/Traps/Spike Head/Top Hit (54x52).png
  importAddress: Guid(85d7e79688b6fa646ba67a4e0ed64278) Importer(2089858483,b0f066a214c2f5e87bad3c948f4d605d)
Start importing Assets/Sprites/Traps/Spike Head/Top Hit (54x52).png using Guid(85d7e79688b6fa646ba67a4e0ed64278) Importer(2089858483,b0f066a214c2f5e87bad3c948f4d605d) (ScriptedImporter) -> (Import Result ID: 'dec4397a79b907126f59ba36144783b0') in 0.094583 seconds [static and dynamic dependencies]. Details - ImportResultOutputID=397e733bb0ef062b3c2179a437c4c936 DependenciesID=97507b8cfe88053dda411e0ad84289f1 StaticDependenciesID=c292acb70c24e8cf007c9c59e96d67e7 
Number of updated asset objects reloaded before import = 0Number of asset objects unloaded after import = 6

========================================================================
Received Import Request.
  Time since last request: 0.000083 seconds.
  path: Assets/Sprites/Items/Boxes/Box2/Idle.png
  importAddress: Guid(5b3feb9f53b05204a917804f6f864b6b) Importer(2089858483,b0f066a214c2f5e87bad3c948f4d605d)
Start importing Assets/Sprites/Items/Boxes/Box2/Idle.png using Guid(5b3feb9f53b05204a917804f6f864b6b) Importer(2089858483,b0f066a214c2f5e87bad3c948f4d605d) (ScriptedImporter) -> (Import Result ID: 'e93bb6209af08e6bacc64a1c93aef0f9') in 0.0601557 seconds [static and dynamic dependencies]. Details - ImportResultOutputID=8ad343e9cedc2bec849a432e157283da DependenciesID=8dff5c316fd8b4424ffa41bd32094411 StaticDependenciesID=40e7de4bf53f83b81ebc0587f85e4727 
Number of updated asset objects reloaded before import = 0Number of asset objects unloaded after import = 3

========================================================================
Received Import Request.
  Time since last request: 0.000043 seconds.
  path: Assets/Sprites/Items/Boxes/Box3/Hit (28x24).png
  importAddress: Guid(3893a30c289e3bb4ca71e1f16914af55) Importer(2089858483,b0f066a214c2f5e87bad3c948f4d605d)
Start importing Assets/Sprites/Items/Boxes/Box3/Hit (28x24).png using Guid(3893a30c289e3bb4ca71e1f16914af55) Importer(2089858483,b0f066a214c2f5e87bad3c948f4d605d) (ScriptedImporter) -> (Import Result ID: '7d6cbc431e48b958861c1d383ca43d4b') in 0.0788156 seconds [static and dynamic dependencies]. Details - ImportResultOutputID=fa1f15a540153a7b504200bfc247f042 DependenciesID=387e770be631c2359933ce6ed3faf9b6 StaticDependenciesID=b2c2102ada5fe30ab3123b698d9607a7 
Number of updated asset objects reloaded before import = 0Number of asset objects unloaded after import = 4

========================================================================
Received Import Request.
  Time since last request: 0.000054 seconds.
  path: Assets/Sprites/Traps/Spikes/Idle.png
  importAddress: Guid(f8b833e2f77bba54cbdf95834da9a678) Importer(2089858483,b0f066a214c2f5e87bad3c948f4d605d)
Start importing Assets/Sprites/Traps/Spikes/Idle.png using Guid(f8b833e2f77bba54cbdf95834da9a678) Importer(2089858483,b0f066a214c2f5e87bad3c948f4d605d) (ScriptedImporter) -> (Import Result ID: '12e20f2835a745172f849d1d06c86551') in 0.0521836 seconds [static and dynamic dependencies]. Details - ImportResultOutputID=d60cf6b685f86b598cae956b663d91e2 DependenciesID=3daf1aeb09943ce039fc6b0e0718efac StaticDependenciesID=19e1761edc2dd5fa2ae3e2a94564347b 
Number of updated asset objects reloaded before import = 0Number of asset objects unloaded after import = 4

========================================================================
Received Import Request.
  Time since last request: 0.000046 seconds.
  path: Assets/Sprites/Items/Boxes/Box1/Idle.png
  importAddress: Guid(181411386c0b20e4584ddf659b12856c) Importer(2089858483,b0f066a214c2f5e87bad3c948f4d605d)
Start importing Assets/Sprites/Items/Boxes/Box1/Idle.png using Guid(181411386c0b20e4584ddf659b12856c) Importer(2089858483,b0f066a214c2f5e87bad3c948f4d605d) (ScriptedImporter) -> (Import Result ID: 'fedafdcb7b0ab30f221e3ca6c8e6822f') in 0.1039201 seconds [static and dynamic dependencies]. Details - ImportResultOutputID=aa73669e8bd053c7e4a19e8c76b1228b DependenciesID=0f0308b9b54de9d6be572583644456e8 StaticDependenciesID=31a7dd87f024def649d977fd9e72b277 
Number of updated asset objects reloaded before import = 0Number of asset objects unloaded after import = 3

========================================================================
Received Import Request.
  Time since last request: 0.000073 seconds.
  path: Assets/Sprites/Menu/Levels/18.png
  importAddress: Guid(c3bb28469186b194abbe72befd0d208f) Importer(2089858483,b0f066a214c2f5e87bad3c948f4d605d)
Start importing Assets/Sprites/Menu/Levels/18.png using Guid(c3bb28469186b194abbe72befd0d208f) Importer(2089858483,b0f066a214c2f5e87bad3c948f4d605d) (ScriptedImporter) -> (Import Result ID: 'd02ea17ef48fa361eb40aaebcde2cacc') in 0.0642499 seconds [static and dynamic dependencies]. Details - ImportResultOutputID=54562c4f73064d42854d7b1cf5f9567c DependenciesID=09f8c16787020dfc47b30327995e1967 StaticDependenciesID=9dc7604f7bdfbcd1311abc5659f7e7bf 
Number of updated asset objects reloaded before import = 0Number of asset objects unloaded after import = 3

========================================================================
Received Import Request.
  Time since last request: 0.000097 seconds.
  path: Assets/Sprites/Terrain/Ground Tiles/Terrain (16x16)_105.asset
  importAddress: Guid(52d2486ec979d15499b2d9df28b584dc) Importer(2089858483,b0f066a214c2f5e87bad3c948f4d605d)
Start importing Assets/Sprites/Terrain/Ground Tiles/Terrain (16x16)_105.asset using Guid(52d2486ec979d15499b2d9df28b584dc) Importer(2089858483,b0f066a214c2f5e87bad3c948f4d605d) (ScriptedImporter) -> (Import Result ID: 'a7b464d501ba7fcf7ce0ebed8e8b173a') in 0.0398389 seconds [static and dynamic dependencies]. Details - ImportResultOutputID=e1c5818c65e23103a1fbecb007f20453 DependenciesID=34caeca9a6babd3cb3d3b3169f870605 StaticDependenciesID=014f907a70d6d7b898e83df20d19f47f 
Number of updated asset objects reloaded before import = 0Number of asset objects unloaded after import = 2

========================================================================
Received Import Request.
  Time since last request: 0.000080 seconds.
  path: Assets/Sprites/Terrain/Ground Tiles/Terrain (16x16)_41.asset
  importAddress: Guid(72b49cc39c868b34a9cd98da8b21f1ea) Importer(2089858483,b0f066a214c2f5e87bad3c948f4d605d)
Start importing Assets/Sprites/Terrain/Ground Tiles/Terrain (16x16)_41.asset using Guid(72b49cc39c868b34a9cd98da8b21f1ea) Importer(2089858483,b0f066a214c2f5e87bad3c948f4d605d) (ScriptedImporter) -> (Import Result ID: '949973bd21480241449f6e0f2d4456ca') in 0.0566729 seconds [static and dynamic dependencies]. Details - ImportResultOutputID=d8bb8ee4cefadfeb87e58fcc48aea8f4 DependenciesID=0413381565ce8f635542e3fe28dd7f29 StaticDependenciesID=5f63d577ab655e5852441a9bb0860ad9 
Number of updated asset objects reloaded before import = 0Number of asset objects unloaded after import = 2

========================================================================
Received Import Request.
  Time since last request: 0.000036 seconds.
  path: Assets/Sprites/Menu/Levels/34.png
  importAddress: Guid(e0d17747059938b4398870083f461723) Importer(2089858483,b0f066a214c2f5e87bad3c948f4d605d)
Start importing Assets/Sprites/Menu/Levels/34.png using Guid(e0d17747059938b4398870083f461723) Importer(2089858483,b0f066a214c2f5e87bad3c948f4d605d) (ScriptedImporter) -> (Import Result ID: 'ee60c3ff5c4eddc9deeadf945a71f4fe') in 0.0618319 seconds [static and dynamic dependencies]. Details - ImportResultOutputID=ea3a2da5b8baea1a6d83131c5180899a DependenciesID=d716c816b9b47cbe1fe8de2df79efbe4 StaticDependenciesID=1fbb9e72037d8f080d08405c9d4b2232 
Number of updated asset objects reloaded before import = 0Number of asset objects unloaded after import = 3

========================================================================
Received Import Request.
  Time since last request: 0.000063 seconds.
  path: Assets/Sprites/Terrain/Ground Tiles/Terrain (16x16)_89.asset
  importAddress: Guid(53dafdf36df29f44b9e1eb8ef9faa76a) Importer(2089858483,b0f066a214c2f5e87bad3c948f4d605d)
Start importing Assets/Sprites/Terrain/Ground Tiles/Terrain (16x16)_89.asset using Guid(53dafdf36df29f44b9e1eb8ef9faa76a) Importer(2089858483,b0f066a214c2f5e87bad3c948f4d605d) (ScriptedImporter) -> (Import Result ID: 'dea598b117078679d02b7b5d1b5067fa') in 0.0420872 seconds [static and dynamic dependencies]. Details - ImportResultOutputID=78691d16ee539d82af59b6445c9f9a25 DependenciesID=6ef00bfc7db3ae513721f45232da319e StaticDependenciesID=f05c375fa67db2483d81c8a2556247f6 
Number of updated asset objects reloaded before import = 0Number of asset objects unloaded after import = 2

========================================================================
Received Import Request.
  Time since last request: 0.000051 seconds.
  path: Assets/Sprites/Menu/Levels/12.png
  importAddress: Guid(b714683b7c7e52e4c96aef813018fcbf) Importer(2089858483,b0f066a214c2f5e87bad3c948f4d605d)
Start importing Assets/Sprites/Menu/Levels/12.png using Guid(b714683b7c7e52e4c96aef813018fcbf) Importer(2089858483,b0f066a214c2f5e87bad3c948f4d605d) (ScriptedImporter) -> (Import Result ID: '1abb8412d45318fe85e6a803fa23b529') in 0.0448149 seconds [static and dynamic dependencies]. Details - ImportResultOutputID=26060b5c9cba88416c14ed1341c04402 DependenciesID=8589367bfe88cd4e12c60e1fb7b72f37 StaticDependenciesID=3be97926984feef8f0e6629d47202b2d 
Number of updated asset objects reloaded before import = 0Number of asset objects unloaded after import = 3

========================================================================
Received Import Request.
  Time since last request: 0.000068 seconds.
  path: Assets/DefaultVolumeProfile.asset
  importAddress: Guid(3f9215ea0144899419cfbc0957140d3f) Importer(2089858483,b0f066a214c2f5e87bad3c948f4d605d)
Start importing Assets/DefaultVolumeProfile.asset using Guid(3f9215ea0144899419cfbc0957140d3f) Importer(2089858483,b0f066a214c2f5e87bad3c948f4d605d) (ScriptedImporter) -> (Import Result ID: '9722b74e82856a73bfc087667a4fe218') in 0.0777709 seconds [static and dynamic dependencies]. Details - ImportResultOutputID=857cd90779ca11221e80e5e0ca25489f DependenciesID=83eeaaeb5bd787cbedfbd1502e14d402 StaticDependenciesID=da2c692ea0ea15ad37c02638ba7691d6 
Number of updated asset objects reloaded before import = 0Number of asset objects unloaded after import = 0

========================================================================
Received Import Request.
  Time since last request: 0.000046 seconds.
  path: Assets/Sprites/Background/Blue.png
  importAddress: Guid(f87402f22a97b1a4c9579ce066f40a91) Importer(2089858483,b0f066a214c2f5e87bad3c948f4d605d)
Start importing Assets/Sprites/Background/Blue.png using Guid(f87402f22a97b1a4c9579ce066f40a91) Importer(2089858483,b0f066a214c2f5e87bad3c948f4d605d) (ScriptedImporter) -> (Import Result ID: '60a81b7a8da8d22964887209a7a9bac9') in 0.0456533 seconds [static and dynamic dependencies]. Details - ImportResultOutputID=09b46f15b0a27571ce0fef0fc703148e DependenciesID=be923239a4ca9787380f44db7e2a42e5 StaticDependenciesID=d7bd3b663c70bafa5489ca2870e28539 
Number of updated asset objects reloaded before import = 0Number of asset objects unloaded after import = 3

========================================================================
Received Import Request.
  Time since last request: 0.000055 seconds.
  path: Assets/Sprites/Terrain/Ground Tiles/Terrain (16x16)_43.asset
  importAddress: Guid(00f30d5c525b0e54da806b2dd821d249) Importer(2089858483,b0f066a214c2f5e87bad3c948f4d605d)
Start importing Assets/Sprites/Terrain/Ground Tiles/Terrain (16x16)_43.asset using Guid(00f30d5c525b0e54da806b2dd821d249) Importer(2089858483,b0f066a214c2f5e87bad3c948f4d605d) (ScriptedImporter) -> (Import Result ID: '2a0bf61698fe99cd1127a51d37aaee5a') in 0.0330631 seconds [static and dynamic dependencies]. Details - ImportResultOutputID=7084f9f43ad42e384fc995f7eacc2b1c DependenciesID=18b65c9f4a52813ab464976c850bd590 StaticDependenciesID=a7b9f307e8b44ca29bbfb67bb9b4828d 
Number of updated asset objects reloaded before import = 0Number of asset objects unloaded after import = 2

========================================================================
Received Import Request.
  Time since last request: 0.000041 seconds.
  path: Assets/Sprites/Other/Confetti (16x16).png
  importAddress: Guid(e5317deede14c7948b435b93896e6874) Importer(2089858483,b0f066a214c2f5e87bad3c948f4d605d)
Start importing Assets/Sprites/Other/Confetti (16x16).png using Guid(e5317deede14c7948b435b93896e6874) Importer(2089858483,b0f066a214c2f5e87bad3c948f4d605d) (ScriptedImporter) -> (Import Result ID: 'c8328ff6798c1d2dfe4167fa3d2e146a') in 0.0380955 seconds [static and dynamic dependencies]. Details - ImportResultOutputID=c3ea0de0576db04aded73fa7b9e4ec1d DependenciesID=4d47e11df876346642d66b508f7e5289 StaticDependenciesID=681eb480e8ff3101b12e88a564a38374 
Number of updated asset objects reloaded before import = 0Number of asset objects unloaded after import = 3

========================================================================
Received Import Request.
  Time since last request: 0.000036 seconds.
  path: Assets/Sprites/Traps/Saw/On (38x38).png
  importAddress: Guid(0453626de98e90d4cb8f46bd1e4b4336) Importer(2089858483,b0f066a214c2f5e87bad3c948f4d605d)
Start importing Assets/Sprites/Traps/Saw/On (38x38).png using Guid(0453626de98e90d4cb8f46bd1e4b4336) Importer(2089858483,b0f066a214c2f5e87bad3c948f4d605d) (ScriptedImporter) -> (Import Result ID: '2f548227bb31d4f7bdc67c40e854f0d4') in 0.0471346 seconds [static and dynamic dependencies]. Details - ImportResultOutputID=06978e169e33e0ea71acb5f337a8a957 DependenciesID=67fe0b80838d90247ec3ed2330c5a452 StaticDependenciesID=5ad2418cd62d7fffade2b4542fdf7c16 
Number of updated asset objects reloaded before import = 0Number of asset objects unloaded after import = 4

========================================================================
Received Import Request.
  Time since last request: 0.000062 seconds.
  path: Assets/Sprites/Traps/Falling Platforms/Off.png
  importAddress: Guid(47134480b33a3ba45bb8fcc3d59d7d4d) Importer(2089858483,b0f066a214c2f5e87bad3c948f4d605d)
Start importing Assets/Sprites/Traps/Falling Platforms/Off.png using Guid(47134480b33a3ba45bb8fcc3d59d7d4d) Importer(2089858483,b0f066a214c2f5e87bad3c948f4d605d) (ScriptedImporter) -> (Import Result ID: 'd2ec2a9c631f7d58ec0a246c6f3a850c') in 0.0394098 seconds [static and dynamic dependencies]. Details - ImportResultOutputID=7cfa58f00125027b1d9bed30d07b6879 DependenciesID=33d2b0a6d1a9e61c8cf898989296a345 StaticDependenciesID=7decacf7780a07f55d70ef9cb5d60b9a 
Number of updated asset objects reloaded before import = 0Number of asset objects unloaded after import = 3

========================================================================
Received Import Request.
  Time since last request: 0.000035 seconds.
  path: Assets/Sprites/Traps/Blocks/Part 2 (22x22).png
  importAddress: Guid(c6335c06dd11bd343ad2f6963cb70ec7) Importer(2089858483,b0f066a214c2f5e87bad3c948f4d605d)
Start importing Assets/Sprites/Traps/Blocks/Part 2 (22x22).png using Guid(c6335c06dd11bd343ad2f6963cb70ec7) Importer(2089858483,b0f066a214c2f5e87bad3c948f4d605d) (ScriptedImporter) -> (Import Result ID: 'd6517fae4c54b161656fc2e78d404e85') in 0.0566024 seconds [static and dynamic dependencies]. Details - ImportResultOutputID=30d8b5228e8ee765e5bde4757927a228 DependenciesID=d73cf4b2a4312ac0fa64061773202123 StaticDependenciesID=912efb08709344b7e3d86b13b0918b10 
Number of updated asset objects reloaded before import = 0Number of asset objects unloaded after import = 5

========================================================================
Received Import Request.
  Time since last request: 0.000036 seconds.
  path: Assets/Sprites/Traps/Sand Mud Ice/Mud Particle.png
  importAddress: Guid(acd21a12fb7efe4418c2f56840d73e6e) Importer(2089858483,b0f066a214c2f5e87bad3c948f4d605d)
Start importing Assets/Sprites/Traps/Sand Mud Ice/Mud Particle.png using Guid(acd21a12fb7efe4418c2f56840d73e6e) Importer(2089858483,b0f066a214c2f5e87bad3c948f4d605d) (ScriptedImporter) -> (Import Result ID: 'ef29a6272a2f53d4a96efb4f81cd4443') in 0.0466149 seconds [static and dynamic dependencies]. Details - ImportResultOutputID=7d736492401864b3d842d379a6406010 DependenciesID=ec3a283864fcb9385967943f7f5b62fc StaticDependenciesID=c350d6c9ad758e49aa1147858d2e4f2b 
Number of updated asset objects reloaded before import = 0Number of asset objects unloaded after import = 3

========================================================================
Received Import Request.
  Time since last request: 0.000051 seconds.
  path: Assets/Sprites/Menu/Levels/41.png
  importAddress: Guid(fb1d7078e10a66d4da927af49143d8f0) Importer(2089858483,b0f066a214c2f5e87bad3c948f4d605d)
Start importing Assets/Sprites/Menu/Levels/41.png using Guid(fb1d7078e10a66d4da927af49143d8f0) Importer(2089858483,b0f066a214c2f5e87bad3c948f4d605d) (ScriptedImporter) -> (Import Result ID: '0e5af34e742f8071bf3f0567902ab66d') in 0.0467694 seconds [static and dynamic dependencies]. Details - ImportResultOutputID=227987f561c9cf38eb334872abfc64f2 DependenciesID=d6b04b84fe54ff49acaf92b2bece30b9 StaticDependenciesID=691e42c2cfe4d43e46ba28a7adbc0026 
Number of updated asset objects reloaded before import = 0Number of asset objects unloaded after import = 3

========================================================================
Received Import Request.
  Time since last request: 0.000038 seconds.
  path: Assets/Sprites/Menu/Buttons/Play.png
  importAddress: Guid(1e1781886cec6154c96169dfde71f72d) Importer(2089858483,b0f066a214c2f5e87bad3c948f4d605d)
Start importing Assets/Sprites/Menu/Buttons/Play.png using Guid(1e1781886cec6154c96169dfde71f72d) Importer(2089858483,b0f066a214c2f5e87bad3c948f4d605d) (ScriptedImporter) -> (Import Result ID: '032abc50030555016cb0790c23573655') in 0.04656 seconds [static and dynamic dependencies]. Details - ImportResultOutputID=6e39063cbd2d43178c2b11b9a3c26179 DependenciesID=afbce06b045030fd6a85fdabd1620c42 StaticDependenciesID=f13f9949c2ab3368c5865a759fa02f02 
Number of updated asset objects reloaded before import = 0Number of asset objects unloaded after import = 3

========================================================================
Received Import Request.
  Time since last request: 0.000061 seconds.
  path: Assets/Scripts/CharacterController.cs
  importAddress: Guid(1cddbd4fd6fcc3f4b8df5d958193cb67) Importer(2089858483,b0f066a214c2f5e87bad3c948f4d605d)
Start importing Assets/Scripts/CharacterController.cs using Guid(1cddbd4fd6fcc3f4b8df5d958193cb67) Importer(2089858483,b0f066a214c2f5e87bad3c948f4d605d) (ScriptedImporter) -> (Import Result ID: 'c810adf64fd3d1ec9602144f45797e0c') in 0.0279653 seconds [static and dynamic dependencies]. Details - ImportResultOutputID=48ff7c19f0352acbe7864325af097cf8 DependenciesID=1bd3b380649e4053422d1e6017f9f2d5 StaticDependenciesID=0da359b22e4fefed69c9b8232e4bea54 
Number of updated asset objects reloaded before import = 0Number of asset objects unloaded after import = 0

========================================================================
Received Import Request.
  Time since last request: 0.000034 seconds.
  path: Assets/Sprites/Menu/Levels/28.png
  importAddress: Guid(e840bee5fefd68e4bb44aa7926503367) Importer(2089858483,b0f066a214c2f5e87bad3c948f4d605d)
Start importing Assets/Sprites/Menu/Levels/28.png using Guid(e840bee5fefd68e4bb44aa7926503367) Importer(2089858483,b0f066a214c2f5e87bad3c948f4d605d) (ScriptedImporter) -> (Import Result ID: '5ca216be87265d73853b09cab427f3f5') in 0.0376469 seconds [static and dynamic dependencies]. Details - ImportResultOutputID=77da6a54ec68195fe7fe7ab0572ed102 DependenciesID=d66b0abf31fe23e836c4249a7507fba5 StaticDependenciesID=e0e82e7e80eb0d49e072bc3f1270a228 
Number of updated asset objects reloaded before import = 0Number of asset objects unloaded after import = 3

========================================================================
Received Prepare
Assembly reference Packages/com.unity.cinemachine/Editor/Samples/ExposeHDRPInternals/HDRP-Editor-ref.asmref has no target assembly definition
Assembly reference Packages/com.unity.cinemachine/Editor/Samples/ExposeHDRPInternals/HDRP-Editor-ref.asmref has no target assembly definition
Begin MonoManager ReloadAssembly
[Licensing::Client] Successfully resolved entitlement details
[Licensing::Module] License group:
  Id: F4-K3JH-PND2-U582-PFQS-XXXX
  Product: Unity Personal
  Type: ULF
  Expiration: Unlimited
[Licensing::Module] License group:
  Id: 9071313007192-UnityPersXXXX
  Product: Unity Personal
  Type: Assigned
  Expiration: Unlimited
Assembly Assembly-CSharp-Editor-firstpass.dll at Library/ScriptAssemblies/Assembly-CSharp-Editor-firstpass.dll not valid. Loading of assembly skipped.
Assembly Assembly-CSharp-Editor.dll at Library/ScriptAssemblies/Assembly-CSharp-Editor.dll not valid. Loading of assembly skipped.
Assembly Assembly-CSharp-firstpass.dll at Library/ScriptAssemblies/Assembly-CSharp-firstpass.dll not valid. Loading of assembly skipped.
Assembly DocCodeExamples.dll at Library/ScriptAssemblies/DocCodeExamples.dll not valid. Loading of assembly skipped.
Assembly TestNewCustomAssembly.dll at Library/ScriptAssemblies/TestNewCustomAssembly.dll not valid. Loading of assembly skipped.
Assembly Unity.2D.Animation.EditorTests.dll at Library/ScriptAssemblies/Unity.2D.Animation.EditorTests.dll not valid. Loading of assembly skipped.
Assembly Unity.2D.Aseprite.EditorTests.dll at Library/ScriptAssemblies/Unity.2D.Aseprite.EditorTests.dll not valid. Loading of assembly skipped.
Assembly Unity.2D.Common.EditorTests.dll at Library/ScriptAssemblies/Unity.2D.Common.EditorTests.dll not valid. Loading of assembly skipped.
Assembly Unity.2D.Psdimporter.EditorTests.dll at Library/ScriptAssemblies/Unity.2D.Psdimporter.EditorTests.dll not valid. Loading of assembly skipped.
Assembly Unity.2D.Sprite.Package.EditorTests.dll at Library/ScriptAssemblies/Unity.2D.Sprite.Package.EditorTests.dll not valid. Loading of assembly skipped.
Assembly Unity.2D.SpriteShape.EditorTests.dll at Library/ScriptAssemblies/Unity.2D.SpriteShape.EditorTests.dll not valid. Loading of assembly skipped.
Assembly Unity.2D.Tilemap.Package.EditorTests.dll at Library/ScriptAssemblies/Unity.2D.Tilemap.Package.EditorTests.dll not valid. Loading of assembly skipped.
Assembly Unity.Collections.BurstCompatibilityGen.dll at Library/ScriptAssemblies/Unity.Collections.BurstCompatibilityGen.dll not valid. Loading of assembly skipped.
Assembly Unity.Collections.DocCodeSamples.dll at Library/ScriptAssemblies/Unity.Collections.DocCodeSamples.dll not valid. Loading of assembly skipped.
Assembly Unity.Collections.PerformanceTests.dll at Library/ScriptAssemblies/Unity.Collections.PerformanceTests.dll not valid. Loading of assembly skipped.
Assembly Unity.Collections.Tests.dll at Library/ScriptAssemblies/Unity.Collections.Tests.dll not valid. Loading of assembly skipped.
Assembly Unity.Collections.Tests.Playmode.dll at Library/ScriptAssemblies/Unity.Collections.Tests.Playmode.dll not valid. Loading of assembly skipped.
Assembly Unity.InputSystem.IntegrationTests.dll at Library/ScriptAssemblies/Unity.InputSystem.IntegrationTests.dll not valid. Loading of assembly skipped.
Assembly Unity.Mathematics.Tests.dll at Library/ScriptAssemblies/Unity.Mathematics.Tests.dll not valid. Loading of assembly skipped.
Assembly Unity.Multiplayer.Center.Editor.Tests.dll at Library/ScriptAssemblies/Unity.Multiplayer.Center.Editor.Tests.dll not valid. Loading of assembly skipped.
Assembly Unity.Multiplayer.Center.Tests.dll at Library/ScriptAssemblies/Unity.Multiplayer.Center.Tests.dll not valid. Loading of assembly skipped.
Assembly Unity.Nuget.Mono-Cecil.dll at Library/ScriptAssemblies/Unity.Nuget.Mono-Cecil.dll not valid. Loading of assembly skipped.
Assembly Unity.PathTracing.Editor.Tests.dll at Library/ScriptAssemblies/Unity.PathTracing.Editor.Tests.dll not valid. Loading of assembly skipped.
Assembly Unity.PathTracing.Runtime.Tests.dll at Library/ScriptAssemblies/Unity.PathTracing.Runtime.Tests.dll not valid. Loading of assembly skipped.
Assembly Unity.RenderPipelines.Core.Editor.Tests.dll at Library/ScriptAssemblies/Unity.RenderPipelines.Core.Editor.Tests.dll not valid. Loading of assembly skipped.
Assembly Unity.RenderPipelines.Core.Runtime.Tests.dll at Library/ScriptAssemblies/Unity.RenderPipelines.Core.Runtime.Tests.dll not valid. Loading of assembly skipped.
Assembly Unity.RenderPipelines.Universal.Config.Editor.Tests.dll at Library/ScriptAssemblies/Unity.RenderPipelines.Universal.Config.Editor.Tests.dll not valid. Loading of assembly skipped.
Assembly Unity.RenderPipelines.Universal.Editor.Tests.dll at Library/ScriptAssemblies/Unity.RenderPipelines.Universal.Editor.Tests.dll not valid. Loading of assembly skipped.
Assembly Unity.RenderPipelines.Universal.Runtime.Tests.dll at Library/ScriptAssemblies/Unity.RenderPipelines.Universal.Runtime.Tests.dll not valid. Loading of assembly skipped.
Assembly Unity.Searcher.EditorTests.dll at Library/ScriptAssemblies/Unity.Searcher.EditorTests.dll not valid. Loading of assembly skipped.
Assembly Unity.Settings.Tests.dll at Library/ScriptAssemblies/Unity.Settings.Tests.dll not valid. Loading of assembly skipped.
Assembly Unity.ShaderGraph.Editor.Tests.dll at Library/ScriptAssemblies/Unity.ShaderGraph.Editor.Tests.dll not valid. Loading of assembly skipped.
Assembly Unity.TextMeshPro.Editor.Tests.dll at Library/ScriptAssemblies/Unity.TextMeshPro.Editor.Tests.dll not valid. Loading of assembly skipped.
Assembly Unity.TextMeshPro.Tests.dll at Library/ScriptAssemblies/Unity.TextMeshPro.Tests.dll not valid. Loading of assembly skipped.
Assembly Unity.UnifiedRayTracing.Editor.Tests.dll at Library/ScriptAssemblies/Unity.UnifiedRayTracing.Editor.Tests.dll not valid. Loading of assembly skipped.
Assembly UnityEditor.UI.Common.Tests.dll at Library/ScriptAssemblies/UnityEditor.UI.Common.Tests.dll not valid. Loading of assembly skipped.
Assembly UnityEditor.UI.EditorTests.dll at Library/ScriptAssemblies/UnityEditor.UI.EditorTests.dll not valid. Loading of assembly skipped.
Assembly UnityEngine.UI.Tests.dll at Library/ScriptAssemblies/UnityEngine.UI.Tests.dll not valid. Loading of assembly skipped.
Assembly reference Packages/com.unity.cinemachine/Editor/Samples/ExposeHDRPInternals/HDRP-Editor-ref.asmref has no target assembly definition
Script 'CharacterController' has the same name as built-in Unity component.
AddComponent and GetComponent will not work with this script.
'Packages/com.unity.cinemachine/Editor/Obsolete/CinemachineVirtualCameraBaseEditor.cs' contains partial class of Unity.Object, exactly 1 of the partial classes needs to be in a file with the same filename. This is to know the one that can be referenced from ie. GameObjects
'Packages/com.unity.cinemachine/Editor/Editors/CinemachineVirtualCameraBaseEditor.cs' contains partial class of Unity.Object, exactly 1 of the partial classes needs to be in a file with the same filename. This is to know the one that can be referenced from ie. GameObjects
Refreshing native plugins compatible for Editor in 9.73 ms, found 5 plugins.
Native extension for WindowsStandalone target not found
Assembly reference Packages/com.unity.cinemachine/Editor/Samples/ExposeHDRPInternals/HDRP-Editor-ref.asmref has no target assembly definition
[Package Manager] Failed to launch server process. Reason: Unity was launched with the -noUpm command-line argument
[Package Manager] Unable to send message (not connected to server process).
[Package Manager] Cannot connect to Unity Package Manager local server
[Package Manager] Failed to launch server process. Reason: Unity was launched with the -noUpm command-line argument
[Package Manager] Unable to send message (not connected to server process).
[Package Manager] Cannot connect to Unity Package Manager local server
[Package Manager] Failed to launch server process. Reason: Unity was launched with the -noUpm command-line argument
[Package Manager] Unable to send message (not connected to server process).
[Package Manager] Cannot connect to Unity Package Manager local server
ScheduleIndexationOnStartup MainProcess:False IndexOnStartup:True
Mono: successfully reloaded assembly
- Finished resetting the current domain, in  2.686 seconds
Domain Reload Profiling: 5377ms
	BeginReloadAssembly (687ms)
		DisableScriptedObjects (60ms)
		CreateAndSetChildDomain (130ms)
	RebuildCommonClasses (98ms)
	RebuildNativeTypeToScriptingClass (31ms)
	initialDomainReloadingComplete (233ms)
	LoadAllAssembliesAndSetupDomain (1641ms)
		LoadAssemblies (1309ms)
		AnalyzeDomain (655ms)
			TypeCache.Refresh (17ms)
			BuildScriptInfoCaches (603ms)
			ResolveRequiredComponents (30ms)
	FinalizeReload (2687ms)
		SetupLoadedEditorAssemblies (0ms)
			InitializePlatformSupportModulesInManaged (5ms)
			BeforeProcessingInitializeOnLoad (658ms)
			ProcessInitializeOnLoadAttributes (1109ms)
			ProcessInitializeOnLoadMethodAttributes (309ms)
			AfterProcessingInitializeOnLoad (24ms)
		AwakeInstancesAfterBackupRestoration (49ms)
Refreshing native plugins compatible for Editor in 9.70 ms, found 5 plugins.
Unloading 25 Unused Serialized files (Serialized files now loaded: 0)
Unloading 7658 unused Assets / (5.9 MB). Loaded Objects now: 8489.
Memory consumption went from 166.0 MB to 160.0 MB.
Total: 31.920900 ms (FindLiveObjects: 2.201800 ms CreateObjectMapping: 3.658400 ms MarkObjects: 18.209900 ms  DeleteObjects: 7.847500 ms)

Prepare: number of updated asset objects reloaded= 0
Editor requested this worker to shutdown with reason: Scaling down because of idle timeout
AssetImportWorker is now disconnected from the server
Process exiting
Exiting without the bug reporter. Application will terminate with return code 0